Using SAX parser: com.sun.org.apache.xerces.internal.parsers.SAXParser
MKCOL response = 200
Local Date,Source URL,Dest URL,GET Code,PUT Code,Server Date,Server LastMod,Server Expires,Next Copy Date
Fri Jan 09 13:47:47 EST 2009,http://indscore.dfrc.nasa.gov/RBNB/INDS5/HASR/_CSV,http://localhost/RBNB/B200/B200_ASR_reduced.txt,200,201,Fri Jan 09 13:47:46 EST 2009,Wed Nov 05 17:21:23 EST 2008,---,Fri Jan 09 13:48:07 EST 2009
Fri Jan 09 13:47:47 EST 2009,http://indscore.dfrc.nasa.gov/RBNB/B200/B200_DEP.txt,http://localhost/RBNB/B200/B200_DEP.txt,200,201,Fri Jan 09 13:47:46 EST 2009,Wed Nov 12 12:47:12 EST 2008,---,Fri Jan 09 13:49:47 EST 2009
Fri Jan 09 13:47:53 EST 2009,http://indscore.dfrc.nasa.gov/RBNB/B200/B200_ASR.txt,http://localhost/RBNB/B200/B200_ASR.txt,404,---,---,---,---,Fri Jan 09 13:49:53 EST 2009
Fri Jan 09 13:48:07 EST 2009,http://indscore.dfrc.nasa.gov/RBNB/INDS5/HASR/_CSV,http://localhost/RBNB/B200/B200_ASR_reduced.txt,304,---,---,---,---,Fri Jan 09 13:48:27 EST 2009
Fri Jan 09 13:48:27 EST 2009,http://indscore.dfrc.nasa.gov/RBNB/INDS5/HASR/_CSV,http://localhost/RBNB/B200/B200_ASR_reduced.txt,304,---,---,---,---,Fri Jan 09 13:48:47 EST 2009
Fri Jan 09 13:48:47 EST 2009,http://indscore.dfrc.nasa.gov/RBNB/INDS5/HASR/_CSV,http://localhost/RBNB/B200/B200_ASR_reduced.txt,304,---,---,---,---,Fri Jan 09 13:49:07 EST 2009
Fri Jan 09 13:49:07 EST 2009,http://indscore.dfrc.nasa.gov/RBNB/INDS5/HASR/_CSV,http://localhost/RBNB/B200/B200_ASR_reduced.txt,304,---,---,---,---,Fri Jan 09 13:49:27 EST 2009
Fri Jan 09 13:49:27 EST 2009,http://indscore.dfrc.nasa.gov/RBNB/INDS5/HASR/_CSV,http://localhost/RBNB/B200/B200_ASR_reduced.txt,304,---,---,---,---,Fri Jan 09 13:49:47 EST 2009
Fri Jan 09 13:49:47 EST 2009,http://indscore.dfrc.nasa.gov/RBNB/INDS5/HASR/_CSV,http://localhost/RBNB/B200/B200_ASR_reduced.txt,304,---,---,---,---,Fri Jan 09 13:50:07 EST 2009
Fri Jan 09 13:49:47 EST 2009,http://indscore.dfrc.nasa.gov/RBNB/B200/B200_DEP.txt,http://localhost/RBNB/B200/B200_DEP.txt,304,---,---,---,---,Fri Jan 09 13:51:47 EST 2009
Fri Jan 09 13:49:53 EST 2009,http://indscore.dfrc.nasa.gov/RBNB/B200/B200_ASR.txt,http://localhost/RBNB/B200/B200_ASR.txt,404,---,---,---,---,Fri Jan 09 13:51:53 EST 2009
Fri Jan 09 13:50:07 EST 2009,http://indscore.dfrc.nasa.gov/RBNB/INDS5/HASR/_CSV,http://localhost/RBNB/B200/B200_ASR_reduced.txt,304,---,---,---,---,Fri Jan 09 13:50:27 EST 2009
Fri Jan 09 13:50:27 EST 2009,http://indscore.dfrc.nasa.gov/RBNB/INDS5/HASR/_CSV,http://localhost/RBNB/B200/B200_ASR_reduced.txt,304,---,---,---,---,Fri Jan 09 13:50:47 EST 2009
Fri Jan 09 13:50:47 EST 2009,http://indscore.dfrc.nasa.gov/RBNB/INDS5/HASR/_CSV,http://localhost/RBNB/B200/B200_ASR_reduced.txt,304,---,---,---,---,Fri Jan 09 13:51:07 EST 2009
Fri Jan 09 13:51:07 EST 2009,http://indscore.dfrc.nasa.gov/RBNB/INDS5/HASR/_CSV,http://localhost/RBNB/B200/B200_ASR_reduced.txt,304,---,---,---,---,Fri Jan 09 13:51:27 EST 2009
Fri Jan 09 13:51:27 EST 2009,http://indscore.dfrc.nasa.gov/RBNB/INDS5/HASR/_CSV,http://localhost/RBNB/B200/B200_ASR_reduced.txt,304,---,---,---,---,Fri Jan 09 13:51:47 EST 2009
Fri Jan 09 13:51:47 EST 2009,http://indscore.dfrc.nasa.gov/RBNB/INDS5/HASR/_CSV,http://localhost/RBNB/B200/B200_ASR_reduced.txt,304,---,---,---,---,Fri Jan 09 13:52:07 EST 2009
Fri Jan 09 13:51:47 EST 2009,http://indscore.dfrc.nasa.gov/RBNB/B200/B200_DEP.txt,http://localhost/RBNB/B200/B200_DEP.txt,304,---,---,---,---,Fri Jan 09 13:53:47 EST 2009
Fri Jan 09 13:51:53 EST 2009,http://indscore.dfrc.nasa.gov/RBNB/B200/B200_ASR.txt,http://localhost/RBNB/B200/B200_ASR.txt,404,---,---,---,---,Fri Jan 09 13:53:53 EST 2009
Fri Jan 09 13:52:07 EST 2009,http://indscore.dfrc.nasa.gov/RBNB/INDS5/HASR/_CSV,http://localhost/RBNB/B200/B200_ASR_reduced.txt,304,---,---,---,---,Fri Jan 09 13:52:27 EST 2009
Fri Jan 09 13:52:27 EST 2009,http://indscore.dfrc.nasa.gov/RBNB/INDS5/HASR/_CSV,http://localhost/RBNB/B200/B200_ASR_reduced.txt,304,---,---,---,---,Fri Jan 09 13:52:47 EST 2009
Fri Jan 09 13:52:47 EST 2009,http://indscore.dfrc.nasa.gov/RBNB/INDS5/HASR/_CSV,http://localhost/RBNB/B200/B200_ASR_reduced.txt,304,---,---,---,---,Fri Jan 09 13:53:07 EST 2009
Fri Jan 09 13:53:07 EST 2009,http://indscore.dfrc.nasa.gov/RBNB/INDS5/HASR/_CSV,http://localhost/RBNB/B200/B200_ASR_reduced.txt,304,---,---,---,---,Fri Jan 09 13:53:27 EST 2009
Fri Jan 09 13:53:27 EST 2009,http://indscore.dfrc.nasa.gov/RBNB/INDS5/HASR/_CSV,http://localhost/RBNB/B200/B200_ASR_reduced.txt,304,---,---,---,---,Fri Jan 09 13:53:47 EST 2009
Fri Jan 09 13:53:47 EST 2009,http://indscore.dfrc.nasa.gov/RBNB/INDS5/HASR/_CSV,http://localhost/RBNB/B200/B200_ASR_reduced.txt,304,---,---,---,---,Fri Jan 09 13:54:07 EST 2009
Fri Jan 09 13:53:47 EST 2009,http://indscore.dfrc.nasa.gov/RBNB/B200/B200_DEP.txt,http://localhost/RBNB/B200/B200_DEP.txt,304,---,---,---,---,Fri Jan 09 13:55:47 EST 2009
Fri Jan 09 13:53:53 EST 2009,http://indscore.dfrc.nasa.gov/RBNB/B200/B200_ASR.txt,http://localhost/RBNB/B200/B200_ASR.txt,404,---,---,---,---,Fri Jan 09 13:55:53 EST 2009
Fri Jan 09 13:54:07 EST 2009,http://indscore.dfrc.nasa.gov/RBNB/INDS5/HASR/_CSV,http://localhost/RBNB/B200/B200_ASR_reduced.txt,304,---,---,---,---,Fri Jan 09 13:54:27 EST 2009
Fri Jan 09 13:54:27 EST 2009,http://indscore.dfrc.nasa.gov/RBNB/INDS5/HASR/_CSV,http://localhost/RBNB/B200/B200_ASR_reduced.txt,304,---,---,---,---,Fri Jan 09 13:54:47 EST 2009
Fri Jan 09 13:54:47 EST 2009,http://indscore.dfrc.nasa.gov/RBNB/INDS5/HASR/_CSV,http://localhost/RBNB/B200/B200_ASR_reduced.txt,304,---,---,---,---,Fri Jan 09 13:55:07 EST 2009
Fri Jan 09 13:55:07 EST 2009,http://indscore.dfrc.nasa.gov/RBNB/INDS5/HASR/_CSV,http://localhost/RBNB/B200/B200_ASR_reduced.txt,304,---,---,---,---,Fri Jan 09 13:55:27 EST 2009
Fri Jan 09 13:55:27 EST 2009,http://indscore.dfrc.nasa.gov/RBNB/INDS5/HASR/_CSV,http://localhost/RBNB/B200/B200_ASR_reduced.txt,304,---,---,---,---,Fri Jan 09 13:55:47 EST 2009
Fri Jan 09 13:55:47 EST 2009,http://indscore.dfrc.nasa.gov/RBNB/INDS5/HASR/_CSV,http://localhost/RBNB/B200/B200_ASR_reduced.txt,304,---,---,---,---,Fri Jan 09 13:56:07 EST 2009
Fri Jan 09 13:55:47 EST 2009,http://indscore.dfrc.nasa.gov/RBNB/B200/B200_DEP.txt,http://localhost/RBNB/B200/B200_DEP.txt,304,---,---,---,---,Fri Jan 09 13:57:47 EST 2009
Fri Jan 09 13:55:53 EST 2009,http://indscore.dfrc.nasa.gov/RBNB/B200/B200_ASR.txt,http://localhost/RBNB/B200/B200_ASR.txt,404,---,---,---,---,Fri Jan 09 13:57:53 EST 2009
Fri Jan 09 13:56:07 EST 2009,http://indscore.dfrc.nasa.gov/RBNB/INDS5/HASR/_CSV,http://localhost/RBNB/B200/B200_ASR_reduced.txt,304,---,---,---,---,Fri Jan 09 13:56:27 EST 2009
Fri Jan 09 13:56:27 EST 2009,http://indscore.dfrc.nasa.gov/RBNB/INDS5/HASR/_CSV,http://localhost/RBNB/B200/B200_ASR_reduced.txt,304,---,---,---,---,Fri Jan 09 13:56:47 EST 2009
Fri Jan 09 13:56:47 EST 2009,http://indscore.dfrc.nasa.gov/RBNB/INDS5/HASR/_CSV,http://localhost/RBNB/B200/B200_ASR_reduced.txt,304,---,---,---,---,Fri Jan 09 13:57:07 EST 2009
Fri Jan 09 13:57:07 EST 2009,http://indscore.dfrc.nasa.gov/RBNB/INDS5/HASR/_CSV,http://localhost/RBNB/B200/B200_ASR_reduced.txt,304,---,---,---,---,Fri Jan 09 13:57:27 EST 2009
Fri Jan 09 13:57:27 EST 2009,http://indscore.dfrc.nasa.gov/RBNB/INDS5/HASR/_CSV,http://localhost/RBNB/B200/B200_ASR_reduced.txt,304,---,---,---,---,Fri Jan 09 13:57:47 EST 2009
Fri Jan 09 13:57:47 EST 2009,http://indscore.dfrc.nasa.gov/RBNB/INDS5/HASR/_CSV,http://localhost/RBNB/B200/B200_ASR_reduced.txt,304,---,---,---,---,Fri Jan 09 13:58:07 EST 2009
Fri Jan 09 13:57:47 EST 2009,http://indscore.dfrc.nasa.gov/RBNB/B200/B200_DEP.txt,http://localhost/RBNB/B200/B200_DEP.txt,304,---,---,---,---,Fri Jan 09 13:59:47 EST 2009
Fri Jan 09 13:57:53 EST 2009,http://indscore.dfrc.nasa.gov/RBNB/B200/B200_ASR.txt,http://localhost/RBNB/B200/B200_ASR.txt,404,---,---,---,---,Fri Jan 09 13:59:53 EST 2009
Fri Jan 09 13:58:07 EST 2009,http://indscore.dfrc.nasa.gov/RBNB/INDS5/HASR/_CSV,http://localhost/RBNB/B200/B200_ASR_reduced.txt,304,---,---,---,---,Fri Jan 09 13:58:27 EST 2009
Fri Jan 09 13:58:27 EST 2009,http://indscore.dfrc.nasa.gov/RBNB/INDS5/HASR/_CSV,http://localhost/RBNB/B200/B200_ASR_reduced.txt,304,---,---,---,---,Fri Jan 09 13:58:47 EST 2009
Fri Jan 09 13:58:47 EST 2009,http://indscore.dfrc.nasa.gov/RBNB/INDS5/HASR/_CSV,http://localhost/RBNB/B200/B200_ASR_reduced.txt,304,---,---,---,---,Fri Jan 09 13:59:07 EST 2009
Fri Jan 09 13:59:07 EST 2009,http://indscore.dfrc.nasa.gov/RBNB/INDS5/HASR/_CSV,http://localhost/RBNB/B200/B200_ASR_reduced.txt,304,---,---,---,---,Fri Jan 09 13:59:27 EST 2009
Fri Jan 09 13:59:27 EST 2009,http://indscore.dfrc.nasa.gov/RBNB/INDS5/HASR/_CSV,http://localhost/RBNB/B200/B200_ASR_reduced.txt,304,---,---,---,---,Fri Jan 09 13:59:47 EST 2009
Fri Jan 09 13:59:47 EST 2009,http://indscore.dfrc.nasa.gov/RBNB/INDS5/HASR/_CSV,http://localhost/RBNB/B200/B200_ASR_reduced.txt,304,---,---,---,---,Fri Jan 09 14:00:07 EST 2009
Fri Jan 09 13:59:47 EST 2009,http://indscore.dfrc.nasa.gov/RBNB/B200/B200_DEP.txt,http://localhost/RBNB/B200/B200_DEP.txt,304,---,---,---,---,Fri Jan 09 14:01:47 EST 2009
Fri Jan 09 13:59:53 EST 2009,http://indscore.dfrc.nasa.gov/RBNB/B200/B200_ASR.txt,http://localhost/RBNB/B200/B200_ASR.txt,404,---,---,---,---,Fri Jan 09 14:01:53 EST 2009
Fri Jan 09 14:00:07 EST 2009,http://indscore.dfrc.nasa.gov/RBNB/INDS5/HASR/_CSV,http://localhost/RBNB/B200/B200_ASR_reduced.txt,304,---,---,---,---,Fri Jan 09 14:00:27 EST 2009
Fri Jan 09 14:00:27 EST 2009,http://indscore.dfrc.nasa.gov/RBNB/INDS5/HASR/_CSV,http://localhost/RBNB/B200/B200_ASR_reduced.txt,304,---,---,---,---,Fri Jan 09 14:00:47 EST 2009
Fri Jan 09 14:00:47 EST 2009,http://indscore.dfrc.nasa.gov/RBNB/INDS5/HASR/_CSV,http://localhost/RBNB/B200/B200_ASR_reduced.txt,304,---,---,---,---,Fri Jan 09 14:01:07 EST 2009
Fri Jan 09 14:01:07 EST 2009,http://indscore.dfrc.nasa.gov/RBNB/INDS5/HASR/_CSV,http://localhost/RBNB/B200/B200_ASR_reduced.txt,304,---,---,---,---,Fri Jan 09 14:01:27 EST 2009
Fri Jan 09 14:01:27 EST 2009,http://indscore.dfrc.nasa.gov/RBNB/INDS5/HASR/_CSV,http://localhost/RBNB/B200/B200_ASR_reduced.txt,304,---,---,---,---,Fri Jan 09 14:01:47 EST 2009
Fri Jan 09 14:01:47 EST 2009,http://indscore.dfrc.nasa.gov/RBNB/INDS5/HASR/_CSV,http://localhost/RBNB/B200/B200_ASR_reduced.txt,304,---,---,---,---,Fri Jan 09 14:02:07 EST 2009
Fri Jan 09 14:01:47 EST 2009,http://indscore.dfrc.nasa.gov/RBNB/B200/B200_DEP.txt,http://localhost/RBNB/B200/B200_DEP.txt,304,---,---,---,---,Fri Jan 09 14:03:47 EST 2009
Fri Jan 09 14:01:55 EST 2009,http://indscore.dfrc.nasa.gov/RBNB/B200/B200_ASR.txt,http://localhost/RBNB/B200/B200_ASR.txt,404,---,---,---,---,Fri Jan 09 14:03:55 EST 2009
Fri Jan 09 14:02:07 EST 2009,http://indscore.dfrc.nasa.gov/RBNB/INDS5/HASR/_CSV,http://localhost/RBNB/B200/B200_ASR_reduced.txt,304,---,---,---,---,Fri Jan 09 14:02:27 EST 2009
Fri Jan 09 14:02:27 EST 2009,http://indscore.dfrc.nasa.gov/RBNB/INDS5/HASR/_CSV,http://localhost/RBNB/B200/B200_ASR_reduced.txt,304,---,---,---,---,Fri Jan 09 14:02:47 EST 2009
Fri Jan 09 14:02:47 EST 2009,http://indscore.dfrc.nasa.gov/RBNB/INDS5/HASR/_CSV,http://localhost/RBNB/B200/B200_ASR_reduced.txt,304,---,---,---,---,Fri Jan 09 14:03:07 EST 2009
Fri Jan 09 14:03:07 EST 2009,http://indscore.dfrc.nasa.gov/RBNB/INDS5/HASR/_CSV,http://localhost/RBNB/B200/B200_ASR_reduced.txt,304,---,---,---,---,Fri Jan 09 14:03:27 EST 2009
Fri Jan 09 14:03:27 EST 2009,http://indscore.dfrc.nasa.gov/RBNB/INDS5/HASR/_CSV,http://localhost/RBNB/B200/B200_ASR_reduced.txt,304,---,---,---,---,Fri Jan 09 14:03:47 EST 2009
Fri Jan 09 14:03:47 EST 2009,http://indscore.dfrc.nasa.gov/RBNB/INDS5/HASR/_CSV,http://localhost/RBNB/B200/B200_ASR_reduced.txt,304,---,---,---,---,Fri Jan 09 14:04:07 EST 2009
Fri Jan 09 14:03:50 EST 2009,http://indscore.dfrc.nasa.gov/RBNB/B200/B200_DEP.txt,http://localhost/RBNB/B200/B200_DEP.txt,304,---,---,---,---,Fri Jan 09 14:05:50 EST 2009
Fri Jan 09 14:03:55 EST 2009,http://indscore.dfrc.nasa.gov/RBNB/B200/B200_ASR.txt,http://localhost/RBNB/B200/B200_ASR.txt,404,---,---,---,---,Fri Jan 09 14:05:55 EST 2009
Fri Jan 09 14:04:07 EST 2009,http://indscore.dfrc.nasa.gov/RBNB/INDS5/HASR/_CSV,http://localhost/RBNB/B200/B200_ASR_reduced.txt,304,---,---,---,---,Fri Jan 09 14:04:27 EST 2009
Fri Jan 09 14:04:27 EST 2009,http://indscore.dfrc.nasa.gov/RBNB/INDS5/HASR/_CSV,http://localhost/RBNB/B200/B200_ASR_reduced.txt,304,---,---,---,---,Fri Jan 09 14:04:47 EST 2009
Fri Jan 09 14:04:47 EST 2009,http://indscore.dfrc.nasa.gov/RBNB/INDS5/HASR/_CSV,http://localhost/RBNB/B200/B200_ASR_reduced.txt,304,---,---,---,---,Fri Jan 09 14:05:07 EST 2009
Fri Jan 09 14:05:07 EST 2009,http://indscore.dfrc.nasa.gov/RBNB/INDS5/HASR/_CSV,http://localhost/RBNB/B200/B200_ASR_reduced.txt,304,---,---,---,---,Fri Jan 09 14:05:27 EST 2009
Fri Jan 09 14:05:27 EST 2009,http://indscore.dfrc.nasa.gov/RBNB/INDS5/HASR/_CSV,http://localhost/RBNB/B200/B200_ASR_reduced.txt,304,---,---,---,---,Fri Jan 09 14:05:47 EST 2009
Fri Jan 09 14:05:47 EST 2009,http://indscore.dfrc.nasa.gov/RBNB/INDS5/HASR/_CSV,http://localhost/RBNB/B200/B200_ASR_reduced.txt,304,---,---,---,---,Fri Jan 09 14:06:07 EST 2009
Fri Jan 09 14:05:50 EST 2009,http://indscore.dfrc.nasa.gov/RBNB/B200/B200_DEP.txt,http://localhost/RBNB/B200/B200_DEP.txt,304,---,---,---,---,Fri Jan 09 14:07:50 EST 2009
Fri Jan 09 14:05:55 EST 2009,http://indscore.dfrc.nasa.gov/RBNB/B200/B200_ASR.txt,http://localhost/RBNB/B200/B200_ASR.txt,404,---,---,---,---,Fri Jan 09 14:07:55 EST 2009
Fri Jan 09 14:06:07 EST 2009,http://indscore.dfrc.nasa.gov/RBNB/INDS5/HASR/_CSV,http://localhost/RBNB/B200/B200_ASR_reduced.txt,304,---,---,---,---,Fri Jan 09 14:06:27 EST 2009
Fri Jan 09 14:06:27 EST 2009,http://indscore.dfrc.nasa.gov/RBNB/INDS5/HASR/_CSV,http://localhost/RBNB/B200/B200_ASR_reduced.txt,304,---,---,---,---,Fri Jan 09 14:06:47 EST 2009
Fri Jan 09 14:06:47 EST 2009,http://indscore.dfrc.nasa.gov/RBNB/INDS5/HASR/_CSV,http://localhost/RBNB/B200/B200_ASR_reduced.txt,304,---,---,---,---,Fri Jan 09 14:07:07 EST 2009
Fri Jan 09 14:07:07 EST 2009,http://indscore.dfrc.nasa.gov/RBNB/INDS5/HASR/_CSV,http://localhost/RBNB/B200/B200_ASR_reduced.txt,304,---,---,---,---,Fri Jan 09 14:07:27 EST 2009
Fri Jan 09 14:07:27 EST 2009,http://indscore.dfrc.nasa.gov/RBNB/INDS5/HASR/_CSV,http://localhost/RBNB/B200/B200_ASR_reduced.txt,304,---,---,---,---,Fri Jan 09 14:07:47 EST 2009
Fri Jan 09 14:07:47 EST 2009,http://indscore.dfrc.nasa.gov/RBNB/INDS5/HASR/_CSV,http://localhost/RBNB/B200/B200_ASR_reduced.txt,304,---,---,---,---,Fri Jan 09 14:08:07 EST 2009
Fri Jan 09 14:07:50 EST 2009,http://indscore.dfrc.nasa.gov/RBNB/B200/B200_DEP.txt,http://localhost/RBNB/B200/B200_DEP.txt,304,---,---,---,---,Fri Jan 09 14:09:50 EST 2009
Fri Jan 09 14:07:55 EST 2009,http://indscore.dfrc.nasa.gov/RBNB/B200/B200_ASR.txt,http://localhost/RBNB/B200/B200_ASR.txt,404,---,---,---,---,Fri Jan 09 14:09:55 EST 2009
Fri Jan 09 14:08:07 EST 2009,http://indscore.dfrc.nasa.gov/RBNB/INDS5/HASR/_CSV,http://localhost/RBNB/B200/B200_ASR_reduced.txt,304,---,---,---,---,Fri Jan 09 14:08:27 EST 2009
Fri Jan 09 14:08:27 EST 2009,http://indscore.dfrc.nasa.gov/RBNB/INDS5/HASR/_CSV,http://localhost/RBNB/B200/B200_ASR_reduced.txt,304,---,---,---,---,Fri Jan 09 14:08:47 EST 2009
Fri Jan 09 14:08:47 EST 2009,http://indscore.dfrc.nasa.gov/RBNB/INDS5/HASR/_CSV,http://localhost/RBNB/B200/B200_ASR_reduced.txt,304,---,---,---,---,Fri Jan 09 14:09:07 EST 2009
Fri Jan 09 14:09:07 EST 2009,http://indscore.dfrc.nasa.gov/RBNB/INDS5/HASR/_CSV,http://localhost/RBNB/B200/B200_ASR_reduced.txt,304,---,---,---,---,Fri Jan 09 14:09:27 EST 2009
Fri Jan 09 14:09:27 EST 2009,http://indscore.dfrc.nasa.gov/RBNB/INDS5/HASR/_CSV,http://localhost/RBNB/B200/B200_ASR_reduced.txt,304,---,---,---,---,Fri Jan 09 14:09:47 EST 2009
Fri Jan 09 14:09:47 EST 2009,http://indscore.dfrc.nasa.gov/RBNB/INDS5/HASR/_CSV,http://localhost/RBNB/B200/B200_ASR_reduced.txt,304,---,---,---,---,Fri Jan 09 14:10:07 EST 2009
Fri Jan 09 14:09:50 EST 2009,http://indscore.dfrc.nasa.gov/RBNB/B200/B200_DEP.txt,http://localhost/RBNB/B200/B200_DEP.txt,304,---,---,---,---,Fri Jan 09 14:11:50 EST 2009
Fri Jan 09 14:09:55 EST 2009,http://indscore.dfrc.nasa.gov/RBNB/B200/B200_ASR.txt,http://localhost/RBNB/B200/B200_ASR.txt,404,---,---,---,---,Fri Jan 09 14:11:55 EST 2009
Fri Jan 09 14:10:07 EST 2009,http://indscore.dfrc.nasa.gov/RBNB/INDS5/HASR/_CSV,http://localhost/RBNB/B200/B200_ASR_reduced.txt,304,---,---,---,---,Fri Jan 09 14:10:27 EST 2009
Fri Jan 09 14:10:27 EST 2009,http://indscore.dfrc.nasa.gov/RBNB/INDS5/HASR/_CSV,http://localhost/RBNB/B200/B200_ASR_reduced.txt,304,---,---,---,---,Fri Jan 09 14:10:47 EST 2009
Fri Jan 09 14:10:47 EST 2009,http://indscore.dfrc.nasa.gov/RBNB/INDS5/HASR/_CSV,http://localhost/RBNB/B200/B200_ASR_reduced.txt,304,---,---,---,---,Fri Jan 09 14:11:07 EST 2009
Fri Jan 09 14:11:07 EST 2009,http://indscore.dfrc.nasa.gov/RBNB/INDS5/HASR/_CSV,http://localhost/RBNB/B200/B200_ASR_reduced.txt,304,---,---,---,---,Fri Jan 09 14:11:27 EST 2009
Fri Jan 09 14:11:27 EST 2009,http://indscore.dfrc.nasa.gov/RBNB/INDS5/HASR/_CSV,http://localhost/RBNB/B200/B200_ASR_reduced.txt,304,---,---,---,---,Fri Jan 09 14:11:47 EST 2009
Fri Jan 09 14:11:47 EST 2009,http://indscore.dfrc.nasa.gov/RBNB/INDS5/HASR/_CSV,http://localhost/RBNB/B200/B200_ASR_reduced.txt,304,---,---,---,---,Fri Jan 09 14:12:07 EST 2009
Fri Jan 09 14:11:50 EST 2009,http://indscore.dfrc.nasa.gov/RBNB/B200/B200_DEP.txt,http://localhost/RBNB/B200/B200_DEP.txt,304,---,---,---,---,Fri Jan 09 14:13:50 EST 2009
Fri Jan 09 14:11:55 EST 2009,http://indscore.dfrc.nasa.gov/RBNB/B200/B200_ASR.txt,http://localhost/RBNB/B200/B200_ASR.txt,404,---,---,---,---,Fri Jan 09 14:13:55 EST 2009
Fri Jan 09 14:12:07 EST 2009,http://indscore.dfrc.nasa.gov/RBNB/INDS5/HASR/_CSV,http://localhost/RBNB/B200/B200_ASR_reduced.txt,304,---,---,---,---,Fri Jan 09 14:12:27 EST 2009
Fri Jan 09 14:12:27 EST 2009,http://indscore.dfrc.nasa.gov/RBNB/INDS5/HASR/_CSV,http://localhost/RBNB/B200/B200_ASR_reduced.txt,304,---,---,---,---,Fri Jan 09 14:12:47 EST 2009
Fri Jan 09 14:12:47 EST 2009,http://indscore.dfrc.nasa.gov/RBNB/INDS5/HASR/_CSV,http://localhost/RBNB/B200/B200_ASR_reduced.txt,304,---,---,---,---,Fri Jan 09 14:13:07 EST 2009
Fri Jan 09 14:13:07 EST 2009,http://indscore.dfrc.nasa.gov/RBNB/INDS5/HASR/_CSV,http://localhost/RBNB/B200/B200_ASR_reduced.txt,304,---,---,---,---,Fri Jan 09 14:13:27 EST 2009
Fri Jan 09 14:13:27 EST 2009,http://indscore.dfrc.nasa.gov/RBNB/INDS5/HASR/_CSV,http://localhost/RBNB/B200/B200_ASR_reduced.txt,304,---,---,---,---,Fri Jan 09 14:13:47 EST 2009
Fri Jan 09 14:13:47 EST 2009,http://indscore.dfrc.nasa.gov/RBNB/INDS5/HASR/_CSV,http://localhost/RBNB/B200/B200_ASR_reduced.txt,304,---,---,---,---,Fri Jan 09 14:14:07 EST 2009
Fri Jan 09 14:13:50 EST 2009,http://indscore.dfrc.nasa.gov/RBNB/B200/B200_DEP.txt,http://localhost/RBNB/B200/B200_DEP.txt,304,---,---,---,---,Fri Jan 09 14:15:50 EST 2009
Fri Jan 09 14:13:55 EST 2009,http://indscore.dfrc.nasa.gov/RBNB/B200/B200_ASR.txt,http://localhost/RBNB/B200/B200_ASR.txt,404,---,---,---,---,Fri Jan 09 14:15:55 EST 2009
Fri Jan 09 14:14:07 EST 2009,http://indscore.dfrc.nasa.gov/RBNB/INDS5/HASR/_CSV,http://localhost/RBNB/B200/B200_ASR_reduced.txt,304,---,---,---,---,Fri Jan 09 14:14:27 EST 2009
Fri Jan 09 14:14:27 EST 2009,http://indscore.dfrc.nasa.gov/RBNB/INDS5/HASR/_CSV,http://localhost/RBNB/B200/B200_ASR_reduced.txt,304,---,---,---,---,Fri Jan 09 14:14:47 EST 2009
Fri Jan 09 14:14:47 EST 2009,http://indscore.dfrc.nasa.gov/RBNB/INDS5/HASR/_CSV,http://localhost/RBNB/B200/B200_ASR_reduced.txt,304,---,---,---,---,Fri Jan 09 14:15:07 EST 2009
Fri Jan 09 14:15:07 EST 2009,http://indscore.dfrc.nasa.gov/RBNB/INDS5/HASR/_CSV,http://localhost/RBNB/B200/B200_ASR_reduced.txt,304,---,---,---,---,Fri Jan 09 14:15:27 EST 2009
Fri Jan 09 14:15:27 EST 2009,http://indscore.dfrc.nasa.gov/RBNB/INDS5/HASR/_CSV,http://localhost/RBNB/B200/B200_ASR_reduced.txt,304,---,---,---,---,Fri Jan 09 14:15:47 EST 2009
Fri Jan 09 14:15:47 EST 2009,http://indscore.dfrc.nasa.gov/RBNB/INDS5/HASR/_CSV,http://localhost/RBNB/B200/B200_ASR_reduced.txt,304,---,---,---,---,Fri Jan 09 14:16:07 EST 2009
Fri Jan 09 14:15:50 EST 2009,http://indscore.dfrc.nasa.gov/RBNB/B200/B200_DEP.txt,http://localhost/RBNB/B200/B200_DEP.txt,304,---,---,---,---,Fri Jan 09 14:17:50 EST 2009
Fri Jan 09 14:15:55 EST 2009,http://indscore.dfrc.nasa.gov/RBNB/B200/B200_ASR.txt,http://localhost/RBNB/B200/B200_ASR.txt,404,---,---,---,---,Fri Jan 09 14:17:55 EST 2009
Fri Jan 09 14:16:07 EST 2009,http://indscore.dfrc.nasa.gov/RBNB/INDS5/HASR/_CSV,http://localhost/RBNB/B200/B200_ASR_reduced.txt,304,---,---,---,---,Fri Jan 09 14:16:27 EST 2009
Fri Jan 09 14:16:27 EST 2009,http://indscore.dfrc.nasa.gov/RBNB/INDS5/HASR/_CSV,http://localhost/RBNB/B200/B200_ASR_reduced.txt,304,---,---,---,---,Fri Jan 09 14:16:47 EST 2009
Fri Jan 09 14:16:47 EST 2009,http://indscore.dfrc.nasa.gov/RBNB/INDS5/HASR/_CSV,http://localhost/RBNB/B200/B200_ASR_reduced.txt,304,---,---,---,---,Fri Jan 09 14:17:07 EST 2009
Fri Jan 09 14:17:07 EST 2009,http://indscore.dfrc.nasa.gov/RBNB/INDS5/HASR/_CSV,http://localhost/RBNB/B200/B200_ASR_reduced.txt,304,---,---,---,---,Fri Jan 09 14:17:27 EST 2009
Fri Jan 09 14:17:27 EST 2009,http://indscore.dfrc.nasa.gov/RBNB/INDS5/HASR/_CSV,http://localhost/RBNB/B200/B200_ASR_reduced.txt,304,---,---,---,---,Fri Jan 09 14:17:47 EST 2009
Fri Jan 09 14:17:47 EST 2009,http://indscore.dfrc.nasa.gov/RBNB/INDS5/HASR/_CSV,http://localhost/RBNB/B200/B200_ASR_reduced.txt,304,---,---,---,---,Fri Jan 09 14:18:07 EST 2009
Fri Jan 09 14:17:50 EST 2009,http://indscore.dfrc.nasa.gov/RBNB/B200/B200_DEP.txt,http://localhost/RBNB/B200/B200_DEP.txt,304,---,---,---,---,Fri Jan 09 14:19:50 EST 2009
Fri Jan 09 14:17:55 EST 2009,http://indscore.dfrc.nasa.gov/RBNB/B200/B200_ASR.txt,http://localhost/RBNB/B200/B200_ASR.txt,404,---,---,---,---,Fri Jan 09 14:19:55 EST 2009
Fri Jan 09 14:18:07 EST 2009,http://indscore.dfrc.nasa.gov/RBNB/INDS5/HASR/_CSV,http://localhost/RBNB/B200/B200_ASR_reduced.txt,304,---,---,---,---,Fri Jan 09 14:18:27 EST 2009
Fri Jan 09 14:18:27 EST 2009,http://indscore.dfrc.nasa.gov/RBNB/INDS5/HASR/_CSV,http://localhost/RBNB/B200/B200_ASR_reduced.txt,304,---,---,---,---,Fri Jan 09 14:18:47 EST 2009
Fri Jan 09 14:18:47 EST 2009,http://indscore.dfrc.nasa.gov/RBNB/INDS5/HASR/_CSV,http://localhost/RBNB/B200/B200_ASR_reduced.txt,304,---,---,---,---,Fri Jan 09 14:19:07 EST 2009
Fri Jan 09 14:19:07 EST 2009,http://indscore.dfrc.nasa.gov/RBNB/INDS5/HASR/_CSV,http://localhost/RBNB/B200/B200_ASR_reduced.txt,304,---,---,---,---,Fri Jan 09 14:19:27 EST 2009
Fri Jan 09 14:19:27 EST 2009,http://indscore.dfrc.nasa.gov/RBNB/INDS5/HASR/_CSV,http://localhost/RBNB/B200/B200_ASR_reduced.txt,304,---,---,---,---,Fri Jan 09 14:19:47 EST 2009
Fri Jan 09 14:19:47 EST 2009,http://indscore.dfrc.nasa.gov/RBNB/INDS5/HASR/_CSV,http://localhost/RBNB/B200/B200_ASR_reduced.txt,304,---,---,---,---,Fri Jan 09 14:20:07 EST 2009
Fri Jan 09 14:19:50 EST 2009,http://indscore.dfrc.nasa.gov/RBNB/B200/B200_DEP.txt,http://localhost/RBNB/B200/B200_DEP.txt,304,---,---,---,---,Fri Jan 09 14:21:50 EST 2009
Fri Jan 09 14:19:55 EST 2009,http://indscore.dfrc.nasa.gov/RBNB/B200/B200_ASR.txt,http://localhost/RBNB/B200/B200_ASR.txt,404,---,---,---,---,Fri Jan 09 14:21:55 EST 2009
Fri Jan 09 14:20:07 EST 2009,http://indscore.dfrc.nasa.gov/RBNB/INDS5/HASR/_CSV,http://localhost/RBNB/B200/B200_ASR_reduced.txt,304,---,---,---,---,Fri Jan 09 14:20:27 EST 2009
Fri Jan 09 14:20:27 EST 2009,http://indscore.dfrc.nasa.gov/RBNB/INDS5/HASR/_CSV,http://localhost/RBNB/B200/B200_ASR_reduced.txt,304,---,---,---,---,Fri Jan 09 14:20:47 EST 2009
Fri Jan 09 14:20:47 EST 2009,http://indscore.dfrc.nasa.gov/RBNB/INDS5/HASR/_CSV,http://localhost/RBNB/B200/B200_ASR_reduced.txt,304,---,---,---,---,Fri Jan 09 14:21:07 EST 2009
Fri Jan 09 14:21:07 EST 2009,http://indscore.dfrc.nasa.gov/RBNB/INDS5/HASR/_CSV,http://localhost/RBNB/B200/B200_ASR_reduced.txt,304,---,---,---,---,Fri Jan 09 14:21:27 EST 2009
Fri Jan 09 14:21:27 EST 2009,http://indscore.dfrc.nasa.gov/RBNB/INDS5/HASR/_CSV,http://localhost/RBNB/B200/B200_ASR_reduced.txt,304,---,---,---,---,Fri Jan 09 14:21:47 EST 2009
Fri Jan 09 14:21:47 EST 2009,http://indscore.dfrc.nasa.gov/RBNB/INDS5/HASR/_CSV,http://localhost/RBNB/B200/B200_ASR_reduced.txt,304,---,---,---,---,Fri Jan 09 14:22:07 EST 2009
Fri Jan 09 14:21:50 EST 2009,http://indscore.dfrc.nasa.gov/RBNB/B200/B200_DEP.txt,http://localhost/RBNB/B200/B200_DEP.txt,304,---,---,---,---,Fri Jan 09 14:23:50 EST 2009
Fri Jan 09 14:21:55 EST 2009,http://indscore.dfrc.nasa.gov/RBNB/B200/B200_ASR.txt,http://localhost/RBNB/B200/B200_ASR.txt,404,---,---,---,---,Fri Jan 09 14:23:55 EST 2009
Fri Jan 09 14:22:07 EST 2009,http://indscore.dfrc.nasa.gov/RBNB/INDS5/HASR/_CSV,http://localhost/RBNB/B200/B200_ASR_reduced.txt,304,---,---,---,---,Fri Jan 09 14:22:27 EST 2009
Fri Jan 09 14:22:27 EST 2009,http://indscore.dfrc.nasa.gov/RBNB/INDS5/HASR/_CSV,http://localhost/RBNB/B200/B200_ASR_reduced.txt,304,---,---,---,---,Fri Jan 09 14:22:47 EST 2009
Fri Jan 09 14:22:47 EST 2009,http://indscore.dfrc.nasa.gov/RBNB/INDS5/HASR/_CSV,http://localhost/RBNB/B200/B200_ASR_reduced.txt,304,---,---,---,---,Fri Jan 09 14:23:07 EST 2009
Fri Jan 09 14:23:07 EST 2009,http://indscore.dfrc.nasa.gov/RBNB/INDS5/HASR/_CSV,http://localhost/RBNB/B200/B200_ASR_reduced.txt,304,---,---,---,---,Fri Jan 09 14:23:27 EST 2009
Fri Jan 09 14:23:27 EST 2009,http://indscore.dfrc.nasa.gov/RBNB/INDS5/HASR/_CSV,http://localhost/RBNB/B200/B200_ASR_reduced.txt,304,---,---,---,---,Fri Jan 09 14:23:47 EST 2009
Fri Jan 09 14:23:47 EST 2009,http://indscore.dfrc.nasa.gov/RBNB/INDS5/HASR/_CSV,http://localhost/RBNB/B200/B200_ASR_reduced.txt,304,---,---,---,---,Fri Jan 09 14:24:07 EST 2009
Fri Jan 09 14:23:50 EST 2009,http://indscore.dfrc.nasa.gov/RBNB/B200/B200_DEP.txt,http://localhost/RBNB/B200/B200_DEP.txt,304,---,---,---,---,Fri Jan 09 14:25:50 EST 2009
Fri Jan 09 14:23:55 EST 2009,http://indscore.dfrc.nasa.gov/RBNB/B200/B200_ASR.txt,http://localhost/RBNB/B200/B200_ASR.txt,404,---,---,---,---,Fri Jan 09 14:25:55 EST 2009
Fri Jan 09 14:24:07 EST 2009,http://indscore.dfrc.nasa.gov/RBNB/INDS5/HASR/_CSV,http://localhost/RBNB/B200/B200_ASR_reduced.txt,304,---,---,---,---,Fri Jan 09 14:24:27 EST 2009
Fri Jan 09 14:24:27 EST 2009,http://indscore.dfrc.nasa.gov/RBNB/INDS5/HASR/_CSV,http://localhost/RBNB/B200/B200_ASR_reduced.txt,304,---,---,---,---,Fri Jan 09 14:24:47 EST 2009
Fri Jan 09 14:24:47 EST 2009,http://indscore.dfrc.nasa.gov/RBNB/INDS5/HASR/_CSV,http://localhost/RBNB/B200/B200_ASR_reduced.txt,304,---,---,---,---,Fri Jan 09 14:25:07 EST 2009
Fri Jan 09 14:25:07 EST 2009,http://indscore.dfrc.nasa.gov/RBNB/INDS5/HASR/_CSV,http://localhost/RBNB/B200/B200_ASR_reduced.txt,304,---,---,---,---,Fri Jan 09 14:25:27 EST 2009
Fri Jan 09 14:25:27 EST 2009,http://indscore.dfrc.nasa.gov/RBNB/INDS5/HASR/_CSV,http://localhost/RBNB/B200/B200_ASR_reduced.txt,304,---,---,---,---,Fri Jan 09 14:25:47 EST 2009
Fri Jan 09 14:25:47 EST 2009,http://indscore.dfrc.nasa.gov/RBNB/INDS5/HASR/_CSV,http://localhost/RBNB/B200/B200_ASR_reduced.txt,304,---,---,---,---,Fri Jan 09 14:26:07 EST 2009
Fri Jan 09 14:25:50 EST 2009,http://indscore.dfrc.nasa.gov/RBNB/B200/B200_DEP.txt,http://localhost/RBNB/B200/B200_DEP.txt,304,---,---,---,---,Fri Jan 09 14:27:50 EST 2009
Fri Jan 09 14:25:58 EST 2009,http://indscore.dfrc.nasa.gov/RBNB/B200/B200_ASR.txt,http://localhost/RBNB/B200/B200_ASR.txt,404,---,---,---,---,Fri Jan 09 14:27:58 EST 2009
Fri Jan 09 14:26:08 EST 2009,http://indscore.dfrc.nasa.gov/RBNB/INDS5/HASR/_CSV,http://localhost/RBNB/B200/B200_ASR_reduced.txt,304,---,---,---,---,Fri Jan 09 14:26:28 EST 2009
Fri Jan 09 14:26:28 EST 2009,http://indscore.dfrc.nasa.gov/RBNB/INDS5/HASR/_CSV,http://localhost/RBNB/B200/B200_ASR_reduced.txt,304,---,---,---,---,Fri Jan 09 14:26:48 EST 2009
Fri Jan 09 14:26:48 EST 2009,http://indscore.dfrc.nasa.gov/RBNB/INDS5/HASR/_CSV,http://localhost/RBNB/B200/B200_ASR_reduced.txt,304,---,---,---,---,Fri Jan 09 14:27:08 EST 2009
Fri Jan 09 14:27:08 EST 2009,http://indscore.dfrc.nasa.gov/RBNB/INDS5/HASR/_CSV,http://localhost/RBNB/B200/B200_ASR_reduced.txt,304,---,---,---,---,Fri Jan 09 14:27:28 EST 2009
Fri Jan 09 14:27:28 EST 2009,http://indscore.dfrc.nasa.gov/RBNB/INDS5/HASR/_CSV,http://localhost/RBNB/B200/B200_ASR_reduced.txt,304,---,---,---,---,Fri Jan 09 14:27:48 EST 2009
Fri Jan 09 14:27:48 EST 2009,http://indscore.dfrc.nasa.gov/RBNB/INDS5/HASR/_CSV,http://localhost/RBNB/B200/B200_ASR_reduced.txt,304,---,---,---,---,Fri Jan 09 14:28:08 EST 2009
Fri Jan 09 14:27:52 EST 2009,http://indscore.dfrc.nasa.gov/RBNB/B200/B200_DEP.txt,http://localhost/RBNB/B200/B200_DEP.txt,304,---,---,---,---,Fri Jan 09 14:29:52 EST 2009
Fri Jan 09 14:27:58 EST 2009,http://indscore.dfrc.nasa.gov/RBNB/B200/B200_ASR.txt,http://localhost/RBNB/B200/B200_ASR.txt,404,---,---,---,---,Fri Jan 09 14:29:58 EST 2009
Fri Jan 09 14:28:08 EST 2009,http://indscore.dfrc.nasa.gov/RBNB/INDS5/HASR/_CSV,http://localhost/RBNB/B200/B200_ASR_reduced.txt,304,---,---,---,---,Fri Jan 09 14:28:28 EST 2009
Fri Jan 09 14:28:28 EST 2009,http://indscore.dfrc.nasa.gov/RBNB/INDS5/HASR/_CSV,http://localhost/RBNB/B200/B200_ASR_reduced.txt,304,---,---,---,---,Fri Jan 09 14:28:48 EST 2009
Fri Jan 09 14:28:48 EST 2009,http://indscore.dfrc.nasa.gov/RBNB/INDS5/HASR/_CSV,http://localhost/RBNB/B200/B200_ASR_reduced.txt,304,---,---,---,---,Fri Jan 09 14:29:08 EST 2009
Fri Jan 09 14:29:08 EST 2009,http://indscore.dfrc.nasa.gov/RBNB/INDS5/HASR/_CSV,http://localhost/RBNB/B200/B200_ASR_reduced.txt,304,---,---,---,---,Fri Jan 09 14:29:28 EST 2009
Fri Jan 09 14:29:28 EST 2009,http://indscore.dfrc.nasa.gov/RBNB/INDS5/HASR/_CSV,http://localhost/RBNB/B200/B200_ASR_reduced.txt,304,---,---,---,---,Fri Jan 09 14:29:48 EST 2009
Fri Jan 09 14:29:48 EST 2009,http://indscore.dfrc.nasa.gov/RBNB/INDS5/HASR/_CSV,http://localhost/RBNB/B200/B200_ASR_reduced.txt,304,---,---,---,---,Fri Jan 09 14:30:08 EST 2009
Fri Jan 09 14:29:58 EST 2009,http://indscore.dfrc.nasa.gov/RBNB/B200/B200_DEP.txt,http://localhost/RBNB/B200/B200_DEP.txt,304,---,---,---,---,Fri Jan 09 14:31:58 EST 2009
Fri Jan 09 14:29:58 EST 2009,http://indscore.dfrc.nasa.gov/RBNB/B200/B200_ASR.txt,http://localhost/RBNB/B200/B200_ASR.txt,404,---,---,---,---,Fri Jan 09 14:31:58 EST 2009
Fri Jan 09 14:30:08 EST 2009,http://indscore.dfrc.nasa.gov/RBNB/INDS5/HASR/_CSV,http://localhost/RBNB/B200/B200_ASR_reduced.txt,304,---,---,---,---,Fri Jan 09 14:30:28 EST 2009
Fri Jan 09 14:30:28 EST 2009,http://indscore.dfrc.nasa.gov/RBNB/INDS5/HASR/_CSV,http://localhost/RBNB/B200/B200_ASR_reduced.txt,304,---,---,---,---,Fri Jan 09 14:30:48 EST 2009
Fri Jan 09 14:30:48 EST 2009,http://indscore.dfrc.nasa.gov/RBNB/INDS5/HASR/_CSV,http://localhost/RBNB/B200/B200_ASR_reduced.txt,304,---,---,---,---,Fri Jan 09 14:31:08 EST 2009
Fri Jan 09 14:31:08 EST 2009,http://indscore.dfrc.nasa.gov/RBNB/INDS5/HASR/_CSV,http://localhost/RBNB/B200/B200_ASR_reduced.txt,304,---,---,---,---,Fri Jan 09 14:31:28 EST 2009
Fri Jan 09 14:31:28 EST 2009,http://indscore.dfrc.nasa.gov/RBNB/INDS5/HASR/_CSV,http://localhost/RBNB/B200/B200_ASR_reduced.txt,304,---,---,---,---,Fri Jan 09 14:31:48 EST 2009
Fri Jan 09 14:31:48 EST 2009,http://indscore.dfrc.nasa.gov/RBNB/INDS5/HASR/_CSV,http://localhost/RBNB/B200/B200_ASR_reduced.txt,304,---,---,---,---,Fri Jan 09 14:32:08 EST 2009
Fri Jan 09 14:31:58 EST 2009,http://indscore.dfrc.nasa.gov/RBNB/B200/B200_DEP.txt,http://localhost/RBNB/B200/B200_DEP.txt,304,---,---,---,---,Fri Jan 09 14:33:58 EST 2009
Fri Jan 09 14:31:58 EST 2009,http://indscore.dfrc.nasa.gov/RBNB/B200/B200_ASR.txt,http://localhost/RBNB/B200/B200_ASR.txt,404,---,---,---,---,Fri Jan 09 14:33:58 EST 2009
Fri Jan 09 14:32:08 EST 2009,http://indscore.dfrc.nasa.gov/RBNB/INDS5/HASR/_CSV,http://localhost/RBNB/B200/B200_ASR_reduced.txt,304,---,---,---,---,Fri Jan 09 14:32:28 EST 2009
Fri Jan 09 14:32:28 EST 2009,http://indscore.dfrc.nasa.gov/RBNB/INDS5/HASR/_CSV,http://localhost/RBNB/B200/B200_ASR_reduced.txt,304,---,---,---,---,Fri Jan 09 14:32:48 EST 2009
Fri Jan 09 14:32:48 EST 2009,http://indscore.dfrc.nasa.gov/RBNB/INDS5/HASR/_CSV,http://localhost/RBNB/B200/B200_ASR_reduced.txt,304,---,---,---,---,Fri Jan 09 14:33:08 EST 2009
Fri Jan 09 14:33:08 EST 2009,http://indscore.dfrc.nasa.gov/RBNB/INDS5/HASR/_CSV,http://localhost/RBNB/B200/B200_ASR_reduced.txt,304,---,---,---,---,Fri Jan 09 14:33:28 EST 2009
Fri Jan 09 14:33:28 EST 2009,http://indscore.dfrc.nasa.gov/RBNB/INDS5/HASR/_CSV,http://localhost/RBNB/B200/B200_ASR_reduced.txt,304,---,---,---,---,Fri Jan 09 14:33:48 EST 2009
Fri Jan 09 14:33:48 EST 2009,http://indscore.dfrc.nasa.gov/RBNB/INDS5/HASR/_CSV,http://localhost/RBNB/B200/B200_ASR_reduced.txt,304,---,---,---,---,Fri Jan 09 14:34:08 EST 2009
Fri Jan 09 14:33:58 EST 2009,http://indscore.dfrc.nasa.gov/RBNB/B200/B200_DEP.txt,http://localhost/RBNB/B200/B200_DEP.txt,304,---,---,---,---,Fri Jan 09 14:35:58 EST 2009
Fri Jan 09 14:33:58 EST 2009,http://indscore.dfrc.nasa.gov/RBNB/B200/B200_ASR.txt,http://localhost/RBNB/B200/B200_ASR.txt,404,---,---,---,---,Fri Jan 09 14:35:58 EST 2009
Fri Jan 09 14:34:08 EST 2009,http://indscore.dfrc.nasa.gov/RBNB/INDS5/HASR/_CSV,http://localhost/RBNB/B200/B200_ASR_reduced.txt,304,---,---,---,---,Fri Jan 09 14:34:28 EST 2009
Fri Jan 09 14:34:28 EST 2009,http://indscore.dfrc.nasa.gov/RBNB/INDS5/HASR/_CSV,http://localhost/RBNB/B200/B200_ASR_reduced.txt,304,---,---,---,---,Fri Jan 09 14:34:48 EST 2009
Fri Jan 09 14:34:48 EST 2009,http://indscore.dfrc.nasa.gov/RBNB/INDS5/HASR/_CSV,http://localhost/RBNB/B200/B200_ASR_reduced.txt,304,---,---,---,---,Fri Jan 09 14:35:08 EST 2009
Fri Jan 09 14:35:08 EST 2009,http://indscore.dfrc.nasa.gov/RBNB/INDS5/HASR/_CSV,http://localhost/RBNB/B200/B200_ASR_reduced.txt,304,---,---,---,---,Fri Jan 09 14:35:28 EST 2009
Fri Jan 09 14:35:28 EST 2009,http://indscore.dfrc.nasa.gov/RBNB/INDS5/HASR/_CSV,http://localhost/RBNB/B200/B200_ASR_reduced.txt,304,---,---,---,---,Fri Jan 09 14:35:48 EST 2009
Fri Jan 09 14:35:48 EST 2009,http://indscore.dfrc.nasa.gov/RBNB/INDS5/HASR/_CSV,http://localhost/RBNB/B200/B200_ASR_reduced.txt,304,---,---,---,---,Fri Jan 09 14:36:08 EST 2009
Fri Jan 09 14:35:58 EST 2009,http://indscore.dfrc.nasa.gov/RBNB/B200/B200_DEP.txt,http://localhost/RBNB/B200/B200_DEP.txt,304,---,---,---,---,Fri Jan 09 14:37:58 EST 2009
Fri Jan 09 14:35:58 EST 2009,http://indscore.dfrc.nasa.gov/RBNB/B200/B200_ASR.txt,http://localhost/RBNB/B200/B200_ASR.txt,404,---,---,---,---,Fri Jan 09 14:37:58 EST 2009
Fri Jan 09 14:36:08 EST 2009,http://indscore.dfrc.nasa.gov/RBNB/INDS5/HASR/_CSV,http://localhost/RBNB/B200/B200_ASR_reduced.txt,304,---,---,---,---,Fri Jan 09 14:36:28 EST 2009
Fri Jan 09 14:36:28 EST 2009,http://indscore.dfrc.nasa.gov/RBNB/INDS5/HASR/_CSV,http://localhost/RBNB/B200/B200_ASR_reduced.txt,304,---,---,---,---,Fri Jan 09 14:36:48 EST 2009
Fri Jan 09 14:36:48 EST 2009,http://indscore.dfrc.nasa.gov/RBNB/INDS5/HASR/_CSV,http://localhost/RBNB/B200/B200_ASR_reduced.txt,304,---,---,---,---,Fri Jan 09 14:37:08 EST 2009
Fri Jan 09 14:37:08 EST 2009,http://indscore.dfrc.nasa.gov/RBNB/INDS5/HASR/_CSV,http://localhost/RBNB/B200/B200_ASR_reduced.txt,304,---,---,---,---,Fri Jan 09 14:37:28 EST 2009
Fri Jan 09 14:37:28 EST 2009,http://indscore.dfrc.nasa.gov/RBNB/INDS5/HASR/_CSV,http://localhost/RBNB/B200/B200_ASR_reduced.txt,304,---,---,---,---,Fri Jan 09 14:37:48 EST 2009
Fri Jan 09 14:37:48 EST 2009,http://indscore.dfrc.nasa.gov/RBNB/INDS5/HASR/_CSV,http://localhost/RBNB/B200/B200_ASR_reduced.txt,304,---,---,---,---,Fri Jan 09 14:38:08 EST 2009
Fri Jan 09 14:37:58 EST 2009,http://indscore.dfrc.nasa.gov/RBNB/B200/B200_DEP.txt,http://localhost/RBNB/B200/B200_DEP.txt,304,---,---,---,---,Fri Jan 09 14:39:58 EST 2009
Fri Jan 09 14:37:58 EST 2009,http://indscore.dfrc.nasa.gov/RBNB/B200/B200_ASR.txt,http://localhost/RBNB/B200/B200_ASR.txt,404,---,---,---,---,Fri Jan 09 14:39:58 EST 2009
Fri Jan 09 14:38:08 EST 2009,http://indscore.dfrc.nasa.gov/RBNB/INDS5/HASR/_CSV,http://localhost/RBNB/B200/B200_ASR_reduced.txt,304,---,---,---,---,Fri Jan 09 14:38:28 EST 2009
Fri Jan 09 14:38:28 EST 2009,http://indscore.dfrc.nasa.gov/RBNB/INDS5/HASR/_CSV,http://localhost/RBNB/B200/B200_ASR_reduced.txt,304,---,---,---,---,Fri Jan 09 14:38:48 EST 2009
Fri Jan 09 14:38:48 EST 2009,http://indscore.dfrc.nasa.gov/RBNB/INDS5/HASR/_CSV,http://localhost/RBNB/B200/B200_ASR_reduced.txt,304,---,---,---,---,Fri Jan 09 14:39:08 EST 2009
Fri Jan 09 14:39:08 EST 2009,http://indscore.dfrc.nasa.gov/RBNB/INDS5/HASR/_CSV,http://localhost/RBNB/B200/B200_ASR_reduced.txt,304,---,---,---,---,Fri Jan 09 14:39:28 EST 2009
Fri Jan 09 14:39:28 EST 2009,http://indscore.dfrc.nasa.gov/RBNB/INDS5/HASR/_CSV,http://localhost/RBNB/B200/B200_ASR_reduced.txt,304,---,---,---,---,Fri Jan 09 14:39:48 EST 2009
Fri Jan 09 14:39:48 EST 2009,http://indscore.dfrc.nasa.gov/RBNB/INDS5/HASR/_CSV,http://localhost/RBNB/B200/B200_ASR_reduced.txt,304,---,---,---,---,Fri Jan 09 14:40:08 EST 2009
Fri Jan 09 14:39:58 EST 2009,http://indscore.dfrc.nasa.gov/RBNB/B200/B200_DEP.txt,http://localhost/RBNB/B200/B200_DEP.txt,304,---,---,---,---,Fri Jan 09 14:41:58 EST 2009
Fri Jan 09 14:39:58 EST 2009,http://indscore.dfrc.nasa.gov/RBNB/B200/B200_ASR.txt,http://localhost/RBNB/B200/B200_ASR.txt,404,---,---,---,---,Fri Jan 09 14:41:58 EST 2009
Fri Jan 09 14:40:08 EST 2009,http://indscore.dfrc.nasa.gov/RBNB/INDS5/HASR/_CSV,http://localhost/RBNB/B200/B200_ASR_reduced.txt,304,---,---,---,---,Fri Jan 09 14:40:28 EST 2009
Fri Jan 09 14:40:28 EST 2009,http://indscore.dfrc.nasa.gov/RBNB/INDS5/HASR/_CSV,http://localhost/RBNB/B200/B200_ASR_reduced.txt,304,---,---,---,---,Fri Jan 09 14:40:48 EST 2009
Fri Jan 09 14:40:48 EST 2009,http://indscore.dfrc.nasa.gov/RBNB/INDS5/HASR/_CSV,http://localhost/RBNB/B200/B200_ASR_reduced.txt,304,---,---,---,---,Fri Jan 09 14:41:08 EST 2009
Fri Jan 09 14:41:08 EST 2009,http://indscore.dfrc.nasa.gov/RBNB/INDS5/HASR/_CSV,http://localhost/RBNB/B200/B200_ASR_reduced.txt,304,---,---,---,---,Fri Jan 09 14:41:28 EST 2009
Fri Jan 09 14:41:28 EST 2009,http://indscore.dfrc.nasa.gov/RBNB/INDS5/HASR/_CSV,http://localhost/RBNB/B200/B200_ASR_reduced.txt,304,---,---,---,---,Fri Jan 09 14:41:48 EST 2009
Fri Jan 09 14:41:48 EST 2009,http://indscore.dfrc.nasa.gov/RBNB/INDS5/HASR/_CSV,http://localhost/RBNB/B200/B200_ASR_reduced.txt,304,---,---,---,---,Fri Jan 09 14:42:08 EST 2009
Fri Jan 09 14:41:58 EST 2009,http://indscore.dfrc.nasa.gov/RBNB/B200/B200_DEP.txt,http://localhost/RBNB/B200/B200_DEP.txt,304,---,---,---,---,Fri Jan 09 14:43:58 EST 2009
Fri Jan 09 14:41:58 EST 2009,http://indscore.dfrc.nasa.gov/RBNB/B200/B200_ASR.txt,http://localhost/RBNB/B200/B200_ASR.txt,404,---,---,---,---,Fri Jan 09 14:43:58 EST 2009
Fri Jan 09 14:42:08 EST 2009,http://indscore.dfrc.nasa.gov/RBNB/INDS5/HASR/_CSV,http://localhost/RBNB/B200/B200_ASR_reduced.txt,304,---,---,---,---,Fri Jan 09 14:42:28 EST 2009
Fri Jan 09 14:42:28 EST 2009,http://indscore.dfrc.nasa.gov/RBNB/INDS5/HASR/_CSV,http://localhost/RBNB/B200/B200_ASR_reduced.txt,304,---,---,---,---,Fri Jan 09 14:42:48 EST 2009
Fri Jan 09 14:42:48 EST 2009,http://indscore.dfrc.nasa.gov/RBNB/INDS5/HASR/_CSV,http://localhost/RBNB/B200/B200_ASR_reduced.txt,304,---,---,---,---,Fri Jan 09 14:43:08 EST 2009
Fri Jan 09 14:43:08 EST 2009,http://indscore.dfrc.nasa.gov/RBNB/INDS5/HASR/_CSV,http://localhost/RBNB/B200/B200_ASR_reduced.txt,304,---,---,---,---,Fri Jan 09 14:43:28 EST 2009
Fri Jan 09 14:43:28 EST 2009,http://indscore.dfrc.nasa.gov/RBNB/INDS5/HASR/_CSV,http://localhost/RBNB/B200/B200_ASR_reduced.txt,304,---,---,---,---,Fri Jan 09 14:43:48 EST 2009
Fri Jan 09 14:43:48 EST 2009,http://indscore.dfrc.nasa.gov/RBNB/INDS5/HASR/_CSV,http://localhost/RBNB/B200/B200_ASR_reduced.txt,304,---,---,---,---,Fri Jan 09 14:44:08 EST 2009
Fri Jan 09 14:43:58 EST 2009,http://indscore.dfrc.nasa.gov/RBNB/B200/B200_DEP.txt,http://localhost/RBNB/B200/B200_DEP.txt,304,---,---,---,---,Fri Jan 09 14:45:58 EST 2009
Fri Jan 09 14:43:58 EST 2009,http://indscore.dfrc.nasa.gov/RBNB/B200/B200_ASR.txt,http://localhost/RBNB/B200/B200_ASR.txt,404,---,---,---,---,Fri Jan 09 14:45:58 EST 2009
Fri Jan 09 14:44:08 EST 2009,http://indscore.dfrc.nasa.gov/RBNB/INDS5/HASR/_CSV,http://localhost/RBNB/B200/B200_ASR_reduced.txt,304,---,---,---,---,Fri Jan 09 14:44:28 EST 2009
Fri Jan 09 14:44:28 EST 2009,http://indscore.dfrc.nasa.gov/RBNB/INDS5/HASR/_CSV,http://localhost/RBNB/B200/B200_ASR_reduced.txt,304,---,---,---,---,Fri Jan 09 14:44:48 EST 2009
Fri Jan 09 14:44:48 EST 2009,http://indscore.dfrc.nasa.gov/RBNB/INDS5/HASR/_CSV,http://localhost/RBNB/B200/B200_ASR_reduced.txt,304,---,---,---,---,Fri Jan 09 14:45:08 EST 2009
Fri Jan 09 14:45:08 EST 2009,http://indscore.dfrc.nasa.gov/RBNB/INDS5/HASR/_CSV,http://localhost/RBNB/B200/B200_ASR_reduced.txt,304,---,---,---,---,Fri Jan 09 14:45:28 EST 2009
Fri Jan 09 14:45:28 EST 2009,http://indscore.dfrc.nasa.gov/RBNB/INDS5/HASR/_CSV,http://localhost/RBNB/B200/B200_ASR_reduced.txt,304,---,---,---,---,Fri Jan 09 14:45:48 EST 2009
Fri Jan 09 14:45:48 EST 2009,http://indscore.dfrc.nasa.gov/RBNB/INDS5/HASR/_CSV,http://localhost/RBNB/B200/B200_ASR_reduced.txt,304,---,---,---,---,Fri Jan 09 14:46:08 EST 2009
Fri Jan 09 14:45:58 EST 2009,http://indscore.dfrc.nasa.gov/RBNB/B200/B200_DEP.txt,http://localhost/RBNB/B200/B200_DEP.txt,304,---,---,---,---,Fri Jan 09 14:47:58 EST 2009
Fri Jan 09 14:45:58 EST 2009,http://indscore.dfrc.nasa.gov/RBNB/B200/B200_ASR.txt,http://localhost/RBNB/B200/B200_ASR.txt,404,---,---,---,---,Fri Jan 09 14:47:58 EST 2009
Fri Jan 09 14:46:08 EST 2009,http://indscore.dfrc.nasa.gov/RBNB/INDS5/HASR/_CSV,http://localhost/RBNB/B200/B200_ASR_reduced.txt,304,---,---,---,---,Fri Jan 09 14:46:28 EST 2009
Fri Jan 09 14:46:28 EST 2009,http://indscore.dfrc.nasa.gov/RBNB/INDS5/HASR/_CSV,http://localhost/RBNB/B200/B200_ASR_reduced.txt,304,---,---,---,---,Fri Jan 09 14:46:48 EST 2009
Fri Jan 09 14:46:48 EST 2009,http://indscore.dfrc.nasa.gov/RBNB/INDS5/HASR/_CSV,http://localhost/RBNB/B200/B200_ASR_reduced.txt,304,---,---,---,---,Fri Jan 09 14:47:08 EST 2009
Fri Jan 09 14:47:08 EST 2009,http://indscore.dfrc.nasa.gov/RBNB/INDS5/HASR/_CSV,http://localhost/RBNB/B200/B200_ASR_reduced.txt,304,---,---,---,---,Fri Jan 09 14:47:28 EST 2009
Fri Jan 09 14:47:28 EST 2009,http://indscore.dfrc.nasa.gov/RBNB/INDS5/HASR/_CSV,http://localhost/RBNB/B200/B200_ASR_reduced.txt,304,---,---,---,---,Fri Jan 09 14:47:48 EST 2009
Fri Jan 09 14:47:48 EST 2009,http://indscore.dfrc.nasa.gov/RBNB/INDS5/HASR/_CSV,http://localhost/RBNB/B200/B200_ASR_reduced.txt,304,---,---,---,---,Fri Jan 09 14:48:08 EST 2009
Fri Jan 09 14:47:58 EST 2009,http://indscore.dfrc.nasa.gov/RBNB/B200/B200_DEP.txt,http://localhost/RBNB/B200/B200_DEP.txt,304,---,---,---,---,Fri Jan 09 14:49:58 EST 2009
Fri Jan 09 14:47:58 EST 2009,http://indscore.dfrc.nasa.gov/RBNB/B200/B200_ASR.txt,http://localhost/RBNB/B200/B200_ASR.txt,404,---,---,---,---,Fri Jan 09 14:49:58 EST 2009
Fri Jan 09 14:48:08 EST 2009,http://indscore.dfrc.nasa.gov/RBNB/INDS5/HASR/_CSV,http://localhost/RBNB/B200/B200_ASR_reduced.txt,304,---,---,---,---,Fri Jan 09 14:48:28 EST 2009
Fri Jan 09 14:48:28 EST 2009,http://indscore.dfrc.nasa.gov/RBNB/INDS5/HASR/_CSV,http://localhost/RBNB/B200/B200_ASR_reduced.txt,304,---,---,---,---,Fri Jan 09 14:48:48 EST 2009
Fri Jan 09 14:48:48 EST 2009,http://indscore.dfrc.nasa.gov/RBNB/INDS5/HASR/_CSV,http://localhost/RBNB/B200/B200_ASR_reduced.txt,304,---,---,---,---,Fri Jan 09 14:49:08 EST 2009
Fri Jan 09 14:49:08 EST 2009,http://indscore.dfrc.nasa.gov/RBNB/INDS5/HASR/_CSV,http://localhost/RBNB/B200/B200_ASR_reduced.txt,304,---,---,---,---,Fri Jan 09 14:49:28 EST 2009
Fri Jan 09 14:49:28 EST 2009,http://indscore.dfrc.nasa.gov/RBNB/INDS5/HASR/_CSV,http://localhost/RBNB/B200/B200_ASR_reduced.txt,304,---,---,---,---,Fri Jan 09 14:49:48 EST 2009
Fri Jan 09 14:49:48 EST 2009,http://indscore.dfrc.nasa.gov/RBNB/INDS5/HASR/_CSV,http://localhost/RBNB/B200/B200_ASR_reduced.txt,304,---,---,---,---,Fri Jan 09 14:50:08 EST 2009
Fri Jan 09 14:49:58 EST 2009,http://indscore.dfrc.nasa.gov/RBNB/B200/B200_DEP.txt,http://localhost/RBNB/B200/B200_DEP.txt,304,---,---,---,---,Fri Jan 09 14:51:58 EST 2009
Fri Jan 09 14:50:01 EST 2009,http://indscore.dfrc.nasa.gov/RBNB/B200/B200_ASR.txt,http://localhost/RBNB/B200/B200_ASR.txt,404,---,---,---,---,Fri Jan 09 14:52:01 EST 2009
Fri Jan 09 14:50:08 EST 2009,http://indscore.dfrc.nasa.gov/RBNB/INDS5/HASR/_CSV,http://localhost/RBNB/B200/B200_ASR_reduced.txt,304,---,---,---,---,Fri Jan 09 14:50:28 EST 2009
Fri Jan 09 14:50:28 EST 2009,http://indscore.dfrc.nasa.gov/RBNB/INDS5/HASR/_CSV,http://localhost/RBNB/B200/B200_ASR_reduced.txt,304,---,---,---,---,Fri Jan 09 14:50:48 EST 2009
Fri Jan 09 14:50:48 EST 2009,http://indscore.dfrc.nasa.gov/RBNB/INDS5/HASR/_CSV,http://localhost/RBNB/B200/B200_ASR_reduced.txt,304,---,---,---,---,Fri Jan 09 14:51:08 EST 2009
Fri Jan 09 14:51:08 EST 2009,http://indscore.dfrc.nasa.gov/RBNB/INDS5/HASR/_CSV,http://localhost/RBNB/B200/B200_ASR_reduced.txt,304,---,---,---,---,Fri Jan 09 14:51:28 EST 2009
Fri Jan 09 14:51:28 EST 2009,http://indscore.dfrc.nasa.gov/RBNB/INDS5/HASR/_CSV,http://localhost/RBNB/B200/B200_ASR_reduced.txt,304,---,---,---,---,Fri Jan 09 14:51:48 EST 2009
Fri Jan 09 14:51:48 EST 2009,http://indscore.dfrc.nasa.gov/RBNB/INDS5/HASR/_CSV,http://localhost/RBNB/B200/B200_ASR_reduced.txt,304,---,---,---,---,Fri Jan 09 14:52:08 EST 2009
Fri Jan 09 14:51:58 EST 2009,http://indscore.dfrc.nasa.gov/RBNB/B200/B200_DEP.txt,http://localhost/RBNB/B200/B200_DEP.txt,304,---,---,---,---,Fri Jan 09 14:53:58 EST 2009
Fri Jan 09 14:52:01 EST 2009,http://indscore.dfrc.nasa.gov/RBNB/B200/B200_ASR.txt,http://localhost/RBNB/B200/B200_ASR.txt,404,---,---,---,---,Fri Jan 09 14:54:01 EST 2009
Fri Jan 09 14:52:08 EST 2009,http://indscore.dfrc.nasa.gov/RBNB/INDS5/HASR/_CSV,http://localhost/RBNB/B200/B200_ASR_reduced.txt,304,---,---,---,---,Fri Jan 09 14:52:28 EST 2009
Fri Jan 09 14:52:28 EST 2009,http://indscore.dfrc.nasa.gov/RBNB/INDS5/HASR/_CSV,http://localhost/RBNB/B200/B200_ASR_reduced.txt,304,---,---,---,---,Fri Jan 09 14:52:48 EST 2009
Fri Jan 09 14:52:48 EST 2009,http://indscore.dfrc.nasa.gov/RBNB/INDS5/HASR/_CSV,http://localhost/RBNB/B200/B200_ASR_reduced.txt,304,---,---,---,---,Fri Jan 09 14:53:08 EST 2009
Fri Jan 09 14:53:08 EST 2009,http://indscore.dfrc.nasa.gov/RBNB/INDS5/HASR/_CSV,http://localhost/RBNB/B200/B200_ASR_reduced.txt,304,---,---,---,---,Fri Jan 09 14:53:28 EST 2009
Fri Jan 09 14:53:28 EST 2009,http://indscore.dfrc.nasa.gov/RBNB/INDS5/HASR/_CSV,http://localhost/RBNB/B200/B200_ASR_reduced.txt,304,---,---,---,---,Fri Jan 09 14:53:48 EST 2009
Fri Jan 09 14:53:48 EST 2009,http://indscore.dfrc.nasa.gov/RBNB/INDS5/HASR/_CSV,http://localhost/RBNB/B200/B200_ASR_reduced.txt,304,---,---,---,---,Fri Jan 09 14:54:08 EST 2009
Fri Jan 09 14:53:58 EST 2009,http://indscore.dfrc.nasa.gov/RBNB/B200/B200_DEP.txt,http://localhost/RBNB/B200/B200_DEP.txt,304,---,---,---,---,Fri Jan 09 14:55:58 EST 2009
Fri Jan 09 14:54:01 EST 2009,http://indscore.dfrc.nasa.gov/RBNB/B200/B200_ASR.txt,http://localhost/RBNB/B200/B200_ASR.txt,404,---,---,---,---,Fri Jan 09 14:56:01 EST 2009
Fri Jan 09 14:54:08 EST 2009,http://indscore.dfrc.nasa.gov/RBNB/INDS5/HASR/_CSV,http://localhost/RBNB/B200/B200_ASR_reduced.txt,304,---,---,---,---,Fri Jan 09 14:54:28 EST 2009
Fri Jan 09 14:54:28 EST 2009,http://indscore.dfrc.nasa.gov/RBNB/INDS5/HASR/_CSV,http://localhost/RBNB/B200/B200_ASR_reduced.txt,304,---,---,---,---,Fri Jan 09 14:54:48 EST 2009
Fri Jan 09 14:54:48 EST 2009,http://indscore.dfrc.nasa.gov/RBNB/INDS5/HASR/_CSV,http://localhost/RBNB/B200/B200_ASR_reduced.txt,304,---,---,---,---,Fri Jan 09 14:55:08 EST 2009
Fri Jan 09 14:55:08 EST 2009,http://indscore.dfrc.nasa.gov/RBNB/INDS5/HASR/_CSV,http://localhost/RBNB/B200/B200_ASR_reduced.txt,304,---,---,---,---,Fri Jan 09 14:55:28 EST 2009
Fri Jan 09 14:55:28 EST 2009,http://indscore.dfrc.nasa.gov/RBNB/INDS5/HASR/_CSV,http://localhost/RBNB/B200/B200_ASR_reduced.txt,304,---,---,---,---,Fri Jan 09 14:55:48 EST 2009
Fri Jan 09 14:55:48 EST 2009,http://indscore.dfrc.nasa.gov/RBNB/INDS5/HASR/_CSV,http://localhost/RBNB/B200/B200_ASR_reduced.txt,304,---,---,---,---,Fri Jan 09 14:56:08 EST 2009
Fri Jan 09 14:55:58 EST 2009,http://indscore.dfrc.nasa.gov/RBNB/B200/B200_DEP.txt,http://localhost/RBNB/B200/B200_DEP.txt,304,---,---,---,---,Fri Jan 09 14:57:58 EST 2009
Fri Jan 09 14:56:01 EST 2009,http://indscore.dfrc.nasa.gov/RBNB/B200/B200_ASR.txt,http://localhost/RBNB/B200/B200_ASR.txt,404,---,---,---,---,Fri Jan 09 14:58:01 EST 2009
Fri Jan 09 14:56:08 EST 2009,http://indscore.dfrc.nasa.gov/RBNB/INDS5/HASR/_CSV,http://localhost/RBNB/B200/B200_ASR_reduced.txt,304,---,---,---,---,Fri Jan 09 14:56:28 EST 2009
Fri Jan 09 14:56:28 EST 2009,http://indscore.dfrc.nasa.gov/RBNB/INDS5/HASR/_CSV,http://localhost/RBNB/B200/B200_ASR_reduced.txt,304,---,---,---,---,Fri Jan 09 14:56:48 EST 2009
Fri Jan 09 14:56:48 EST 2009,http://indscore.dfrc.nasa.gov/RBNB/INDS5/HASR/_CSV,http://localhost/RBNB/B200/B200_ASR_reduced.txt,304,---,---,---,---,Fri Jan 09 14:57:08 EST 2009
Fri Jan 09 14:57:08 EST 2009,http://indscore.dfrc.nasa.gov/RBNB/INDS5/HASR/_CSV,http://localhost/RBNB/B200/B200_ASR_reduced.txt,304,---,---,---,---,Fri Jan 09 14:57:28 EST 2009
Fri Jan 09 14:57:28 EST 2009,http://indscore.dfrc.nasa.gov/RBNB/INDS5/HASR/_CSV,http://localhost/RBNB/B200/B200_ASR_reduced.txt,304,---,---,---,---,Fri Jan 09 14:57:48 EST 2009
Fri Jan 09 14:57:48 EST 2009,http://indscore.dfrc.nasa.gov/RBNB/INDS5/HASR/_CSV,http://localhost/RBNB/B200/B200_ASR_reduced.txt,304,---,---,---,---,Fri Jan 09 14:58:08 EST 2009
Fri Jan 09 14:57:58 EST 2009,http://indscore.dfrc.nasa.gov/RBNB/B200/B200_DEP.txt,http://localhost/RBNB/B200/B200_DEP.txt,304,---,---,---,---,Fri Jan 09 14:59:58 EST 2009
Fri Jan 09 14:58:01 EST 2009,http://indscore.dfrc.nasa.gov/RBNB/B200/B200_ASR.txt,http://localhost/RBNB/B200/B200_ASR.txt,404,---,---,---,---,Fri Jan 09 15:00:01 EST 2009
Fri Jan 09 14:58:08 EST 2009,http://indscore.dfrc.nasa.gov/RBNB/INDS5/HASR/_CSV,http://localhost/RBNB/B200/B200_ASR_reduced.txt,304,---,---,---,---,Fri Jan 09 14:58:28 EST 2009
Fri Jan 09 14:58:28 EST 2009,http://indscore.dfrc.nasa.gov/RBNB/INDS5/HASR/_CSV,http://localhost/RBNB/B200/B200_ASR_reduced.txt,304,---,---,---,---,Fri Jan 09 14:58:48 EST 2009
Fri Jan 09 14:58:48 EST 2009,http://indscore.dfrc.nasa.gov/RBNB/INDS5/HASR/_CSV,http://localhost/RBNB/B200/B200_ASR_reduced.txt,304,---,---,---,---,Fri Jan 09 14:59:08 EST 2009
Fri Jan 09 14:59:08 EST 2009,http://indscore.dfrc.nasa.gov/RBNB/INDS5/HASR/_CSV,http://localhost/RBNB/B200/B200_ASR_reduced.txt,304,---,---,---,---,Fri Jan 09 14:59:28 EST 2009
Fri Jan 09 14:59:28 EST 2009,http://indscore.dfrc.nasa.gov/RBNB/INDS5/HASR/_CSV,http://localhost/RBNB/B200/B200_ASR_reduced.txt,304,---,---,---,---,Fri Jan 09 14:59:48 EST 2009
Fri Jan 09 14:59:48 EST 2009,http://indscore.dfrc.nasa.gov/RBNB/INDS5/HASR/_CSV,http://localhost/RBNB/B200/B200_ASR_reduced.txt,304,---,---,---,---,Fri Jan 09 15:00:08 EST 2009
Fri Jan 09 14:59:58 EST 2009,http://indscore.dfrc.nasa.gov/RBNB/B200/B200_DEP.txt,http://localhost/RBNB/B200/B200_DEP.txt,304,---,---,---,---,Fri Jan 09 15:01:58 EST 2009
Fri Jan 09 15:00:01 EST 2009,http://indscore.dfrc.nasa.gov/RBNB/B200/B200_ASR.txt,http://localhost/RBNB/B200/B200_ASR.txt,404,---,---,---,---,Fri Jan 09 15:02:01 EST 2009
Fri Jan 09 15:00:08 EST 2009,http://indscore.dfrc.nasa.gov/RBNB/INDS5/HASR/_CSV,http://localhost/RBNB/B200/B200_ASR_reduced.txt,304,---,---,---,---,Fri Jan 09 15:00:28 EST 2009
Fri Jan 09 15:00:28 EST 2009,http://indscore.dfrc.nasa.gov/RBNB/INDS5/HASR/_CSV,http://localhost/RBNB/B200/B200_ASR_reduced.txt,304,---,---,---,---,Fri Jan 09 15:00:48 EST 2009
Fri Jan 09 15:00:48 EST 2009,http://indscore.dfrc.nasa.gov/RBNB/INDS5/HASR/_CSV,http://localhost/RBNB/B200/B200_ASR_reduced.txt,304,---,---,---,---,Fri Jan 09 15:01:08 EST 2009
Fri Jan 09 15:01:08 EST 2009,http://indscore.dfrc.nasa.gov/RBNB/INDS5/HASR/_CSV,http://localhost/RBNB/B200/B200_ASR_reduced.txt,304,---,---,---,---,Fri Jan 09 15:01:28 EST 2009
Fri Jan 09 15:01:28 EST 2009,http://indscore.dfrc.nasa.gov/RBNB/INDS5/HASR/_CSV,http://localhost/RBNB/B200/B200_ASR_reduced.txt,304,---,---,---,---,Fri Jan 09 15:01:48 EST 2009
Fri Jan 09 15:01:48 EST 2009,http://indscore.dfrc.nasa.gov/RBNB/INDS5/HASR/_CSV,http://localhost/RBNB/B200/B200_ASR_reduced.txt,304,---,---,---,---,Fri Jan 09 15:02:08 EST 2009
Fri Jan 09 15:01:58 EST 2009,http://indscore.dfrc.nasa.gov/RBNB/B200/B200_DEP.txt,http://localhost/RBNB/B200/B200_DEP.txt,304,---,---,---,---,Fri Jan 09 15:03:58 EST 2009
Fri Jan 09 15:02:01 EST 2009,http://indscore.dfrc.nasa.gov/RBNB/B200/B200_ASR.txt,http://localhost/RBNB/B200/B200_ASR.txt,404,---,---,---,---,Fri Jan 09 15:04:01 EST 2009
Fri Jan 09 15:02:09 EST 2009,http://indscore.dfrc.nasa.gov/RBNB/INDS5/HASR/_CSV,http://localhost/RBNB/B200/B200_ASR_reduced.txt,304,---,---,---,---,Fri Jan 09 15:02:29 EST 2009
Fri Jan 09 15:02:29 EST 2009,http://indscore.dfrc.nasa.gov/RBNB/INDS5/HASR/_CSV,http://localhost/RBNB/B200/B200_ASR_reduced.txt,304,---,---,---,---,Fri Jan 09 15:02:49 EST 2009
Fri Jan 09 15:02:49 EST 2009,http://indscore.dfrc.nasa.gov/RBNB/INDS5/HASR/_CSV,http://localhost/RBNB/B200/B200_ASR_reduced.txt,304,---,---,---,---,Fri Jan 09 15:03:09 EST 2009
Fri Jan 09 15:03:09 EST 2009,http://indscore.dfrc.nasa.gov/RBNB/INDS5/HASR/_CSV,http://localhost/RBNB/B200/B200_ASR_reduced.txt,304,---,---,---,---,Fri Jan 09 15:03:29 EST 2009
Fri Jan 09 15:03:29 EST 2009,http://indscore.dfrc.nasa.gov/RBNB/INDS5/HASR/_CSV,http://localhost/RBNB/B200/B200_ASR_reduced.txt,304,---,---,---,---,Fri Jan 09 15:03:49 EST 2009
Fri Jan 09 15:03:49 EST 2009,http://indscore.dfrc.nasa.gov/RBNB/INDS5/HASR/_CSV,http://localhost/RBNB/B200/B200_ASR_reduced.txt,304,---,---,---,---,Fri Jan 09 15:04:09 EST 2009
Fri Jan 09 15:03:58 EST 2009,http://indscore.dfrc.nasa.gov/RBNB/B200/B200_DEP.txt,http://localhost/RBNB/B200/B200_DEP.txt,304,---,---,---,---,Fri Jan 09 15:05:58 EST 2009
Fri Jan 09 15:04:01 EST 2009,http://indscore.dfrc.nasa.gov/RBNB/B200/B200_ASR.txt,http://localhost/RBNB/B200/B200_ASR.txt,404,---,---,---,---,Fri Jan 09 15:06:01 EST 2009
Fri Jan 09 15:04:09 EST 2009,http://indscore.dfrc.nasa.gov/RBNB/INDS5/HASR/_CSV,http://localhost/RBNB/B200/B200_ASR_reduced.txt,304,---,---,---,---,Fri Jan 09 15:04:29 EST 2009
Fri Jan 09 15:04:29 EST 2009,http://indscore.dfrc.nasa.gov/RBNB/INDS5/HASR/_CSV,http://localhost/RBNB/B200/B200_ASR_reduced.txt,304,---,---,---,---,Fri Jan 09 15:04:49 EST 2009
Fri Jan 09 15:04:49 EST 2009,http://indscore.dfrc.nasa.gov/RBNB/INDS5/HASR/_CSV,http://localhost/RBNB/B200/B200_ASR_reduced.txt,304,---,---,---,---,Fri Jan 09 15:05:09 EST 2009
Fri Jan 09 15:05:09 EST 2009,http://indscore.dfrc.nasa.gov/RBNB/INDS5/HASR/_CSV,http://localhost/RBNB/B200/B200_ASR_reduced.txt,304,---,---,---,---,Fri Jan 09 15:05:29 EST 2009
Fri Jan 09 15:05:29 EST 2009,http://indscore.dfrc.nasa.gov/RBNB/INDS5/HASR/_CSV,http://localhost/RBNB/B200/B200_ASR_reduced.txt,304,---,---,---,---,Fri Jan 09 15:05:49 EST 2009
Fri Jan 09 15:05:49 EST 2009,http://indscore.dfrc.nasa.gov/RBNB/INDS5/HASR/_CSV,http://localhost/RBNB/B200/B200_ASR_reduced.txt,304,---,---,---,---,Fri Jan 09 15:06:09 EST 2009
Fri Jan 09 15:05:58 EST 2009,http://indscore.dfrc.nasa.gov/RBNB/B200/B200_DEP.txt,http://localhost/RBNB/B200/B200_DEP.txt,304,---,---,---,---,Fri Jan 09 15:07:58 EST 2009
Fri Jan 09 15:06:07 EST 2009,http://indscore.dfrc.nasa.gov/RBNB/B200/B200_ASR.txt,http://localhost/RBNB/B200/B200_ASR.txt,404,---,---,---,---,Fri Jan 09 15:08:07 EST 2009
Fri Jan 09 15:06:09 EST 2009,http://indscore.dfrc.nasa.gov/RBNB/INDS5/HASR/_CSV,http://localhost/RBNB/B200/B200_ASR_reduced.txt,304,---,---,---,---,Fri Jan 09 15:06:29 EST 2009
Fri Jan 09 15:06:29 EST 2009,http://indscore.dfrc.nasa.gov/RBNB/INDS5/HASR/_CSV,http://localhost/RBNB/B200/B200_ASR_reduced.txt,304,---,---,---,---,Fri Jan 09 15:06:49 EST 2009
Fri Jan 09 15:06:49 EST 2009,http://indscore.dfrc.nasa.gov/RBNB/INDS5/HASR/_CSV,http://localhost/RBNB/B200/B200_ASR_reduced.txt,304,---,---,---,---,Fri Jan 09 15:07:09 EST 2009
Fri Jan 09 15:07:09 EST 2009,http://indscore.dfrc.nasa.gov/RBNB/INDS5/HASR/_CSV,http://localhost/RBNB/B200/B200_ASR_reduced.txt,304,---,---,---,---,Fri Jan 09 15:07:29 EST 2009
Fri Jan 09 15:07:29 EST 2009,http://indscore.dfrc.nasa.gov/RBNB/INDS5/HASR/_CSV,http://localhost/RBNB/B200/B200_ASR_reduced.txt,304,---,---,---,---,Fri Jan 09 15:07:49 EST 2009
Fri Jan 09 15:07:49 EST 2009,http://indscore.dfrc.nasa.gov/RBNB/INDS5/HASR/_CSV,http://localhost/RBNB/B200/B200_ASR_reduced.txt,304,---,---,---,---,Fri Jan 09 15:08:09 EST 2009
Fri Jan 09 15:07:58 EST 2009,http://indscore.dfrc.nasa.gov/RBNB/B200/B200_DEP.txt,http://localhost/RBNB/B200/B200_DEP.txt,304,---,---,---,---,Fri Jan 09 15:09:58 EST 2009
Fri Jan 09 15:08:07 EST 2009,http://indscore.dfrc.nasa.gov/RBNB/B200/B200_ASR.txt,http://localhost/RBNB/B200/B200_ASR.txt,404,---,---,---,---,Fri Jan 09 15:10:07 EST 2009
Fri Jan 09 15:08:09 EST 2009,http://indscore.dfrc.nasa.gov/RBNB/INDS5/HASR/_CSV,http://localhost/RBNB/B200/B200_ASR_reduced.txt,304,---,---,---,---,Fri Jan 09 15:08:29 EST 2009
Fri Jan 09 15:08:29 EST 2009,http://indscore.dfrc.nasa.gov/RBNB/INDS5/HASR/_CSV,http://localhost/RBNB/B200/B200_ASR_reduced.txt,304,---,---,---,---,Fri Jan 09 15:08:49 EST 2009
Fri Jan 09 15:08:49 EST 2009,http://indscore.dfrc.nasa.gov/RBNB/INDS5/HASR/_CSV,http://localhost/RBNB/B200/B200_ASR_reduced.txt,304,---,---,---,---,Fri Jan 09 15:09:09 EST 2009
Fri Jan 09 15:09:09 EST 2009,http://indscore.dfrc.nasa.gov/RBNB/INDS5/HASR/_CSV,http://localhost/RBNB/B200/B200_ASR_reduced.txt,304,---,---,---,---,Fri Jan 09 15:09:29 EST 2009
Fri Jan 09 15:09:29 EST 2009,http://indscore.dfrc.nasa.gov/RBNB/INDS5/HASR/_CSV,http://localhost/RBNB/B200/B200_ASR_reduced.txt,304,---,---,---,---,Fri Jan 09 15:09:49 EST 2009
Fri Jan 09 15:09:49 EST 2009,http://indscore.dfrc.nasa.gov/RBNB/INDS5/HASR/_CSV,http://localhost/RBNB/B200/B200_ASR_reduced.txt,304,---,---,---,---,Fri Jan 09 15:10:09 EST 2009
Fri Jan 09 15:09:58 EST 2009,http://indscore.dfrc.nasa.gov/RBNB/B200/B200_DEP.txt,http://localhost/RBNB/B200/B200_DEP.txt,304,---,---,---,---,Fri Jan 09 15:11:58 EST 2009
Fri Jan 09 15:10:07 EST 2009,http://indscore.dfrc.nasa.gov/RBNB/B200/B200_ASR.txt,http://localhost/RBNB/B200/B200_ASR.txt,404,---,---,---,---,Fri Jan 09 15:12:07 EST 2009
Fri Jan 09 15:10:09 EST 2009,http://indscore.dfrc.nasa.gov/RBNB/INDS5/HASR/_CSV,http://localhost/RBNB/B200/B200_ASR_reduced.txt,304,---,---,---,---,Fri Jan 09 15:10:29 EST 2009
Fri Jan 09 15:10:29 EST 2009,http://indscore.dfrc.nasa.gov/RBNB/INDS5/HASR/_CSV,http://localhost/RBNB/B200/B200_ASR_reduced.txt,304,---,---,---,---,Fri Jan 09 15:10:49 EST 2009
