Using SAX parser: com.sun.org.apache.xerces.internal.parsers.SAXParser
MKCOL response = 200
Local Date,Source URL,Dest URL,GET Code,PUT Code,Server Date,Server LastMod,Server Expires,Next Copy Date
Fri Jan 09 13:47:46 EST 2009,http://indscore.dfrc.nasa.gov/RBNB/rtmm_ARCTAS_aircraft/waypoints_P3orion.kmz,http://localhost/RBNB/rtmm/waypoints_P3orion.kmz,404,---,---,---,---,Fri Jan 09 13:49:46 EST 2009
Fri Jan 09 13:47:46 EST 2009,http://indscore.dfrc.nasa.gov/RBNB/rtmm_ARCTAS_aircraft/WWLLN_P3orion.kmz,http://localhost/RBNB/rtmm/WWLLN_P3orion.kmz,404,---,---,---,---,Fri Jan 09 13:49:46 EST 2009
Fri Jan 09 13:47:47 EST 2009,http://indscore.dfrc.nasa.gov/RBNB/rtmm_ARCTAS_aircraft/VAILR_P3orion.kmz,http://localhost/RBNB/rtmm/VAILR_P3orion.kmz,404,---,---,---,---,Fri Jan 09 13:49:47 EST 2009
Fri Jan 09 13:47:53 EST 2009,http://indscore.dfrc.nasa.gov/RBNB/rtmm_ARCTAS_aircraft/NLDN_P3orion.kmz,http://localhost/RBNB/rtmm/NLDN_P3orion.kmz,404,---,---,---,---,Fri Jan 09 13:49:53 EST 2009
Fri Jan 09 13:47:53 EST 2009,http://indscore.dfrc.nasa.gov/RBNB/rtmm_ARCTAS_aircraft/POLARCAT_P3orion.png,http://localhost/RBNB/rtmm/POLARCAT_P3orion.png,404,---,---,---,---,Fri Jan 09 13:49:53 EST 2009
Fri Jan 09 13:47:53 EST 2009,http://indscore.dfrc.nasa.gov/RBNB/rtmm_ARCTAS_aircraft/GOES-12_vis_P3orion.png,http://localhost/RBNB/rtmm/GOES-12_vis_P3orion.png,200,201,Fri Jan 09 13:47:52 EST 2009,Fri Jan 09 13:35:57 EST 2009,---,Fri Jan 09 13:49:53 EST 2009
Fri Jan 09 13:47:55 EST 2009,http://indscore.dfrc.nasa.gov/RBNB/rtmm_ARCTAS_aircraft/GOES-12_ir3_P3orion.png,http://localhost/RBNB/rtmm/GOES-12_ir3_P3orion.png,200,201,Fri Jan 09 13:47:55 EST 2009,Fri Jan 09 13:45:51 EST 2009,---,Fri Jan 09 13:49:55 EST 2009
Fri Jan 09 13:47:55 EST 2009,http://indscore.dfrc.nasa.gov/RBNB/rtmm_ARCTAS_aircraft/GOES-12_ir4_P3orion.png,http://localhost/RBNB/rtmm/GOES-12_ir4_P3orion.png,200,201,Fri Jan 09 13:47:55 EST 2009,Fri Jan 09 13:44:58 EST 2009,---,Fri Jan 09 13:49:55 EST 2009
Fri Jan 09 13:47:57 EST 2009,http://indscore.dfrc.nasa.gov/RBNB/rtmm_ARCTAS_aircraft/GOES-11_vis_P3orion.png,http://localhost/RBNB/rtmm/GOES-11_vis_P3orion.png,404,---,---,---,---,Fri Jan 09 13:49:57 EST 2009
Fri Jan 09 13:47:57 EST 2009,http://indscore.dfrc.nasa.gov/RBNB/rtmm_ARCTAS_aircraft/GOES-11_ir3_P3orion.png,http://localhost/RBNB/rtmm/GOES-11_ir3_P3orion.png,404,---,---,---,---,Fri Jan 09 13:49:57 EST 2009
Fri Jan 09 13:47:57 EST 2009,http://indscore.dfrc.nasa.gov/RBNB/rtmm_ARCTAS_aircraft/GOES-11_ir4_P3orion.png,http://localhost/RBNB/rtmm/GOES-11_ir4_P3orion.png,404,---,---,---,---,Fri Jan 09 13:49:57 EST 2009
Fri Jan 09 13:49:46 EST 2009,http://indscore.dfrc.nasa.gov/RBNB/rtmm_ARCTAS_aircraft/waypoints_P3orion.kmz,http://localhost/RBNB/rtmm/waypoints_P3orion.kmz,404,---,---,---,---,Fri Jan 09 13:51:46 EST 2009
Fri Jan 09 13:49:46 EST 2009,http://indscore.dfrc.nasa.gov/RBNB/rtmm_ARCTAS_aircraft/WWLLN_P3orion.kmz,http://localhost/RBNB/rtmm/WWLLN_P3orion.kmz,404,---,---,---,---,Fri Jan 09 13:51:46 EST 2009
Fri Jan 09 13:49:47 EST 2009,http://indscore.dfrc.nasa.gov/RBNB/rtmm_ARCTAS_aircraft/VAILR_P3orion.kmz,http://localhost/RBNB/rtmm/VAILR_P3orion.kmz,404,---,---,---,---,Fri Jan 09 13:51:47 EST 2009
Fri Jan 09 13:49:53 EST 2009,http://indscore.dfrc.nasa.gov/RBNB/rtmm_ARCTAS_aircraft/NLDN_P3orion.kmz,http://localhost/RBNB/rtmm/NLDN_P3orion.kmz,404,---,---,---,---,Fri Jan 09 13:51:53 EST 2009
Fri Jan 09 13:49:53 EST 2009,http://indscore.dfrc.nasa.gov/RBNB/rtmm_ARCTAS_aircraft/POLARCAT_P3orion.png,http://localhost/RBNB/rtmm/POLARCAT_P3orion.png,404,---,---,---,---,Fri Jan 09 13:51:53 EST 2009
Fri Jan 09 13:49:53 EST 2009,http://indscore.dfrc.nasa.gov/RBNB/rtmm_ARCTAS_aircraft/GOES-12_vis_P3orion.png,http://localhost/RBNB/rtmm/GOES-12_vis_P3orion.png,304,---,---,---,---,Fri Jan 09 13:51:53 EST 2009
Fri Jan 09 13:49:55 EST 2009,http://indscore.dfrc.nasa.gov/RBNB/rtmm_ARCTAS_aircraft/GOES-12_ir3_P3orion.png,http://localhost/RBNB/rtmm/GOES-12_ir3_P3orion.png,304,---,---,---,---,Fri Jan 09 13:51:55 EST 2009
Fri Jan 09 13:49:55 EST 2009,http://indscore.dfrc.nasa.gov/RBNB/rtmm_ARCTAS_aircraft/GOES-12_ir4_P3orion.png,http://localhost/RBNB/rtmm/GOES-12_ir4_P3orion.png,304,---,---,---,---,Fri Jan 09 13:51:55 EST 2009
Fri Jan 09 13:49:58 EST 2009,http://indscore.dfrc.nasa.gov/RBNB/rtmm_ARCTAS_aircraft/GOES-11_vis_P3orion.png,http://localhost/RBNB/rtmm/GOES-11_vis_P3orion.png,404,---,---,---,---,Fri Jan 09 13:51:58 EST 2009
Fri Jan 09 13:50:03 EST 2009,http://indscore.dfrc.nasa.gov/RBNB/rtmm_ARCTAS_aircraft/GOES-11_ir3_P3orion.png,http://localhost/RBNB/rtmm/GOES-11_ir3_P3orion.png,404,---,---,---,---,Fri Jan 09 13:52:03 EST 2009
Fri Jan 09 13:50:03 EST 2009,http://indscore.dfrc.nasa.gov/RBNB/rtmm_ARCTAS_aircraft/GOES-11_ir4_P3orion.png,http://localhost/RBNB/rtmm/GOES-11_ir4_P3orion.png,404,---,---,---,---,Fri Jan 09 13:52:03 EST 2009
Fri Jan 09 13:51:46 EST 2009,http://indscore.dfrc.nasa.gov/RBNB/rtmm_ARCTAS_aircraft/waypoints_P3orion.kmz,http://localhost/RBNB/rtmm/waypoints_P3orion.kmz,404,---,---,---,---,Fri Jan 09 13:53:46 EST 2009
Fri Jan 09 13:51:46 EST 2009,http://indscore.dfrc.nasa.gov/RBNB/rtmm_ARCTAS_aircraft/WWLLN_P3orion.kmz,http://localhost/RBNB/rtmm/WWLLN_P3orion.kmz,404,---,---,---,---,Fri Jan 09 13:53:46 EST 2009
Fri Jan 09 13:51:47 EST 2009,http://indscore.dfrc.nasa.gov/RBNB/rtmm_ARCTAS_aircraft/VAILR_P3orion.kmz,http://localhost/RBNB/rtmm/VAILR_P3orion.kmz,404,---,---,---,---,Fri Jan 09 13:53:47 EST 2009
Fri Jan 09 13:51:53 EST 2009,http://indscore.dfrc.nasa.gov/RBNB/rtmm_ARCTAS_aircraft/NLDN_P3orion.kmz,http://localhost/RBNB/rtmm/NLDN_P3orion.kmz,404,---,---,---,---,Fri Jan 09 13:53:53 EST 2009
Fri Jan 09 13:51:53 EST 2009,http://indscore.dfrc.nasa.gov/RBNB/rtmm_ARCTAS_aircraft/POLARCAT_P3orion.png,http://localhost/RBNB/rtmm/POLARCAT_P3orion.png,404,---,---,---,---,Fri Jan 09 13:53:53 EST 2009
Fri Jan 09 13:51:53 EST 2009,http://indscore.dfrc.nasa.gov/RBNB/rtmm_ARCTAS_aircraft/GOES-12_vis_P3orion.png,http://localhost/RBNB/rtmm/GOES-12_vis_P3orion.png,304,---,---,---,---,Fri Jan 09 13:53:53 EST 2009
Fri Jan 09 13:51:55 EST 2009,http://indscore.dfrc.nasa.gov/RBNB/rtmm_ARCTAS_aircraft/GOES-12_ir3_P3orion.png,http://localhost/RBNB/rtmm/GOES-12_ir3_P3orion.png,304,---,---,---,---,Fri Jan 09 13:53:55 EST 2009
Fri Jan 09 13:51:55 EST 2009,http://indscore.dfrc.nasa.gov/RBNB/rtmm_ARCTAS_aircraft/GOES-12_ir4_P3orion.png,http://localhost/RBNB/rtmm/GOES-12_ir4_P3orion.png,304,---,---,---,---,Fri Jan 09 13:53:55 EST 2009
Fri Jan 09 13:51:58 EST 2009,http://indscore.dfrc.nasa.gov/RBNB/rtmm_ARCTAS_aircraft/GOES-11_vis_P3orion.png,http://localhost/RBNB/rtmm/GOES-11_vis_P3orion.png,404,---,---,---,---,Fri Jan 09 13:53:58 EST 2009
Fri Jan 09 13:52:03 EST 2009,http://indscore.dfrc.nasa.gov/RBNB/rtmm_ARCTAS_aircraft/GOES-11_ir3_P3orion.png,http://localhost/RBNB/rtmm/GOES-11_ir3_P3orion.png,404,---,---,---,---,Fri Jan 09 13:54:03 EST 2009
Fri Jan 09 13:52:03 EST 2009,http://indscore.dfrc.nasa.gov/RBNB/rtmm_ARCTAS_aircraft/GOES-11_ir4_P3orion.png,http://localhost/RBNB/rtmm/GOES-11_ir4_P3orion.png,404,---,---,---,---,Fri Jan 09 13:54:03 EST 2009
Fri Jan 09 13:53:46 EST 2009,http://indscore.dfrc.nasa.gov/RBNB/rtmm_ARCTAS_aircraft/waypoints_P3orion.kmz,http://localhost/RBNB/rtmm/waypoints_P3orion.kmz,404,---,---,---,---,Fri Jan 09 13:55:46 EST 2009
Fri Jan 09 13:53:46 EST 2009,http://indscore.dfrc.nasa.gov/RBNB/rtmm_ARCTAS_aircraft/WWLLN_P3orion.kmz,http://localhost/RBNB/rtmm/WWLLN_P3orion.kmz,404,---,---,---,---,Fri Jan 09 13:55:46 EST 2009
Fri Jan 09 13:53:47 EST 2009,http://indscore.dfrc.nasa.gov/RBNB/rtmm_ARCTAS_aircraft/VAILR_P3orion.kmz,http://localhost/RBNB/rtmm/VAILR_P3orion.kmz,404,---,---,---,---,Fri Jan 09 13:55:47 EST 2009
Fri Jan 09 13:53:53 EST 2009,http://indscore.dfrc.nasa.gov/RBNB/rtmm_ARCTAS_aircraft/NLDN_P3orion.kmz,http://localhost/RBNB/rtmm/NLDN_P3orion.kmz,404,---,---,---,---,Fri Jan 09 13:55:53 EST 2009
Fri Jan 09 13:53:53 EST 2009,http://indscore.dfrc.nasa.gov/RBNB/rtmm_ARCTAS_aircraft/POLARCAT_P3orion.png,http://localhost/RBNB/rtmm/POLARCAT_P3orion.png,404,---,---,---,---,Fri Jan 09 13:55:53 EST 2009
Fri Jan 09 13:53:56 EST 2009,http://indscore.dfrc.nasa.gov/RBNB/rtmm_ARCTAS_aircraft/GOES-12_vis_P3orion.png,http://localhost/RBNB/rtmm/GOES-12_vis_P3orion.png,304,---,---,---,---,Fri Jan 09 13:55:56 EST 2009
Fri Jan 09 13:53:56 EST 2009,http://indscore.dfrc.nasa.gov/RBNB/rtmm_ARCTAS_aircraft/GOES-12_ir3_P3orion.png,http://localhost/RBNB/rtmm/GOES-12_ir3_P3orion.png,304,---,---,---,---,Fri Jan 09 13:55:56 EST 2009
Fri Jan 09 13:53:56 EST 2009,http://indscore.dfrc.nasa.gov/RBNB/rtmm_ARCTAS_aircraft/GOES-12_ir4_P3orion.png,http://localhost/RBNB/rtmm/GOES-12_ir4_P3orion.png,304,---,---,---,---,Fri Jan 09 13:55:56 EST 2009
Fri Jan 09 13:53:58 EST 2009,http://indscore.dfrc.nasa.gov/RBNB/rtmm_ARCTAS_aircraft/GOES-11_vis_P3orion.png,http://localhost/RBNB/rtmm/GOES-11_vis_P3orion.png,404,---,---,---,---,Fri Jan 09 13:55:58 EST 2009
Fri Jan 09 13:54:03 EST 2009,http://indscore.dfrc.nasa.gov/RBNB/rtmm_ARCTAS_aircraft/GOES-11_ir3_P3orion.png,http://localhost/RBNB/rtmm/GOES-11_ir3_P3orion.png,404,---,---,---,---,Fri Jan 09 13:56:03 EST 2009
Fri Jan 09 13:54:03 EST 2009,http://indscore.dfrc.nasa.gov/RBNB/rtmm_ARCTAS_aircraft/GOES-11_ir4_P3orion.png,http://localhost/RBNB/rtmm/GOES-11_ir4_P3orion.png,404,---,---,---,---,Fri Jan 09 13:56:03 EST 2009
Fri Jan 09 13:55:46 EST 2009,http://indscore.dfrc.nasa.gov/RBNB/rtmm_ARCTAS_aircraft/waypoints_P3orion.kmz,http://localhost/RBNB/rtmm/waypoints_P3orion.kmz,404,---,---,---,---,Fri Jan 09 13:57:46 EST 2009
Fri Jan 09 13:55:46 EST 2009,http://indscore.dfrc.nasa.gov/RBNB/rtmm_ARCTAS_aircraft/WWLLN_P3orion.kmz,http://localhost/RBNB/rtmm/WWLLN_P3orion.kmz,404,---,---,---,---,Fri Jan 09 13:57:46 EST 2009
Fri Jan 09 13:55:47 EST 2009,http://indscore.dfrc.nasa.gov/RBNB/rtmm_ARCTAS_aircraft/VAILR_P3orion.kmz,http://localhost/RBNB/rtmm/VAILR_P3orion.kmz,404,---,---,---,---,Fri Jan 09 13:57:47 EST 2009
Fri Jan 09 13:55:53 EST 2009,http://indscore.dfrc.nasa.gov/RBNB/rtmm_ARCTAS_aircraft/NLDN_P3orion.kmz,http://localhost/RBNB/rtmm/NLDN_P3orion.kmz,404,---,---,---,---,Fri Jan 09 13:57:53 EST 2009
Fri Jan 09 13:55:53 EST 2009,http://indscore.dfrc.nasa.gov/RBNB/rtmm_ARCTAS_aircraft/POLARCAT_P3orion.png,http://localhost/RBNB/rtmm/POLARCAT_P3orion.png,404,---,---,---,---,Fri Jan 09 13:57:53 EST 2009
Fri Jan 09 13:55:56 EST 2009,http://indscore.dfrc.nasa.gov/RBNB/rtmm_ARCTAS_aircraft/GOES-12_vis_P3orion.png,http://localhost/RBNB/rtmm/GOES-12_vis_P3orion.png,304,---,---,---,---,Fri Jan 09 13:57:56 EST 2009
Fri Jan 09 13:55:56 EST 2009,http://indscore.dfrc.nasa.gov/RBNB/rtmm_ARCTAS_aircraft/GOES-12_ir3_P3orion.png,http://localhost/RBNB/rtmm/GOES-12_ir3_P3orion.png,304,---,---,---,---,Fri Jan 09 13:57:56 EST 2009
Fri Jan 09 13:55:56 EST 2009,http://indscore.dfrc.nasa.gov/RBNB/rtmm_ARCTAS_aircraft/GOES-12_ir4_P3orion.png,http://localhost/RBNB/rtmm/GOES-12_ir4_P3orion.png,304,---,---,---,---,Fri Jan 09 13:57:56 EST 2009
Fri Jan 09 13:55:58 EST 2009,http://indscore.dfrc.nasa.gov/RBNB/rtmm_ARCTAS_aircraft/GOES-11_vis_P3orion.png,http://localhost/RBNB/rtmm/GOES-11_vis_P3orion.png,404,---,---,---,---,Fri Jan 09 13:57:58 EST 2009
Fri Jan 09 13:56:03 EST 2009,http://indscore.dfrc.nasa.gov/RBNB/rtmm_ARCTAS_aircraft/GOES-11_ir3_P3orion.png,http://localhost/RBNB/rtmm/GOES-11_ir3_P3orion.png,404,---,---,---,---,Fri Jan 09 13:58:03 EST 2009
Fri Jan 09 13:56:03 EST 2009,http://indscore.dfrc.nasa.gov/RBNB/rtmm_ARCTAS_aircraft/GOES-11_ir4_P3orion.png,http://localhost/RBNB/rtmm/GOES-11_ir4_P3orion.png,404,---,---,---,---,Fri Jan 09 13:58:03 EST 2009
Fri Jan 09 13:57:46 EST 2009,http://indscore.dfrc.nasa.gov/RBNB/rtmm_ARCTAS_aircraft/waypoints_P3orion.kmz,http://localhost/RBNB/rtmm/waypoints_P3orion.kmz,404,---,---,---,---,Fri Jan 09 13:59:46 EST 2009
Fri Jan 09 13:57:46 EST 2009,http://indscore.dfrc.nasa.gov/RBNB/rtmm_ARCTAS_aircraft/WWLLN_P3orion.kmz,http://localhost/RBNB/rtmm/WWLLN_P3orion.kmz,404,---,---,---,---,Fri Jan 09 13:59:46 EST 2009
Fri Jan 09 13:57:47 EST 2009,http://indscore.dfrc.nasa.gov/RBNB/rtmm_ARCTAS_aircraft/VAILR_P3orion.kmz,http://localhost/RBNB/rtmm/VAILR_P3orion.kmz,404,---,---,---,---,Fri Jan 09 13:59:47 EST 2009
Fri Jan 09 13:57:53 EST 2009,http://indscore.dfrc.nasa.gov/RBNB/rtmm_ARCTAS_aircraft/NLDN_P3orion.kmz,http://localhost/RBNB/rtmm/NLDN_P3orion.kmz,404,---,---,---,---,Fri Jan 09 13:59:53 EST 2009
Fri Jan 09 13:57:53 EST 2009,http://indscore.dfrc.nasa.gov/RBNB/rtmm_ARCTAS_aircraft/POLARCAT_P3orion.png,http://localhost/RBNB/rtmm/POLARCAT_P3orion.png,404,---,---,---,---,Fri Jan 09 13:59:53 EST 2009
Fri Jan 09 13:57:56 EST 2009,http://indscore.dfrc.nasa.gov/RBNB/rtmm_ARCTAS_aircraft/GOES-12_vis_P3orion.png,http://localhost/RBNB/rtmm/GOES-12_vis_P3orion.png,304,---,---,---,---,Fri Jan 09 13:59:56 EST 2009
Fri Jan 09 13:57:56 EST 2009,http://indscore.dfrc.nasa.gov/RBNB/rtmm_ARCTAS_aircraft/GOES-12_ir3_P3orion.png,http://localhost/RBNB/rtmm/GOES-12_ir3_P3orion.png,304,---,---,---,---,Fri Jan 09 13:59:56 EST 2009
Fri Jan 09 13:57:56 EST 2009,http://indscore.dfrc.nasa.gov/RBNB/rtmm_ARCTAS_aircraft/GOES-12_ir4_P3orion.png,http://localhost/RBNB/rtmm/GOES-12_ir4_P3orion.png,304,---,---,---,---,Fri Jan 09 13:59:56 EST 2009
Fri Jan 09 13:57:58 EST 2009,http://indscore.dfrc.nasa.gov/RBNB/rtmm_ARCTAS_aircraft/GOES-11_vis_P3orion.png,http://localhost/RBNB/rtmm/GOES-11_vis_P3orion.png,404,---,---,---,---,Fri Jan 09 13:59:58 EST 2009
Fri Jan 09 13:58:03 EST 2009,http://indscore.dfrc.nasa.gov/RBNB/rtmm_ARCTAS_aircraft/GOES-11_ir3_P3orion.png,http://localhost/RBNB/rtmm/GOES-11_ir3_P3orion.png,404,---,---,---,---,Fri Jan 09 14:00:03 EST 2009
Fri Jan 09 13:58:03 EST 2009,http://indscore.dfrc.nasa.gov/RBNB/rtmm_ARCTAS_aircraft/GOES-11_ir4_P3orion.png,http://localhost/RBNB/rtmm/GOES-11_ir4_P3orion.png,404,---,---,---,---,Fri Jan 09 14:00:03 EST 2009
Fri Jan 09 13:59:46 EST 2009,http://indscore.dfrc.nasa.gov/RBNB/rtmm_ARCTAS_aircraft/waypoints_P3orion.kmz,http://localhost/RBNB/rtmm/waypoints_P3orion.kmz,404,---,---,---,---,Fri Jan 09 14:01:46 EST 2009
Fri Jan 09 13:59:46 EST 2009,http://indscore.dfrc.nasa.gov/RBNB/rtmm_ARCTAS_aircraft/WWLLN_P3orion.kmz,http://localhost/RBNB/rtmm/WWLLN_P3orion.kmz,404,---,---,---,---,Fri Jan 09 14:01:46 EST 2009
Fri Jan 09 13:59:47 EST 2009,http://indscore.dfrc.nasa.gov/RBNB/rtmm_ARCTAS_aircraft/VAILR_P3orion.kmz,http://localhost/RBNB/rtmm/VAILR_P3orion.kmz,404,---,---,---,---,Fri Jan 09 14:01:47 EST 2009
Fri Jan 09 13:59:53 EST 2009,http://indscore.dfrc.nasa.gov/RBNB/rtmm_ARCTAS_aircraft/NLDN_P3orion.kmz,http://localhost/RBNB/rtmm/NLDN_P3orion.kmz,404,---,---,---,---,Fri Jan 09 14:01:53 EST 2009
Fri Jan 09 13:59:56 EST 2009,http://indscore.dfrc.nasa.gov/RBNB/rtmm_ARCTAS_aircraft/POLARCAT_P3orion.png,http://localhost/RBNB/rtmm/POLARCAT_P3orion.png,404,---,---,---,---,Fri Jan 09 14:01:56 EST 2009
Fri Jan 09 13:59:56 EST 2009,http://indscore.dfrc.nasa.gov/RBNB/rtmm_ARCTAS_aircraft/GOES-12_vis_P3orion.png,http://localhost/RBNB/rtmm/GOES-12_vis_P3orion.png,304,---,---,---,---,Fri Jan 09 14:01:56 EST 2009
Fri Jan 09 13:59:56 EST 2009,http://indscore.dfrc.nasa.gov/RBNB/rtmm_ARCTAS_aircraft/GOES-12_ir3_P3orion.png,http://localhost/RBNB/rtmm/GOES-12_ir3_P3orion.png,304,---,---,---,---,Fri Jan 09 14:01:56 EST 2009
Fri Jan 09 13:59:56 EST 2009,http://indscore.dfrc.nasa.gov/RBNB/rtmm_ARCTAS_aircraft/GOES-12_ir4_P3orion.png,http://localhost/RBNB/rtmm/GOES-12_ir4_P3orion.png,304,---,---,---,---,Fri Jan 09 14:01:56 EST 2009
Fri Jan 09 13:59:58 EST 2009,http://indscore.dfrc.nasa.gov/RBNB/rtmm_ARCTAS_aircraft/GOES-11_vis_P3orion.png,http://localhost/RBNB/rtmm/GOES-11_vis_P3orion.png,404,---,---,---,---,Fri Jan 09 14:01:58 EST 2009
Fri Jan 09 14:00:03 EST 2009,http://indscore.dfrc.nasa.gov/RBNB/rtmm_ARCTAS_aircraft/GOES-11_ir3_P3orion.png,http://localhost/RBNB/rtmm/GOES-11_ir3_P3orion.png,404,---,---,---,---,Fri Jan 09 14:02:03 EST 2009
Fri Jan 09 14:00:03 EST 2009,http://indscore.dfrc.nasa.gov/RBNB/rtmm_ARCTAS_aircraft/GOES-11_ir4_P3orion.png,http://localhost/RBNB/rtmm/GOES-11_ir4_P3orion.png,404,---,---,---,---,Fri Jan 09 14:02:03 EST 2009
Fri Jan 09 14:01:46 EST 2009,http://indscore.dfrc.nasa.gov/RBNB/rtmm_ARCTAS_aircraft/waypoints_P3orion.kmz,http://localhost/RBNB/rtmm/waypoints_P3orion.kmz,404,---,---,---,---,Fri Jan 09 14:03:46 EST 2009
Fri Jan 09 14:01:49 EST 2009,http://indscore.dfrc.nasa.gov/RBNB/rtmm_ARCTAS_aircraft/WWLLN_P3orion.kmz,http://localhost/RBNB/rtmm/WWLLN_P3orion.kmz,404,---,---,---,---,Fri Jan 09 14:03:49 EST 2009
Fri Jan 09 14:01:50 EST 2009,http://indscore.dfrc.nasa.gov/RBNB/rtmm_ARCTAS_aircraft/VAILR_P3orion.kmz,http://localhost/RBNB/rtmm/VAILR_P3orion.kmz,404,---,---,---,---,Fri Jan 09 14:03:50 EST 2009
Fri Jan 09 14:01:53 EST 2009,http://indscore.dfrc.nasa.gov/RBNB/rtmm_ARCTAS_aircraft/NLDN_P3orion.kmz,http://localhost/RBNB/rtmm/NLDN_P3orion.kmz,404,---,---,---,---,Fri Jan 09 14:03:53 EST 2009
Fri Jan 09 14:01:56 EST 2009,http://indscore.dfrc.nasa.gov/RBNB/rtmm_ARCTAS_aircraft/POLARCAT_P3orion.png,http://localhost/RBNB/rtmm/POLARCAT_P3orion.png,404,---,---,---,---,Fri Jan 09 14:03:56 EST 2009
Fri Jan 09 14:01:56 EST 2009,http://indscore.dfrc.nasa.gov/RBNB/rtmm_ARCTAS_aircraft/GOES-12_vis_P3orion.png,http://localhost/RBNB/rtmm/GOES-12_vis_P3orion.png,200,200,Fri Jan 09 14:01:56 EST 2009,Fri Jan 09 13:59:57 EST 2009,---,Fri Jan 09 14:03:56 EST 2009
Fri Jan 09 14:01:57 EST 2009,http://indscore.dfrc.nasa.gov/RBNB/rtmm_ARCTAS_aircraft/GOES-12_ir3_P3orion.png,http://localhost/RBNB/rtmm/GOES-12_ir3_P3orion.png,304,---,---,---,---,Fri Jan 09 14:03:57 EST 2009
Fri Jan 09 14:01:57 EST 2009,http://indscore.dfrc.nasa.gov/RBNB/rtmm_ARCTAS_aircraft/GOES-12_ir4_P3orion.png,http://localhost/RBNB/rtmm/GOES-12_ir4_P3orion.png,304,---,---,---,---,Fri Jan 09 14:03:57 EST 2009
Fri Jan 09 14:01:58 EST 2009,http://indscore.dfrc.nasa.gov/RBNB/rtmm_ARCTAS_aircraft/GOES-11_vis_P3orion.png,http://localhost/RBNB/rtmm/GOES-11_vis_P3orion.png,404,---,---,---,---,Fri Jan 09 14:03:58 EST 2009
Fri Jan 09 14:02:03 EST 2009,http://indscore.dfrc.nasa.gov/RBNB/rtmm_ARCTAS_aircraft/GOES-11_ir3_P3orion.png,http://localhost/RBNB/rtmm/GOES-11_ir3_P3orion.png,404,---,---,---,---,Fri Jan 09 14:04:03 EST 2009
Fri Jan 09 14:02:03 EST 2009,http://indscore.dfrc.nasa.gov/RBNB/rtmm_ARCTAS_aircraft/GOES-11_ir4_P3orion.png,http://localhost/RBNB/rtmm/GOES-11_ir4_P3orion.png,404,---,---,---,---,Fri Jan 09 14:04:03 EST 2009
Fri Jan 09 14:03:46 EST 2009,http://indscore.dfrc.nasa.gov/RBNB/rtmm_ARCTAS_aircraft/waypoints_P3orion.kmz,http://localhost/RBNB/rtmm/waypoints_P3orion.kmz,404,---,---,---,---,Fri Jan 09 14:05:46 EST 2009
Fri Jan 09 14:03:49 EST 2009,http://indscore.dfrc.nasa.gov/RBNB/rtmm_ARCTAS_aircraft/WWLLN_P3orion.kmz,http://localhost/RBNB/rtmm/WWLLN_P3orion.kmz,404,---,---,---,---,Fri Jan 09 14:05:49 EST 2009
Fri Jan 09 14:03:53 EST 2009,http://indscore.dfrc.nasa.gov/RBNB/rtmm_ARCTAS_aircraft/VAILR_P3orion.kmz,http://localhost/RBNB/rtmm/VAILR_P3orion.kmz,404,---,---,---,---,Fri Jan 09 14:05:53 EST 2009
Fri Jan 09 14:03:53 EST 2009,http://indscore.dfrc.nasa.gov/RBNB/rtmm_ARCTAS_aircraft/NLDN_P3orion.kmz,http://localhost/RBNB/rtmm/NLDN_P3orion.kmz,404,---,---,---,---,Fri Jan 09 14:05:53 EST 2009
Fri Jan 09 14:03:56 EST 2009,http://indscore.dfrc.nasa.gov/RBNB/rtmm_ARCTAS_aircraft/POLARCAT_P3orion.png,http://localhost/RBNB/rtmm/POLARCAT_P3orion.png,404,---,---,---,---,Fri Jan 09 14:05:56 EST 2009
Fri Jan 09 14:03:56 EST 2009,http://indscore.dfrc.nasa.gov/RBNB/rtmm_ARCTAS_aircraft/GOES-12_vis_P3orion.png,http://localhost/RBNB/rtmm/GOES-12_vis_P3orion.png,304,---,---,---,---,Fri Jan 09 14:05:56 EST 2009
Fri Jan 09 14:03:57 EST 2009,http://indscore.dfrc.nasa.gov/RBNB/rtmm_ARCTAS_aircraft/GOES-12_ir3_P3orion.png,http://localhost/RBNB/rtmm/GOES-12_ir3_P3orion.png,304,---,---,---,---,Fri Jan 09 14:05:57 EST 2009
Fri Jan 09 14:03:57 EST 2009,http://indscore.dfrc.nasa.gov/RBNB/rtmm_ARCTAS_aircraft/GOES-12_ir4_P3orion.png,http://localhost/RBNB/rtmm/GOES-12_ir4_P3orion.png,304,---,---,---,---,Fri Jan 09 14:05:57 EST 2009
Fri Jan 09 14:03:58 EST 2009,http://indscore.dfrc.nasa.gov/RBNB/rtmm_ARCTAS_aircraft/GOES-11_vis_P3orion.png,http://localhost/RBNB/rtmm/GOES-11_vis_P3orion.png,404,---,---,---,---,Fri Jan 09 14:05:58 EST 2009
Fri Jan 09 14:04:03 EST 2009,http://indscore.dfrc.nasa.gov/RBNB/rtmm_ARCTAS_aircraft/GOES-11_ir3_P3orion.png,http://localhost/RBNB/rtmm/GOES-11_ir3_P3orion.png,404,---,---,---,---,Fri Jan 09 14:06:03 EST 2009
Fri Jan 09 14:04:03 EST 2009,http://indscore.dfrc.nasa.gov/RBNB/rtmm_ARCTAS_aircraft/GOES-11_ir4_P3orion.png,http://localhost/RBNB/rtmm/GOES-11_ir4_P3orion.png,404,---,---,---,---,Fri Jan 09 14:06:03 EST 2009
Fri Jan 09 14:05:46 EST 2009,http://indscore.dfrc.nasa.gov/RBNB/rtmm_ARCTAS_aircraft/waypoints_P3orion.kmz,http://localhost/RBNB/rtmm/waypoints_P3orion.kmz,404,---,---,---,---,Fri Jan 09 14:07:46 EST 2009
Fri Jan 09 14:05:49 EST 2009,http://indscore.dfrc.nasa.gov/RBNB/rtmm_ARCTAS_aircraft/WWLLN_P3orion.kmz,http://localhost/RBNB/rtmm/WWLLN_P3orion.kmz,404,---,---,---,---,Fri Jan 09 14:07:49 EST 2009
Fri Jan 09 14:05:53 EST 2009,http://indscore.dfrc.nasa.gov/RBNB/rtmm_ARCTAS_aircraft/VAILR_P3orion.kmz,http://localhost/RBNB/rtmm/VAILR_P3orion.kmz,404,---,---,---,---,Fri Jan 09 14:07:53 EST 2009
Fri Jan 09 14:05:53 EST 2009,http://indscore.dfrc.nasa.gov/RBNB/rtmm_ARCTAS_aircraft/NLDN_P3orion.kmz,http://localhost/RBNB/rtmm/NLDN_P3orion.kmz,404,---,---,---,---,Fri Jan 09 14:07:53 EST 2009
Fri Jan 09 14:05:56 EST 2009,http://indscore.dfrc.nasa.gov/RBNB/rtmm_ARCTAS_aircraft/POLARCAT_P3orion.png,http://localhost/RBNB/rtmm/POLARCAT_P3orion.png,404,---,---,---,---,Fri Jan 09 14:07:56 EST 2009
Fri Jan 09 14:05:56 EST 2009,http://indscore.dfrc.nasa.gov/RBNB/rtmm_ARCTAS_aircraft/GOES-12_vis_P3orion.png,http://localhost/RBNB/rtmm/GOES-12_vis_P3orion.png,304,---,---,---,---,Fri Jan 09 14:07:56 EST 2009
Fri Jan 09 14:05:57 EST 2009,http://indscore.dfrc.nasa.gov/RBNB/rtmm_ARCTAS_aircraft/GOES-12_ir3_P3orion.png,http://localhost/RBNB/rtmm/GOES-12_ir3_P3orion.png,304,---,---,---,---,Fri Jan 09 14:07:57 EST 2009
Fri Jan 09 14:05:57 EST 2009,http://indscore.dfrc.nasa.gov/RBNB/rtmm_ARCTAS_aircraft/GOES-12_ir4_P3orion.png,http://localhost/RBNB/rtmm/GOES-12_ir4_P3orion.png,304,---,---,---,---,Fri Jan 09 14:07:57 EST 2009
Fri Jan 09 14:05:58 EST 2009,http://indscore.dfrc.nasa.gov/RBNB/rtmm_ARCTAS_aircraft/GOES-11_vis_P3orion.png,http://localhost/RBNB/rtmm/GOES-11_vis_P3orion.png,404,---,---,---,---,Fri Jan 09 14:07:58 EST 2009
Fri Jan 09 14:06:03 EST 2009,http://indscore.dfrc.nasa.gov/RBNB/rtmm_ARCTAS_aircraft/GOES-11_ir3_P3orion.png,http://localhost/RBNB/rtmm/GOES-11_ir3_P3orion.png,404,---,---,---,---,Fri Jan 09 14:08:03 EST 2009
Fri Jan 09 14:06:06 EST 2009,http://indscore.dfrc.nasa.gov/RBNB/rtmm_ARCTAS_aircraft/GOES-11_ir4_P3orion.png,http://localhost/RBNB/rtmm/GOES-11_ir4_P3orion.png,404,---,---,---,---,Fri Jan 09 14:08:06 EST 2009
Fri Jan 09 14:07:46 EST 2009,http://indscore.dfrc.nasa.gov/RBNB/rtmm_ARCTAS_aircraft/waypoints_P3orion.kmz,http://localhost/RBNB/rtmm/waypoints_P3orion.kmz,404,---,---,---,---,Fri Jan 09 14:09:46 EST 2009
Fri Jan 09 14:07:49 EST 2009,http://indscore.dfrc.nasa.gov/RBNB/rtmm_ARCTAS_aircraft/WWLLN_P3orion.kmz,http://localhost/RBNB/rtmm/WWLLN_P3orion.kmz,404,---,---,---,---,Fri Jan 09 14:09:49 EST 2009
Fri Jan 09 14:07:53 EST 2009,http://indscore.dfrc.nasa.gov/RBNB/rtmm_ARCTAS_aircraft/VAILR_P3orion.kmz,http://localhost/RBNB/rtmm/VAILR_P3orion.kmz,404,---,---,---,---,Fri Jan 09 14:09:53 EST 2009
Fri Jan 09 14:07:53 EST 2009,http://indscore.dfrc.nasa.gov/RBNB/rtmm_ARCTAS_aircraft/NLDN_P3orion.kmz,http://localhost/RBNB/rtmm/NLDN_P3orion.kmz,404,---,---,---,---,Fri Jan 09 14:09:53 EST 2009
Fri Jan 09 14:07:56 EST 2009,http://indscore.dfrc.nasa.gov/RBNB/rtmm_ARCTAS_aircraft/POLARCAT_P3orion.png,http://localhost/RBNB/rtmm/POLARCAT_P3orion.png,404,---,---,---,---,Fri Jan 09 14:09:56 EST 2009
Fri Jan 09 14:07:56 EST 2009,http://indscore.dfrc.nasa.gov/RBNB/rtmm_ARCTAS_aircraft/GOES-12_vis_P3orion.png,http://localhost/RBNB/rtmm/GOES-12_vis_P3orion.png,304,---,---,---,---,Fri Jan 09 14:09:56 EST 2009
Fri Jan 09 14:07:57 EST 2009,http://indscore.dfrc.nasa.gov/RBNB/rtmm_ARCTAS_aircraft/GOES-12_ir3_P3orion.png,http://localhost/RBNB/rtmm/GOES-12_ir3_P3orion.png,200,200,Fri Jan 09 14:07:56 EST 2009,Fri Jan 09 14:07:51 EST 2009,---,Fri Jan 09 14:09:57 EST 2009
Fri Jan 09 14:07:59 EST 2009,http://indscore.dfrc.nasa.gov/RBNB/rtmm_ARCTAS_aircraft/GOES-12_ir4_P3orion.png,http://localhost/RBNB/rtmm/GOES-12_ir4_P3orion.png,200,200,Fri Jan 09 14:07:59 EST 2009,Fri Jan 09 14:06:58 EST 2009,---,Fri Jan 09 14:09:59 EST 2009
Fri Jan 09 14:08:02 EST 2009,http://indscore.dfrc.nasa.gov/RBNB/rtmm_ARCTAS_aircraft/GOES-11_vis_P3orion.png,http://localhost/RBNB/rtmm/GOES-11_vis_P3orion.png,404,---,---,---,---,Fri Jan 09 14:10:02 EST 2009
Fri Jan 09 14:08:03 EST 2009,http://indscore.dfrc.nasa.gov/RBNB/rtmm_ARCTAS_aircraft/GOES-11_ir3_P3orion.png,http://localhost/RBNB/rtmm/GOES-11_ir3_P3orion.png,404,---,---,---,---,Fri Jan 09 14:10:03 EST 2009
Fri Jan 09 14:08:06 EST 2009,http://indscore.dfrc.nasa.gov/RBNB/rtmm_ARCTAS_aircraft/GOES-11_ir4_P3orion.png,http://localhost/RBNB/rtmm/GOES-11_ir4_P3orion.png,404,---,---,---,---,Fri Jan 09 14:10:06 EST 2009
Fri Jan 09 14:09:46 EST 2009,http://indscore.dfrc.nasa.gov/RBNB/rtmm_ARCTAS_aircraft/waypoints_P3orion.kmz,http://localhost/RBNB/rtmm/waypoints_P3orion.kmz,404,---,---,---,---,Fri Jan 09 14:11:46 EST 2009
Fri Jan 09 14:09:49 EST 2009,http://indscore.dfrc.nasa.gov/RBNB/rtmm_ARCTAS_aircraft/WWLLN_P3orion.kmz,http://localhost/RBNB/rtmm/WWLLN_P3orion.kmz,404,---,---,---,---,Fri Jan 09 14:11:49 EST 2009
Fri Jan 09 14:09:53 EST 2009,http://indscore.dfrc.nasa.gov/RBNB/rtmm_ARCTAS_aircraft/VAILR_P3orion.kmz,http://localhost/RBNB/rtmm/VAILR_P3orion.kmz,404,---,---,---,---,Fri Jan 09 14:11:53 EST 2009
Fri Jan 09 14:09:53 EST 2009,http://indscore.dfrc.nasa.gov/RBNB/rtmm_ARCTAS_aircraft/NLDN_P3orion.kmz,http://localhost/RBNB/rtmm/NLDN_P3orion.kmz,404,---,---,---,---,Fri Jan 09 14:11:53 EST 2009
Fri Jan 09 14:09:56 EST 2009,http://indscore.dfrc.nasa.gov/RBNB/rtmm_ARCTAS_aircraft/POLARCAT_P3orion.png,http://localhost/RBNB/rtmm/POLARCAT_P3orion.png,404,---,---,---,---,Fri Jan 09 14:11:56 EST 2009
Fri Jan 09 14:09:57 EST 2009,http://indscore.dfrc.nasa.gov/RBNB/rtmm_ARCTAS_aircraft/GOES-12_vis_P3orion.png,http://localhost/RBNB/rtmm/GOES-12_vis_P3orion.png,200,200,Fri Jan 09 14:09:56 EST 2009,Fri Jan 09 14:08:57 EST 2009,---,Fri Jan 09 14:11:57 EST 2009
Fri Jan 09 14:09:57 EST 2009,http://indscore.dfrc.nasa.gov/RBNB/rtmm_ARCTAS_aircraft/GOES-12_ir3_P3orion.png,http://localhost/RBNB/rtmm/GOES-12_ir3_P3orion.png,304,---,---,---,---,Fri Jan 09 14:11:57 EST 2009
Fri Jan 09 14:09:59 EST 2009,http://indscore.dfrc.nasa.gov/RBNB/rtmm_ARCTAS_aircraft/GOES-12_ir4_P3orion.png,http://localhost/RBNB/rtmm/GOES-12_ir4_P3orion.png,304,---,---,---,---,Fri Jan 09 14:11:59 EST 2009
Fri Jan 09 14:10:02 EST 2009,http://indscore.dfrc.nasa.gov/RBNB/rtmm_ARCTAS_aircraft/GOES-11_vis_P3orion.png,http://localhost/RBNB/rtmm/GOES-11_vis_P3orion.png,404,---,---,---,---,Fri Jan 09 14:12:02 EST 2009
Fri Jan 09 14:10:03 EST 2009,http://indscore.dfrc.nasa.gov/RBNB/rtmm_ARCTAS_aircraft/GOES-11_ir3_P3orion.png,http://localhost/RBNB/rtmm/GOES-11_ir3_P3orion.png,404,---,---,---,---,Fri Jan 09 14:12:03 EST 2009
Fri Jan 09 14:10:06 EST 2009,http://indscore.dfrc.nasa.gov/RBNB/rtmm_ARCTAS_aircraft/GOES-11_ir4_P3orion.png,http://localhost/RBNB/rtmm/GOES-11_ir4_P3orion.png,404,---,---,---,---,Fri Jan 09 14:12:06 EST 2009
Fri Jan 09 14:11:46 EST 2009,http://indscore.dfrc.nasa.gov/RBNB/rtmm_ARCTAS_aircraft/waypoints_P3orion.kmz,http://localhost/RBNB/rtmm/waypoints_P3orion.kmz,404,---,---,---,---,Fri Jan 09 14:13:46 EST 2009
Fri Jan 09 14:11:49 EST 2009,http://indscore.dfrc.nasa.gov/RBNB/rtmm_ARCTAS_aircraft/WWLLN_P3orion.kmz,http://localhost/RBNB/rtmm/WWLLN_P3orion.kmz,404,---,---,---,---,Fri Jan 09 14:13:49 EST 2009
Fri Jan 09 14:11:53 EST 2009,http://indscore.dfrc.nasa.gov/RBNB/rtmm_ARCTAS_aircraft/VAILR_P3orion.kmz,http://localhost/RBNB/rtmm/VAILR_P3orion.kmz,404,---,---,---,---,Fri Jan 09 14:13:53 EST 2009
Fri Jan 09 14:11:56 EST 2009,http://indscore.dfrc.nasa.gov/RBNB/rtmm_ARCTAS_aircraft/NLDN_P3orion.kmz,http://localhost/RBNB/rtmm/NLDN_P3orion.kmz,404,---,---,---,---,Fri Jan 09 14:13:56 EST 2009
Fri Jan 09 14:11:59 EST 2009,http://indscore.dfrc.nasa.gov/RBNB/rtmm_ARCTAS_aircraft/POLARCAT_P3orion.png,http://localhost/RBNB/rtmm/POLARCAT_P3orion.png,404,---,---,---,---,Fri Jan 09 14:13:59 EST 2009
Fri Jan 09 14:11:59 EST 2009,http://indscore.dfrc.nasa.gov/RBNB/rtmm_ARCTAS_aircraft/GOES-12_vis_P3orion.png,http://localhost/RBNB/rtmm/GOES-12_vis_P3orion.png,304,---,---,---,---,Fri Jan 09 14:13:59 EST 2009
Fri Jan 09 14:12:00 EST 2009,http://indscore.dfrc.nasa.gov/RBNB/rtmm_ARCTAS_aircraft/GOES-12_ir3_P3orion.png,http://localhost/RBNB/rtmm/GOES-12_ir3_P3orion.png,304,---,---,---,---,Fri Jan 09 14:14:00 EST 2009
Fri Jan 09 14:12:00 EST 2009,http://indscore.dfrc.nasa.gov/RBNB/rtmm_ARCTAS_aircraft/GOES-12_ir4_P3orion.png,http://localhost/RBNB/rtmm/GOES-12_ir4_P3orion.png,304,---,---,---,---,Fri Jan 09 14:14:00 EST 2009
Fri Jan 09 14:12:02 EST 2009,http://indscore.dfrc.nasa.gov/RBNB/rtmm_ARCTAS_aircraft/GOES-11_vis_P3orion.png,http://localhost/RBNB/rtmm/GOES-11_vis_P3orion.png,404,---,---,---,---,Fri Jan 09 14:14:02 EST 2009
Fri Jan 09 14:12:03 EST 2009,http://indscore.dfrc.nasa.gov/RBNB/rtmm_ARCTAS_aircraft/GOES-11_ir3_P3orion.png,http://localhost/RBNB/rtmm/GOES-11_ir3_P3orion.png,404,---,---,---,---,Fri Jan 09 14:14:03 EST 2009
Fri Jan 09 14:12:06 EST 2009,http://indscore.dfrc.nasa.gov/RBNB/rtmm_ARCTAS_aircraft/GOES-11_ir4_P3orion.png,http://localhost/RBNB/rtmm/GOES-11_ir4_P3orion.png,404,---,---,---,---,Fri Jan 09 14:14:06 EST 2009
Fri Jan 09 14:13:46 EST 2009,http://indscore.dfrc.nasa.gov/RBNB/rtmm_ARCTAS_aircraft/waypoints_P3orion.kmz,http://localhost/RBNB/rtmm/waypoints_P3orion.kmz,404,---,---,---,---,Fri Jan 09 14:15:46 EST 2009
Fri Jan 09 14:13:49 EST 2009,http://indscore.dfrc.nasa.gov/RBNB/rtmm_ARCTAS_aircraft/WWLLN_P3orion.kmz,http://localhost/RBNB/rtmm/WWLLN_P3orion.kmz,404,---,---,---,---,Fri Jan 09 14:15:49 EST 2009
Fri Jan 09 14:13:53 EST 2009,http://indscore.dfrc.nasa.gov/RBNB/rtmm_ARCTAS_aircraft/VAILR_P3orion.kmz,http://localhost/RBNB/rtmm/VAILR_P3orion.kmz,404,---,---,---,---,Fri Jan 09 14:15:53 EST 2009
Fri Jan 09 14:13:56 EST 2009,http://indscore.dfrc.nasa.gov/RBNB/rtmm_ARCTAS_aircraft/NLDN_P3orion.kmz,http://localhost/RBNB/rtmm/NLDN_P3orion.kmz,404,---,---,---,---,Fri Jan 09 14:15:56 EST 2009
Fri Jan 09 14:13:59 EST 2009,http://indscore.dfrc.nasa.gov/RBNB/rtmm_ARCTAS_aircraft/POLARCAT_P3orion.png,http://localhost/RBNB/rtmm/POLARCAT_P3orion.png,404,---,---,---,---,Fri Jan 09 14:15:59 EST 2009
Fri Jan 09 14:13:59 EST 2009,http://indscore.dfrc.nasa.gov/RBNB/rtmm_ARCTAS_aircraft/GOES-12_vis_P3orion.png,http://localhost/RBNB/rtmm/GOES-12_vis_P3orion.png,304,---,---,---,---,Fri Jan 09 14:15:59 EST 2009
Fri Jan 09 14:14:00 EST 2009,http://indscore.dfrc.nasa.gov/RBNB/rtmm_ARCTAS_aircraft/GOES-12_ir3_P3orion.png,http://localhost/RBNB/rtmm/GOES-12_ir3_P3orion.png,304,---,---,---,---,Fri Jan 09 14:16:00 EST 2009
Fri Jan 09 14:14:00 EST 2009,http://indscore.dfrc.nasa.gov/RBNB/rtmm_ARCTAS_aircraft/GOES-12_ir4_P3orion.png,http://localhost/RBNB/rtmm/GOES-12_ir4_P3orion.png,304,---,---,---,---,Fri Jan 09 14:16:00 EST 2009
Fri Jan 09 14:14:02 EST 2009,http://indscore.dfrc.nasa.gov/RBNB/rtmm_ARCTAS_aircraft/GOES-11_vis_P3orion.png,http://localhost/RBNB/rtmm/GOES-11_vis_P3orion.png,404,---,---,---,---,Fri Jan 09 14:16:02 EST 2009
Fri Jan 09 14:14:03 EST 2009,http://indscore.dfrc.nasa.gov/RBNB/rtmm_ARCTAS_aircraft/GOES-11_ir3_P3orion.png,http://localhost/RBNB/rtmm/GOES-11_ir3_P3orion.png,404,---,---,---,---,Fri Jan 09 14:16:03 EST 2009
Fri Jan 09 14:14:12 EST 2009,http://indscore.dfrc.nasa.gov/RBNB/rtmm_ARCTAS_aircraft/GOES-11_ir4_P3orion.png,http://localhost/RBNB/rtmm/GOES-11_ir4_P3orion.png,404,---,---,---,---,Fri Jan 09 14:16:12 EST 2009
Fri Jan 09 14:15:46 EST 2009,http://indscore.dfrc.nasa.gov/RBNB/rtmm_ARCTAS_aircraft/waypoints_P3orion.kmz,http://localhost/RBNB/rtmm/waypoints_P3orion.kmz,404,---,---,---,---,Fri Jan 09 14:17:46 EST 2009
Fri Jan 09 14:15:49 EST 2009,http://indscore.dfrc.nasa.gov/RBNB/rtmm_ARCTAS_aircraft/WWLLN_P3orion.kmz,http://localhost/RBNB/rtmm/WWLLN_P3orion.kmz,404,---,---,---,---,Fri Jan 09 14:17:49 EST 2009
Fri Jan 09 14:15:53 EST 2009,http://indscore.dfrc.nasa.gov/RBNB/rtmm_ARCTAS_aircraft/VAILR_P3orion.kmz,http://localhost/RBNB/rtmm/VAILR_P3orion.kmz,404,---,---,---,---,Fri Jan 09 14:17:53 EST 2009
Fri Jan 09 14:15:56 EST 2009,http://indscore.dfrc.nasa.gov/RBNB/rtmm_ARCTAS_aircraft/NLDN_P3orion.kmz,http://localhost/RBNB/rtmm/NLDN_P3orion.kmz,404,---,---,---,---,Fri Jan 09 14:17:56 EST 2009
Fri Jan 09 14:15:59 EST 2009,http://indscore.dfrc.nasa.gov/RBNB/rtmm_ARCTAS_aircraft/POLARCAT_P3orion.png,http://localhost/RBNB/rtmm/POLARCAT_P3orion.png,404,---,---,---,---,Fri Jan 09 14:17:59 EST 2009
Fri Jan 09 14:15:59 EST 2009,http://indscore.dfrc.nasa.gov/RBNB/rtmm_ARCTAS_aircraft/GOES-12_vis_P3orion.png,http://localhost/RBNB/rtmm/GOES-12_vis_P3orion.png,304,---,---,---,---,Fri Jan 09 14:17:59 EST 2009
Fri Jan 09 14:16:00 EST 2009,http://indscore.dfrc.nasa.gov/RBNB/rtmm_ARCTAS_aircraft/GOES-12_ir3_P3orion.png,http://localhost/RBNB/rtmm/GOES-12_ir3_P3orion.png,304,---,---,---,---,Fri Jan 09 14:18:00 EST 2009
Fri Jan 09 14:16:00 EST 2009,http://indscore.dfrc.nasa.gov/RBNB/rtmm_ARCTAS_aircraft/GOES-12_ir4_P3orion.png,http://localhost/RBNB/rtmm/GOES-12_ir4_P3orion.png,304,---,---,---,---,Fri Jan 09 14:18:00 EST 2009
Fri Jan 09 14:16:02 EST 2009,http://indscore.dfrc.nasa.gov/RBNB/rtmm_ARCTAS_aircraft/GOES-11_vis_P3orion.png,http://localhost/RBNB/rtmm/GOES-11_vis_P3orion.png,404,---,---,---,---,Fri Jan 09 14:18:02 EST 2009
Fri Jan 09 14:16:03 EST 2009,http://indscore.dfrc.nasa.gov/RBNB/rtmm_ARCTAS_aircraft/GOES-11_ir3_P3orion.png,http://localhost/RBNB/rtmm/GOES-11_ir3_P3orion.png,404,---,---,---,---,Fri Jan 09 14:18:03 EST 2009
Fri Jan 09 14:16:12 EST 2009,http://indscore.dfrc.nasa.gov/RBNB/rtmm_ARCTAS_aircraft/GOES-11_ir4_P3orion.png,http://localhost/RBNB/rtmm/GOES-11_ir4_P3orion.png,404,---,---,---,---,Fri Jan 09 14:18:12 EST 2009
Fri Jan 09 14:17:46 EST 2009,http://indscore.dfrc.nasa.gov/RBNB/rtmm_ARCTAS_aircraft/waypoints_P3orion.kmz,http://localhost/RBNB/rtmm/waypoints_P3orion.kmz,404,---,---,---,---,Fri Jan 09 14:19:46 EST 2009
Fri Jan 09 14:17:49 EST 2009,http://indscore.dfrc.nasa.gov/RBNB/rtmm_ARCTAS_aircraft/WWLLN_P3orion.kmz,http://localhost/RBNB/rtmm/WWLLN_P3orion.kmz,404,---,---,---,---,Fri Jan 09 14:19:49 EST 2009
Fri Jan 09 14:17:53 EST 2009,http://indscore.dfrc.nasa.gov/RBNB/rtmm_ARCTAS_aircraft/VAILR_P3orion.kmz,http://localhost/RBNB/rtmm/VAILR_P3orion.kmz,404,---,---,---,---,Fri Jan 09 14:19:53 EST 2009
Fri Jan 09 14:17:56 EST 2009,http://indscore.dfrc.nasa.gov/RBNB/rtmm_ARCTAS_aircraft/NLDN_P3orion.kmz,http://localhost/RBNB/rtmm/NLDN_P3orion.kmz,404,---,---,---,---,Fri Jan 09 14:19:56 EST 2009
Fri Jan 09 14:17:59 EST 2009,http://indscore.dfrc.nasa.gov/RBNB/rtmm_ARCTAS_aircraft/POLARCAT_P3orion.png,http://localhost/RBNB/rtmm/POLARCAT_P3orion.png,404,---,---,---,---,Fri Jan 09 14:19:59 EST 2009
Fri Jan 09 14:17:59 EST 2009,http://indscore.dfrc.nasa.gov/RBNB/rtmm_ARCTAS_aircraft/GOES-12_vis_P3orion.png,http://localhost/RBNB/rtmm/GOES-12_vis_P3orion.png,304,---,---,---,---,Fri Jan 09 14:19:59 EST 2009
Fri Jan 09 14:18:00 EST 2009,http://indscore.dfrc.nasa.gov/RBNB/rtmm_ARCTAS_aircraft/GOES-12_ir3_P3orion.png,http://localhost/RBNB/rtmm/GOES-12_ir3_P3orion.png,304,---,---,---,---,Fri Jan 09 14:20:00 EST 2009
Fri Jan 09 14:18:00 EST 2009,http://indscore.dfrc.nasa.gov/RBNB/rtmm_ARCTAS_aircraft/GOES-12_ir4_P3orion.png,http://localhost/RBNB/rtmm/GOES-12_ir4_P3orion.png,200,200,Fri Jan 09 14:17:59 EST 2009,Fri Jan 09 14:17:58 EST 2009,---,Fri Jan 09 14:20:00 EST 2009
Fri Jan 09 14:18:02 EST 2009,http://indscore.dfrc.nasa.gov/RBNB/rtmm_ARCTAS_aircraft/GOES-11_vis_P3orion.png,http://localhost/RBNB/rtmm/GOES-11_vis_P3orion.png,404,---,---,---,---,Fri Jan 09 14:20:02 EST 2009
Fri Jan 09 14:18:03 EST 2009,http://indscore.dfrc.nasa.gov/RBNB/rtmm_ARCTAS_aircraft/GOES-11_ir3_P3orion.png,http://localhost/RBNB/rtmm/GOES-11_ir3_P3orion.png,404,---,---,---,---,Fri Jan 09 14:20:03 EST 2009
Fri Jan 09 14:18:12 EST 2009,http://indscore.dfrc.nasa.gov/RBNB/rtmm_ARCTAS_aircraft/GOES-11_ir4_P3orion.png,http://localhost/RBNB/rtmm/GOES-11_ir4_P3orion.png,404,---,---,---,---,Fri Jan 09 14:20:12 EST 2009
Fri Jan 09 14:19:46 EST 2009,http://indscore.dfrc.nasa.gov/RBNB/rtmm_ARCTAS_aircraft/waypoints_P3orion.kmz,http://localhost/RBNB/rtmm/waypoints_P3orion.kmz,404,---,---,---,---,Fri Jan 09 14:21:46 EST 2009
Fri Jan 09 14:19:49 EST 2009,http://indscore.dfrc.nasa.gov/RBNB/rtmm_ARCTAS_aircraft/WWLLN_P3orion.kmz,http://localhost/RBNB/rtmm/WWLLN_P3orion.kmz,404,---,---,---,---,Fri Jan 09 14:21:49 EST 2009
Fri Jan 09 14:19:53 EST 2009,http://indscore.dfrc.nasa.gov/RBNB/rtmm_ARCTAS_aircraft/VAILR_P3orion.kmz,http://localhost/RBNB/rtmm/VAILR_P3orion.kmz,404,---,---,---,---,Fri Jan 09 14:21:53 EST 2009
Fri Jan 09 14:21:26 EST 2009,http://indscore.dfrc.nasa.gov/RBNB/rtmm_ARCTAS_aircraft/NLDN_P3orion.kmz,http://localhost/RBNB/rtmm/NLDN_P3orion.kmz,404,---,---,---,---,Fri Jan 09 14:23:26 EST 2009
Fri Jan 09 14:21:29 EST 2009,http://indscore.dfrc.nasa.gov/RBNB/rtmm_ARCTAS_aircraft/POLARCAT_P3orion.png,http://localhost/RBNB/rtmm/POLARCAT_P3orion.png,404,---,---,---,---,Fri Jan 09 14:23:29 EST 2009
Fri Jan 09 14:21:33 EST 2009,http://indscore.dfrc.nasa.gov/RBNB/rtmm_ARCTAS_aircraft/GOES-12_vis_P3orion.png,http://localhost/RBNB/rtmm/GOES-12_vis_P3orion.png,200,200,Fri Jan 09 14:21:33 EST 2009,Fri Jan 09 14:19:57 EST 2009,---,Fri Jan 09 14:23:33 EST 2009
Fri Jan 09 14:21:34 EST 2009,http://indscore.dfrc.nasa.gov/RBNB/rtmm_ARCTAS_aircraft/GOES-12_ir3_P3orion.png,http://localhost/RBNB/rtmm/GOES-12_ir3_P3orion.png,200,200,Fri Jan 09 14:21:34 EST 2009,Fri Jan 09 14:18:55 EST 2009,---,Fri Jan 09 14:23:34 EST 2009
Fri Jan 09 14:21:36 EST 2009,http://indscore.dfrc.nasa.gov/RBNB/rtmm_ARCTAS_aircraft/GOES-12_ir4_P3orion.png,http://localhost/RBNB/rtmm/GOES-12_ir4_P3orion.png,304,---,---,---,---,Fri Jan 09 14:23:36 EST 2009
Fri Jan 09 14:21:36 EST 2009,http://indscore.dfrc.nasa.gov/RBNB/rtmm_ARCTAS_aircraft/GOES-11_vis_P3orion.png,http://localhost/RBNB/rtmm/GOES-11_vis_P3orion.png,404,---,---,---,---,Fri Jan 09 14:23:36 EST 2009
Fri Jan 09 14:21:36 EST 2009,http://indscore.dfrc.nasa.gov/RBNB/rtmm_ARCTAS_aircraft/GOES-11_ir3_P3orion.png,http://localhost/RBNB/rtmm/GOES-11_ir3_P3orion.png,404,---,---,---,---,Fri Jan 09 14:23:36 EST 2009
Fri Jan 09 14:21:37 EST 2009,http://indscore.dfrc.nasa.gov/RBNB/rtmm_ARCTAS_aircraft/GOES-11_ir4_P3orion.png,http://localhost/RBNB/rtmm/GOES-11_ir4_P3orion.png,404,---,---,---,---,Fri Jan 09 14:23:37 EST 2009
Fri Jan 09 14:21:46 EST 2009,http://indscore.dfrc.nasa.gov/RBNB/rtmm_ARCTAS_aircraft/waypoints_P3orion.kmz,http://localhost/RBNB/rtmm/waypoints_P3orion.kmz,404,---,---,---,---,Fri Jan 09 14:23:46 EST 2009
Fri Jan 09 14:21:49 EST 2009,http://indscore.dfrc.nasa.gov/RBNB/rtmm_ARCTAS_aircraft/WWLLN_P3orion.kmz,http://localhost/RBNB/rtmm/WWLLN_P3orion.kmz,404,---,---,---,---,Fri Jan 09 14:23:49 EST 2009
Fri Jan 09 14:21:53 EST 2009,http://indscore.dfrc.nasa.gov/RBNB/rtmm_ARCTAS_aircraft/VAILR_P3orion.kmz,http://localhost/RBNB/rtmm/VAILR_P3orion.kmz,404,---,---,---,---,Fri Jan 09 14:23:53 EST 2009
Fri Jan 09 14:23:26 EST 2009,http://indscore.dfrc.nasa.gov/RBNB/rtmm_ARCTAS_aircraft/NLDN_P3orion.kmz,http://localhost/RBNB/rtmm/NLDN_P3orion.kmz,404,---,---,---,---,Fri Jan 09 14:25:26 EST 2009
Fri Jan 09 14:23:29 EST 2009,http://indscore.dfrc.nasa.gov/RBNB/rtmm_ARCTAS_aircraft/POLARCAT_P3orion.png,http://localhost/RBNB/rtmm/POLARCAT_P3orion.png,404,---,---,---,---,Fri Jan 09 14:25:29 EST 2009
Fri Jan 09 14:23:33 EST 2009,http://indscore.dfrc.nasa.gov/RBNB/rtmm_ARCTAS_aircraft/GOES-12_vis_P3orion.png,http://localhost/RBNB/rtmm/GOES-12_vis_P3orion.png,304,---,---,---,---,Fri Jan 09 14:25:33 EST 2009
Fri Jan 09 14:23:34 EST 2009,http://indscore.dfrc.nasa.gov/RBNB/rtmm_ARCTAS_aircraft/GOES-12_ir3_P3orion.png,http://localhost/RBNB/rtmm/GOES-12_ir3_P3orion.png,304,---,---,---,---,Fri Jan 09 14:25:34 EST 2009
Fri Jan 09 14:23:36 EST 2009,http://indscore.dfrc.nasa.gov/RBNB/rtmm_ARCTAS_aircraft/GOES-12_ir4_P3orion.png,http://localhost/RBNB/rtmm/GOES-12_ir4_P3orion.png,304,---,---,---,---,Fri Jan 09 14:25:36 EST 2009
Fri Jan 09 14:23:36 EST 2009,http://indscore.dfrc.nasa.gov/RBNB/rtmm_ARCTAS_aircraft/GOES-11_vis_P3orion.png,http://localhost/RBNB/rtmm/GOES-11_vis_P3orion.png,404,---,---,---,---,Fri Jan 09 14:25:36 EST 2009
Fri Jan 09 14:23:36 EST 2009,http://indscore.dfrc.nasa.gov/RBNB/rtmm_ARCTAS_aircraft/GOES-11_ir3_P3orion.png,http://localhost/RBNB/rtmm/GOES-11_ir3_P3orion.png,404,---,---,---,---,Fri Jan 09 14:25:36 EST 2009
Fri Jan 09 14:23:37 EST 2009,http://indscore.dfrc.nasa.gov/RBNB/rtmm_ARCTAS_aircraft/GOES-11_ir4_P3orion.png,http://localhost/RBNB/rtmm/GOES-11_ir4_P3orion.png,404,---,---,---,---,Fri Jan 09 14:25:37 EST 2009
Fri Jan 09 14:23:46 EST 2009,http://indscore.dfrc.nasa.gov/RBNB/rtmm_ARCTAS_aircraft/waypoints_P3orion.kmz,http://localhost/RBNB/rtmm/waypoints_P3orion.kmz,404,---,---,---,---,Fri Jan 09 14:25:46 EST 2009
Fri Jan 09 14:23:50 EST 2009,http://indscore.dfrc.nasa.gov/RBNB/rtmm_ARCTAS_aircraft/WWLLN_P3orion.kmz,http://localhost/RBNB/rtmm/WWLLN_P3orion.kmz,404,---,---,---,---,Fri Jan 09 14:25:50 EST 2009
Fri Jan 09 14:23:53 EST 2009,http://indscore.dfrc.nasa.gov/RBNB/rtmm_ARCTAS_aircraft/VAILR_P3orion.kmz,http://localhost/RBNB/rtmm/VAILR_P3orion.kmz,404,---,---,---,---,Fri Jan 09 14:25:53 EST 2009
Fri Jan 09 14:25:26 EST 2009,http://indscore.dfrc.nasa.gov/RBNB/rtmm_ARCTAS_aircraft/NLDN_P3orion.kmz,http://localhost/RBNB/rtmm/NLDN_P3orion.kmz,404,---,---,---,---,Fri Jan 09 14:27:26 EST 2009
Fri Jan 09 14:25:29 EST 2009,http://indscore.dfrc.nasa.gov/RBNB/rtmm_ARCTAS_aircraft/POLARCAT_P3orion.png,http://localhost/RBNB/rtmm/POLARCAT_P3orion.png,404,---,---,---,---,Fri Jan 09 14:27:29 EST 2009
Fri Jan 09 14:25:33 EST 2009,http://indscore.dfrc.nasa.gov/RBNB/rtmm_ARCTAS_aircraft/GOES-12_vis_P3orion.png,http://localhost/RBNB/rtmm/GOES-12_vis_P3orion.png,304,---,---,---,---,Fri Jan 09 14:27:33 EST 2009
Fri Jan 09 14:25:34 EST 2009,http://indscore.dfrc.nasa.gov/RBNB/rtmm_ARCTAS_aircraft/GOES-12_ir3_P3orion.png,http://localhost/RBNB/rtmm/GOES-12_ir3_P3orion.png,304,---,---,---,---,Fri Jan 09 14:27:34 EST 2009
Fri Jan 09 14:25:36 EST 2009,http://indscore.dfrc.nasa.gov/RBNB/rtmm_ARCTAS_aircraft/GOES-12_ir4_P3orion.png,http://localhost/RBNB/rtmm/GOES-12_ir4_P3orion.png,200,200,Fri Jan 09 14:25:36 EST 2009,Fri Jan 09 14:24:58 EST 2009,---,Fri Jan 09 14:27:36 EST 2009
Fri Jan 09 14:25:54 EST 2009,http://indscore.dfrc.nasa.gov/RBNB/rtmm_ARCTAS_aircraft/GOES-11_vis_P3orion.png,http://localhost/RBNB/rtmm/GOES-11_vis_P3orion.png,404,---,---,---,---,Fri Jan 09 14:27:54 EST 2009
Fri Jan 09 14:25:54 EST 2009,http://indscore.dfrc.nasa.gov/RBNB/rtmm_ARCTAS_aircraft/GOES-11_ir3_P3orion.png,http://localhost/RBNB/rtmm/GOES-11_ir3_P3orion.png,404,---,---,---,---,Fri Jan 09 14:27:54 EST 2009
Fri Jan 09 14:25:54 EST 2009,http://indscore.dfrc.nasa.gov/RBNB/rtmm_ARCTAS_aircraft/GOES-11_ir4_P3orion.png,http://localhost/RBNB/rtmm/GOES-11_ir4_P3orion.png,404,---,---,---,---,Fri Jan 09 14:27:54 EST 2009
Fri Jan 09 14:25:55 EST 2009,http://indscore.dfrc.nasa.gov/RBNB/rtmm_ARCTAS_aircraft/waypoints_P3orion.kmz,http://localhost/RBNB/rtmm/waypoints_P3orion.kmz,404,---,---,---,---,Fri Jan 09 14:27:55 EST 2009
Fri Jan 09 14:25:55 EST 2009,http://indscore.dfrc.nasa.gov/RBNB/rtmm_ARCTAS_aircraft/WWLLN_P3orion.kmz,http://localhost/RBNB/rtmm/WWLLN_P3orion.kmz,404,---,---,---,---,Fri Jan 09 14:27:55 EST 2009
Fri Jan 09 14:25:55 EST 2009,http://indscore.dfrc.nasa.gov/RBNB/rtmm_ARCTAS_aircraft/VAILR_P3orion.kmz,http://localhost/RBNB/rtmm/VAILR_P3orion.kmz,404,---,---,---,---,Fri Jan 09 14:27:55 EST 2009
Fri Jan 09 14:27:26 EST 2009,http://indscore.dfrc.nasa.gov/RBNB/rtmm_ARCTAS_aircraft/NLDN_P3orion.kmz,http://localhost/RBNB/rtmm/NLDN_P3orion.kmz,404,---,---,---,---,Fri Jan 09 14:29:26 EST 2009
Fri Jan 09 14:27:29 EST 2009,http://indscore.dfrc.nasa.gov/RBNB/rtmm_ARCTAS_aircraft/POLARCAT_P3orion.png,http://localhost/RBNB/rtmm/POLARCAT_P3orion.png,404,---,---,---,---,Fri Jan 09 14:29:29 EST 2009
Fri Jan 09 14:27:33 EST 2009,http://indscore.dfrc.nasa.gov/RBNB/rtmm_ARCTAS_aircraft/GOES-12_vis_P3orion.png,http://localhost/RBNB/rtmm/GOES-12_vis_P3orion.png,304,---,---,---,---,Fri Jan 09 14:29:33 EST 2009
Fri Jan 09 14:27:36 EST 2009,http://indscore.dfrc.nasa.gov/RBNB/rtmm_ARCTAS_aircraft/GOES-12_ir3_P3orion.png,http://localhost/RBNB/rtmm/GOES-12_ir3_P3orion.png,200,200,Fri Jan 09 14:27:35 EST 2009,Fri Jan 09 14:25:55 EST 2009,---,Fri Jan 09 14:29:36 EST 2009
Fri Jan 09 14:27:36 EST 2009,http://indscore.dfrc.nasa.gov/RBNB/rtmm_ARCTAS_aircraft/GOES-12_ir4_P3orion.png,http://localhost/RBNB/rtmm/GOES-12_ir4_P3orion.png,304,---,---,---,---,Fri Jan 09 14:29:36 EST 2009
Fri Jan 09 14:27:54 EST 2009,http://indscore.dfrc.nasa.gov/RBNB/rtmm_ARCTAS_aircraft/GOES-11_vis_P3orion.png,http://localhost/RBNB/rtmm/GOES-11_vis_P3orion.png,404,---,---,---,---,Fri Jan 09 14:29:54 EST 2009
Fri Jan 09 14:27:54 EST 2009,http://indscore.dfrc.nasa.gov/RBNB/rtmm_ARCTAS_aircraft/GOES-11_ir3_P3orion.png,http://localhost/RBNB/rtmm/GOES-11_ir3_P3orion.png,404,---,---,---,---,Fri Jan 09 14:29:54 EST 2009
Fri Jan 09 14:27:54 EST 2009,http://indscore.dfrc.nasa.gov/RBNB/rtmm_ARCTAS_aircraft/GOES-11_ir4_P3orion.png,http://localhost/RBNB/rtmm/GOES-11_ir4_P3orion.png,404,---,---,---,---,Fri Jan 09 14:29:54 EST 2009
Fri Jan 09 14:27:55 EST 2009,http://indscore.dfrc.nasa.gov/RBNB/rtmm_ARCTAS_aircraft/waypoints_P3orion.kmz,http://localhost/RBNB/rtmm/waypoints_P3orion.kmz,404,---,---,---,---,Fri Jan 09 14:29:55 EST 2009
Fri Jan 09 14:27:55 EST 2009,http://indscore.dfrc.nasa.gov/RBNB/rtmm_ARCTAS_aircraft/WWLLN_P3orion.kmz,http://localhost/RBNB/rtmm/WWLLN_P3orion.kmz,404,---,---,---,---,Fri Jan 09 14:29:55 EST 2009
Fri Jan 09 14:27:58 EST 2009,http://indscore.dfrc.nasa.gov/RBNB/rtmm_ARCTAS_aircraft/VAILR_P3orion.kmz,http://localhost/RBNB/rtmm/VAILR_P3orion.kmz,404,---,---,---,---,Fri Jan 09 14:29:58 EST 2009
Fri Jan 09 14:29:26 EST 2009,http://indscore.dfrc.nasa.gov/RBNB/rtmm_ARCTAS_aircraft/NLDN_P3orion.kmz,http://localhost/RBNB/rtmm/NLDN_P3orion.kmz,404,---,---,---,---,Fri Jan 09 14:31:26 EST 2009
Fri Jan 09 14:29:29 EST 2009,http://indscore.dfrc.nasa.gov/RBNB/rtmm_ARCTAS_aircraft/POLARCAT_P3orion.png,http://localhost/RBNB/rtmm/POLARCAT_P3orion.png,404,---,---,---,---,Fri Jan 09 14:31:29 EST 2009
Fri Jan 09 14:29:33 EST 2009,http://indscore.dfrc.nasa.gov/RBNB/rtmm_ARCTAS_aircraft/GOES-12_vis_P3orion.png,http://localhost/RBNB/rtmm/GOES-12_vis_P3orion.png,304,---,---,---,---,Fri Jan 09 14:31:33 EST 2009
Fri Jan 09 14:29:36 EST 2009,http://indscore.dfrc.nasa.gov/RBNB/rtmm_ARCTAS_aircraft/GOES-12_ir3_P3orion.png,http://localhost/RBNB/rtmm/GOES-12_ir3_P3orion.png,304,---,---,---,---,Fri Jan 09 14:31:36 EST 2009
Fri Jan 09 14:29:36 EST 2009,http://indscore.dfrc.nasa.gov/RBNB/rtmm_ARCTAS_aircraft/GOES-12_ir4_P3orion.png,http://localhost/RBNB/rtmm/GOES-12_ir4_P3orion.png,304,---,---,---,---,Fri Jan 09 14:31:36 EST 2009
Fri Jan 09 14:29:54 EST 2009,http://indscore.dfrc.nasa.gov/RBNB/rtmm_ARCTAS_aircraft/GOES-11_vis_P3orion.png,http://localhost/RBNB/rtmm/GOES-11_vis_P3orion.png,404,---,---,---,---,Fri Jan 09 14:31:54 EST 2009
Fri Jan 09 14:29:54 EST 2009,http://indscore.dfrc.nasa.gov/RBNB/rtmm_ARCTAS_aircraft/GOES-11_ir3_P3orion.png,http://localhost/RBNB/rtmm/GOES-11_ir3_P3orion.png,404,---,---,---,---,Fri Jan 09 14:31:54 EST 2009
Fri Jan 09 14:29:54 EST 2009,http://indscore.dfrc.nasa.gov/RBNB/rtmm_ARCTAS_aircraft/GOES-11_ir4_P3orion.png,http://localhost/RBNB/rtmm/GOES-11_ir4_P3orion.png,404,---,---,---,---,Fri Jan 09 14:31:54 EST 2009
Fri Jan 09 14:29:55 EST 2009,http://indscore.dfrc.nasa.gov/RBNB/rtmm_ARCTAS_aircraft/waypoints_P3orion.kmz,http://localhost/RBNB/rtmm/waypoints_P3orion.kmz,404,---,---,---,---,Fri Jan 09 14:31:55 EST 2009
Fri Jan 09 14:29:58 EST 2009,http://indscore.dfrc.nasa.gov/RBNB/rtmm_ARCTAS_aircraft/WWLLN_P3orion.kmz,http://localhost/RBNB/rtmm/WWLLN_P3orion.kmz,404,---,---,---,---,Fri Jan 09 14:31:58 EST 2009
Fri Jan 09 14:29:58 EST 2009,http://indscore.dfrc.nasa.gov/RBNB/rtmm_ARCTAS_aircraft/VAILR_P3orion.kmz,http://localhost/RBNB/rtmm/VAILR_P3orion.kmz,404,---,---,---,---,Fri Jan 09 14:31:58 EST 2009
Fri Jan 09 14:31:26 EST 2009,http://indscore.dfrc.nasa.gov/RBNB/rtmm_ARCTAS_aircraft/NLDN_P3orion.kmz,http://localhost/RBNB/rtmm/NLDN_P3orion.kmz,404,---,---,---,---,Fri Jan 09 14:33:26 EST 2009
Fri Jan 09 14:31:29 EST 2009,http://indscore.dfrc.nasa.gov/RBNB/rtmm_ARCTAS_aircraft/POLARCAT_P3orion.png,http://localhost/RBNB/rtmm/POLARCAT_P3orion.png,404,---,---,---,---,Fri Jan 09 14:33:29 EST 2009
Fri Jan 09 14:31:39 EST 2009,http://indscore.dfrc.nasa.gov/RBNB/rtmm_ARCTAS_aircraft/GOES-12_vis_P3orion.png,http://localhost/RBNB/rtmm/GOES-12_vis_P3orion.png,200,200,Fri Jan 09 14:31:38 EST 2009,Fri Jan 09 14:29:57 EST 2009,---,Fri Jan 09 14:33:39 EST 2009
Fri Jan 09 14:31:46 EST 2009,http://indscore.dfrc.nasa.gov/RBNB/rtmm_ARCTAS_aircraft/GOES-12_ir3_P3orion.png,http://localhost/RBNB/rtmm/GOES-12_ir3_P3orion.png,304,---,---,---,---,Fri Jan 09 14:33:46 EST 2009
Fri Jan 09 14:31:47 EST 2009,http://indscore.dfrc.nasa.gov/RBNB/rtmm_ARCTAS_aircraft/GOES-12_ir4_P3orion.png,http://localhost/RBNB/rtmm/GOES-12_ir4_P3orion.png,304,---,---,---,---,Fri Jan 09 14:33:47 EST 2009
Fri Jan 09 14:31:54 EST 2009,http://indscore.dfrc.nasa.gov/RBNB/rtmm_ARCTAS_aircraft/GOES-11_vis_P3orion.png,http://localhost/RBNB/rtmm/GOES-11_vis_P3orion.png,404,---,---,---,---,Fri Jan 09 14:33:54 EST 2009
Fri Jan 09 14:31:54 EST 2009,http://indscore.dfrc.nasa.gov/RBNB/rtmm_ARCTAS_aircraft/GOES-11_ir3_P3orion.png,http://localhost/RBNB/rtmm/GOES-11_ir3_P3orion.png,404,---,---,---,---,Fri Jan 09 14:33:54 EST 2009
Fri Jan 09 14:31:54 EST 2009,http://indscore.dfrc.nasa.gov/RBNB/rtmm_ARCTAS_aircraft/GOES-11_ir4_P3orion.png,http://localhost/RBNB/rtmm/GOES-11_ir4_P3orion.png,404,---,---,---,---,Fri Jan 09 14:33:54 EST 2009
Fri Jan 09 14:31:55 EST 2009,http://indscore.dfrc.nasa.gov/RBNB/rtmm_ARCTAS_aircraft/waypoints_P3orion.kmz,http://localhost/RBNB/rtmm/waypoints_P3orion.kmz,404,---,---,---,---,Fri Jan 09 14:33:55 EST 2009
Fri Jan 09 14:31:58 EST 2009,http://indscore.dfrc.nasa.gov/RBNB/rtmm_ARCTAS_aircraft/WWLLN_P3orion.kmz,http://localhost/RBNB/rtmm/WWLLN_P3orion.kmz,404,---,---,---,---,Fri Jan 09 14:33:58 EST 2009
Fri Jan 09 14:32:01 EST 2009,http://indscore.dfrc.nasa.gov/RBNB/rtmm_ARCTAS_aircraft/VAILR_P3orion.kmz,http://localhost/RBNB/rtmm/VAILR_P3orion.kmz,404,---,---,---,---,Fri Jan 09 14:34:01 EST 2009
Fri Jan 09 14:33:26 EST 2009,http://indscore.dfrc.nasa.gov/RBNB/rtmm_ARCTAS_aircraft/NLDN_P3orion.kmz,http://localhost/RBNB/rtmm/NLDN_P3orion.kmz,404,---,---,---,---,Fri Jan 09 14:35:26 EST 2009
Fri Jan 09 14:33:29 EST 2009,http://indscore.dfrc.nasa.gov/RBNB/rtmm_ARCTAS_aircraft/POLARCAT_P3orion.png,http://localhost/RBNB/rtmm/POLARCAT_P3orion.png,404,---,---,---,---,Fri Jan 09 14:35:29 EST 2009
Fri Jan 09 14:33:39 EST 2009,http://indscore.dfrc.nasa.gov/RBNB/rtmm_ARCTAS_aircraft/GOES-12_vis_P3orion.png,http://localhost/RBNB/rtmm/GOES-12_vis_P3orion.png,304,---,---,---,---,Fri Jan 09 14:35:39 EST 2009
Fri Jan 09 14:33:46 EST 2009,http://indscore.dfrc.nasa.gov/RBNB/rtmm_ARCTAS_aircraft/GOES-12_ir3_P3orion.png,http://localhost/RBNB/rtmm/GOES-12_ir3_P3orion.png,304,---,---,---,---,Fri Jan 09 14:35:46 EST 2009
Fri Jan 09 14:33:47 EST 2009,http://indscore.dfrc.nasa.gov/RBNB/rtmm_ARCTAS_aircraft/GOES-12_ir4_P3orion.png,http://localhost/RBNB/rtmm/GOES-12_ir4_P3orion.png,304,---,---,---,---,Fri Jan 09 14:35:47 EST 2009
Fri Jan 09 14:33:54 EST 2009,http://indscore.dfrc.nasa.gov/RBNB/rtmm_ARCTAS_aircraft/GOES-11_vis_P3orion.png,http://localhost/RBNB/rtmm/GOES-11_vis_P3orion.png,404,---,---,---,---,Fri Jan 09 14:35:54 EST 2009
Fri Jan 09 14:33:57 EST 2009,http://indscore.dfrc.nasa.gov/RBNB/rtmm_ARCTAS_aircraft/GOES-11_ir3_P3orion.png,http://localhost/RBNB/rtmm/GOES-11_ir3_P3orion.png,404,---,---,---,---,Fri Jan 09 14:35:57 EST 2009
Fri Jan 09 14:33:57 EST 2009,http://indscore.dfrc.nasa.gov/RBNB/rtmm_ARCTAS_aircraft/GOES-11_ir4_P3orion.png,http://localhost/RBNB/rtmm/GOES-11_ir4_P3orion.png,404,---,---,---,---,Fri Jan 09 14:35:57 EST 2009
Fri Jan 09 14:34:06 EST 2009,http://indscore.dfrc.nasa.gov/RBNB/rtmm_ARCTAS_aircraft/waypoints_P3orion.kmz,http://localhost/RBNB/rtmm/waypoints_P3orion.kmz,404,---,---,---,---,Fri Jan 09 14:36:06 EST 2009
Fri Jan 09 14:34:07 EST 2009,http://indscore.dfrc.nasa.gov/RBNB/rtmm_ARCTAS_aircraft/WWLLN_P3orion.kmz,http://localhost/RBNB/rtmm/WWLLN_P3orion.kmz,404,---,---,---,---,Fri Jan 09 14:36:07 EST 2009
Fri Jan 09 14:34:07 EST 2009,http://indscore.dfrc.nasa.gov/RBNB/rtmm_ARCTAS_aircraft/VAILR_P3orion.kmz,http://localhost/RBNB/rtmm/VAILR_P3orion.kmz,404,---,---,---,---,Fri Jan 09 14:36:07 EST 2009
Fri Jan 09 14:35:26 EST 2009,http://indscore.dfrc.nasa.gov/RBNB/rtmm_ARCTAS_aircraft/NLDN_P3orion.kmz,http://localhost/RBNB/rtmm/NLDN_P3orion.kmz,404,---,---,---,---,Fri Jan 09 14:37:26 EST 2009
Fri Jan 09 14:35:29 EST 2009,http://indscore.dfrc.nasa.gov/RBNB/rtmm_ARCTAS_aircraft/POLARCAT_P3orion.png,http://localhost/RBNB/rtmm/POLARCAT_P3orion.png,404,---,---,---,---,Fri Jan 09 14:37:29 EST 2009
Fri Jan 09 14:35:39 EST 2009,http://indscore.dfrc.nasa.gov/RBNB/rtmm_ARCTAS_aircraft/GOES-12_vis_P3orion.png,http://localhost/RBNB/rtmm/GOES-12_vis_P3orion.png,304,---,---,---,---,Fri Jan 09 14:37:39 EST 2009
Fri Jan 09 14:35:46 EST 2009,http://indscore.dfrc.nasa.gov/RBNB/rtmm_ARCTAS_aircraft/GOES-12_ir3_P3orion.png,http://localhost/RBNB/rtmm/GOES-12_ir3_P3orion.png,304,---,---,---,---,Fri Jan 09 14:37:46 EST 2009
Fri Jan 09 14:35:47 EST 2009,http://indscore.dfrc.nasa.gov/RBNB/rtmm_ARCTAS_aircraft/GOES-12_ir4_P3orion.png,http://localhost/RBNB/rtmm/GOES-12_ir4_P3orion.png,304,---,---,---,---,Fri Jan 09 14:37:47 EST 2009
Fri Jan 09 14:35:54 EST 2009,http://indscore.dfrc.nasa.gov/RBNB/rtmm_ARCTAS_aircraft/GOES-11_vis_P3orion.png,http://localhost/RBNB/rtmm/GOES-11_vis_P3orion.png,404,---,---,---,---,Fri Jan 09 14:37:54 EST 2009
Fri Jan 09 14:35:57 EST 2009,http://indscore.dfrc.nasa.gov/RBNB/rtmm_ARCTAS_aircraft/GOES-11_ir3_P3orion.png,http://localhost/RBNB/rtmm/GOES-11_ir3_P3orion.png,404,---,---,---,---,Fri Jan 09 14:37:57 EST 2009
Fri Jan 09 14:36:00 EST 2009,http://indscore.dfrc.nasa.gov/RBNB/rtmm_ARCTAS_aircraft/GOES-11_ir4_P3orion.png,http://localhost/RBNB/rtmm/GOES-11_ir4_P3orion.png,404,---,---,---,---,Fri Jan 09 14:38:00 EST 2009
Fri Jan 09 14:36:06 EST 2009,http://indscore.dfrc.nasa.gov/RBNB/rtmm_ARCTAS_aircraft/waypoints_P3orion.kmz,http://localhost/RBNB/rtmm/waypoints_P3orion.kmz,404,---,---,---,---,Fri Jan 09 14:38:06 EST 2009
Fri Jan 09 14:36:07 EST 2009,http://indscore.dfrc.nasa.gov/RBNB/rtmm_ARCTAS_aircraft/WWLLN_P3orion.kmz,http://localhost/RBNB/rtmm/WWLLN_P3orion.kmz,404,---,---,---,---,Fri Jan 09 14:38:07 EST 2009
Fri Jan 09 14:36:07 EST 2009,http://indscore.dfrc.nasa.gov/RBNB/rtmm_ARCTAS_aircraft/VAILR_P3orion.kmz,http://localhost/RBNB/rtmm/VAILR_P3orion.kmz,404,---,---,---,---,Fri Jan 09 14:38:07 EST 2009
Fri Jan 09 14:37:26 EST 2009,http://indscore.dfrc.nasa.gov/RBNB/rtmm_ARCTAS_aircraft/NLDN_P3orion.kmz,http://localhost/RBNB/rtmm/NLDN_P3orion.kmz,404,---,---,---,---,Fri Jan 09 14:39:26 EST 2009
Fri Jan 09 14:37:29 EST 2009,http://indscore.dfrc.nasa.gov/RBNB/rtmm_ARCTAS_aircraft/POLARCAT_P3orion.png,http://localhost/RBNB/rtmm/POLARCAT_P3orion.png,404,---,---,---,---,Fri Jan 09 14:39:29 EST 2009
Fri Jan 09 14:37:39 EST 2009,http://indscore.dfrc.nasa.gov/RBNB/rtmm_ARCTAS_aircraft/GOES-12_vis_P3orion.png,http://localhost/RBNB/rtmm/GOES-12_vis_P3orion.png,304,---,---,---,---,Fri Jan 09 14:39:39 EST 2009
Fri Jan 09 14:37:46 EST 2009,http://indscore.dfrc.nasa.gov/RBNB/rtmm_ARCTAS_aircraft/GOES-12_ir3_P3orion.png,http://localhost/RBNB/rtmm/GOES-12_ir3_P3orion.png,304,---,---,---,---,Fri Jan 09 14:39:46 EST 2009
Fri Jan 09 14:37:47 EST 2009,http://indscore.dfrc.nasa.gov/RBNB/rtmm_ARCTAS_aircraft/GOES-12_ir4_P3orion.png,http://localhost/RBNB/rtmm/GOES-12_ir4_P3orion.png,200,200,Fri Jan 09 14:37:47 EST 2009,Fri Jan 09 14:37:00 EST 2009,---,Fri Jan 09 14:39:47 EST 2009
Fri Jan 09 14:38:01 EST 2009,http://indscore.dfrc.nasa.gov/RBNB/rtmm_ARCTAS_aircraft/GOES-11_vis_P3orion.png,http://localhost/RBNB/rtmm/GOES-11_vis_P3orion.png,404,---,---,---,---,Fri Jan 09 14:40:01 EST 2009
Fri Jan 09 14:38:02 EST 2009,http://indscore.dfrc.nasa.gov/RBNB/rtmm_ARCTAS_aircraft/GOES-11_ir3_P3orion.png,http://localhost/RBNB/rtmm/GOES-11_ir3_P3orion.png,404,---,---,---,---,Fri Jan 09 14:40:02 EST 2009
Fri Jan 09 14:38:02 EST 2009,http://indscore.dfrc.nasa.gov/RBNB/rtmm_ARCTAS_aircraft/GOES-11_ir4_P3orion.png,http://localhost/RBNB/rtmm/GOES-11_ir4_P3orion.png,404,---,---,---,---,Fri Jan 09 14:40:02 EST 2009
Fri Jan 09 14:38:06 EST 2009,http://indscore.dfrc.nasa.gov/RBNB/rtmm_ARCTAS_aircraft/waypoints_P3orion.kmz,http://localhost/RBNB/rtmm/waypoints_P3orion.kmz,404,---,---,---,---,Fri Jan 09 14:40:06 EST 2009
Fri Jan 09 14:38:07 EST 2009,http://indscore.dfrc.nasa.gov/RBNB/rtmm_ARCTAS_aircraft/WWLLN_P3orion.kmz,http://localhost/RBNB/rtmm/WWLLN_P3orion.kmz,404,---,---,---,---,Fri Jan 09 14:40:07 EST 2009
Fri Jan 09 14:38:07 EST 2009,http://indscore.dfrc.nasa.gov/RBNB/rtmm_ARCTAS_aircraft/VAILR_P3orion.kmz,http://localhost/RBNB/rtmm/VAILR_P3orion.kmz,404,---,---,---,---,Fri Jan 09 14:40:07 EST 2009
Fri Jan 09 14:39:26 EST 2009,http://indscore.dfrc.nasa.gov/RBNB/rtmm_ARCTAS_aircraft/NLDN_P3orion.kmz,http://localhost/RBNB/rtmm/NLDN_P3orion.kmz,404,---,---,---,---,Fri Jan 09 14:41:26 EST 2009
Fri Jan 09 14:39:29 EST 2009,http://indscore.dfrc.nasa.gov/RBNB/rtmm_ARCTAS_aircraft/POLARCAT_P3orion.png,http://localhost/RBNB/rtmm/POLARCAT_P3orion.png,404,---,---,---,---,Fri Jan 09 14:41:29 EST 2009
Fri Jan 09 14:39:39 EST 2009,http://indscore.dfrc.nasa.gov/RBNB/rtmm_ARCTAS_aircraft/GOES-12_vis_P3orion.png,http://localhost/RBNB/rtmm/GOES-12_vis_P3orion.png,200,200,Fri Jan 09 14:39:39 EST 2009,Fri Jan 09 14:38:59 EST 2009,---,Fri Jan 09 14:41:39 EST 2009
Fri Jan 09 14:39:46 EST 2009,http://indscore.dfrc.nasa.gov/RBNB/rtmm_ARCTAS_aircraft/GOES-12_ir3_P3orion.png,http://localhost/RBNB/rtmm/GOES-12_ir3_P3orion.png,200,200,Fri Jan 09 14:39:47 EST 2009,Fri Jan 09 14:37:59 EST 2009,---,Fri Jan 09 14:41:46 EST 2009
Fri Jan 09 14:39:49 EST 2009,http://indscore.dfrc.nasa.gov/RBNB/rtmm_ARCTAS_aircraft/GOES-12_ir4_P3orion.png,http://localhost/RBNB/rtmm/GOES-12_ir4_P3orion.png,304,---,---,---,---,Fri Jan 09 14:41:49 EST 2009
Fri Jan 09 14:40:01 EST 2009,http://indscore.dfrc.nasa.gov/RBNB/rtmm_ARCTAS_aircraft/GOES-11_vis_P3orion.png,http://localhost/RBNB/rtmm/GOES-11_vis_P3orion.png,404,---,---,---,---,Fri Jan 09 14:42:01 EST 2009
Fri Jan 09 14:40:02 EST 2009,http://indscore.dfrc.nasa.gov/RBNB/rtmm_ARCTAS_aircraft/GOES-11_ir3_P3orion.png,http://localhost/RBNB/rtmm/GOES-11_ir3_P3orion.png,404,---,---,---,---,Fri Jan 09 14:42:02 EST 2009
Fri Jan 09 14:40:02 EST 2009,http://indscore.dfrc.nasa.gov/RBNB/rtmm_ARCTAS_aircraft/GOES-11_ir4_P3orion.png,http://localhost/RBNB/rtmm/GOES-11_ir4_P3orion.png,404,---,---,---,---,Fri Jan 09 14:42:02 EST 2009
Fri Jan 09 14:40:06 EST 2009,http://indscore.dfrc.nasa.gov/RBNB/rtmm_ARCTAS_aircraft/waypoints_P3orion.kmz,http://localhost/RBNB/rtmm/waypoints_P3orion.kmz,404,---,---,---,---,Fri Jan 09 14:42:06 EST 2009
Fri Jan 09 14:40:07 EST 2009,http://indscore.dfrc.nasa.gov/RBNB/rtmm_ARCTAS_aircraft/WWLLN_P3orion.kmz,http://localhost/RBNB/rtmm/WWLLN_P3orion.kmz,404,---,---,---,---,Fri Jan 09 14:42:07 EST 2009
Fri Jan 09 14:40:07 EST 2009,http://indscore.dfrc.nasa.gov/RBNB/rtmm_ARCTAS_aircraft/VAILR_P3orion.kmz,http://localhost/RBNB/rtmm/VAILR_P3orion.kmz,404,---,---,---,---,Fri Jan 09 14:42:07 EST 2009
Fri Jan 09 14:41:26 EST 2009,http://indscore.dfrc.nasa.gov/RBNB/rtmm_ARCTAS_aircraft/NLDN_P3orion.kmz,http://localhost/RBNB/rtmm/NLDN_P3orion.kmz,404,---,---,---,---,Fri Jan 09 14:43:26 EST 2009
Fri Jan 09 14:41:29 EST 2009,http://indscore.dfrc.nasa.gov/RBNB/rtmm_ARCTAS_aircraft/POLARCAT_P3orion.png,http://localhost/RBNB/rtmm/POLARCAT_P3orion.png,404,---,---,---,---,Fri Jan 09 14:43:29 EST 2009
Fri Jan 09 14:41:39 EST 2009,http://indscore.dfrc.nasa.gov/RBNB/rtmm_ARCTAS_aircraft/GOES-12_vis_P3orion.png,http://localhost/RBNB/rtmm/GOES-12_vis_P3orion.png,304,---,---,---,---,Fri Jan 09 14:43:39 EST 2009
Fri Jan 09 14:41:46 EST 2009,http://indscore.dfrc.nasa.gov/RBNB/rtmm_ARCTAS_aircraft/GOES-12_ir3_P3orion.png,http://localhost/RBNB/rtmm/GOES-12_ir3_P3orion.png,304,---,---,---,---,Fri Jan 09 14:43:46 EST 2009
Fri Jan 09 14:41:49 EST 2009,http://indscore.dfrc.nasa.gov/RBNB/rtmm_ARCTAS_aircraft/GOES-12_ir4_P3orion.png,http://localhost/RBNB/rtmm/GOES-12_ir4_P3orion.png,304,---,---,---,---,Fri Jan 09 14:43:49 EST 2009
Fri Jan 09 14:42:01 EST 2009,http://indscore.dfrc.nasa.gov/RBNB/rtmm_ARCTAS_aircraft/GOES-11_vis_P3orion.png,http://localhost/RBNB/rtmm/GOES-11_vis_P3orion.png,404,---,---,---,---,Fri Jan 09 14:44:01 EST 2009
Fri Jan 09 14:42:02 EST 2009,http://indscore.dfrc.nasa.gov/RBNB/rtmm_ARCTAS_aircraft/GOES-11_ir3_P3orion.png,http://localhost/RBNB/rtmm/GOES-11_ir3_P3orion.png,404,---,---,---,---,Fri Jan 09 14:44:02 EST 2009
Fri Jan 09 14:42:05 EST 2009,http://indscore.dfrc.nasa.gov/RBNB/rtmm_ARCTAS_aircraft/GOES-11_ir4_P3orion.png,http://localhost/RBNB/rtmm/GOES-11_ir4_P3orion.png,404,---,---,---,---,Fri Jan 09 14:44:05 EST 2009
Fri Jan 09 14:42:06 EST 2009,http://indscore.dfrc.nasa.gov/RBNB/rtmm_ARCTAS_aircraft/waypoints_P3orion.kmz,http://localhost/RBNB/rtmm/waypoints_P3orion.kmz,404,---,---,---,---,Fri Jan 09 14:44:06 EST 2009
Fri Jan 09 14:42:07 EST 2009,http://indscore.dfrc.nasa.gov/RBNB/rtmm_ARCTAS_aircraft/WWLLN_P3orion.kmz,http://localhost/RBNB/rtmm/WWLLN_P3orion.kmz,404,---,---,---,---,Fri Jan 09 14:44:07 EST 2009
Fri Jan 09 14:42:07 EST 2009,http://indscore.dfrc.nasa.gov/RBNB/rtmm_ARCTAS_aircraft/VAILR_P3orion.kmz,http://localhost/RBNB/rtmm/VAILR_P3orion.kmz,404,---,---,---,---,Fri Jan 09 14:44:07 EST 2009
Fri Jan 09 14:43:26 EST 2009,http://indscore.dfrc.nasa.gov/RBNB/rtmm_ARCTAS_aircraft/NLDN_P3orion.kmz,http://localhost/RBNB/rtmm/NLDN_P3orion.kmz,404,---,---,---,---,Fri Jan 09 14:45:26 EST 2009
Fri Jan 09 14:43:29 EST 2009,http://indscore.dfrc.nasa.gov/RBNB/rtmm_ARCTAS_aircraft/POLARCAT_P3orion.png,http://localhost/RBNB/rtmm/POLARCAT_P3orion.png,404,---,---,---,---,Fri Jan 09 14:45:29 EST 2009
Fri Jan 09 14:43:39 EST 2009,http://indscore.dfrc.nasa.gov/RBNB/rtmm_ARCTAS_aircraft/GOES-12_vis_P3orion.png,http://localhost/RBNB/rtmm/GOES-12_vis_P3orion.png,304,---,---,---,---,Fri Jan 09 14:45:39 EST 2009
Fri Jan 09 14:43:46 EST 2009,http://indscore.dfrc.nasa.gov/RBNB/rtmm_ARCTAS_aircraft/GOES-12_ir3_P3orion.png,http://localhost/RBNB/rtmm/GOES-12_ir3_P3orion.png,304,---,---,---,---,Fri Jan 09 14:45:46 EST 2009
Fri Jan 09 14:43:49 EST 2009,http://indscore.dfrc.nasa.gov/RBNB/rtmm_ARCTAS_aircraft/GOES-12_ir4_P3orion.png,http://localhost/RBNB/rtmm/GOES-12_ir4_P3orion.png,304,---,---,---,---,Fri Jan 09 14:45:49 EST 2009
Fri Jan 09 14:44:01 EST 2009,http://indscore.dfrc.nasa.gov/RBNB/rtmm_ARCTAS_aircraft/GOES-11_vis_P3orion.png,http://localhost/RBNB/rtmm/GOES-11_vis_P3orion.png,404,---,---,---,---,Fri Jan 09 14:46:01 EST 2009
Fri Jan 09 14:44:05 EST 2009,http://indscore.dfrc.nasa.gov/RBNB/rtmm_ARCTAS_aircraft/GOES-11_ir3_P3orion.png,http://localhost/RBNB/rtmm/GOES-11_ir3_P3orion.png,404,---,---,---,---,Fri Jan 09 14:46:05 EST 2009
Fri Jan 09 14:44:08 EST 2009,http://indscore.dfrc.nasa.gov/RBNB/rtmm_ARCTAS_aircraft/GOES-11_ir4_P3orion.png,http://localhost/RBNB/rtmm/GOES-11_ir4_P3orion.png,404,---,---,---,---,Fri Jan 09 14:46:08 EST 2009
Fri Jan 09 14:44:11 EST 2009,http://indscore.dfrc.nasa.gov/RBNB/rtmm_ARCTAS_aircraft/waypoints_P3orion.kmz,http://localhost/RBNB/rtmm/waypoints_P3orion.kmz,404,---,---,---,---,Fri Jan 09 14:46:11 EST 2009
Fri Jan 09 14:44:12 EST 2009,http://indscore.dfrc.nasa.gov/RBNB/rtmm_ARCTAS_aircraft/WWLLN_P3orion.kmz,http://localhost/RBNB/rtmm/WWLLN_P3orion.kmz,404,---,---,---,---,Fri Jan 09 14:46:12 EST 2009
Fri Jan 09 14:44:15 EST 2009,http://indscore.dfrc.nasa.gov/RBNB/rtmm_ARCTAS_aircraft/VAILR_P3orion.kmz,http://localhost/RBNB/rtmm/VAILR_P3orion.kmz,404,---,---,---,---,Fri Jan 09 14:46:15 EST 2009
Fri Jan 09 14:45:26 EST 2009,http://indscore.dfrc.nasa.gov/RBNB/rtmm_ARCTAS_aircraft/NLDN_P3orion.kmz,http://localhost/RBNB/rtmm/NLDN_P3orion.kmz,404,---,---,---,---,Fri Jan 09 14:47:26 EST 2009
Fri Jan 09 14:45:29 EST 2009,http://indscore.dfrc.nasa.gov/RBNB/rtmm_ARCTAS_aircraft/POLARCAT_P3orion.png,http://localhost/RBNB/rtmm/POLARCAT_P3orion.png,404,---,---,---,---,Fri Jan 09 14:47:29 EST 2009
Fri Jan 09 14:45:39 EST 2009,http://indscore.dfrc.nasa.gov/RBNB/rtmm_ARCTAS_aircraft/GOES-12_vis_P3orion.png,http://localhost/RBNB/rtmm/GOES-12_vis_P3orion.png,304,---,---,---,---,Fri Jan 09 14:47:39 EST 2009
Fri Jan 09 14:45:46 EST 2009,http://indscore.dfrc.nasa.gov/RBNB/rtmm_ARCTAS_aircraft/GOES-12_ir3_P3orion.png,http://localhost/RBNB/rtmm/GOES-12_ir3_P3orion.png,304,---,---,---,---,Fri Jan 09 14:47:46 EST 2009
Fri Jan 09 14:45:49 EST 2009,http://indscore.dfrc.nasa.gov/RBNB/rtmm_ARCTAS_aircraft/GOES-12_ir4_P3orion.png,http://localhost/RBNB/rtmm/GOES-12_ir4_P3orion.png,304,---,---,---,---,Fri Jan 09 14:47:49 EST 2009
Fri Jan 09 14:46:01 EST 2009,http://indscore.dfrc.nasa.gov/RBNB/rtmm_ARCTAS_aircraft/GOES-11_vis_P3orion.png,http://localhost/RBNB/rtmm/GOES-11_vis_P3orion.png,404,---,---,---,---,Fri Jan 09 14:48:01 EST 2009
Fri Jan 09 14:46:05 EST 2009,http://indscore.dfrc.nasa.gov/RBNB/rtmm_ARCTAS_aircraft/GOES-11_ir3_P3orion.png,http://localhost/RBNB/rtmm/GOES-11_ir3_P3orion.png,404,---,---,---,---,Fri Jan 09 14:48:05 EST 2009
Fri Jan 09 14:46:08 EST 2009,http://indscore.dfrc.nasa.gov/RBNB/rtmm_ARCTAS_aircraft/GOES-11_ir4_P3orion.png,http://localhost/RBNB/rtmm/GOES-11_ir4_P3orion.png,404,---,---,---,---,Fri Jan 09 14:48:08 EST 2009
Fri Jan 09 14:46:11 EST 2009,http://indscore.dfrc.nasa.gov/RBNB/rtmm_ARCTAS_aircraft/waypoints_P3orion.kmz,http://localhost/RBNB/rtmm/waypoints_P3orion.kmz,404,---,---,---,---,Fri Jan 09 14:48:11 EST 2009
Fri Jan 09 14:46:12 EST 2009,http://indscore.dfrc.nasa.gov/RBNB/rtmm_ARCTAS_aircraft/WWLLN_P3orion.kmz,http://localhost/RBNB/rtmm/WWLLN_P3orion.kmz,404,---,---,---,---,Fri Jan 09 14:48:12 EST 2009
Fri Jan 09 14:46:15 EST 2009,http://indscore.dfrc.nasa.gov/RBNB/rtmm_ARCTAS_aircraft/VAILR_P3orion.kmz,http://localhost/RBNB/rtmm/VAILR_P3orion.kmz,404,---,---,---,---,Fri Jan 09 14:48:15 EST 2009
Fri Jan 09 14:47:26 EST 2009,http://indscore.dfrc.nasa.gov/RBNB/rtmm_ARCTAS_aircraft/NLDN_P3orion.kmz,http://localhost/RBNB/rtmm/NLDN_P3orion.kmz,404,---,---,---,---,Fri Jan 09 14:49:26 EST 2009
Fri Jan 09 14:47:29 EST 2009,http://indscore.dfrc.nasa.gov/RBNB/rtmm_ARCTAS_aircraft/POLARCAT_P3orion.png,http://localhost/RBNB/rtmm/POLARCAT_P3orion.png,404,---,---,---,---,Fri Jan 09 14:49:29 EST 2009
Fri Jan 09 14:47:39 EST 2009,http://indscore.dfrc.nasa.gov/RBNB/rtmm_ARCTAS_aircraft/GOES-12_vis_P3orion.png,http://localhost/RBNB/rtmm/GOES-12_vis_P3orion.png,304,---,---,---,---,Fri Jan 09 14:49:39 EST 2009
Fri Jan 09 14:47:46 EST 2009,http://indscore.dfrc.nasa.gov/RBNB/rtmm_ARCTAS_aircraft/GOES-12_ir3_P3orion.png,http://localhost/RBNB/rtmm/GOES-12_ir3_P3orion.png,304,---,---,---,---,Fri Jan 09 14:49:46 EST 2009
Fri Jan 09 14:47:49 EST 2009,http://indscore.dfrc.nasa.gov/RBNB/rtmm_ARCTAS_aircraft/GOES-12_ir4_P3orion.png,http://localhost/RBNB/rtmm/GOES-12_ir4_P3orion.png,304,---,---,---,---,Fri Jan 09 14:49:49 EST 2009
Fri Jan 09 14:48:01 EST 2009,http://indscore.dfrc.nasa.gov/RBNB/rtmm_ARCTAS_aircraft/GOES-11_vis_P3orion.png,http://localhost/RBNB/rtmm/GOES-11_vis_P3orion.png,404,---,---,---,---,Fri Jan 09 14:50:01 EST 2009
Fri Jan 09 14:48:05 EST 2009,http://indscore.dfrc.nasa.gov/RBNB/rtmm_ARCTAS_aircraft/GOES-11_ir3_P3orion.png,http://localhost/RBNB/rtmm/GOES-11_ir3_P3orion.png,404,---,---,---,---,Fri Jan 09 14:50:05 EST 2009
Fri Jan 09 14:48:08 EST 2009,http://indscore.dfrc.nasa.gov/RBNB/rtmm_ARCTAS_aircraft/GOES-11_ir4_P3orion.png,http://localhost/RBNB/rtmm/GOES-11_ir4_P3orion.png,404,---,---,---,---,Fri Jan 09 14:50:08 EST 2009
Fri Jan 09 14:48:11 EST 2009,http://indscore.dfrc.nasa.gov/RBNB/rtmm_ARCTAS_aircraft/waypoints_P3orion.kmz,http://localhost/RBNB/rtmm/waypoints_P3orion.kmz,404,---,---,---,---,Fri Jan 09 14:50:11 EST 2009
Fri Jan 09 14:48:12 EST 2009,http://indscore.dfrc.nasa.gov/RBNB/rtmm_ARCTAS_aircraft/WWLLN_P3orion.kmz,http://localhost/RBNB/rtmm/WWLLN_P3orion.kmz,404,---,---,---,---,Fri Jan 09 14:50:12 EST 2009
Fri Jan 09 14:48:15 EST 2009,http://indscore.dfrc.nasa.gov/RBNB/rtmm_ARCTAS_aircraft/VAILR_P3orion.kmz,http://localhost/RBNB/rtmm/VAILR_P3orion.kmz,404,---,---,---,---,Fri Jan 09 14:50:15 EST 2009
Fri Jan 09 14:49:26 EST 2009,http://indscore.dfrc.nasa.gov/RBNB/rtmm_ARCTAS_aircraft/NLDN_P3orion.kmz,http://localhost/RBNB/rtmm/NLDN_P3orion.kmz,404,---,---,---,---,Fri Jan 09 14:51:26 EST 2009
Fri Jan 09 14:49:29 EST 2009,http://indscore.dfrc.nasa.gov/RBNB/rtmm_ARCTAS_aircraft/POLARCAT_P3orion.png,http://localhost/RBNB/rtmm/POLARCAT_P3orion.png,404,---,---,---,---,Fri Jan 09 14:51:29 EST 2009
Fri Jan 09 14:49:39 EST 2009,http://indscore.dfrc.nasa.gov/RBNB/rtmm_ARCTAS_aircraft/GOES-12_vis_P3orion.png,http://localhost/RBNB/rtmm/GOES-12_vis_P3orion.png,304,---,---,---,---,Fri Jan 09 14:51:39 EST 2009
Fri Jan 09 14:49:46 EST 2009,http://indscore.dfrc.nasa.gov/RBNB/rtmm_ARCTAS_aircraft/GOES-12_ir3_P3orion.png,http://localhost/RBNB/rtmm/GOES-12_ir3_P3orion.png,304,---,---,---,---,Fri Jan 09 14:51:46 EST 2009
Fri Jan 09 14:49:49 EST 2009,http://indscore.dfrc.nasa.gov/RBNB/rtmm_ARCTAS_aircraft/GOES-12_ir4_P3orion.png,http://localhost/RBNB/rtmm/GOES-12_ir4_P3orion.png,200,200,Fri Jan 09 14:49:49 EST 2009,Fri Jan 09 14:49:00 EST 2009,---,Fri Jan 09 14:51:49 EST 2009
Fri Jan 09 14:50:01 EST 2009,http://indscore.dfrc.nasa.gov/RBNB/rtmm_ARCTAS_aircraft/GOES-11_vis_P3orion.png,http://localhost/RBNB/rtmm/GOES-11_vis_P3orion.png,404,---,---,---,---,Fri Jan 09 14:52:01 EST 2009
Fri Jan 09 14:50:05 EST 2009,http://indscore.dfrc.nasa.gov/RBNB/rtmm_ARCTAS_aircraft/GOES-11_ir3_P3orion.png,http://localhost/RBNB/rtmm/GOES-11_ir3_P3orion.png,404,---,---,---,---,Fri Jan 09 14:52:05 EST 2009
Fri Jan 09 14:50:08 EST 2009,http://indscore.dfrc.nasa.gov/RBNB/rtmm_ARCTAS_aircraft/GOES-11_ir4_P3orion.png,http://localhost/RBNB/rtmm/GOES-11_ir4_P3orion.png,404,---,---,---,---,Fri Jan 09 14:52:08 EST 2009
Fri Jan 09 14:50:11 EST 2009,http://indscore.dfrc.nasa.gov/RBNB/rtmm_ARCTAS_aircraft/waypoints_P3orion.kmz,http://localhost/RBNB/rtmm/waypoints_P3orion.kmz,404,---,---,---,---,Fri Jan 09 14:52:11 EST 2009
Fri Jan 09 14:50:12 EST 2009,http://indscore.dfrc.nasa.gov/RBNB/rtmm_ARCTAS_aircraft/WWLLN_P3orion.kmz,http://localhost/RBNB/rtmm/WWLLN_P3orion.kmz,404,---,---,---,---,Fri Jan 09 14:52:12 EST 2009
Fri Jan 09 14:50:15 EST 2009,http://indscore.dfrc.nasa.gov/RBNB/rtmm_ARCTAS_aircraft/VAILR_P3orion.kmz,http://localhost/RBNB/rtmm/VAILR_P3orion.kmz,404,---,---,---,---,Fri Jan 09 14:52:15 EST 2009
Fri Jan 09 14:51:26 EST 2009,http://indscore.dfrc.nasa.gov/RBNB/rtmm_ARCTAS_aircraft/NLDN_P3orion.kmz,http://localhost/RBNB/rtmm/NLDN_P3orion.kmz,404,---,---,---,---,Fri Jan 09 14:53:26 EST 2009
Fri Jan 09 14:51:29 EST 2009,http://indscore.dfrc.nasa.gov/RBNB/rtmm_ARCTAS_aircraft/POLARCAT_P3orion.png,http://localhost/RBNB/rtmm/POLARCAT_P3orion.png,404,---,---,---,---,Fri Jan 09 14:53:29 EST 2009
Fri Jan 09 14:51:39 EST 2009,http://indscore.dfrc.nasa.gov/RBNB/rtmm_ARCTAS_aircraft/GOES-12_vis_P3orion.png,http://localhost/RBNB/rtmm/GOES-12_vis_P3orion.png,200,200,Fri Jan 09 14:51:38 EST 2009,Fri Jan 09 14:51:00 EST 2009,---,Fri Jan 09 14:53:39 EST 2009
Fri Jan 09 14:51:46 EST 2009,http://indscore.dfrc.nasa.gov/RBNB/rtmm_ARCTAS_aircraft/GOES-12_ir3_P3orion.png,http://localhost/RBNB/rtmm/GOES-12_ir3_P3orion.png,200,200,Fri Jan 09 14:51:46 EST 2009,Fri Jan 09 14:49:59 EST 2009,---,Fri Jan 09 14:53:46 EST 2009
Fri Jan 09 14:51:49 EST 2009,http://indscore.dfrc.nasa.gov/RBNB/rtmm_ARCTAS_aircraft/GOES-12_ir4_P3orion.png,http://localhost/RBNB/rtmm/GOES-12_ir4_P3orion.png,304,---,---,---,---,Fri Jan 09 14:53:49 EST 2009
Fri Jan 09 14:52:01 EST 2009,http://indscore.dfrc.nasa.gov/RBNB/rtmm_ARCTAS_aircraft/GOES-11_vis_P3orion.png,http://localhost/RBNB/rtmm/GOES-11_vis_P3orion.png,404,---,---,---,---,Fri Jan 09 14:54:01 EST 2009
Fri Jan 09 14:52:05 EST 2009,http://indscore.dfrc.nasa.gov/RBNB/rtmm_ARCTAS_aircraft/GOES-11_ir3_P3orion.png,http://localhost/RBNB/rtmm/GOES-11_ir3_P3orion.png,404,---,---,---,---,Fri Jan 09 14:54:05 EST 2009
Fri Jan 09 14:52:08 EST 2009,http://indscore.dfrc.nasa.gov/RBNB/rtmm_ARCTAS_aircraft/GOES-11_ir4_P3orion.png,http://localhost/RBNB/rtmm/GOES-11_ir4_P3orion.png,404,---,---,---,---,Fri Jan 09 14:54:08 EST 2009
Fri Jan 09 14:52:11 EST 2009,http://indscore.dfrc.nasa.gov/RBNB/rtmm_ARCTAS_aircraft/waypoints_P3orion.kmz,http://localhost/RBNB/rtmm/waypoints_P3orion.kmz,404,---,---,---,---,Fri Jan 09 14:54:11 EST 2009
Fri Jan 09 14:52:12 EST 2009,http://indscore.dfrc.nasa.gov/RBNB/rtmm_ARCTAS_aircraft/WWLLN_P3orion.kmz,http://localhost/RBNB/rtmm/WWLLN_P3orion.kmz,404,---,---,---,---,Fri Jan 09 14:54:12 EST 2009
Fri Jan 09 14:52:15 EST 2009,http://indscore.dfrc.nasa.gov/RBNB/rtmm_ARCTAS_aircraft/VAILR_P3orion.kmz,http://localhost/RBNB/rtmm/VAILR_P3orion.kmz,404,---,---,---,---,Fri Jan 09 14:54:15 EST 2009
Fri Jan 09 14:53:26 EST 2009,http://indscore.dfrc.nasa.gov/RBNB/rtmm_ARCTAS_aircraft/NLDN_P3orion.kmz,http://localhost/RBNB/rtmm/NLDN_P3orion.kmz,404,---,---,---,---,Fri Jan 09 14:55:26 EST 2009
Fri Jan 09 14:53:29 EST 2009,http://indscore.dfrc.nasa.gov/RBNB/rtmm_ARCTAS_aircraft/POLARCAT_P3orion.png,http://localhost/RBNB/rtmm/POLARCAT_P3orion.png,404,---,---,---,---,Fri Jan 09 14:55:29 EST 2009
Fri Jan 09 14:53:39 EST 2009,http://indscore.dfrc.nasa.gov/RBNB/rtmm_ARCTAS_aircraft/GOES-12_vis_P3orion.png,http://localhost/RBNB/rtmm/GOES-12_vis_P3orion.png,304,---,---,---,---,Fri Jan 09 14:55:39 EST 2009
Fri Jan 09 14:53:46 EST 2009,http://indscore.dfrc.nasa.gov/RBNB/rtmm_ARCTAS_aircraft/GOES-12_ir3_P3orion.png,http://localhost/RBNB/rtmm/GOES-12_ir3_P3orion.png,304,---,---,---,---,Fri Jan 09 14:55:46 EST 2009
Fri Jan 09 14:53:49 EST 2009,http://indscore.dfrc.nasa.gov/RBNB/rtmm_ARCTAS_aircraft/GOES-12_ir4_P3orion.png,http://localhost/RBNB/rtmm/GOES-12_ir4_P3orion.png,304,---,---,---,---,Fri Jan 09 14:55:49 EST 2009
Fri Jan 09 14:54:01 EST 2009,http://indscore.dfrc.nasa.gov/RBNB/rtmm_ARCTAS_aircraft/GOES-11_vis_P3orion.png,http://localhost/RBNB/rtmm/GOES-11_vis_P3orion.png,404,---,---,---,---,Fri Jan 09 14:56:01 EST 2009
Fri Jan 09 14:54:05 EST 2009,http://indscore.dfrc.nasa.gov/RBNB/rtmm_ARCTAS_aircraft/GOES-11_ir3_P3orion.png,http://localhost/RBNB/rtmm/GOES-11_ir3_P3orion.png,404,---,---,---,---,Fri Jan 09 14:56:05 EST 2009
Fri Jan 09 14:54:08 EST 2009,http://indscore.dfrc.nasa.gov/RBNB/rtmm_ARCTAS_aircraft/GOES-11_ir4_P3orion.png,http://localhost/RBNB/rtmm/GOES-11_ir4_P3orion.png,404,---,---,---,---,Fri Jan 09 14:56:08 EST 2009
Fri Jan 09 14:54:11 EST 2009,http://indscore.dfrc.nasa.gov/RBNB/rtmm_ARCTAS_aircraft/waypoints_P3orion.kmz,http://localhost/RBNB/rtmm/waypoints_P3orion.kmz,404,---,---,---,---,Fri Jan 09 14:56:11 EST 2009
Fri Jan 09 14:54:12 EST 2009,http://indscore.dfrc.nasa.gov/RBNB/rtmm_ARCTAS_aircraft/WWLLN_P3orion.kmz,http://localhost/RBNB/rtmm/WWLLN_P3orion.kmz,404,---,---,---,---,Fri Jan 09 14:56:12 EST 2009
Fri Jan 09 14:54:15 EST 2009,http://indscore.dfrc.nasa.gov/RBNB/rtmm_ARCTAS_aircraft/VAILR_P3orion.kmz,http://localhost/RBNB/rtmm/VAILR_P3orion.kmz,404,---,---,---,---,Fri Jan 09 14:56:15 EST 2009
Fri Jan 09 14:55:26 EST 2009,http://indscore.dfrc.nasa.gov/RBNB/rtmm_ARCTAS_aircraft/NLDN_P3orion.kmz,http://localhost/RBNB/rtmm/NLDN_P3orion.kmz,404,---,---,---,---,Fri Jan 09 14:57:26 EST 2009
Fri Jan 09 14:55:29 EST 2009,http://indscore.dfrc.nasa.gov/RBNB/rtmm_ARCTAS_aircraft/POLARCAT_P3orion.png,http://localhost/RBNB/rtmm/POLARCAT_P3orion.png,404,---,---,---,---,Fri Jan 09 14:57:29 EST 2009
Fri Jan 09 14:55:39 EST 2009,http://indscore.dfrc.nasa.gov/RBNB/rtmm_ARCTAS_aircraft/GOES-12_vis_P3orion.png,http://localhost/RBNB/rtmm/GOES-12_vis_P3orion.png,304,---,---,---,---,Fri Jan 09 14:57:39 EST 2009
Fri Jan 09 14:55:46 EST 2009,http://indscore.dfrc.nasa.gov/RBNB/rtmm_ARCTAS_aircraft/GOES-12_ir3_P3orion.png,http://localhost/RBNB/rtmm/GOES-12_ir3_P3orion.png,304,---,---,---,---,Fri Jan 09 14:57:46 EST 2009
Fri Jan 09 14:55:49 EST 2009,http://indscore.dfrc.nasa.gov/RBNB/rtmm_ARCTAS_aircraft/GOES-12_ir4_P3orion.png,http://localhost/RBNB/rtmm/GOES-12_ir4_P3orion.png,304,---,---,---,---,Fri Jan 09 14:57:49 EST 2009
Fri Jan 09 14:56:01 EST 2009,http://indscore.dfrc.nasa.gov/RBNB/rtmm_ARCTAS_aircraft/GOES-11_vis_P3orion.png,http://localhost/RBNB/rtmm/GOES-11_vis_P3orion.png,404,---,---,---,---,Fri Jan 09 14:58:01 EST 2009
Fri Jan 09 14:56:05 EST 2009,http://indscore.dfrc.nasa.gov/RBNB/rtmm_ARCTAS_aircraft/GOES-11_ir3_P3orion.png,http://localhost/RBNB/rtmm/GOES-11_ir3_P3orion.png,404,---,---,---,---,Fri Jan 09 14:58:05 EST 2009
Fri Jan 09 14:56:08 EST 2009,http://indscore.dfrc.nasa.gov/RBNB/rtmm_ARCTAS_aircraft/GOES-11_ir4_P3orion.png,http://localhost/RBNB/rtmm/GOES-11_ir4_P3orion.png,404,---,---,---,---,Fri Jan 09 14:58:08 EST 2009
Fri Jan 09 14:56:11 EST 2009,http://indscore.dfrc.nasa.gov/RBNB/rtmm_ARCTAS_aircraft/waypoints_P3orion.kmz,http://localhost/RBNB/rtmm/waypoints_P3orion.kmz,404,---,---,---,---,Fri Jan 09 14:58:11 EST 2009
Fri Jan 09 14:56:15 EST 2009,http://indscore.dfrc.nasa.gov/RBNB/rtmm_ARCTAS_aircraft/WWLLN_P3orion.kmz,http://localhost/RBNB/rtmm/WWLLN_P3orion.kmz,404,---,---,---,---,Fri Jan 09 14:58:15 EST 2009
Fri Jan 09 14:56:15 EST 2009,http://indscore.dfrc.nasa.gov/RBNB/rtmm_ARCTAS_aircraft/VAILR_P3orion.kmz,http://localhost/RBNB/rtmm/VAILR_P3orion.kmz,404,---,---,---,---,Fri Jan 09 14:58:15 EST 2009
Fri Jan 09 14:57:26 EST 2009,http://indscore.dfrc.nasa.gov/RBNB/rtmm_ARCTAS_aircraft/NLDN_P3orion.kmz,http://localhost/RBNB/rtmm/NLDN_P3orion.kmz,404,---,---,---,---,Fri Jan 09 14:59:26 EST 2009
Fri Jan 09 14:57:29 EST 2009,http://indscore.dfrc.nasa.gov/RBNB/rtmm_ARCTAS_aircraft/POLARCAT_P3orion.png,http://localhost/RBNB/rtmm/POLARCAT_P3orion.png,404,---,---,---,---,Fri Jan 09 14:59:29 EST 2009
Fri Jan 09 14:57:39 EST 2009,http://indscore.dfrc.nasa.gov/RBNB/rtmm_ARCTAS_aircraft/GOES-12_vis_P3orion.png,http://localhost/RBNB/rtmm/GOES-12_vis_P3orion.png,304,---,---,---,---,Fri Jan 09 14:59:39 EST 2009
Fri Jan 09 14:57:46 EST 2009,http://indscore.dfrc.nasa.gov/RBNB/rtmm_ARCTAS_aircraft/GOES-12_ir3_P3orion.png,http://localhost/RBNB/rtmm/GOES-12_ir3_P3orion.png,200,200,Fri Jan 09 14:57:46 EST 2009,Fri Jan 09 14:56:00 EST 2009,---,Fri Jan 09 14:59:46 EST 2009
Fri Jan 09 14:57:49 EST 2009,http://indscore.dfrc.nasa.gov/RBNB/rtmm_ARCTAS_aircraft/GOES-12_ir4_P3orion.png,http://localhost/RBNB/rtmm/GOES-12_ir4_P3orion.png,200,200,Fri Jan 09 14:57:49 EST 2009,Fri Jan 09 14:56:00 EST 2009,---,Fri Jan 09 14:59:49 EST 2009
Fri Jan 09 14:58:01 EST 2009,http://indscore.dfrc.nasa.gov/RBNB/rtmm_ARCTAS_aircraft/GOES-11_vis_P3orion.png,http://localhost/RBNB/rtmm/GOES-11_vis_P3orion.png,404,---,---,---,---,Fri Jan 09 15:00:01 EST 2009
Fri Jan 09 14:58:05 EST 2009,http://indscore.dfrc.nasa.gov/RBNB/rtmm_ARCTAS_aircraft/GOES-11_ir3_P3orion.png,http://localhost/RBNB/rtmm/GOES-11_ir3_P3orion.png,404,---,---,---,---,Fri Jan 09 15:00:05 EST 2009
Fri Jan 09 14:58:08 EST 2009,http://indscore.dfrc.nasa.gov/RBNB/rtmm_ARCTAS_aircraft/GOES-11_ir4_P3orion.png,http://localhost/RBNB/rtmm/GOES-11_ir4_P3orion.png,404,---,---,---,---,Fri Jan 09 15:00:08 EST 2009
Fri Jan 09 14:58:11 EST 2009,http://indscore.dfrc.nasa.gov/RBNB/rtmm_ARCTAS_aircraft/waypoints_P3orion.kmz,http://localhost/RBNB/rtmm/waypoints_P3orion.kmz,404,---,---,---,---,Fri Jan 09 15:00:11 EST 2009
Fri Jan 09 14:58:15 EST 2009,http://indscore.dfrc.nasa.gov/RBNB/rtmm_ARCTAS_aircraft/WWLLN_P3orion.kmz,http://localhost/RBNB/rtmm/WWLLN_P3orion.kmz,404,---,---,---,---,Fri Jan 09 15:00:15 EST 2009
Fri Jan 09 14:58:18 EST 2009,http://indscore.dfrc.nasa.gov/RBNB/rtmm_ARCTAS_aircraft/VAILR_P3orion.kmz,http://localhost/RBNB/rtmm/VAILR_P3orion.kmz,404,---,---,---,---,Fri Jan 09 15:00:18 EST 2009
Fri Jan 09 14:59:26 EST 2009,http://indscore.dfrc.nasa.gov/RBNB/rtmm_ARCTAS_aircraft/NLDN_P3orion.kmz,http://localhost/RBNB/rtmm/NLDN_P3orion.kmz,404,---,---,---,---,Fri Jan 09 15:01:26 EST 2009
Fri Jan 09 14:59:29 EST 2009,http://indscore.dfrc.nasa.gov/RBNB/rtmm_ARCTAS_aircraft/POLARCAT_P3orion.png,http://localhost/RBNB/rtmm/POLARCAT_P3orion.png,404,---,---,---,---,Fri Jan 09 15:01:29 EST 2009
Fri Jan 09 14:59:39 EST 2009,http://indscore.dfrc.nasa.gov/RBNB/rtmm_ARCTAS_aircraft/GOES-12_vis_P3orion.png,http://localhost/RBNB/rtmm/GOES-12_vis_P3orion.png,200,200,Fri Jan 09 14:59:38 EST 2009,Fri Jan 09 14:59:00 EST 2009,---,Fri Jan 09 15:01:39 EST 2009
Fri Jan 09 14:59:46 EST 2009,http://indscore.dfrc.nasa.gov/RBNB/rtmm_ARCTAS_aircraft/GOES-12_ir3_P3orion.png,http://localhost/RBNB/rtmm/GOES-12_ir3_P3orion.png,304,---,---,---,---,Fri Jan 09 15:01:46 EST 2009
Fri Jan 09 14:59:49 EST 2009,http://indscore.dfrc.nasa.gov/RBNB/rtmm_ARCTAS_aircraft/GOES-12_ir4_P3orion.png,http://localhost/RBNB/rtmm/GOES-12_ir4_P3orion.png,304,---,---,---,---,Fri Jan 09 15:01:49 EST 2009
Fri Jan 09 15:00:01 EST 2009,http://indscore.dfrc.nasa.gov/RBNB/rtmm_ARCTAS_aircraft/GOES-11_vis_P3orion.png,http://localhost/RBNB/rtmm/GOES-11_vis_P3orion.png,404,---,---,---,---,Fri Jan 09 15:02:01 EST 2009
Fri Jan 09 15:00:05 EST 2009,http://indscore.dfrc.nasa.gov/RBNB/rtmm_ARCTAS_aircraft/GOES-11_ir3_P3orion.png,http://localhost/RBNB/rtmm/GOES-11_ir3_P3orion.png,404,---,---,---,---,Fri Jan 09 15:02:05 EST 2009
Fri Jan 09 15:00:08 EST 2009,http://indscore.dfrc.nasa.gov/RBNB/rtmm_ARCTAS_aircraft/GOES-11_ir4_P3orion.png,http://localhost/RBNB/rtmm/GOES-11_ir4_P3orion.png,404,---,---,---,---,Fri Jan 09 15:02:08 EST 2009
Fri Jan 09 15:00:11 EST 2009,http://indscore.dfrc.nasa.gov/RBNB/rtmm_ARCTAS_aircraft/waypoints_P3orion.kmz,http://localhost/RBNB/rtmm/waypoints_P3orion.kmz,404,---,---,---,---,Fri Jan 09 15:02:11 EST 2009
Fri Jan 09 15:00:15 EST 2009,http://indscore.dfrc.nasa.gov/RBNB/rtmm_ARCTAS_aircraft/WWLLN_P3orion.kmz,http://localhost/RBNB/rtmm/WWLLN_P3orion.kmz,404,---,---,---,---,Fri Jan 09 15:02:15 EST 2009
Fri Jan 09 15:00:18 EST 2009,http://indscore.dfrc.nasa.gov/RBNB/rtmm_ARCTAS_aircraft/VAILR_P3orion.kmz,http://localhost/RBNB/rtmm/VAILR_P3orion.kmz,404,---,---,---,---,Fri Jan 09 15:02:18 EST 2009
Fri Jan 09 15:01:26 EST 2009,http://indscore.dfrc.nasa.gov/RBNB/rtmm_ARCTAS_aircraft/NLDN_P3orion.kmz,http://localhost/RBNB/rtmm/NLDN_P3orion.kmz,404,---,---,---,---,Fri Jan 09 15:03:26 EST 2009
Fri Jan 09 15:01:29 EST 2009,http://indscore.dfrc.nasa.gov/RBNB/rtmm_ARCTAS_aircraft/POLARCAT_P3orion.png,http://localhost/RBNB/rtmm/POLARCAT_P3orion.png,404,---,---,---,---,Fri Jan 09 15:03:29 EST 2009
Fri Jan 09 15:01:39 EST 2009,http://indscore.dfrc.nasa.gov/RBNB/rtmm_ARCTAS_aircraft/GOES-12_vis_P3orion.png,http://localhost/RBNB/rtmm/GOES-12_vis_P3orion.png,304,---,---,---,---,Fri Jan 09 15:03:39 EST 2009
Fri Jan 09 15:01:46 EST 2009,http://indscore.dfrc.nasa.gov/RBNB/rtmm_ARCTAS_aircraft/GOES-12_ir3_P3orion.png,http://localhost/RBNB/rtmm/GOES-12_ir3_P3orion.png,304,---,---,---,---,Fri Jan 09 15:03:46 EST 2009
Fri Jan 09 15:01:50 EST 2009,http://indscore.dfrc.nasa.gov/RBNB/rtmm_ARCTAS_aircraft/GOES-12_ir4_P3orion.png,http://localhost/RBNB/rtmm/GOES-12_ir4_P3orion.png,304,---,---,---,---,Fri Jan 09 15:03:50 EST 2009
Fri Jan 09 15:02:01 EST 2009,http://indscore.dfrc.nasa.gov/RBNB/rtmm_ARCTAS_aircraft/GOES-11_vis_P3orion.png,http://localhost/RBNB/rtmm/GOES-11_vis_P3orion.png,404,---,---,---,---,Fri Jan 09 15:04:01 EST 2009
java.net.ConnectException: Connection timed out: connect
	at java.net.PlainSocketImpl.socketConnect(Native Method)
	at java.net.PlainSocketImpl.doConnect(PlainSocketImpl.java:333)
	at java.net.PlainSocketImpl.connectToAddress(PlainSocketImpl.java:195)
	at java.net.PlainSocketImpl.connect(PlainSocketImpl.java:182)
	at java.net.Socket.connect(Socket.java:519)
	at java.net.Socket.connect(Socket.java:469)
	at sun.net.NetworkClient.doConnect(NetworkClient.java:157)
	at sun.net.www.http.HttpClient.openServer(HttpClient.java:388)
	at sun.net.www.http.HttpClient.openServer(HttpClient.java:515)
	at sun.net.www.http.HttpClient.<init>(HttpClient.java:233)
	at sun.net.www.http.HttpClient.New(HttpClient.java:306)
	at sun.net.www.http.HttpClient.New(HttpClient.java:318)
	at sun.net.www.protocol.http.HttpURLConnection.getNewHttpClient(HttpURLConnection.java:792)
	at sun.net.www.protocol.http.HttpURLConnection.plainConnect(HttpURLConnection.java:733)
	at sun.net.www.protocol.http.HttpURLConnection.connect(HttpURLConnection.java:658)
	at sun.net.www.protocol.http.HttpURLConnection.getInputStream(HttpURLConnection.java:981)
	at java.net.HttpURLConnection.getResponseCode(HttpURLConnection.java:373)
	at com.rbnb.web.HttpMonitor$Resource.get(HttpMonitor.java:224)
	at com.rbnb.web.HttpMonitor.loadNextResource(HttpMonitor.java:1197)
	at com.rbnb.web.HttpMonitor.loadResources(HttpMonitor.java:1145)
	at com.rbnb.web.HttpMonitor.main(HttpMonitor.java:1241)
Error copying:
	http://indscore.dfrc.nasa.gov/RBNB/rtmm_ARCTAS_aircraft/GOES-11_ir3_P3orion.png
to:
	http://localhost/RBNB/rtmm/GOES-11_ir3_P3orion.png:
Fri Jan 09 15:02:05 EST 2009,http://indscore.dfrc.nasa.gov/RBNB/rtmm_ARCTAS_aircraft/GOES-11_ir3_P3orion.png,http://localhost/RBNB/rtmm/GOES-11_ir3_P3orion.png,---,---,---,---,---,Fri Jan 09 15:04:05 EST 2009
Fri Jan 09 15:02:26 EST 2009,http://indscore.dfrc.nasa.gov/RBNB/rtmm_ARCTAS_aircraft/GOES-11_ir4_P3orion.png,http://localhost/RBNB/rtmm/GOES-11_ir4_P3orion.png,404,---,---,---,---,Fri Jan 09 15:04:26 EST 2009
Fri Jan 09 15:02:26 EST 2009,http://indscore.dfrc.nasa.gov/RBNB/rtmm_ARCTAS_aircraft/waypoints_P3orion.kmz,http://localhost/RBNB/rtmm/waypoints_P3orion.kmz,404,---,---,---,---,Fri Jan 09 15:04:26 EST 2009
Fri Jan 09 15:02:26 EST 2009,http://indscore.dfrc.nasa.gov/RBNB/rtmm_ARCTAS_aircraft/WWLLN_P3orion.kmz,http://localhost/RBNB/rtmm/WWLLN_P3orion.kmz,404,---,---,---,---,Fri Jan 09 15:04:26 EST 2009
Fri Jan 09 15:02:27 EST 2009,http://indscore.dfrc.nasa.gov/RBNB/rtmm_ARCTAS_aircraft/VAILR_P3orion.kmz,http://localhost/RBNB/rtmm/VAILR_P3orion.kmz,404,---,---,---,---,Fri Jan 09 15:04:27 EST 2009
Fri Jan 09 15:03:26 EST 2009,http://indscore.dfrc.nasa.gov/RBNB/rtmm_ARCTAS_aircraft/NLDN_P3orion.kmz,http://localhost/RBNB/rtmm/NLDN_P3orion.kmz,404,---,---,---,---,Fri Jan 09 15:05:26 EST 2009
Fri Jan 09 15:03:29 EST 2009,http://indscore.dfrc.nasa.gov/RBNB/rtmm_ARCTAS_aircraft/POLARCAT_P3orion.png,http://localhost/RBNB/rtmm/POLARCAT_P3orion.png,404,---,---,---,---,Fri Jan 09 15:05:29 EST 2009
Fri Jan 09 15:03:39 EST 2009,http://indscore.dfrc.nasa.gov/RBNB/rtmm_ARCTAS_aircraft/GOES-12_vis_P3orion.png,http://localhost/RBNB/rtmm/GOES-12_vis_P3orion.png,304,---,---,---,---,Fri Jan 09 15:05:39 EST 2009
Fri Jan 09 15:03:46 EST 2009,http://indscore.dfrc.nasa.gov/RBNB/rtmm_ARCTAS_aircraft/GOES-12_ir3_P3orion.png,http://localhost/RBNB/rtmm/GOES-12_ir3_P3orion.png,304,---,---,---,---,Fri Jan 09 15:05:46 EST 2009
Fri Jan 09 15:03:50 EST 2009,http://indscore.dfrc.nasa.gov/RBNB/rtmm_ARCTAS_aircraft/GOES-12_ir4_P3orion.png,http://localhost/RBNB/rtmm/GOES-12_ir4_P3orion.png,304,---,---,---,---,Fri Jan 09 15:05:50 EST 2009
Fri Jan 09 15:04:01 EST 2009,http://indscore.dfrc.nasa.gov/RBNB/rtmm_ARCTAS_aircraft/GOES-11_vis_P3orion.png,http://localhost/RBNB/rtmm/GOES-11_vis_P3orion.png,404,---,---,---,---,Fri Jan 09 15:06:01 EST 2009
Fri Jan 09 15:04:05 EST 2009,http://indscore.dfrc.nasa.gov/RBNB/rtmm_ARCTAS_aircraft/GOES-11_ir3_P3orion.png,http://localhost/RBNB/rtmm/GOES-11_ir3_P3orion.png,404,---,---,---,---,Fri Jan 09 15:06:05 EST 2009
Fri Jan 09 15:04:26 EST 2009,http://indscore.dfrc.nasa.gov/RBNB/rtmm_ARCTAS_aircraft/GOES-11_ir4_P3orion.png,http://localhost/RBNB/rtmm/GOES-11_ir4_P3orion.png,404,---,---,---,---,Fri Jan 09 15:06:26 EST 2009
Fri Jan 09 15:04:29 EST 2009,http://indscore.dfrc.nasa.gov/RBNB/rtmm_ARCTAS_aircraft/waypoints_P3orion.kmz,http://localhost/RBNB/rtmm/waypoints_P3orion.kmz,404,---,---,---,---,Fri Jan 09 15:06:29 EST 2009
Fri Jan 09 15:04:29 EST 2009,http://indscore.dfrc.nasa.gov/RBNB/rtmm_ARCTAS_aircraft/WWLLN_P3orion.kmz,http://localhost/RBNB/rtmm/WWLLN_P3orion.kmz,404,---,---,---,---,Fri Jan 09 15:06:29 EST 2009
Fri Jan 09 15:04:30 EST 2009,http://indscore.dfrc.nasa.gov/RBNB/rtmm_ARCTAS_aircraft/VAILR_P3orion.kmz,http://localhost/RBNB/rtmm/VAILR_P3orion.kmz,404,---,---,---,---,Fri Jan 09 15:06:30 EST 2009
Fri Jan 09 15:05:26 EST 2009,http://indscore.dfrc.nasa.gov/RBNB/rtmm_ARCTAS_aircraft/NLDN_P3orion.kmz,http://localhost/RBNB/rtmm/NLDN_P3orion.kmz,404,---,---,---,---,Fri Jan 09 15:07:26 EST 2009
Fri Jan 09 15:05:29 EST 2009,http://indscore.dfrc.nasa.gov/RBNB/rtmm_ARCTAS_aircraft/POLARCAT_P3orion.png,http://localhost/RBNB/rtmm/POLARCAT_P3orion.png,404,---,---,---,---,Fri Jan 09 15:07:29 EST 2009
Fri Jan 09 15:05:39 EST 2009,http://indscore.dfrc.nasa.gov/RBNB/rtmm_ARCTAS_aircraft/GOES-12_vis_P3orion.png,http://localhost/RBNB/rtmm/GOES-12_vis_P3orion.png,304,---,---,---,---,Fri Jan 09 15:07:39 EST 2009
Fri Jan 09 15:05:46 EST 2009,http://indscore.dfrc.nasa.gov/RBNB/rtmm_ARCTAS_aircraft/GOES-12_ir3_P3orion.png,http://localhost/RBNB/rtmm/GOES-12_ir3_P3orion.png,304,---,---,---,---,Fri Jan 09 15:07:46 EST 2009
Fri Jan 09 15:05:50 EST 2009,http://indscore.dfrc.nasa.gov/RBNB/rtmm_ARCTAS_aircraft/GOES-12_ir4_P3orion.png,http://localhost/RBNB/rtmm/GOES-12_ir4_P3orion.png,304,---,---,---,---,Fri Jan 09 15:07:50 EST 2009
Fri Jan 09 15:06:01 EST 2009,http://indscore.dfrc.nasa.gov/RBNB/rtmm_ARCTAS_aircraft/GOES-11_vis_P3orion.png,http://localhost/RBNB/rtmm/GOES-11_vis_P3orion.png,404,---,---,---,---,Fri Jan 09 15:08:01 EST 2009
Fri Jan 09 15:06:05 EST 2009,http://indscore.dfrc.nasa.gov/RBNB/rtmm_ARCTAS_aircraft/GOES-11_ir3_P3orion.png,http://localhost/RBNB/rtmm/GOES-11_ir3_P3orion.png,404,---,---,---,---,Fri Jan 09 15:08:05 EST 2009
Fri Jan 09 15:06:26 EST 2009,http://indscore.dfrc.nasa.gov/RBNB/rtmm_ARCTAS_aircraft/GOES-11_ir4_P3orion.png,http://localhost/RBNB/rtmm/GOES-11_ir4_P3orion.png,404,---,---,---,---,Fri Jan 09 15:08:26 EST 2009
Fri Jan 09 15:06:29 EST 2009,http://indscore.dfrc.nasa.gov/RBNB/rtmm_ARCTAS_aircraft/waypoints_P3orion.kmz,http://localhost/RBNB/rtmm/waypoints_P3orion.kmz,404,---,---,---,---,Fri Jan 09 15:08:29 EST 2009
Fri Jan 09 15:06:29 EST 2009,http://indscore.dfrc.nasa.gov/RBNB/rtmm_ARCTAS_aircraft/WWLLN_P3orion.kmz,http://localhost/RBNB/rtmm/WWLLN_P3orion.kmz,404,---,---,---,---,Fri Jan 09 15:08:29 EST 2009
Fri Jan 09 15:06:30 EST 2009,http://indscore.dfrc.nasa.gov/RBNB/rtmm_ARCTAS_aircraft/VAILR_P3orion.kmz,http://localhost/RBNB/rtmm/VAILR_P3orion.kmz,404,---,---,---,---,Fri Jan 09 15:08:30 EST 2009
Fri Jan 09 15:07:26 EST 2009,http://indscore.dfrc.nasa.gov/RBNB/rtmm_ARCTAS_aircraft/NLDN_P3orion.kmz,http://localhost/RBNB/rtmm/NLDN_P3orion.kmz,404,---,---,---,---,Fri Jan 09 15:09:26 EST 2009
Fri Jan 09 15:07:29 EST 2009,http://indscore.dfrc.nasa.gov/RBNB/rtmm_ARCTAS_aircraft/POLARCAT_P3orion.png,http://localhost/RBNB/rtmm/POLARCAT_P3orion.png,404,---,---,---,---,Fri Jan 09 15:09:29 EST 2009
Fri Jan 09 15:07:39 EST 2009,http://indscore.dfrc.nasa.gov/RBNB/rtmm_ARCTAS_aircraft/GOES-12_vis_P3orion.png,http://localhost/RBNB/rtmm/GOES-12_vis_P3orion.png,304,---,---,---,---,Fri Jan 09 15:09:39 EST 2009
Fri Jan 09 15:07:48 EST 2009,http://indscore.dfrc.nasa.gov/RBNB/rtmm_ARCTAS_aircraft/GOES-12_ir3_P3orion.png,http://localhost/RBNB/rtmm/GOES-12_ir3_P3orion.png,304,---,---,---,---,Fri Jan 09 15:09:48 EST 2009
Fri Jan 09 15:07:50 EST 2009,http://indscore.dfrc.nasa.gov/RBNB/rtmm_ARCTAS_aircraft/GOES-12_ir4_P3orion.png,http://localhost/RBNB/rtmm/GOES-12_ir4_P3orion.png,304,---,---,---,---,Fri Jan 09 15:09:50 EST 2009
Fri Jan 09 15:08:01 EST 2009,http://indscore.dfrc.nasa.gov/RBNB/rtmm_ARCTAS_aircraft/GOES-11_vis_P3orion.png,http://localhost/RBNB/rtmm/GOES-11_vis_P3orion.png,404,---,---,---,---,Fri Jan 09 15:10:01 EST 2009
Fri Jan 09 15:08:05 EST 2009,http://indscore.dfrc.nasa.gov/RBNB/rtmm_ARCTAS_aircraft/GOES-11_ir3_P3orion.png,http://localhost/RBNB/rtmm/GOES-11_ir3_P3orion.png,404,---,---,---,---,Fri Jan 09 15:10:05 EST 2009
Fri Jan 09 15:08:26 EST 2009,http://indscore.dfrc.nasa.gov/RBNB/rtmm_ARCTAS_aircraft/GOES-11_ir4_P3orion.png,http://localhost/RBNB/rtmm/GOES-11_ir4_P3orion.png,404,---,---,---,---,Fri Jan 09 15:10:26 EST 2009
Fri Jan 09 15:08:29 EST 2009,http://indscore.dfrc.nasa.gov/RBNB/rtmm_ARCTAS_aircraft/waypoints_P3orion.kmz,http://localhost/RBNB/rtmm/waypoints_P3orion.kmz,404,---,---,---,---,Fri Jan 09 15:10:29 EST 2009
Fri Jan 09 15:08:29 EST 2009,http://indscore.dfrc.nasa.gov/RBNB/rtmm_ARCTAS_aircraft/WWLLN_P3orion.kmz,http://localhost/RBNB/rtmm/WWLLN_P3orion.kmz,404,---,---,---,---,Fri Jan 09 15:10:29 EST 2009
Fri Jan 09 15:08:30 EST 2009,http://indscore.dfrc.nasa.gov/RBNB/rtmm_ARCTAS_aircraft/VAILR_P3orion.kmz,http://localhost/RBNB/rtmm/VAILR_P3orion.kmz,404,---,---,---,---,Fri Jan 09 15:10:30 EST 2009
Fri Jan 09 15:09:26 EST 2009,http://indscore.dfrc.nasa.gov/RBNB/rtmm_ARCTAS_aircraft/NLDN_P3orion.kmz,http://localhost/RBNB/rtmm/NLDN_P3orion.kmz,404,---,---,---,---,Fri Jan 09 15:11:26 EST 2009
Fri Jan 09 15:09:35 EST 2009,http://indscore.dfrc.nasa.gov/RBNB/rtmm_ARCTAS_aircraft/POLARCAT_P3orion.png,http://localhost/RBNB/rtmm/POLARCAT_P3orion.png,404,---,---,---,---,Fri Jan 09 15:11:35 EST 2009
Fri Jan 09 15:09:39 EST 2009,http://indscore.dfrc.nasa.gov/RBNB/rtmm_ARCTAS_aircraft/GOES-12_vis_P3orion.png,http://localhost/RBNB/rtmm/GOES-12_vis_P3orion.png,304,---,---,---,---,Fri Jan 09 15:11:39 EST 2009
Fri Jan 09 15:09:48 EST 2009,http://indscore.dfrc.nasa.gov/RBNB/rtmm_ARCTAS_aircraft/GOES-12_ir3_P3orion.png,http://localhost/RBNB/rtmm/GOES-12_ir3_P3orion.png,200,200,Fri Jan 09 15:09:50 EST 2009,Fri Jan 09 15:09:00 EST 2009,---,Fri Jan 09 15:11:48 EST 2009
Fri Jan 09 15:09:52 EST 2009,http://indscore.dfrc.nasa.gov/RBNB/rtmm_ARCTAS_aircraft/GOES-12_ir4_P3orion.png,http://localhost/RBNB/rtmm/GOES-12_ir4_P3orion.png,200,200,Fri Jan 09 15:09:51 EST 2009,Fri Jan 09 15:08:01 EST 2009,---,Fri Jan 09 15:11:52 EST 2009
Fri Jan 09 15:10:01 EST 2009,http://indscore.dfrc.nasa.gov/RBNB/rtmm_ARCTAS_aircraft/GOES-11_vis_P3orion.png,http://localhost/RBNB/rtmm/GOES-11_vis_P3orion.png,404,---,---,---,---,Fri Jan 09 15:12:01 EST 2009
Fri Jan 09 15:10:05 EST 2009,http://indscore.dfrc.nasa.gov/RBNB/rtmm_ARCTAS_aircraft/GOES-11_ir3_P3orion.png,http://localhost/RBNB/rtmm/GOES-11_ir3_P3orion.png,404,---,---,---,---,Fri Jan 09 15:12:05 EST 2009
Fri Jan 09 15:10:26 EST 2009,http://indscore.dfrc.nasa.gov/RBNB/rtmm_ARCTAS_aircraft/GOES-11_ir4_P3orion.png,http://localhost/RBNB/rtmm/GOES-11_ir4_P3orion.png,404,---,---,---,---,Fri Jan 09 15:12:26 EST 2009
Fri Jan 09 15:10:29 EST 2009,http://indscore.dfrc.nasa.gov/RBNB/rtmm_ARCTAS_aircraft/waypoints_P3orion.kmz,http://localhost/RBNB/rtmm/waypoints_P3orion.kmz,404,---,---,---,---,Fri Jan 09 15:12:29 EST 2009
Fri Jan 09 15:10:32 EST 2009,http://indscore.dfrc.nasa.gov/RBNB/rtmm_ARCTAS_aircraft/WWLLN_P3orion.kmz,http://localhost/RBNB/rtmm/WWLLN_P3orion.kmz,404,---,---,---,---,Fri Jan 09 15:12:32 EST 2009
Fri Jan 09 15:10:36 EST 2009,http://indscore.dfrc.nasa.gov/RBNB/rtmm_ARCTAS_aircraft/VAILR_P3orion.kmz,http://localhost/RBNB/rtmm/VAILR_P3orion.kmz,404,---,---,---,---,Fri Jan 09 15:12:36 EST 2009
