marker: GTR MONITOR TM STREAM P3B ARCTAS
Adding Channel 1 System_Timestamp
Adding Channel 2 Cabin_RH
Adding Channel 3 Cabin_Temp
Adding Channel 4 Heater_Temp
Adding Channel 5 Cabin_Pressure
Adding Channel 6 Accel_X
Adding Channel 7 Accel_Y
Adding Channel 8 Accel_Z
Adding Channel 9 Tilt_X
Adding Channel 10 Tilt_Y
Adding Channel 11 Sensor_Temp_1
Adding Channel 12 Sensor_Temp_2
Adding Channel 13 GPS_UTC_Time
Adding Channel 14 GPS_Status
Adding Channel 15 GPS_Latitude
Adding Channel 16 GPS_Longitude
Adding Channel 17 GPS_Speed
Adding Channel 18 GPS_Heading
Adding Channel 19 GPS_Date
Adding Channel 20 GPS_Altitude
Adding Channel 21 GPS_Num_Sats
Adding Channel 22 GPS_Fix_Mode
Adding Channel 23 MIDG_Latitude
Adding Channel 24 MIDG_Longitude
Adding Channel 25 MIDG_Altitude
Adding Channel 26 MIDG_Yaw_Angle
Adding Channel 27 MIDG_Pitch_Angle
Adding Channel 28 MIDG_Roll_Angle
Adding Channel 29 MIDG_Accel_X
Adding Channel 30 MIDG_Accel_Y
Adding Channel 31 MIDG_Accel_Z
Adding Channel 32 MIDG_Temp
Adding Channel 33 MIDG_STATUS_Flags
Adding Channel 34 MIDG_NAV_SENSOR_Flags
Adding Channel 35 MIDG_NAV_PV_Flags
Adding Channel 36 MIDG_GPS_PV_Flags
Adding Channel 37 UNS-1B_Latitude
Adding Channel 38 UNS-1B_Longitude
Adding Channel 39 UNS-1B_Cross_Track
Adding Channel 40 UNS-1B_Track_Angle
Adding Channel 41 UNS-1B_Ground_Speed
Adding Channel 42 UNS-1B_True_Heading
Adding Channel 43 UNS-1B_Wind_Speed
Adding Channel 44 UNS-1B_Wind_Direction
Adding Channel 45 UNS-1B_Drift_Angle
Adding Channel 46 UNS-1B_Time_to_Wypt
Adding Channel 47 UNS-1B_Head_Wind
Adding Channel 48 UNS-1B_Status
Adding Channel 49 UNS-1B_Nav_Status
Adding Channel 50 Laseref_Latitude
Adding Channel 51 Laseref_Longitude
Adding Channel 52 Laseref_Ground_Speed
Adding Channel 53 Laseref_Track_Angle_True
Adding Channel 54 Laseref_True_Heading
Adding Channel 55 Laseref_Wind_Speed
Adding Channel 56 Laseref_Wind_Direction
Adding Channel 57 Laseref_Pitch_Angle
Adding Channel 58 Laseref_Roll_Angle
Adding Channel 59 Laseref_Accel_Longitudinal
Adding Channel 60 Laseref_Accel_Lateral
Adding Channel 61 Laseref_Accel_Normal
Adding Channel 62 Laseref_Platform_Heading
Adding Channel 63 Laseref_Altitude_Inertial
Adding Channel 64 Laseref_Vertical_Speed_Inertial
Adding Channel 65 Laseref_GPS_IRS_Status
Adding Channel 66 Laseref_TTNR
Adding Channel 67 ADC_Altitude
Adding Channel 68 ADC_Baro_Altitude
Adding Channel 69 ADC_IAS
Adding Channel 70 ADC_Mach
Adding Channel 71 ADC_TAS
Adding Channel 72 ADC_SAT
Adding Channel 73 ADC_VSpd
Adding Channel 74 ADC_TAT
Adding Channel 75 Solar_Zenith_Angle
Adding Channel 76 Aircraft_Sun_Elevation
Adding Channel 77 Sun_Azimuth
Adding Channel 78 Aircraft_Sun_Azimuth
Output to: GTR_MONITOR_TM_STREAM_P3B_ARCTAS
Connected to Source: localhost:3333
Connected to Sink: localhost:3333
Running subscribe-by-frame newest mode
