Mar 20, 2008 8:21:19 AM org.apache.catalina.core.AprLifecycleListener lifecycleEvent
INFO: The Apache Portable Runtime which allows optimal performance in production environments was not found on the java.library.path: /usr/lib/jvm/java-1.7.0-icedtea-1.7.0.0/jre/lib/i386/client:/usr/lib/jvm/java-1.7.0-icedtea-1.7.0.0/jre/lib/i386:/usr/lib/jvm/java-1.7.0-icedtea-1.7.0.0/jre/../lib/i386:/usr/java/packages/lib/i386:/lib:/usr/lib
Mar 20, 2008 8:21:20 AM org.apache.coyote.http11.Http11BaseProtocol init
INFO: Initializing Coyote HTTP/1.1 on http-80
Mar 20, 2008 8:21:20 AM org.apache.catalina.startup.Catalina load
INFO: Initialization processed in 2251 ms
Mar 20, 2008 8:21:20 AM org.apache.catalina.core.StandardService start
INFO: Starting service Catalina
Mar 20, 2008 8:21:20 AM org.apache.catalina.core.StandardEngine start
INFO: Starting Servlet Engine: Apache Tomcat/5.5.12
Mar 20, 2008 8:21:20 AM org.apache.catalina.core.StandardHost start
INFO: XML validation disabled
Mar 20, 2008 8:21:21 AM org.apache.catalina.startup.HostConfig deployWAR
INFO: Deploying web application archive documentation.war
Mar 20, 2008 8:21:24 AM org.apache.coyote.http11.Http11BaseProtocol start
INFO: Starting Coyote HTTP/1.1 on http-80
Mar 20, 2008 8:21:24 AM org.apache.jk.common.ChannelSocket init
INFO: JK: ajp13 listening on /0.0.0.0:8009
Mar 20, 2008 8:21:24 AM org.apache.jk.server.JkMain start
INFO: Jk running ID=0 time=0/128  config=null
Mar 20, 2008 8:21:24 AM org.apache.catalina.storeconfig.StoreLoader load
INFO: Find registry server-registry.xml at classpath resource
Mar 20, 2008 8:21:24 AM org.apache.catalina.startup.Catalina start
INFO: Server startup in 4634 ms
Mar 20, 2008 12:25:23 PM org.apache.catalina.core.AprLifecycleListener lifecycleEvent
INFO: The Apache Portable Runtime which allows optimal performance in production environments was not found on the java.library.path: /usr/lib/jvm/java-1.7.0-icedtea-1.7.0.0/jre/lib/i386/client:/usr/lib/jvm/java-1.7.0-icedtea-1.7.0.0/jre/lib/i386:/usr/lib/jvm/java-1.7.0-icedtea-1.7.0.0/jre/../lib/i386:/usr/java/packages/lib/i386:/lib:/usr/lib
Mar 20, 2008 12:25:23 PM org.apache.coyote.http11.Http11BaseProtocol init
INFO: Initializing Coyote HTTP/1.1 on http-80
Mar 20, 2008 12:25:23 PM org.apache.catalina.startup.Catalina load
INFO: Initialization processed in 621 ms
Mar 20, 2008 12:25:23 PM org.apache.catalina.core.StandardService start
INFO: Starting service Catalina
Mar 20, 2008 12:25:23 PM org.apache.catalina.core.StandardEngine start
INFO: Starting Servlet Engine: Apache Tomcat/5.5.12
Mar 20, 2008 12:25:23 PM org.apache.catalina.core.StandardHost start
INFO: XML validation disabled
Mar 20, 2008 12:25:24 PM org.apache.catalina.startup.HostConfig deployWAR
INFO: Deploying web application archive documentation.war
Mar 20, 2008 12:25:24 PM org.apache.coyote.http11.Http11BaseProtocol start
INFO: Starting Coyote HTTP/1.1 on http-80
Mar 20, 2008 12:25:24 PM org.apache.jk.common.ChannelSocket init
INFO: JK: ajp13 listening on /0.0.0.0:8009
Mar 20, 2008 12:25:24 PM org.apache.jk.server.JkMain start
INFO: Jk running ID=0 time=0/25  config=null
Mar 20, 2008 12:25:24 PM org.apache.catalina.storeconfig.StoreLoader load
INFO: Find registry server-registry.xml at classpath resource
Mar 20, 2008 12:25:24 PM org.apache.catalina.startup.Catalina start
INFO: Server startup in 1365 ms
Mar 20, 2008 12:37:07 PM org.apache.coyote.http11.Http11BaseProtocol pause
INFO: Pausing Coyote HTTP/1.1 on http-80
Mar 20, 2008 12:42:18 PM org.apache.catalina.core.AprLifecycleListener lifecycleEvent
INFO: The Apache Portable Runtime which allows optimal performance in production environments was not found on the java.library.path: /usr/lib/jvm/java-1.7.0-icedtea-1.7.0.0/jre/lib/i386/client:/usr/lib/jvm/java-1.7.0-icedtea-1.7.0.0/jre/lib/i386:/usr/lib/jvm/java-1.7.0-icedtea-1.7.0.0/jre/../lib/i386:/usr/java/packages/lib/i386:/lib:/usr/lib
Mar 20, 2008 12:42:18 PM org.apache.coyote.http11.Http11BaseProtocol init
INFO: Initializing Coyote HTTP/1.1 on http-80
Mar 20, 2008 12:42:18 PM org.apache.catalina.startup.Catalina load
INFO: Initialization processed in 805 ms
Mar 20, 2008 12:42:18 PM org.apache.catalina.core.StandardService start
INFO: Starting service Catalina
Mar 20, 2008 12:42:18 PM org.apache.catalina.core.StandardEngine start
INFO: Starting Servlet Engine: Apache Tomcat/5.5.12
Mar 20, 2008 12:42:18 PM org.apache.catalina.core.StandardHost start
INFO: XML validation disabled
Mar 20, 2008 12:42:19 PM org.apache.catalina.startup.HostConfig deployWAR
INFO: Deploying web application archive documentation.war
Mar 20, 2008 12:42:20 PM org.apache.coyote.http11.Http11BaseProtocol start
INFO: Starting Coyote HTTP/1.1 on http-80
Mar 20, 2008 12:42:20 PM org.apache.jk.common.ChannelSocket init
INFO: JK: ajp13 listening on /0.0.0.0:8009
Mar 20, 2008 12:42:20 PM org.apache.jk.server.JkMain start
INFO: Jk running ID=0 time=0/26  config=null
Mar 20, 2008 12:42:20 PM org.apache.catalina.storeconfig.StoreLoader load
INFO: Find registry server-registry.xml at classpath resource
Mar 20, 2008 12:42:20 PM org.apache.catalina.startup.Catalina start
INFO: Server startup in 2080 ms
Mar 20, 2008 12:58:36 PM org.apache.coyote.http11.Http11BaseProtocol pause
INFO: Pausing Coyote HTTP/1.1 on http-80
Mar 20, 2008 12:58:36 PM org.apache.catalina.connector.Connector pause
SEVERE: Protocol handler pause failed
java.net.SocketException: Network is unreachable
	at java.net.PlainSocketImpl.socketConnect(Native Method)
	at java.net.AbstractPlainSocketImpl.doConnect(AbstractPlainSocketImpl.java:311)
	at java.net.AbstractPlainSocketImpl.connectToAddress(AbstractPlainSocketImpl.java:177)
	at java.net.AbstractPlainSocketImpl.connect(AbstractPlainSocketImpl.java:164)
	at java.net.SocksSocketImpl.connect(SocksSocketImpl.java:381)
	at java.net.Socket.connect(Socket.java:569)
	at java.net.Socket.connect(Socket.java:519)
	at java.net.Socket.<init>(Socket.java:416)
	at java.net.Socket.<init>(Socket.java:233)
	at org.apache.jk.common.ChannelSocket.unLockSocket(ChannelSocket.java:463)
	at org.apache.jk.common.ChannelSocket.pause(ChannelSocket.java:270)
	at org.apache.jk.server.JkMain.pause(JkMain.java:679)
	at org.apache.jk.server.JkCoyoteHandler.pause(JkCoyoteHandler.java:162)
	at org.apache.catalina.connector.Connector.pause(Connector.java:1031)
	at org.apache.catalina.core.StandardService.stop(StandardService.java:491)
	at org.apache.catalina.core.StandardServer.stop(StandardServer.java:714)
	at org.apache.catalina.startup.Catalina.stop(Catalina.java:586)
	at org.apache.catalina.startup.Catalina$CatalinaShutdownHook.run(Catalina.java:629)
Mar 20, 2008 12:59:36 PM org.apache.catalina.core.AprLifecycleListener lifecycleEvent
INFO: The Apache Portable Runtime which allows optimal performance in production environments was not found on the java.library.path: /usr/lib/jvm/java-1.7.0-icedtea-1.7.0.0/jre/lib/i386/client:/usr/lib/jvm/java-1.7.0-icedtea-1.7.0.0/jre/lib/i386:/usr/lib/jvm/java-1.7.0-icedtea-1.7.0.0/jre/../lib/i386:/usr/java/packages/lib/i386:/lib:/usr/lib
Mar 20, 2008 12:59:36 PM org.apache.coyote.http11.Http11BaseProtocol init
INFO: Initializing Coyote HTTP/1.1 on http-80
Mar 20, 2008 12:59:36 PM org.apache.catalina.startup.Catalina load
INFO: Initialization processed in 778 ms
Mar 20, 2008 12:59:36 PM org.apache.catalina.core.StandardService start
INFO: Starting service Catalina
Mar 20, 2008 12:59:36 PM org.apache.catalina.core.StandardEngine start
INFO: Starting Servlet Engine: Apache Tomcat/5.5.12
Mar 20, 2008 12:59:36 PM org.apache.catalina.core.StandardHost start
INFO: XML validation disabled
Mar 20, 2008 12:59:37 PM org.apache.catalina.startup.HostConfig deployWAR
INFO: Deploying web application archive documentation.war
Mar 20, 2008 12:59:38 PM org.apache.coyote.http11.Http11BaseProtocol start
INFO: Starting Coyote HTTP/1.1 on http-80
Mar 20, 2008 12:59:38 PM org.apache.jk.common.ChannelSocket init
INFO: JK: ajp13 listening on /0.0.0.0:8009
Mar 20, 2008 12:59:38 PM org.apache.jk.server.JkMain start
INFO: Jk running ID=0 time=0/30  config=null
Mar 20, 2008 12:59:38 PM org.apache.catalina.storeconfig.StoreLoader load
INFO: Find registry server-registry.xml at classpath resource
Mar 20, 2008 12:59:38 PM org.apache.catalina.startup.Catalina start
INFO: Server startup in 1404 ms
Mar 20, 2008 3:05:29 PM org.apache.coyote.http11.Http11BaseProtocol pause
INFO: Pausing Coyote HTTP/1.1 on http-80
Mar 20, 2008 3:28:06 PM org.apache.catalina.core.AprLifecycleListener lifecycleEvent
INFO: The Apache Portable Runtime which allows optimal performance in production environments was not found on the java.library.path: /usr/lib/jvm/java-1.7.0-icedtea-1.7.0.0/jre/lib/i386/client:/usr/lib/jvm/java-1.7.0-icedtea-1.7.0.0/jre/lib/i386:/usr/lib/jvm/java-1.7.0-icedtea-1.7.0.0/jre/../lib/i386:/usr/java/packages/lib/i386:/lib:/usr/lib
Mar 20, 2008 3:28:06 PM org.apache.coyote.http11.Http11BaseProtocol init
INFO: Initializing Coyote HTTP/1.1 on http-80
Mar 20, 2008 3:28:06 PM org.apache.catalina.startup.Catalina load
INFO: Initialization processed in 1222 ms
Mar 20, 2008 3:28:06 PM org.apache.catalina.core.StandardService start
INFO: Starting service Catalina
Mar 20, 2008 3:28:06 PM org.apache.catalina.core.StandardEngine start
INFO: Starting Servlet Engine: Apache Tomcat/5.5.12
Mar 20, 2008 3:28:06 PM org.apache.catalina.core.StandardHost start
INFO: XML validation disabled
Mar 20, 2008 3:28:07 PM org.apache.catalina.startup.HostConfig deployWAR
INFO: Deploying web application archive documentation.war
Mar 20, 2008 3:28:08 PM org.apache.coyote.http11.Http11BaseProtocol start
INFO: Starting Coyote HTTP/1.1 on http-80
Mar 20, 2008 3:28:08 PM org.apache.jk.common.ChannelSocket init
INFO: JK: ajp13 listening on /0.0.0.0:8009
Mar 20, 2008 3:28:08 PM org.apache.jk.server.JkMain start
INFO: Jk running ID=0 time=0/22  config=null
Mar 20, 2008 3:28:08 PM org.apache.catalina.storeconfig.StoreLoader load
INFO: Find registry server-registry.xml at classpath resource
Mar 20, 2008 3:28:08 PM org.apache.catalina.startup.Catalina start
INFO: Server startup in 1459 ms
Mar 20, 2008 4:34:46 PM org.apache.coyote.http11.Http11BaseProtocol pause
INFO: Pausing Coyote HTTP/1.1 on http-80
Mar 20, 2008 4:35:52 PM org.apache.catalina.core.AprLifecycleListener lifecycleEvent
INFO: The Apache Portable Runtime which allows optimal performance in production environments was not found on the java.library.path: /usr/lib/jvm/java-1.7.0-icedtea-1.7.0.0/jre/lib/i386/client:/usr/lib/jvm/java-1.7.0-icedtea-1.7.0.0/jre/lib/i386:/usr/lib/jvm/java-1.7.0-icedtea-1.7.0.0/jre/../lib/i386:/usr/java/packages/lib/i386:/lib:/usr/lib
Mar 20, 2008 4:35:53 PM org.apache.coyote.http11.Http11BaseProtocol init
INFO: Initializing Coyote HTTP/1.1 on http-80
Mar 20, 2008 4:35:53 PM org.apache.catalina.startup.Catalina load
INFO: Initialization processed in 1309 ms
Mar 20, 2008 4:35:53 PM org.apache.catalina.core.StandardService start
INFO: Starting service Catalina
Mar 20, 2008 4:35:53 PM org.apache.catalina.core.StandardEngine start
INFO: Starting Servlet Engine: Apache Tomcat/5.5.12
Mar 20, 2008 4:35:53 PM org.apache.catalina.core.StandardHost start
INFO: XML validation disabled
Mar 20, 2008 4:35:53 PM org.apache.catalina.startup.HostConfig deployWAR
INFO: Deploying web application archive documentation.war
Mar 20, 2008 4:35:54 PM org.apache.coyote.http11.Http11BaseProtocol start
INFO: Starting Coyote HTTP/1.1 on http-80
Mar 20, 2008 4:35:54 PM org.apache.jk.common.ChannelSocket init
INFO: JK: ajp13 listening on /0.0.0.0:8009
Mar 20, 2008 4:35:54 PM org.apache.jk.server.JkMain start
INFO: Jk running ID=0 time=0/70  config=null
Mar 20, 2008 4:35:54 PM org.apache.catalina.storeconfig.StoreLoader load
INFO: Find registry server-registry.xml at classpath resource
Mar 20, 2008 4:35:55 PM org.apache.catalina.startup.Catalina start
INFO: Server startup in 1954 ms
