Jul 10, 2008 9:45:47 AM org.apache.catalina.core.AprLifecycleListener lifecycleEvent
INFO: The Apache Portable Runtime which allows optimal performance in production environments was not found on the java.library.path: /usr/lib/jvm/java-1.7.0-icedtea-1.7.0.0/jre/lib/i386/client:/usr/lib/jvm/java-1.7.0-icedtea-1.7.0.0/jre/lib/i386:/usr/lib/jvm/java-1.7.0-icedtea-1.7.0.0/jre/../lib/i386:/usr/java/packages/lib/i386:/lib:/usr/lib
Jul 10, 2008 9:45:47 AM org.apache.coyote.http11.Http11BaseProtocol init
INFO: Initializing Coyote HTTP/1.1 on http-80
Jul 10, 2008 9:45:47 AM org.apache.catalina.startup.Catalina load
INFO: Initialization processed in 899 ms
Jul 10, 2008 9:45:47 AM org.apache.catalina.core.StandardService start
INFO: Starting service Catalina
Jul 10, 2008 9:45:47 AM org.apache.catalina.core.StandardEngine start
INFO: Starting Servlet Engine: Apache Tomcat/5.5.12
Jul 10, 2008 9:45:47 AM org.apache.catalina.core.StandardHost start
INFO: XML validation disabled
Jul 10, 2008 9:45:48 AM org.apache.catalina.startup.HostConfig deployWAR
INFO: Deploying web application archive documentation.war
Jul 10, 2008 9:45:49 AM org.apache.coyote.http11.Http11BaseProtocol start
INFO: Starting Coyote HTTP/1.1 on http-80
Jul 10, 2008 9:45:49 AM org.apache.jk.common.ChannelSocket init
INFO: JK: ajp13 listening on /0.0.0.0:8009
Jul 10, 2008 9:45:49 AM org.apache.jk.server.JkMain start
INFO: Jk running ID=0 time=0/38  config=null
Jul 10, 2008 9:45:49 AM org.apache.catalina.storeconfig.StoreLoader load
INFO: Find registry server-registry.xml at classpath resource
Jul 10, 2008 9:45:49 AM org.apache.catalina.startup.Catalina start
INFO: Server startup in 2071 ms
Jul 10, 2008 10:23:19 AM org.apache.coyote.http11.Http11BaseProtocol pause
INFO: Pausing Coyote HTTP/1.1 on http-80
Jul 10, 2008 10:24:14 AM org.apache.catalina.core.AprLifecycleListener lifecycleEvent
INFO: The Apache Portable Runtime which allows optimal performance in production environments was not found on the java.library.path: /usr/lib/jvm/java-1.7.0-icedtea-1.7.0.0/jre/lib/i386/client:/usr/lib/jvm/java-1.7.0-icedtea-1.7.0.0/jre/lib/i386:/usr/lib/jvm/java-1.7.0-icedtea-1.7.0.0/jre/../lib/i386:/usr/java/packages/lib/i386:/lib:/usr/lib
Jul 10, 2008 10:24:14 AM org.apache.coyote.http11.Http11BaseProtocol init
INFO: Initializing Coyote HTTP/1.1 on http-80
Jul 10, 2008 10:24:14 AM org.apache.catalina.startup.Catalina load
INFO: Initialization processed in 1303 ms
Jul 10, 2008 10:24:14 AM org.apache.catalina.core.StandardService start
INFO: Starting service Catalina
Jul 10, 2008 10:24:14 AM org.apache.catalina.core.StandardEngine start
INFO: Starting Servlet Engine: Apache Tomcat/5.5.12
Jul 10, 2008 10:24:14 AM org.apache.catalina.core.StandardHost start
INFO: XML validation disabled
Jul 10, 2008 10:24:14 AM org.apache.catalina.startup.HostConfig deployWAR
INFO: Deploying web application archive documentation.war
Jul 10, 2008 10:24:15 AM org.apache.coyote.http11.Http11BaseProtocol start
INFO: Starting Coyote HTTP/1.1 on http-80
Jul 10, 2008 10:24:15 AM org.apache.jk.common.ChannelSocket init
INFO: JK: ajp13 listening on /0.0.0.0:8009
Jul 10, 2008 10:24:15 AM org.apache.jk.server.JkMain start
INFO: Jk running ID=0 time=0/19  config=null
Jul 10, 2008 10:24:15 AM org.apache.catalina.storeconfig.StoreLoader load
INFO: Find registry server-registry.xml at classpath resource
Jul 10, 2008 10:24:15 AM org.apache.catalina.startup.Catalina start
INFO: Server startup in 1476 ms
Jul 10, 2008 10:39:36 AM org.apache.coyote.http11.Http11BaseProtocol pause
INFO: Pausing Coyote HTTP/1.1 on http-80
Jul 10, 2008 10:52:24 AM org.apache.catalina.core.AprLifecycleListener lifecycleEvent
INFO: The Apache Portable Runtime which allows optimal performance in production environments was not found on the java.library.path: /usr/lib/jvm/java-1.7.0-icedtea-1.7.0.0/jre/lib/i386/client:/usr/lib/jvm/java-1.7.0-icedtea-1.7.0.0/jre/lib/i386:/usr/lib/jvm/java-1.7.0-icedtea-1.7.0.0/jre/../lib/i386:/usr/java/packages/lib/i386:/lib:/usr/lib
Jul 10, 2008 10:52:24 AM org.apache.coyote.http11.Http11BaseProtocol init
INFO: Initializing Coyote HTTP/1.1 on http-80
Jul 10, 2008 10:52:24 AM org.apache.catalina.startup.Catalina load
INFO: Initialization processed in 1255 ms
Jul 10, 2008 10:52:25 AM org.apache.catalina.core.StandardService start
INFO: Starting service Catalina
Jul 10, 2008 10:52:25 AM org.apache.catalina.core.StandardEngine start
INFO: Starting Servlet Engine: Apache Tomcat/5.5.12
Jul 10, 2008 10:52:25 AM org.apache.catalina.core.StandardHost start
INFO: XML validation disabled
Jul 10, 2008 10:52:25 AM org.apache.catalina.startup.HostConfig deployWAR
INFO: Deploying web application archive documentation.war
Jul 10, 2008 10:52:26 AM org.apache.coyote.http11.Http11BaseProtocol start
INFO: Starting Coyote HTTP/1.1 on http-80
Jul 10, 2008 10:52:26 AM org.apache.jk.common.ChannelSocket init
INFO: JK: ajp13 listening on /0.0.0.0:8009
Jul 10, 2008 10:52:26 AM org.apache.jk.server.JkMain start
INFO: Jk running ID=0 time=0/30  config=null
Jul 10, 2008 10:52:26 AM org.apache.catalina.storeconfig.StoreLoader load
INFO: Find registry server-registry.xml at classpath resource
Jul 10, 2008 10:52:26 AM org.apache.catalina.startup.Catalina start
INFO: Server startup in 1871 ms
Jul 10, 2008 12:13:19 PM org.apache.catalina.core.AprLifecycleListener lifecycleEvent
INFO: The Apache Portable Runtime which allows optimal performance in production environments was not found on the java.library.path: /usr/lib/jvm/java-1.7.0-icedtea-1.7.0.0/jre/lib/i386/client:/usr/lib/jvm/java-1.7.0-icedtea-1.7.0.0/jre/lib/i386:/usr/lib/jvm/java-1.7.0-icedtea-1.7.0.0/jre/../lib/i386:/usr/java/packages/lib/i386:/lib:/usr/lib
Jul 10, 2008 12:13:19 PM org.apache.coyote.http11.Http11BaseProtocol init
INFO: Initializing Coyote HTTP/1.1 on http-80
Jul 10, 2008 12:13:19 PM org.apache.catalina.startup.Catalina load
INFO: Initialization processed in 1252 ms
Jul 10, 2008 12:13:20 PM org.apache.catalina.core.StandardService start
INFO: Starting service Catalina
Jul 10, 2008 12:13:20 PM org.apache.catalina.core.StandardEngine start
INFO: Starting Servlet Engine: Apache Tomcat/5.5.12
Jul 10, 2008 12:13:20 PM org.apache.catalina.core.StandardHost start
INFO: XML validation disabled
Jul 10, 2008 12:13:20 PM org.apache.catalina.startup.HostConfig deployWAR
INFO: Deploying web application archive documentation.war
Jul 10, 2008 12:13:21 PM org.apache.coyote.http11.Http11BaseProtocol start
INFO: Starting Coyote HTTP/1.1 on http-80
Jul 10, 2008 12:13:21 PM org.apache.jk.common.ChannelSocket init
INFO: JK: ajp13 listening on /0.0.0.0:8009
Jul 10, 2008 12:13:21 PM org.apache.jk.server.JkMain start
INFO: Jk running ID=0 time=0/45  config=null
Jul 10, 2008 12:13:21 PM org.apache.catalina.storeconfig.StoreLoader load
INFO: Find registry server-registry.xml at classpath resource
Jul 10, 2008 12:13:21 PM org.apache.catalina.startup.Catalina start
INFO: Server startup in 1455 ms
