Apr 12, 2008 1:28:05 PM org.apache.catalina.core.AprLifecycleListener lifecycleEvent
INFO: The Apache Portable Runtime which allows optimal performance in production environments was not found on the java.library.path: /usr/lib/jvm/java-1.7.0-icedtea-1.7.0.0/jre/lib/i386/client:/usr/lib/jvm/java-1.7.0-icedtea-1.7.0.0/jre/lib/i386:/usr/lib/jvm/java-1.7.0-icedtea-1.7.0.0/jre/../lib/i386:/usr/java/packages/lib/i386:/lib:/usr/lib
Apr 12, 2008 1:28:06 PM org.apache.coyote.http11.Http11BaseProtocol init
INFO: Initializing Coyote HTTP/1.1 on http-80
Apr 12, 2008 1:28:06 PM org.apache.catalina.startup.Catalina load
INFO: Initialization processed in 1132 ms
Apr 12, 2008 1:28:06 PM org.apache.catalina.core.StandardService start
INFO: Starting service Catalina
Apr 12, 2008 1:28:06 PM org.apache.catalina.core.StandardEngine start
INFO: Starting Servlet Engine: Apache Tomcat/5.5.12
Apr 12, 2008 1:28:06 PM org.apache.catalina.core.StandardHost start
INFO: XML validation disabled
Apr 12, 2008 1:28:07 PM org.apache.catalina.startup.HostConfig deployWAR
INFO: Deploying web application archive documentation.war
Apr 12, 2008 1:28:08 PM org.apache.coyote.http11.Http11BaseProtocol start
INFO: Starting Coyote HTTP/1.1 on http-80
Apr 12, 2008 1:28:08 PM org.apache.jk.common.ChannelSocket init
INFO: JK: ajp13 listening on /0.0.0.0:8009
Apr 12, 2008 1:28:08 PM org.apache.jk.server.JkMain start
INFO: Jk running ID=0 time=0/41  config=null
Apr 12, 2008 1:28:08 PM org.apache.catalina.storeconfig.StoreLoader load
INFO: Find registry server-registry.xml at classpath resource
Apr 12, 2008 1:28:08 PM org.apache.catalina.startup.Catalina start
INFO: Server startup in 2768 ms
Apr 12, 2008 1:42:41 PM org.apache.catalina.core.AprLifecycleListener lifecycleEvent
INFO: The Apache Portable Runtime which allows optimal performance in production environments was not found on the java.library.path: /usr/lib/jvm/java-1.7.0-icedtea-1.7.0.0/jre/lib/i386/client:/usr/lib/jvm/java-1.7.0-icedtea-1.7.0.0/jre/lib/i386:/usr/lib/jvm/java-1.7.0-icedtea-1.7.0.0/jre/../lib/i386:/usr/java/packages/lib/i386:/lib:/usr/lib
Apr 12, 2008 1:42:41 PM org.apache.coyote.http11.Http11BaseProtocol init
INFO: Initializing Coyote HTTP/1.1 on http-80
Apr 12, 2008 1:42:41 PM org.apache.catalina.startup.Catalina load
INFO: Initialization processed in 1170 ms
Apr 12, 2008 1:42:42 PM org.apache.catalina.core.StandardService start
INFO: Starting service Catalina
Apr 12, 2008 1:42:42 PM org.apache.catalina.core.StandardEngine start
INFO: Starting Servlet Engine: Apache Tomcat/5.5.12
Apr 12, 2008 1:42:42 PM org.apache.catalina.core.StandardHost start
INFO: XML validation disabled
Apr 12, 2008 1:42:43 PM org.apache.catalina.startup.HostConfig deployWAR
INFO: Deploying web application archive documentation.war
Apr 12, 2008 1:42:44 PM org.apache.coyote.http11.Http11BaseProtocol start
INFO: Starting Coyote HTTP/1.1 on http-80
Apr 12, 2008 1:42:44 PM org.apache.jk.common.ChannelSocket init
INFO: JK: ajp13 listening on /0.0.0.0:8009
Apr 12, 2008 1:42:44 PM org.apache.jk.server.JkMain start
INFO: Jk running ID=0 time=0/133  config=null
Apr 12, 2008 1:42:44 PM org.apache.catalina.storeconfig.StoreLoader load
INFO: Find registry server-registry.xml at classpath resource
Apr 12, 2008 1:42:44 PM org.apache.catalina.startup.Catalina start
INFO: Server startup in 3166 ms
Apr 12, 2008 3:09:28 PM org.apache.catalina.core.AprLifecycleListener lifecycleEvent
INFO: The Apache Portable Runtime which allows optimal performance in production environments was not found on the java.library.path: /usr/lib/jvm/java-1.7.0-icedtea-1.7.0.0/jre/lib/i386/client:/usr/lib/jvm/java-1.7.0-icedtea-1.7.0.0/jre/lib/i386:/usr/lib/jvm/java-1.7.0-icedtea-1.7.0.0/jre/../lib/i386:/usr/java/packages/lib/i386:/lib:/usr/lib
Apr 12, 2008 3:09:28 PM org.apache.coyote.http11.Http11BaseProtocol init
INFO: Initializing Coyote HTTP/1.1 on http-80
Apr 12, 2008 3:09:28 PM org.apache.catalina.startup.Catalina load
INFO: Initialization processed in 1132 ms
Apr 12, 2008 3:09:28 PM org.apache.catalina.core.StandardService start
INFO: Starting service Catalina
Apr 12, 2008 3:09:28 PM org.apache.catalina.core.StandardEngine start
INFO: Starting Servlet Engine: Apache Tomcat/5.5.12
Apr 12, 2008 3:09:28 PM org.apache.catalina.core.StandardHost start
INFO: XML validation disabled
Apr 12, 2008 3:09:28 PM org.apache.catalina.startup.HostConfig deployWAR
INFO: Deploying web application archive documentation.war
Apr 12, 2008 3:09:29 PM org.apache.coyote.http11.Http11BaseProtocol start
INFO: Starting Coyote HTTP/1.1 on http-80
Apr 12, 2008 3:09:29 PM org.apache.jk.common.ChannelSocket init
INFO: JK: ajp13 listening on /0.0.0.0:8009
Apr 12, 2008 3:09:29 PM org.apache.jk.server.JkMain start
INFO: Jk running ID=0 time=0/31  config=null
Apr 12, 2008 3:09:29 PM org.apache.catalina.storeconfig.StoreLoader load
INFO: Find registry server-registry.xml at classpath resource
Apr 12, 2008 3:09:29 PM org.apache.catalina.startup.Catalina start
INFO: Server startup in 1519 ms
