Jul 2, 2008 11:01:12 AM org.apache.catalina.core.AprLifecycleListener lifecycleEvent
INFO: The Apache Portable Runtime which allows optimal performance in production environments was not found on the java.library.path: /usr/lib/jvm/java-1.7.0-icedtea-1.7.0.0/jre/lib/i386/client:/usr/lib/jvm/java-1.7.0-icedtea-1.7.0.0/jre/lib/i386:/usr/lib/jvm/java-1.7.0-icedtea-1.7.0.0/jre/../lib/i386:/usr/java/packages/lib/i386:/lib:/usr/lib
Jul 2, 2008 11:01:12 AM org.apache.coyote.http11.Http11BaseProtocol init
INFO: Initializing Coyote HTTP/1.1 on http-80
Jul 2, 2008 11:01:12 AM org.apache.catalina.startup.Catalina load
INFO: Initialization processed in 1097 ms
Jul 2, 2008 11:01:12 AM org.apache.catalina.core.StandardService start
INFO: Starting service Catalina
Jul 2, 2008 11:01:12 AM org.apache.catalina.core.StandardEngine start
INFO: Starting Servlet Engine: Apache Tomcat/5.5.12
Jul 2, 2008 11:01:12 AM org.apache.catalina.core.StandardHost start
INFO: XML validation disabled
Jul 2, 2008 11:01:13 AM org.apache.catalina.session.StandardManager doLoad
SEVERE: IOException while loading persisted sessions: java.io.EOFException
java.io.EOFException
	at java.io.ObjectInputStream$PeekInputStream.readFully(ObjectInputStream.java:2298)
	at java.io.ObjectInputStream$BlockDataInputStream.readShort(ObjectInputStream.java:2767)
	at java.io.ObjectInputStream.readStreamHeader(ObjectInputStream.java:798)
	at java.io.ObjectInputStream.<init>(ObjectInputStream.java:298)
	at org.apache.catalina.util.CustomObjectInputStream.<init>(CustomObjectInputStream.java:57)
	at org.apache.catalina.session.StandardManager.doLoad(StandardManager.java:361)
	at org.apache.catalina.session.StandardManager.load(StandardManager.java:320)
	at org.apache.catalina.session.StandardManager.start(StandardManager.java:636)
	at org.apache.catalina.core.ContainerBase.setManager(ContainerBase.java:431)
	at org.apache.catalina.startup.ContextConfig.managerConfig(ContextConfig.java:391)
	at org.apache.catalina.startup.ContextConfig.start(ContextConfig.java:1042)
	at org.apache.catalina.startup.ContextConfig.lifecycleEvent(ContextConfig.java:255)
	at org.apache.catalina.util.LifecycleSupport.fireLifecycleEvent(LifecycleSupport.java:119)
	at org.apache.catalina.core.StandardContext.start(StandardContext.java:4076)
	at org.apache.catalina.core.ContainerBase.addChildInternal(ContainerBase.java:759)
	at org.apache.catalina.core.ContainerBase.addChild(ContainerBase.java:739)
	at org.apache.catalina.core.StandardHost.addChild(StandardHost.java:524)
	at org.apache.catalina.startup.HostConfig.deployDescriptor(HostConfig.java:603)
	at org.apache.catalina.startup.HostConfig.deployDescriptors(HostConfig.java:535)
	at org.apache.catalina.startup.HostConfig.deployApps(HostConfig.java:470)
	at org.apache.catalina.startup.HostConfig.start(HostConfig.java:1118)
	at org.apache.catalina.startup.HostConfig.lifecycleEvent(HostConfig.java:310)
	at org.apache.catalina.util.LifecycleSupport.fireLifecycleEvent(LifecycleSupport.java:119)
	at org.apache.catalina.core.ContainerBase.start(ContainerBase.java:1020)
	at org.apache.catalina.core.StandardHost.start(StandardHost.java:718)
	at org.apache.catalina.core.ContainerBase.start(ContainerBase.java:1012)
	at org.apache.catalina.core.StandardEngine.start(StandardEngine.java:442)
	at org.apache.catalina.core.StandardService.start(StandardService.java:450)
	at org.apache.catalina.core.StandardServer.start(StandardServer.java:680)
	at org.apache.catalina.startup.Catalina.start(Catalina.java:536)
	at sun.reflect.NativeMethodAccessorImpl.invoke0(Native Method)
	at sun.reflect.NativeMethodAccessorImpl.invoke(NativeMethodAccessorImpl.java:57)
	at sun.reflect.DelegatingMethodAccessorImpl.invoke(DelegatingMethodAccessorImpl.java:43)
	at java.lang.reflect.Method.invoke(Method.java:623)
	at org.apache.catalina.startup.Bootstrap.start(Bootstrap.java:275)
	at org.apache.catalina.startup.Bootstrap.main(Bootstrap.java:413)
Jul 2, 2008 11:01:13 AM org.apache.catalina.session.StandardManager start
SEVERE: Exception loading sessions from persistent storage
java.io.EOFException
	at java.io.ObjectInputStream$PeekInputStream.readFully(ObjectInputStream.java:2298)
	at java.io.ObjectInputStream$BlockDataInputStream.readShort(ObjectInputStream.java:2767)
	at java.io.ObjectInputStream.readStreamHeader(ObjectInputStream.java:798)
	at java.io.ObjectInputStream.<init>(ObjectInputStream.java:298)
	at org.apache.catalina.util.CustomObjectInputStream.<init>(CustomObjectInputStream.java:57)
	at org.apache.catalina.session.StandardManager.doLoad(StandardManager.java:361)
	at org.apache.catalina.session.StandardManager.load(StandardManager.java:320)
	at org.apache.catalina.session.StandardManager.start(StandardManager.java:636)
	at org.apache.catalina.core.ContainerBase.setManager(ContainerBase.java:431)
	at org.apache.catalina.startup.ContextConfig.managerConfig(ContextConfig.java:391)
	at org.apache.catalina.startup.ContextConfig.start(ContextConfig.java:1042)
	at org.apache.catalina.startup.ContextConfig.lifecycleEvent(ContextConfig.java:255)
	at org.apache.catalina.util.LifecycleSupport.fireLifecycleEvent(LifecycleSupport.java:119)
	at org.apache.catalina.core.StandardContext.start(StandardContext.java:4076)
	at org.apache.catalina.core.ContainerBase.addChildInternal(ContainerBase.java:759)
	at org.apache.catalina.core.ContainerBase.addChild(ContainerBase.java:739)
	at org.apache.catalina.core.StandardHost.addChild(StandardHost.java:524)
	at org.apache.catalina.startup.HostConfig.deployDescriptor(HostConfig.java:603)
	at org.apache.catalina.startup.HostConfig.deployDescriptors(HostConfig.java:535)
	at org.apache.catalina.startup.HostConfig.deployApps(HostConfig.java:470)
	at org.apache.catalina.startup.HostConfig.start(HostConfig.java:1118)
	at org.apache.catalina.startup.HostConfig.lifecycleEvent(HostConfig.java:310)
	at org.apache.catalina.util.LifecycleSupport.fireLifecycleEvent(LifecycleSupport.java:119)
	at org.apache.catalina.core.ContainerBase.start(ContainerBase.java:1020)
	at org.apache.catalina.core.StandardHost.start(StandardHost.java:718)
	at org.apache.catalina.core.ContainerBase.start(ContainerBase.java:1012)
	at org.apache.catalina.core.StandardEngine.start(StandardEngine.java:442)
	at org.apache.catalina.core.StandardService.start(StandardService.java:450)
	at org.apache.catalina.core.StandardServer.start(StandardServer.java:680)
	at org.apache.catalina.startup.Catalina.start(Catalina.java:536)
	at sun.reflect.NativeMethodAccessorImpl.invoke0(Native Method)
	at sun.reflect.NativeMethodAccessorImpl.invoke(NativeMethodAccessorImpl.java:57)
	at sun.reflect.DelegatingMethodAccessorImpl.invoke(DelegatingMethodAccessorImpl.java:43)
	at java.lang.reflect.Method.invoke(Method.java:623)
	at org.apache.catalina.startup.Bootstrap.start(Bootstrap.java:275)
	at org.apache.catalina.startup.Bootstrap.main(Bootstrap.java:413)
Jul 2, 2008 11:01:13 AM org.apache.catalina.startup.HostConfig deployWAR
INFO: Deploying web application archive documentation.war
Jul 2, 2008 11:01:14 AM org.apache.coyote.http11.Http11BaseProtocol start
INFO: Starting Coyote HTTP/1.1 on http-80
Jul 2, 2008 11:01:15 AM org.apache.jk.common.ChannelSocket init
INFO: JK: ajp13 listening on /0.0.0.0:8009
Jul 2, 2008 11:01:15 AM org.apache.jk.server.JkMain start
INFO: Jk running ID=0 time=0/44  config=null
Jul 2, 2008 11:01:15 AM org.apache.catalina.storeconfig.StoreLoader load
INFO: Find registry server-registry.xml at classpath resource
Jul 2, 2008 11:01:15 AM org.apache.catalina.startup.Catalina start
INFO: Server startup in 2783 ms
Jul 2, 2008 11:08:32 AM org.apache.coyote.http11.Http11BaseProtocol pause
INFO: Pausing Coyote HTTP/1.1 on http-80
Jul 2, 2008 12:01:34 PM org.apache.catalina.core.AprLifecycleListener lifecycleEvent
INFO: The Apache Portable Runtime which allows optimal performance in production environments was not found on the java.library.path: /usr/lib/jvm/java-1.7.0-icedtea-1.7.0.0/jre/lib/i386/client:/usr/lib/jvm/java-1.7.0-icedtea-1.7.0.0/jre/lib/i386:/usr/lib/jvm/java-1.7.0-icedtea-1.7.0.0/jre/../lib/i386:/usr/java/packages/lib/i386:/lib:/usr/lib
Jul 2, 2008 12:01:34 PM org.apache.coyote.http11.Http11BaseProtocol init
INFO: Initializing Coyote HTTP/1.1 on http-80
Jul 2, 2008 12:01:34 PM org.apache.catalina.startup.Catalina load
INFO: Initialization processed in 1336 ms
Jul 2, 2008 12:01:35 PM org.apache.catalina.core.StandardService start
INFO: Starting service Catalina
Jul 2, 2008 12:01:35 PM org.apache.catalina.core.StandardEngine start
INFO: Starting Servlet Engine: Apache Tomcat/5.5.12
Jul 2, 2008 12:01:35 PM org.apache.catalina.core.StandardHost start
INFO: XML validation disabled
Jul 2, 2008 12:01:36 PM org.apache.catalina.startup.HostConfig deployWAR
INFO: Deploying web application archive documentation.war
Jul 2, 2008 12:01:37 PM org.apache.coyote.http11.Http11BaseProtocol start
INFO: Starting Coyote HTTP/1.1 on http-80
Jul 2, 2008 12:01:37 PM org.apache.jk.common.ChannelSocket init
INFO: JK: ajp13 listening on /0.0.0.0:8009
Jul 2, 2008 12:01:37 PM org.apache.jk.server.JkMain start
INFO: Jk running ID=0 time=0/42  config=null
Jul 2, 2008 12:01:37 PM org.apache.catalina.storeconfig.StoreLoader load
INFO: Find registry server-registry.xml at classpath resource
Jul 2, 2008 12:01:37 PM org.apache.catalina.startup.Catalina start
INFO: Server startup in 2503 ms
Jul 2, 2008 12:25:03 PM org.apache.catalina.core.AprLifecycleListener lifecycleEvent
INFO: The Apache Portable Runtime which allows optimal performance in production environments was not found on the java.library.path: /usr/lib/jvm/java-1.7.0-icedtea-1.7.0.0/jre/lib/i386/client:/usr/lib/jvm/java-1.7.0-icedtea-1.7.0.0/jre/lib/i386:/usr/lib/jvm/java-1.7.0-icedtea-1.7.0.0/jre/../lib/i386:/usr/java/packages/lib/i386:/lib:/usr/lib
Jul 2, 2008 12:25:04 PM org.apache.coyote.http11.Http11BaseProtocol init
INFO: Initializing Coyote HTTP/1.1 on http-80
Jul 2, 2008 12:25:04 PM org.apache.catalina.startup.Catalina load
INFO: Initialization processed in 845 ms
Jul 2, 2008 12:25:04 PM org.apache.catalina.core.StandardService start
INFO: Starting service Catalina
Jul 2, 2008 12:25:04 PM org.apache.catalina.core.StandardEngine start
INFO: Starting Servlet Engine: Apache Tomcat/5.5.12
Jul 2, 2008 12:25:04 PM org.apache.catalina.core.StandardHost start
INFO: XML validation disabled
Jul 2, 2008 12:25:04 PM org.apache.catalina.startup.HostConfig deployWAR
INFO: Deploying web application archive documentation.war
Jul 2, 2008 12:25:05 PM org.apache.coyote.http11.Http11BaseProtocol start
INFO: Starting Coyote HTTP/1.1 on http-80
Jul 2, 2008 12:25:05 PM org.apache.jk.common.ChannelSocket init
INFO: JK: ajp13 listening on /0.0.0.0:8009
Jul 2, 2008 12:25:05 PM org.apache.jk.server.JkMain start
INFO: Jk running ID=0 time=0/40  config=null
Jul 2, 2008 12:25:05 PM org.apache.catalina.storeconfig.StoreLoader load
INFO: Find registry server-registry.xml at classpath resource
Jul 2, 2008 12:25:05 PM org.apache.catalina.startup.Catalina start
INFO: Server startup in 1775 ms
