Mar 17, 2008 12:10:57 PM org.apache.catalina.core.AprLifecycleListener lifecycleEvent
INFO: The Apache Portable Runtime which allows optimal performance in production environments was not found on the java.library.path: /usr/lib/jvm/java-1.7.0-icedtea-1.7.0.0/jre/lib/i386/client:/usr/lib/jvm/java-1.7.0-icedtea-1.7.0.0/jre/lib/i386:/usr/lib/jvm/java-1.7.0-icedtea-1.7.0.0/jre/../lib/i386:/usr/java/packages/lib/i386:/lib:/usr/lib
Mar 17, 2008 12:10:57 PM org.apache.coyote.http11.Http11BaseProtocol init
SEVERE: Error initializing endpoint
java.net.BindException: Permission denied:80
	at org.apache.tomcat.util.net.PoolTcpEndpoint.initEndpoint(PoolTcpEndpoint.java:297)
	at org.apache.coyote.http11.Http11BaseProtocol.init(Http11BaseProtocol.java:137)
	at org.apache.catalina.connector.Connector.initialize(Connector.java:1016)
	at org.apache.catalina.core.StandardService.initialize(StandardService.java:580)
	at org.apache.catalina.core.StandardServer.initialize(StandardServer.java:762)
	at org.apache.catalina.startup.Catalina.load(Catalina.java:488)
	at org.apache.catalina.startup.Catalina.load(Catalina.java:508)
	at sun.reflect.NativeMethodAccessorImpl.invoke0(Native Method)
	at sun.reflect.NativeMethodAccessorImpl.invoke(NativeMethodAccessorImpl.java:57)
	at sun.reflect.DelegatingMethodAccessorImpl.invoke(DelegatingMethodAccessorImpl.java:43)
	at java.lang.reflect.Method.invoke(Method.java:623)
	at org.apache.catalina.startup.Bootstrap.load(Bootstrap.java:247)
	at org.apache.catalina.startup.Bootstrap.main(Bootstrap.java:412)
Mar 17, 2008 12:10:57 PM org.apache.catalina.startup.Catalina load
SEVERE: Catalina.start
LifecycleException:  Protocol handler initialization failed: java.net.BindException: Permission denied:80
	at org.apache.catalina.connector.Connector.initialize(Connector.java:1018)
	at org.apache.catalina.core.StandardService.initialize(StandardService.java:580)
	at org.apache.catalina.core.StandardServer.initialize(StandardServer.java:762)
	at org.apache.catalina.startup.Catalina.load(Catalina.java:488)
	at org.apache.catalina.startup.Catalina.load(Catalina.java:508)
	at sun.reflect.NativeMethodAccessorImpl.invoke0(Native Method)
	at sun.reflect.NativeMethodAccessorImpl.invoke(NativeMethodAccessorImpl.java:57)
	at sun.reflect.DelegatingMethodAccessorImpl.invoke(DelegatingMethodAccessorImpl.java:43)
	at java.lang.reflect.Method.invoke(Method.java:623)
	at org.apache.catalina.startup.Bootstrap.load(Bootstrap.java:247)
	at org.apache.catalina.startup.Bootstrap.main(Bootstrap.java:412)
Mar 17, 2008 12:10:57 PM org.apache.catalina.startup.Catalina load
INFO: Initialization processed in 699 ms
Mar 17, 2008 12:10:57 PM org.apache.catalina.core.StandardService start
INFO: Starting service Catalina
Mar 17, 2008 12:10:57 PM org.apache.catalina.core.StandardEngine start
INFO: Starting Servlet Engine: Apache Tomcat/5.5.12
Mar 17, 2008 12:10:57 PM org.apache.catalina.core.StandardHost start
INFO: XML validation disabled
Mar 17, 2008 12:10:58 PM org.apache.catalina.startup.HostConfig deployWAR
INFO: Deploying web application archive documentation.war
Mar 17, 2008 12:10:59 PM org.apache.coyote.http11.Http11BaseProtocol start
SEVERE: Error starting endpoint
java.net.BindException: Permission denied:80
	at org.apache.tomcat.util.net.PoolTcpEndpoint.initEndpoint(PoolTcpEndpoint.java:297)
	at org.apache.tomcat.util.net.PoolTcpEndpoint.startEndpoint(PoolTcpEndpoint.java:312)
	at org.apache.coyote.http11.Http11BaseProtocol.start(Http11BaseProtocol.java:149)
	at org.apache.coyote.http11.Http11Protocol.start(Http11Protocol.java:95)
	at org.apache.catalina.connector.Connector.start(Connector.java:1089)
	at org.apache.catalina.core.StandardService.start(StandardService.java:459)
	at org.apache.catalina.core.StandardServer.start(StandardServer.java:680)
	at org.apache.catalina.startup.Catalina.start(Catalina.java:536)
	at sun.reflect.NativeMethodAccessorImpl.invoke0(Native Method)
	at sun.reflect.NativeMethodAccessorImpl.invoke(NativeMethodAccessorImpl.java:57)
	at sun.reflect.DelegatingMethodAccessorImpl.invoke(DelegatingMethodAccessorImpl.java:43)
	at java.lang.reflect.Method.invoke(Method.java:623)
	at org.apache.catalina.startup.Bootstrap.start(Bootstrap.java:275)
	at org.apache.catalina.startup.Bootstrap.main(Bootstrap.java:413)
Mar 17, 2008 12:10:59 PM org.apache.catalina.startup.Catalina start
SEVERE: Catalina.start: 
LifecycleException:  Protocol handler start failed: java.net.BindException: Permission denied:80
	at org.apache.catalina.connector.Connector.start(Connector.java:1091)
	at org.apache.catalina.core.StandardService.start(StandardService.java:459)
	at org.apache.catalina.core.StandardServer.start(StandardServer.java:680)
	at org.apache.catalina.startup.Catalina.start(Catalina.java:536)
	at sun.reflect.NativeMethodAccessorImpl.invoke0(Native Method)
	at sun.reflect.NativeMethodAccessorImpl.invoke(NativeMethodAccessorImpl.java:57)
	at sun.reflect.DelegatingMethodAccessorImpl.invoke(DelegatingMethodAccessorImpl.java:43)
	at java.lang.reflect.Method.invoke(Method.java:623)
	at org.apache.catalina.startup.Bootstrap.start(Bootstrap.java:275)
	at org.apache.catalina.startup.Bootstrap.main(Bootstrap.java:413)
Mar 17, 2008 12:10:59 PM org.apache.catalina.startup.Catalina start
INFO: Server startup in 2068 ms
Mar 17, 2008 12:11:53 PM org.apache.coyote.http11.Http11BaseProtocol pause
INFO: Pausing Coyote HTTP/1.1 on http-80
java.util.logging.ErrorManager: 1
java.lang.NullPointerException
	at org.apache.juli.FileHandler.publish(FileHandler.java:135)
	at java.util.logging.Logger.log(Logger.java:484)
	at java.util.logging.Logger.doLog(Logger.java:506)
	at java.util.logging.Logger.logp(Logger.java:706)
	at org.apache.commons.logging.impl.Jdk14Logger.log(Jdk14Logger.java:93)
	at org.apache.commons.logging.impl.Jdk14Logger.error(Jdk14Logger.java:127)
	at org.apache.catalina.connector.Connector.pause(Connector.java:1033)
	at org.apache.catalina.core.StandardService.stop(StandardService.java:491)
	at org.apache.catalina.core.StandardServer.stop(StandardServer.java:714)
	at org.apache.catalina.startup.Catalina.stop(Catalina.java:586)
	at org.apache.catalina.startup.Catalina$CatalinaShutdownHook.run(Catalina.java:629)
Mar 17, 2008 12:11:53 PM org.apache.catalina.connector.Connector pause
SEVERE: Protocol handler pause failed
java.lang.NullPointerException
	at org.apache.jk.server.JkMain.pause(JkMain.java:677)
	at org.apache.jk.server.JkCoyoteHandler.pause(JkCoyoteHandler.java:162)
	at org.apache.catalina.connector.Connector.pause(Connector.java:1031)
	at org.apache.catalina.core.StandardService.stop(StandardService.java:491)
	at org.apache.catalina.core.StandardServer.stop(StandardServer.java:714)
	at org.apache.catalina.startup.Catalina.stop(Catalina.java:586)
	at org.apache.catalina.startup.Catalina$CatalinaShutdownHook.run(Catalina.java:629)
Mar 17, 2008 12:12:52 PM org.apache.catalina.core.AprLifecycleListener lifecycleEvent
INFO: The Apache Portable Runtime which allows optimal performance in production environments was not found on the java.library.path: /usr/lib/jvm/java-1.7.0-icedtea-1.7.0.0/jre/lib/i386/client:/usr/lib/jvm/java-1.7.0-icedtea-1.7.0.0/jre/lib/i386:/usr/lib/jvm/java-1.7.0-icedtea-1.7.0.0/jre/../lib/i386:/usr/java/packages/lib/i386:/lib:/usr/lib
Mar 17, 2008 12:12:52 PM org.apache.coyote.http11.Http11BaseProtocol init
INFO: Initializing Coyote HTTP/1.1 on http-80
Mar 17, 2008 12:12:52 PM org.apache.catalina.startup.Catalina load
INFO: Initialization processed in 546 ms
Mar 17, 2008 12:12:52 PM org.apache.catalina.core.StandardService start
INFO: Starting service Catalina
Mar 17, 2008 12:12:52 PM org.apache.catalina.core.StandardEngine start
INFO: Starting Servlet Engine: Apache Tomcat/5.5.12
Mar 17, 2008 12:12:52 PM org.apache.catalina.core.StandardHost start
INFO: XML validation disabled
Mar 17, 2008 12:12:52 PM org.apache.catalina.startup.HostConfig deployWAR
INFO: Deploying web application archive documentation.war
Mar 17, 2008 12:12:53 PM org.apache.coyote.http11.Http11BaseProtocol start
INFO: Starting Coyote HTTP/1.1 on http-80
Mar 17, 2008 12:12:53 PM org.apache.jk.common.ChannelSocket init
INFO: JK: ajp13 listening on /0.0.0.0:8009
Mar 17, 2008 12:12:53 PM org.apache.jk.server.JkMain start
INFO: Jk running ID=0 time=0/25  config=null
Mar 17, 2008 12:12:53 PM org.apache.catalina.storeconfig.StoreLoader load
INFO: Find registry server-registry.xml at classpath resource
Mar 17, 2008 12:12:53 PM org.apache.catalina.startup.Catalina start
INFO: Server startup in 1203 ms
Mar 18, 2008 10:23:42 AM org.apache.catalina.core.AprLifecycleListener lifecycleEvent
INFO: The Apache Portable Runtime which allows optimal performance in production environments was not found on the java.library.path: /usr/lib/jvm/java-1.7.0-icedtea-1.7.0.0/jre/lib/i386/client:/usr/lib/jvm/java-1.7.0-icedtea-1.7.0.0/jre/lib/i386:/usr/lib/jvm/java-1.7.0-icedtea-1.7.0.0/jre/../lib/i386:/usr/java/packages/lib/i386:/lib:/usr/lib
Mar 18, 2008 10:23:43 AM org.apache.coyote.http11.Http11BaseProtocol init
INFO: Initializing Coyote HTTP/1.1 on http-80
Mar 18, 2008 10:23:43 AM org.apache.catalina.startup.Catalina load
INFO: Initialization processed in 615 ms
Mar 18, 2008 10:23:43 AM org.apache.catalina.core.StandardService start
INFO: Starting service Catalina
Mar 18, 2008 10:23:43 AM org.apache.catalina.core.StandardEngine start
INFO: Starting Servlet Engine: Apache Tomcat/5.5.12
Mar 18, 2008 10:23:43 AM org.apache.catalina.core.StandardHost start
INFO: XML validation disabled
Mar 18, 2008 10:23:43 AM org.apache.catalina.startup.HostConfig deployWAR
INFO: Deploying web application archive documentation.war
Mar 18, 2008 10:23:45 AM org.apache.coyote.http11.Http11BaseProtocol start
INFO: Starting Coyote HTTP/1.1 on http-80
Mar 18, 2008 10:23:45 AM org.apache.jk.common.ChannelSocket init
INFO: JK: ajp13 listening on /0.0.0.0:8009
Mar 18, 2008 10:23:45 AM org.apache.jk.server.JkMain start
INFO: Jk running ID=0 time=0/79  config=null
Mar 18, 2008 10:23:45 AM org.apache.catalina.storeconfig.StoreLoader load
INFO: Find registry server-registry.xml at classpath resource
Mar 18, 2008 10:23:45 AM org.apache.catalina.startup.Catalina start
INFO: Server startup in 2575 ms
Mar 18, 2008 10:24:18 AM org.apache.coyote.http11.Http11BaseProtocol pause
INFO: Pausing Coyote HTTP/1.1 on http-80
Mar 18, 2008 10:24:19 AM org.apache.catalina.core.StandardService stop
INFO: Stopping service Catalina
Mar 18, 2008 10:24:19 AM org.apache.coyote.http11.Http11BaseProtocol destroy
INFO: Stopping Coyote HTTP/1.1 on http-80
Mar 18, 2008 10:24:19 AM org.apache.catalina.core.AprLifecycleListener lifecycleEvent
INFO: Failed shutdown of Apache Portable Runtime
Mar 18, 2008 10:35:36 AM org.apache.catalina.core.AprLifecycleListener lifecycleEvent
INFO: The Apache Portable Runtime which allows optimal performance in production environments was not found on the java.library.path: /usr/lib/jvm/java-1.7.0-icedtea-1.7.0.0/jre/lib/i386/client:/usr/lib/jvm/java-1.7.0-icedtea-1.7.0.0/jre/lib/i386:/usr/lib/jvm/java-1.7.0-icedtea-1.7.0.0/jre/../lib/i386:/usr/java/packages/lib/i386:/lib:/usr/lib
Mar 18, 2008 10:35:36 AM org.apache.coyote.http11.Http11BaseProtocol init
INFO: Initializing Coyote HTTP/1.1 on http-80
Mar 18, 2008 10:35:36 AM org.apache.catalina.startup.Catalina load
INFO: Initialization processed in 649 ms
Mar 18, 2008 10:35:36 AM org.apache.catalina.core.StandardService start
INFO: Starting service Catalina
Mar 18, 2008 10:35:36 AM org.apache.catalina.core.StandardEngine start
INFO: Starting Servlet Engine: Apache Tomcat/5.5.12
Mar 18, 2008 10:35:36 AM org.apache.catalina.core.StandardHost start
INFO: XML validation disabled
Mar 18, 2008 10:35:37 AM org.apache.catalina.startup.HostConfig deployWAR
INFO: Deploying web application archive documentation.war
Mar 18, 2008 10:35:37 AM org.apache.coyote.http11.Http11BaseProtocol start
INFO: Starting Coyote HTTP/1.1 on http-80
Mar 18, 2008 10:35:37 AM org.apache.jk.common.ChannelSocket init
INFO: JK: ajp13 listening on /0.0.0.0:8009
Mar 18, 2008 10:35:37 AM org.apache.jk.server.JkMain start
INFO: Jk running ID=0 time=0/23  config=null
Mar 18, 2008 10:35:38 AM org.apache.catalina.storeconfig.StoreLoader load
INFO: Find registry server-registry.xml at classpath resource
Mar 18, 2008 10:35:38 AM org.apache.catalina.startup.Catalina start
INFO: Server startup in 1545 ms
Mar 18, 2008 10:35:51 AM org.apache.coyote.http11.Http11BaseProtocol pause
INFO: Pausing Coyote HTTP/1.1 on http-80
Mar 18, 2008 10:35:52 AM org.apache.catalina.core.StandardService stop
INFO: Stopping service Catalina
Mar 18, 2008 10:35:52 AM org.apache.coyote.http11.Http11BaseProtocol destroy
INFO: Stopping Coyote HTTP/1.1 on http-80
Mar 18, 2008 10:35:52 AM org.apache.catalina.core.AprLifecycleListener lifecycleEvent
INFO: Failed shutdown of Apache Portable Runtime
Mar 18, 2008 10:37:09 AM org.apache.catalina.core.AprLifecycleListener lifecycleEvent
INFO: The Apache Portable Runtime which allows optimal performance in production environments was not found on the java.library.path: /usr/lib/jvm/java-1.7.0-icedtea-1.7.0.0/jre/lib/i386/client:/usr/lib/jvm/java-1.7.0-icedtea-1.7.0.0/jre/lib/i386:/usr/lib/jvm/java-1.7.0-icedtea-1.7.0.0/jre/../lib/i386:/usr/java/packages/lib/i386:/lib:/usr/lib
Mar 18, 2008 10:37:09 AM org.apache.coyote.http11.Http11BaseProtocol init
INFO: Initializing Coyote HTTP/1.1 on http-80
Mar 18, 2008 10:37:09 AM org.apache.catalina.startup.Catalina load
INFO: Initialization processed in 655 ms
Mar 18, 2008 10:37:09 AM org.apache.catalina.core.StandardService start
INFO: Starting service Catalina
Mar 18, 2008 10:37:09 AM org.apache.catalina.core.StandardEngine start
INFO: Starting Servlet Engine: Apache Tomcat/5.5.12
Mar 18, 2008 10:37:09 AM org.apache.catalina.core.StandardHost start
INFO: XML validation disabled
Mar 18, 2008 10:37:09 AM org.apache.catalina.startup.HostConfig deployWAR
INFO: Deploying web application archive documentation.war
Mar 18, 2008 10:37:10 AM org.apache.coyote.http11.Http11BaseProtocol start
INFO: Starting Coyote HTTP/1.1 on http-80
Mar 18, 2008 10:37:10 AM org.apache.jk.common.ChannelSocket init
INFO: JK: ajp13 listening on /0.0.0.0:8009
Mar 18, 2008 10:37:10 AM org.apache.jk.server.JkMain start
INFO: Jk running ID=0 time=0/22  config=null
Mar 18, 2008 10:37:10 AM org.apache.catalina.storeconfig.StoreLoader load
INFO: Find registry server-registry.xml at classpath resource
Mar 18, 2008 10:37:10 AM org.apache.catalina.startup.Catalina start
INFO: Server startup in 1446 ms
Mar 18, 2008 10:37:28 AM org.apache.coyote.http11.Http11BaseProtocol pause
INFO: Pausing Coyote HTTP/1.1 on http-80
Mar 18, 2008 10:37:29 AM org.apache.catalina.core.StandardService stop
INFO: Stopping service Catalina
Mar 18, 2008 10:37:29 AM org.apache.coyote.http11.Http11BaseProtocol destroy
INFO: Stopping Coyote HTTP/1.1 on http-80
Mar 18, 2008 10:37:29 AM org.apache.catalina.core.AprLifecycleListener lifecycleEvent
INFO: Failed shutdown of Apache Portable Runtime
Mar 18, 2008 10:39:15 AM org.apache.catalina.core.AprLifecycleListener lifecycleEvent
INFO: The Apache Portable Runtime which allows optimal performance in production environments was not found on the java.library.path: /usr/lib/jvm/java-1.7.0-icedtea-1.7.0.0/jre/lib/i386/client:/usr/lib/jvm/java-1.7.0-icedtea-1.7.0.0/jre/lib/i386:/usr/lib/jvm/java-1.7.0-icedtea-1.7.0.0/jre/../lib/i386:/usr/java/packages/lib/i386:/lib:/usr/lib
Mar 18, 2008 10:39:15 AM org.apache.coyote.http11.Http11BaseProtocol init
INFO: Initializing Coyote HTTP/1.1 on http-80
Mar 18, 2008 10:39:15 AM org.apache.catalina.startup.Catalina load
INFO: Initialization processed in 1242 ms
Mar 18, 2008 10:39:16 AM org.apache.catalina.core.StandardService start
INFO: Starting service Catalina
Mar 18, 2008 10:39:16 AM org.apache.catalina.core.StandardEngine start
INFO: Starting Servlet Engine: Apache Tomcat/5.5.12
Mar 18, 2008 10:39:16 AM org.apache.catalina.core.StandardHost start
INFO: XML validation disabled
Mar 18, 2008 10:39:17 AM org.apache.catalina.startup.HostConfig deployWAR
INFO: Deploying web application archive documentation.war
Mar 18, 2008 10:39:18 AM org.apache.coyote.http11.Http11BaseProtocol start
INFO: Starting Coyote HTTP/1.1 on http-80
Mar 18, 2008 10:39:18 AM org.apache.jk.common.ChannelSocket init
INFO: JK: ajp13 listening on /0.0.0.0:8009
Mar 18, 2008 10:39:18 AM org.apache.jk.server.JkMain start
INFO: Jk running ID=0 time=0/61  config=null
Mar 18, 2008 10:39:18 AM org.apache.catalina.storeconfig.StoreLoader load
INFO: Find registry server-registry.xml at classpath resource
Mar 18, 2008 10:39:18 AM org.apache.catalina.startup.Catalina start
INFO: Server startup in 2780 ms
Mar 18, 2008 11:03:58 AM org.apache.coyote.http11.Http11BaseProtocol pause
INFO: Pausing Coyote HTTP/1.1 on http-80
Mar 18, 2008 11:03:59 AM org.apache.catalina.core.StandardService stop
INFO: Stopping service Catalina
Mar 18, 2008 11:03:59 AM org.apache.coyote.http11.Http11BaseProtocol destroy
INFO: Stopping Coyote HTTP/1.1 on http-80
Mar 18, 2008 11:03:59 AM org.apache.catalina.core.AprLifecycleListener lifecycleEvent
INFO: Failed shutdown of Apache Portable Runtime
Mar 18, 2008 11:04:34 AM org.apache.catalina.core.AprLifecycleListener lifecycleEvent
INFO: The Apache Portable Runtime which allows optimal performance in production environments was not found on the java.library.path: /usr/lib/jvm/java-1.7.0-icedtea-1.7.0.0/jre/lib/i386/client:/usr/lib/jvm/java-1.7.0-icedtea-1.7.0.0/jre/lib/i386:/usr/lib/jvm/java-1.7.0-icedtea-1.7.0.0/jre/../lib/i386:/usr/java/packages/lib/i386:/lib:/usr/lib
Mar 18, 2008 11:04:34 AM org.apache.coyote.http11.Http11BaseProtocol init
INFO: Initializing Coyote HTTP/1.1 on http-80
Mar 18, 2008 11:04:34 AM org.apache.catalina.startup.Catalina load
INFO: Initialization processed in 541 ms
Mar 18, 2008 11:04:34 AM org.apache.catalina.core.StandardService start
INFO: Starting service Catalina
Mar 18, 2008 11:04:34 AM org.apache.catalina.core.StandardEngine start
INFO: Starting Servlet Engine: Apache Tomcat/5.5.12
Mar 18, 2008 11:04:34 AM org.apache.catalina.core.StandardHost start
INFO: XML validation disabled
Mar 18, 2008 11:04:34 AM org.apache.catalina.startup.HostConfig deployWAR
INFO: Deploying web application archive documentation.war
Mar 18, 2008 11:04:35 AM org.apache.coyote.http11.Http11BaseProtocol start
INFO: Starting Coyote HTTP/1.1 on http-80
Mar 18, 2008 11:04:35 AM org.apache.jk.common.ChannelSocket init
INFO: JK: ajp13 listening on /0.0.0.0:8009
Mar 18, 2008 11:04:35 AM org.apache.jk.server.JkMain start
INFO: Jk running ID=0 time=0/54  config=null
Mar 18, 2008 11:04:35 AM org.apache.catalina.storeconfig.StoreLoader load
INFO: Find registry server-registry.xml at classpath resource
Mar 18, 2008 11:04:35 AM org.apache.catalina.startup.Catalina start
INFO: Server startup in 1616 ms
Mar 18, 2008 11:05:04 AM org.apache.coyote.http11.Http11BaseProtocol pause
INFO: Pausing Coyote HTTP/1.1 on http-80
Mar 18, 2008 11:05:05 AM org.apache.catalina.core.StandardService stop
INFO: Stopping service Catalina
Mar 18, 2008 11:05:05 AM org.apache.coyote.http11.Http11BaseProtocol destroy
INFO: Stopping Coyote HTTP/1.1 on http-80
Mar 18, 2008 11:05:05 AM org.apache.catalina.core.AprLifecycleListener lifecycleEvent
INFO: Failed shutdown of Apache Portable Runtime
Mar 18, 2008 11:05:33 AM org.apache.catalina.core.AprLifecycleListener lifecycleEvent
INFO: The Apache Portable Runtime which allows optimal performance in production environments was not found on the java.library.path: /usr/lib/jvm/java-1.7.0-icedtea-1.7.0.0/jre/lib/i386/client:/usr/lib/jvm/java-1.7.0-icedtea-1.7.0.0/jre/lib/i386:/usr/lib/jvm/java-1.7.0-icedtea-1.7.0.0/jre/../lib/i386:/usr/java/packages/lib/i386:/lib:/usr/lib
Mar 18, 2008 11:05:33 AM org.apache.coyote.http11.Http11BaseProtocol init
INFO: Initializing Coyote HTTP/1.1 on http-80
Mar 18, 2008 11:05:33 AM org.apache.catalina.startup.Catalina load
INFO: Initialization processed in 654 ms
Mar 18, 2008 11:05:33 AM org.apache.catalina.core.StandardService start
INFO: Starting service Catalina
Mar 18, 2008 11:05:33 AM org.apache.catalina.core.StandardEngine start
INFO: Starting Servlet Engine: Apache Tomcat/5.5.12
Mar 18, 2008 11:05:33 AM org.apache.catalina.core.StandardHost start
INFO: XML validation disabled
Mar 18, 2008 11:05:33 AM org.apache.catalina.startup.HostConfig deployWAR
INFO: Deploying web application archive documentation.war
Mar 18, 2008 11:05:34 AM org.apache.coyote.http11.Http11BaseProtocol start
INFO: Starting Coyote HTTP/1.1 on http-80
Mar 18, 2008 11:05:34 AM org.apache.jk.common.ChannelSocket init
INFO: JK: ajp13 listening on /0.0.0.0:8009
Mar 18, 2008 11:05:34 AM org.apache.jk.server.JkMain start
INFO: Jk running ID=0 time=0/20  config=null
Mar 18, 2008 11:05:34 AM org.apache.catalina.storeconfig.StoreLoader load
INFO: Find registry server-registry.xml at classpath resource
Mar 18, 2008 11:05:34 AM org.apache.catalina.startup.Catalina start
INFO: Server startup in 1371 ms
Mar 18, 2008 11:05:39 AM org.apache.coyote.http11.Http11BaseProtocol pause
INFO: Pausing Coyote HTTP/1.1 on http-80
Mar 18, 2008 11:05:40 AM org.apache.catalina.core.StandardService stop
INFO: Stopping service Catalina
Mar 18, 2008 11:05:40 AM org.apache.coyote.http11.Http11BaseProtocol destroy
INFO: Stopping Coyote HTTP/1.1 on http-80
Mar 18, 2008 11:05:40 AM org.apache.catalina.core.AprLifecycleListener lifecycleEvent
INFO: Failed shutdown of Apache Portable Runtime
Mar 18, 2008 11:06:05 AM org.apache.catalina.core.AprLifecycleListener lifecycleEvent
INFO: The Apache Portable Runtime which allows optimal performance in production environments was not found on the java.library.path: /usr/lib/jvm/java-1.7.0-icedtea-1.7.0.0/jre/lib/i386/client:/usr/lib/jvm/java-1.7.0-icedtea-1.7.0.0/jre/lib/i386:/usr/lib/jvm/java-1.7.0-icedtea-1.7.0.0/jre/../lib/i386:/usr/java/packages/lib/i386:/lib:/usr/lib
Mar 18, 2008 11:06:05 AM org.apache.coyote.http11.Http11BaseProtocol init
INFO: Initializing Coyote HTTP/1.1 on http-80
Mar 18, 2008 11:06:05 AM org.apache.catalina.startup.Catalina load
INFO: Initialization processed in 771 ms
Mar 18, 2008 11:06:05 AM org.apache.catalina.core.StandardService start
INFO: Starting service Catalina
Mar 18, 2008 11:06:05 AM org.apache.catalina.core.StandardEngine start
INFO: Starting Servlet Engine: Apache Tomcat/5.5.12
Mar 18, 2008 11:06:05 AM org.apache.catalina.core.StandardHost start
INFO: XML validation disabled
Mar 18, 2008 11:06:06 AM org.apache.catalina.startup.HostConfig deployWAR
INFO: Deploying web application archive documentation.war
Mar 18, 2008 11:06:06 AM org.apache.coyote.http11.Http11BaseProtocol start
INFO: Starting Coyote HTTP/1.1 on http-80
Mar 18, 2008 11:06:06 AM org.apache.jk.common.ChannelSocket init
INFO: JK: ajp13 listening on /0.0.0.0:8009
Mar 18, 2008 11:06:06 AM org.apache.jk.server.JkMain start
INFO: Jk running ID=0 time=0/85  config=null
Mar 18, 2008 11:06:06 AM org.apache.catalina.storeconfig.StoreLoader load
INFO: Find registry server-registry.xml at classpath resource
Mar 18, 2008 11:06:06 AM org.apache.catalina.startup.Catalina start
INFO: Server startup in 1675 ms
Mar 18, 2008 11:17:41 AM org.apache.catalina.core.AprLifecycleListener lifecycleEvent
INFO: The Apache Portable Runtime which allows optimal performance in production environments was not found on the java.library.path: /usr/lib/jvm/java-1.7.0-icedtea-1.7.0.0/jre/lib/i386/client:/usr/lib/jvm/java-1.7.0-icedtea-1.7.0.0/jre/lib/i386:/usr/lib/jvm/java-1.7.0-icedtea-1.7.0.0/jre/../lib/i386:/usr/java/packages/lib/i386:/lib:/usr/lib
Mar 18, 2008 11:17:42 AM org.apache.coyote.http11.Http11BaseProtocol init
INFO: Initializing Coyote HTTP/1.1 on http-80
Mar 18, 2008 11:17:42 AM org.apache.catalina.startup.Catalina load
INFO: Initialization processed in 1754 ms
Mar 18, 2008 11:17:42 AM org.apache.catalina.core.StandardService start
INFO: Starting service Catalina
Mar 18, 2008 11:17:42 AM org.apache.catalina.core.StandardEngine start
INFO: Starting Servlet Engine: Apache Tomcat/5.5.12
Mar 18, 2008 11:17:42 AM org.apache.catalina.core.StandardHost start
INFO: XML validation disabled
Mar 18, 2008 11:17:43 AM org.apache.catalina.startup.HostConfig deployWAR
INFO: Deploying web application archive documentation.war
Mar 18, 2008 11:17:44 AM org.apache.coyote.http11.Http11BaseProtocol start
INFO: Starting Coyote HTTP/1.1 on http-80
Mar 18, 2008 11:17:44 AM org.apache.jk.common.ChannelSocket init
INFO: JK: ajp13 listening on /0.0.0.0:8009
Mar 18, 2008 11:17:44 AM org.apache.jk.server.JkMain start
INFO: Jk running ID=0 time=0/39  config=null
Mar 18, 2008 11:17:44 AM org.apache.catalina.storeconfig.StoreLoader load
INFO: Find registry server-registry.xml at classpath resource
Mar 18, 2008 11:17:45 AM org.apache.catalina.startup.Catalina start
INFO: Server startup in 3195 ms
Mar 18, 2008 11:29:45 AM org.apache.catalina.core.AprLifecycleListener lifecycleEvent
INFO: The Apache Portable Runtime which allows optimal performance in production environments was not found on the java.library.path: /usr/lib/jvm/java-1.7.0-icedtea-1.7.0.0/jre/lib/i386/client:/usr/lib/jvm/java-1.7.0-icedtea-1.7.0.0/jre/lib/i386:/usr/lib/jvm/java-1.7.0-icedtea-1.7.0.0/jre/../lib/i386:/usr/java/packages/lib/i386:/lib:/usr/lib
Mar 18, 2008 11:29:45 AM org.apache.coyote.http11.Http11BaseProtocol init
INFO: Initializing Coyote HTTP/1.1 on http-80
Mar 18, 2008 11:29:45 AM org.apache.catalina.startup.Catalina load
INFO: Initialization processed in 1792 ms
Mar 18, 2008 11:29:46 AM org.apache.catalina.core.StandardService start
INFO: Starting service Catalina
Mar 18, 2008 11:29:46 AM org.apache.catalina.core.StandardEngine start
INFO: Starting Servlet Engine: Apache Tomcat/5.5.12
Mar 18, 2008 11:29:46 AM org.apache.catalina.core.StandardHost start
INFO: XML validation disabled
Mar 18, 2008 11:29:47 AM org.apache.catalina.startup.HostConfig deployWAR
INFO: Deploying web application archive documentation.war
Mar 18, 2008 11:29:48 AM org.apache.coyote.http11.Http11BaseProtocol start
INFO: Starting Coyote HTTP/1.1 on http-80
Mar 18, 2008 11:29:49 AM org.apache.jk.common.ChannelSocket init
INFO: JK: ajp13 listening on /0.0.0.0:8009
Mar 18, 2008 11:29:49 AM org.apache.jk.server.JkMain start
INFO: Jk running ID=0 time=0/72  config=null
Mar 18, 2008 11:29:49 AM org.apache.catalina.storeconfig.StoreLoader load
INFO: Find registry server-registry.xml at classpath resource
Mar 18, 2008 11:29:49 AM org.apache.catalina.startup.Catalina start
INFO: Server startup in 3567 ms
Mar 19, 2008 3:16:42 PM org.apache.catalina.core.AprLifecycleListener lifecycleEvent
INFO: The Apache Portable Runtime which allows optimal performance in production environments was not found on the java.library.path: /usr/lib/jvm/java-1.7.0-icedtea-1.7.0.0/jre/lib/i386/client:/usr/lib/jvm/java-1.7.0-icedtea-1.7.0.0/jre/lib/i386:/usr/lib/jvm/java-1.7.0-icedtea-1.7.0.0/jre/../lib/i386:/usr/java/packages/lib/i386:/lib:/usr/lib
Mar 19, 2008 3:16:42 PM org.apache.coyote.http11.Http11BaseProtocol init
INFO: Initializing Coyote HTTP/1.1 on http-80
Mar 19, 2008 3:16:42 PM org.apache.catalina.startup.Catalina load
INFO: Initialization processed in 2014 ms
Mar 19, 2008 3:16:42 PM org.apache.catalina.core.StandardService start
INFO: Starting service Catalina
Mar 19, 2008 3:16:42 PM org.apache.catalina.core.StandardEngine start
INFO: Starting Servlet Engine: Apache Tomcat/5.5.12
Mar 19, 2008 3:16:42 PM org.apache.catalina.core.StandardHost start
INFO: XML validation disabled
Mar 19, 2008 3:16:43 PM org.apache.catalina.startup.HostConfig deployWAR
INFO: Deploying web application archive documentation.war
Mar 19, 2008 3:16:46 PM org.apache.coyote.http11.Http11BaseProtocol start
INFO: Starting Coyote HTTP/1.1 on http-80
Mar 19, 2008 3:16:46 PM org.apache.jk.common.ChannelSocket init
INFO: JK: ajp13 listening on /0.0.0.0:8009
Mar 19, 2008 3:16:46 PM org.apache.jk.server.JkMain start
INFO: Jk running ID=0 time=0/72  config=null
Mar 19, 2008 3:16:46 PM org.apache.catalina.storeconfig.StoreLoader load
INFO: Find registry server-registry.xml at classpath resource
Mar 19, 2008 3:16:46 PM org.apache.catalina.startup.Catalina start
INFO: Server startup in 4294 ms
Mar 20, 2008 8:21:19 AM org.apache.catalina.core.AprLifecycleListener lifecycleEvent
INFO: The Apache Portable Runtime which allows optimal performance in production environments was not found on the java.library.path: /usr/lib/jvm/java-1.7.0-icedtea-1.7.0.0/jre/lib/i386/client:/usr/lib/jvm/java-1.7.0-icedtea-1.7.0.0/jre/lib/i386:/usr/lib/jvm/java-1.7.0-icedtea-1.7.0.0/jre/../lib/i386:/usr/java/packages/lib/i386:/lib:/usr/lib
Mar 20, 2008 8:21:20 AM org.apache.coyote.http11.Http11BaseProtocol init
INFO: Initializing Coyote HTTP/1.1 on http-80
Mar 20, 2008 8:21:20 AM org.apache.catalina.startup.Catalina load
INFO: Initialization processed in 2251 ms
Mar 20, 2008 8:21:20 AM org.apache.catalina.core.StandardService start
INFO: Starting service Catalina
Mar 20, 2008 8:21:20 AM org.apache.catalina.core.StandardEngine start
INFO: Starting Servlet Engine: Apache Tomcat/5.5.12
Mar 20, 2008 8:21:20 AM org.apache.catalina.core.StandardHost start
INFO: XML validation disabled
Mar 20, 2008 8:21:21 AM org.apache.catalina.startup.HostConfig deployWAR
INFO: Deploying web application archive documentation.war
Mar 20, 2008 8:21:24 AM org.apache.coyote.http11.Http11BaseProtocol start
INFO: Starting Coyote HTTP/1.1 on http-80
Mar 20, 2008 8:21:24 AM org.apache.jk.common.ChannelSocket init
INFO: JK: ajp13 listening on /0.0.0.0:8009
Mar 20, 2008 8:21:24 AM org.apache.jk.server.JkMain start
INFO: Jk running ID=0 time=0/128  config=null
Mar 20, 2008 8:21:24 AM org.apache.catalina.storeconfig.StoreLoader load
INFO: Find registry server-registry.xml at classpath resource
Mar 20, 2008 8:21:24 AM org.apache.catalina.startup.Catalina start
INFO: Server startup in 4634 ms
Mar 20, 2008 12:25:23 PM org.apache.catalina.core.AprLifecycleListener lifecycleEvent
INFO: The Apache Portable Runtime which allows optimal performance in production environments was not found on the java.library.path: /usr/lib/jvm/java-1.7.0-icedtea-1.7.0.0/jre/lib/i386/client:/usr/lib/jvm/java-1.7.0-icedtea-1.7.0.0/jre/lib/i386:/usr/lib/jvm/java-1.7.0-icedtea-1.7.0.0/jre/../lib/i386:/usr/java/packages/lib/i386:/lib:/usr/lib
Mar 20, 2008 12:25:23 PM org.apache.coyote.http11.Http11BaseProtocol init
INFO: Initializing Coyote HTTP/1.1 on http-80
Mar 20, 2008 12:25:23 PM org.apache.catalina.startup.Catalina load
INFO: Initialization processed in 621 ms
Mar 20, 2008 12:25:23 PM org.apache.catalina.core.StandardService start
INFO: Starting service Catalina
Mar 20, 2008 12:25:23 PM org.apache.catalina.core.StandardEngine start
INFO: Starting Servlet Engine: Apache Tomcat/5.5.12
Mar 20, 2008 12:25:23 PM org.apache.catalina.core.StandardHost start
INFO: XML validation disabled
Mar 20, 2008 12:25:24 PM org.apache.catalina.startup.HostConfig deployWAR
INFO: Deploying web application archive documentation.war
Mar 20, 2008 12:25:24 PM org.apache.coyote.http11.Http11BaseProtocol start
INFO: Starting Coyote HTTP/1.1 on http-80
Mar 20, 2008 12:25:24 PM org.apache.jk.common.ChannelSocket init
INFO: JK: ajp13 listening on /0.0.0.0:8009
Mar 20, 2008 12:25:24 PM org.apache.jk.server.JkMain start
INFO: Jk running ID=0 time=0/25  config=null
Mar 20, 2008 12:25:24 PM org.apache.catalina.storeconfig.StoreLoader load
INFO: Find registry server-registry.xml at classpath resource
Mar 20, 2008 12:25:24 PM org.apache.catalina.startup.Catalina start
INFO: Server startup in 1365 ms
Mar 20, 2008 12:37:07 PM org.apache.coyote.http11.Http11BaseProtocol pause
INFO: Pausing Coyote HTTP/1.1 on http-80
Mar 20, 2008 12:42:18 PM org.apache.catalina.core.AprLifecycleListener lifecycleEvent
INFO: The Apache Portable Runtime which allows optimal performance in production environments was not found on the java.library.path: /usr/lib/jvm/java-1.7.0-icedtea-1.7.0.0/jre/lib/i386/client:/usr/lib/jvm/java-1.7.0-icedtea-1.7.0.0/jre/lib/i386:/usr/lib/jvm/java-1.7.0-icedtea-1.7.0.0/jre/../lib/i386:/usr/java/packages/lib/i386:/lib:/usr/lib
Mar 20, 2008 12:42:18 PM org.apache.coyote.http11.Http11BaseProtocol init
INFO: Initializing Coyote HTTP/1.1 on http-80
Mar 20, 2008 12:42:18 PM org.apache.catalina.startup.Catalina load
INFO: Initialization processed in 805 ms
Mar 20, 2008 12:42:18 PM org.apache.catalina.core.StandardService start
INFO: Starting service Catalina
Mar 20, 2008 12:42:18 PM org.apache.catalina.core.StandardEngine start
INFO: Starting Servlet Engine: Apache Tomcat/5.5.12
Mar 20, 2008 12:42:18 PM org.apache.catalina.core.StandardHost start
INFO: XML validation disabled
Mar 20, 2008 12:42:19 PM org.apache.catalina.startup.HostConfig deployWAR
INFO: Deploying web application archive documentation.war
Mar 20, 2008 12:42:20 PM org.apache.coyote.http11.Http11BaseProtocol start
INFO: Starting Coyote HTTP/1.1 on http-80
Mar 20, 2008 12:42:20 PM org.apache.jk.common.ChannelSocket init
INFO: JK: ajp13 listening on /0.0.0.0:8009
Mar 20, 2008 12:42:20 PM org.apache.jk.server.JkMain start
INFO: Jk running ID=0 time=0/26  config=null
Mar 20, 2008 12:42:20 PM org.apache.catalina.storeconfig.StoreLoader load
INFO: Find registry server-registry.xml at classpath resource
Mar 20, 2008 12:42:20 PM org.apache.catalina.startup.Catalina start
INFO: Server startup in 2080 ms
Mar 20, 2008 12:58:36 PM org.apache.coyote.http11.Http11BaseProtocol pause
INFO: Pausing Coyote HTTP/1.1 on http-80
Mar 20, 2008 12:58:36 PM org.apache.catalina.connector.Connector pause
SEVERE: Protocol handler pause failed
java.net.SocketException: Network is unreachable
	at java.net.PlainSocketImpl.socketConnect(Native Method)
	at java.net.AbstractPlainSocketImpl.doConnect(AbstractPlainSocketImpl.java:311)
	at java.net.AbstractPlainSocketImpl.connectToAddress(AbstractPlainSocketImpl.java:177)
	at java.net.AbstractPlainSocketImpl.connect(AbstractPlainSocketImpl.java:164)
	at java.net.SocksSocketImpl.connect(SocksSocketImpl.java:381)
	at java.net.Socket.connect(Socket.java:569)
	at java.net.Socket.connect(Socket.java:519)
	at java.net.Socket.<init>(Socket.java:416)
	at java.net.Socket.<init>(Socket.java:233)
	at org.apache.jk.common.ChannelSocket.unLockSocket(ChannelSocket.java:463)
	at org.apache.jk.common.ChannelSocket.pause(ChannelSocket.java:270)
	at org.apache.jk.server.JkMain.pause(JkMain.java:679)
	at org.apache.jk.server.JkCoyoteHandler.pause(JkCoyoteHandler.java:162)
	at org.apache.catalina.connector.Connector.pause(Connector.java:1031)
	at org.apache.catalina.core.StandardService.stop(StandardService.java:491)
	at org.apache.catalina.core.StandardServer.stop(StandardServer.java:714)
	at org.apache.catalina.startup.Catalina.stop(Catalina.java:586)
	at org.apache.catalina.startup.Catalina$CatalinaShutdownHook.run(Catalina.java:629)
Mar 20, 2008 12:59:36 PM org.apache.catalina.core.AprLifecycleListener lifecycleEvent
INFO: The Apache Portable Runtime which allows optimal performance in production environments was not found on the java.library.path: /usr/lib/jvm/java-1.7.0-icedtea-1.7.0.0/jre/lib/i386/client:/usr/lib/jvm/java-1.7.0-icedtea-1.7.0.0/jre/lib/i386:/usr/lib/jvm/java-1.7.0-icedtea-1.7.0.0/jre/../lib/i386:/usr/java/packages/lib/i386:/lib:/usr/lib
Mar 20, 2008 12:59:36 PM org.apache.coyote.http11.Http11BaseProtocol init
INFO: Initializing Coyote HTTP/1.1 on http-80
Mar 20, 2008 12:59:36 PM org.apache.catalina.startup.Catalina load
INFO: Initialization processed in 778 ms
Mar 20, 2008 12:59:36 PM org.apache.catalina.core.StandardService start
INFO: Starting service Catalina
Mar 20, 2008 12:59:36 PM org.apache.catalina.core.StandardEngine start
INFO: Starting Servlet Engine: Apache Tomcat/5.5.12
Mar 20, 2008 12:59:36 PM org.apache.catalina.core.StandardHost start
INFO: XML validation disabled
Mar 20, 2008 12:59:37 PM org.apache.catalina.startup.HostConfig deployWAR
INFO: Deploying web application archive documentation.war
Mar 20, 2008 12:59:38 PM org.apache.coyote.http11.Http11BaseProtocol start
INFO: Starting Coyote HTTP/1.1 on http-80
Mar 20, 2008 12:59:38 PM org.apache.jk.common.ChannelSocket init
INFO: JK: ajp13 listening on /0.0.0.0:8009
Mar 20, 2008 12:59:38 PM org.apache.jk.server.JkMain start
INFO: Jk running ID=0 time=0/30  config=null
Mar 20, 2008 12:59:38 PM org.apache.catalina.storeconfig.StoreLoader load
INFO: Find registry server-registry.xml at classpath resource
Mar 20, 2008 12:59:38 PM org.apache.catalina.startup.Catalina start
INFO: Server startup in 1404 ms
Mar 20, 2008 3:05:29 PM org.apache.coyote.http11.Http11BaseProtocol pause
INFO: Pausing Coyote HTTP/1.1 on http-80
Mar 20, 2008 3:28:06 PM org.apache.catalina.core.AprLifecycleListener lifecycleEvent
INFO: The Apache Portable Runtime which allows optimal performance in production environments was not found on the java.library.path: /usr/lib/jvm/java-1.7.0-icedtea-1.7.0.0/jre/lib/i386/client:/usr/lib/jvm/java-1.7.0-icedtea-1.7.0.0/jre/lib/i386:/usr/lib/jvm/java-1.7.0-icedtea-1.7.0.0/jre/../lib/i386:/usr/java/packages/lib/i386:/lib:/usr/lib
Mar 20, 2008 3:28:06 PM org.apache.coyote.http11.Http11BaseProtocol init
INFO: Initializing Coyote HTTP/1.1 on http-80
Mar 20, 2008 3:28:06 PM org.apache.catalina.startup.Catalina load
INFO: Initialization processed in 1222 ms
Mar 20, 2008 3:28:06 PM org.apache.catalina.core.StandardService start
INFO: Starting service Catalina
Mar 20, 2008 3:28:06 PM org.apache.catalina.core.StandardEngine start
INFO: Starting Servlet Engine: Apache Tomcat/5.5.12
Mar 20, 2008 3:28:06 PM org.apache.catalina.core.StandardHost start
INFO: XML validation disabled
Mar 20, 2008 3:28:07 PM org.apache.catalina.startup.HostConfig deployWAR
INFO: Deploying web application archive documentation.war
Mar 20, 2008 3:28:08 PM org.apache.coyote.http11.Http11BaseProtocol start
INFO: Starting Coyote HTTP/1.1 on http-80
Mar 20, 2008 3:28:08 PM org.apache.jk.common.ChannelSocket init
INFO: JK: ajp13 listening on /0.0.0.0:8009
Mar 20, 2008 3:28:08 PM org.apache.jk.server.JkMain start
INFO: Jk running ID=0 time=0/22  config=null
Mar 20, 2008 3:28:08 PM org.apache.catalina.storeconfig.StoreLoader load
INFO: Find registry server-registry.xml at classpath resource
Mar 20, 2008 3:28:08 PM org.apache.catalina.startup.Catalina start
INFO: Server startup in 1459 ms
Mar 20, 2008 4:34:46 PM org.apache.coyote.http11.Http11BaseProtocol pause
INFO: Pausing Coyote HTTP/1.1 on http-80
Mar 20, 2008 4:35:52 PM org.apache.catalina.core.AprLifecycleListener lifecycleEvent
INFO: The Apache Portable Runtime which allows optimal performance in production environments was not found on the java.library.path: /usr/lib/jvm/java-1.7.0-icedtea-1.7.0.0/jre/lib/i386/client:/usr/lib/jvm/java-1.7.0-icedtea-1.7.0.0/jre/lib/i386:/usr/lib/jvm/java-1.7.0-icedtea-1.7.0.0/jre/../lib/i386:/usr/java/packages/lib/i386:/lib:/usr/lib
Mar 20, 2008 4:35:53 PM org.apache.coyote.http11.Http11BaseProtocol init
INFO: Initializing Coyote HTTP/1.1 on http-80
Mar 20, 2008 4:35:53 PM org.apache.catalina.startup.Catalina load
INFO: Initialization processed in 1309 ms
Mar 20, 2008 4:35:53 PM org.apache.catalina.core.StandardService start
INFO: Starting service Catalina
Mar 20, 2008 4:35:53 PM org.apache.catalina.core.StandardEngine start
INFO: Starting Servlet Engine: Apache Tomcat/5.5.12
Mar 20, 2008 4:35:53 PM org.apache.catalina.core.StandardHost start
INFO: XML validation disabled
Mar 20, 2008 4:35:53 PM org.apache.catalina.startup.HostConfig deployWAR
INFO: Deploying web application archive documentation.war
Mar 20, 2008 4:35:54 PM org.apache.coyote.http11.Http11BaseProtocol start
INFO: Starting Coyote HTTP/1.1 on http-80
Mar 20, 2008 4:35:54 PM org.apache.jk.common.ChannelSocket init
INFO: JK: ajp13 listening on /0.0.0.0:8009
Mar 20, 2008 4:35:54 PM org.apache.jk.server.JkMain start
INFO: Jk running ID=0 time=0/70  config=null
Mar 20, 2008 4:35:54 PM org.apache.catalina.storeconfig.StoreLoader load
INFO: Find registry server-registry.xml at classpath resource
Mar 20, 2008 4:35:55 PM org.apache.catalina.startup.Catalina start
INFO: Server startup in 1954 ms
Mar 21, 2008 11:30:24 AM org.apache.coyote.http11.Http11BaseProtocol pause
INFO: Pausing Coyote HTTP/1.1 on http-80
Mar 21, 2008 11:31:44 AM org.apache.catalina.core.AprLifecycleListener lifecycleEvent
INFO: The Apache Portable Runtime which allows optimal performance in production environments was not found on the java.library.path: /usr/lib/jvm/java-1.7.0-icedtea-1.7.0.0/jre/lib/i386/client:/usr/lib/jvm/java-1.7.0-icedtea-1.7.0.0/jre/lib/i386:/usr/lib/jvm/java-1.7.0-icedtea-1.7.0.0/jre/../lib/i386:/usr/java/packages/lib/i386:/lib:/usr/lib
Mar 21, 2008 11:31:44 AM org.apache.coyote.http11.Http11BaseProtocol init
INFO: Initializing Coyote HTTP/1.1 on http-80
Mar 21, 2008 11:31:44 AM org.apache.catalina.startup.Catalina load
INFO: Initialization processed in 1276 ms
Mar 21, 2008 11:31:44 AM org.apache.catalina.core.StandardService start
INFO: Starting service Catalina
Mar 21, 2008 11:31:44 AM org.apache.catalina.core.StandardEngine start
INFO: Starting Servlet Engine: Apache Tomcat/5.5.12
Mar 21, 2008 11:31:44 AM org.apache.catalina.core.StandardHost start
INFO: XML validation disabled
Mar 21, 2008 11:31:45 AM org.apache.catalina.startup.HostConfig deployWAR
INFO: Deploying web application archive documentation.war
Mar 21, 2008 11:31:45 AM org.apache.coyote.http11.Http11BaseProtocol start
INFO: Starting Coyote HTTP/1.1 on http-80
Mar 21, 2008 11:31:45 AM org.apache.jk.common.ChannelSocket init
INFO: JK: ajp13 listening on /0.0.0.0:8009
Mar 21, 2008 11:31:45 AM org.apache.jk.server.JkMain start
INFO: Jk running ID=0 time=0/22  config=null
Mar 21, 2008 11:31:46 AM org.apache.catalina.storeconfig.StoreLoader load
INFO: Find registry server-registry.xml at classpath resource
Mar 21, 2008 11:31:46 AM org.apache.catalina.startup.Catalina start
INFO: Server startup in 1606 ms
Mar 28, 2008 8:28:12 AM org.apache.catalina.core.AprLifecycleListener lifecycleEvent
INFO: The Apache Portable Runtime which allows optimal performance in production environments was not found on the java.library.path: /usr/lib/jvm/java-1.7.0-icedtea-1.7.0.0/jre/lib/i386/client:/usr/lib/jvm/java-1.7.0-icedtea-1.7.0.0/jre/lib/i386:/usr/lib/jvm/java-1.7.0-icedtea-1.7.0.0/jre/../lib/i386:/usr/java/packages/lib/i386:/lib:/usr/lib
Mar 28, 2008 8:28:12 AM org.apache.coyote.http11.Http11BaseProtocol init
INFO: Initializing Coyote HTTP/1.1 on http-80
Mar 28, 2008 8:28:12 AM org.apache.catalina.startup.Catalina load
INFO: Initialization processed in 1050 ms
Mar 28, 2008 8:28:12 AM org.apache.catalina.core.StandardService start
INFO: Starting service Catalina
Mar 28, 2008 8:28:12 AM org.apache.catalina.core.StandardEngine start
INFO: Starting Servlet Engine: Apache Tomcat/5.5.12
Mar 28, 2008 8:28:12 AM org.apache.catalina.core.StandardHost start
INFO: XML validation disabled
Mar 28, 2008 8:28:13 AM org.apache.catalina.startup.HostConfig deployWAR
INFO: Deploying web application archive documentation.war
Mar 28, 2008 8:28:14 AM org.apache.coyote.http11.Http11BaseProtocol start
INFO: Starting Coyote HTTP/1.1 on http-80
Mar 28, 2008 8:28:14 AM org.apache.jk.common.ChannelSocket init
INFO: JK: ajp13 listening on /0.0.0.0:8009
Mar 28, 2008 8:28:14 AM org.apache.jk.server.JkMain start
INFO: Jk running ID=0 time=0/42  config=null
Mar 28, 2008 8:28:14 AM org.apache.catalina.storeconfig.StoreLoader load
INFO: Find registry server-registry.xml at classpath resource
Mar 28, 2008 8:28:14 AM org.apache.catalina.startup.Catalina start
INFO: Server startup in 2246 ms
Apr 7, 2008 3:38:12 PM org.apache.catalina.core.AprLifecycleListener lifecycleEvent
INFO: The Apache Portable Runtime which allows optimal performance in production environments was not found on the java.library.path: /usr/lib/jvm/java-1.7.0-icedtea-1.7.0.0/jre/lib/i386/client:/usr/lib/jvm/java-1.7.0-icedtea-1.7.0.0/jre/lib/i386:/usr/lib/jvm/java-1.7.0-icedtea-1.7.0.0/jre/../lib/i386:/usr/java/packages/lib/i386:/lib:/usr/lib
Apr 7, 2008 3:38:12 PM org.apache.coyote.http11.Http11BaseProtocol init
INFO: Initializing Coyote HTTP/1.1 on http-80
Apr 7, 2008 3:38:12 PM org.apache.catalina.startup.Catalina load
INFO: Initialization processed in 1077 ms
Apr 7, 2008 3:38:12 PM org.apache.catalina.core.StandardService start
INFO: Starting service Catalina
Apr 7, 2008 3:38:12 PM org.apache.catalina.core.StandardEngine start
INFO: Starting Servlet Engine: Apache Tomcat/5.5.12
Apr 7, 2008 3:38:12 PM org.apache.catalina.core.StandardHost start
INFO: XML validation disabled
Apr 7, 2008 3:38:13 PM org.apache.catalina.startup.HostConfig deployWAR
INFO: Deploying web application archive documentation.war
Apr 7, 2008 3:38:14 PM org.apache.coyote.http11.Http11BaseProtocol start
INFO: Starting Coyote HTTP/1.1 on http-80
Apr 7, 2008 3:38:14 PM org.apache.jk.common.ChannelSocket init
INFO: JK: ajp13 listening on /0.0.0.0:8009
Apr 7, 2008 3:38:14 PM org.apache.jk.server.JkMain start
INFO: Jk running ID=0 time=0/43  config=null
Apr 7, 2008 3:38:14 PM org.apache.catalina.storeconfig.StoreLoader load
INFO: Find registry server-registry.xml at classpath resource
Apr 7, 2008 3:38:14 PM org.apache.catalina.startup.Catalina start
INFO: Server startup in 2073 ms
Apr 7, 2008 4:12:20 PM org.apache.catalina.core.AprLifecycleListener lifecycleEvent
INFO: The Apache Portable Runtime which allows optimal performance in production environments was not found on the java.library.path: /usr/lib/jvm/java-1.7.0-icedtea-1.7.0.0/jre/lib/i386/client:/usr/lib/jvm/java-1.7.0-icedtea-1.7.0.0/jre/lib/i386:/usr/lib/jvm/java-1.7.0-icedtea-1.7.0.0/jre/../lib/i386:/usr/java/packages/lib/i386:/lib:/usr/lib
Apr 7, 2008 4:12:20 PM org.apache.coyote.http11.Http11BaseProtocol init
INFO: Initializing Coyote HTTP/1.1 on http-80
Apr 7, 2008 4:12:20 PM org.apache.catalina.startup.Catalina load
INFO: Initialization processed in 1313 ms
Apr 7, 2008 4:12:20 PM org.apache.catalina.core.StandardService start
INFO: Starting service Catalina
Apr 7, 2008 4:12:20 PM org.apache.catalina.core.StandardEngine start
INFO: Starting Servlet Engine: Apache Tomcat/5.5.12
Apr 7, 2008 4:12:20 PM org.apache.catalina.core.StandardHost start
INFO: XML validation disabled
Apr 7, 2008 4:12:21 PM org.apache.catalina.startup.HostConfig deployWAR
INFO: Deploying web application archive documentation.war
Apr 7, 2008 4:12:21 PM org.apache.coyote.http11.Http11BaseProtocol start
INFO: Starting Coyote HTTP/1.1 on http-80
Apr 7, 2008 4:12:22 PM org.apache.jk.common.ChannelSocket init
INFO: JK: ajp13 listening on /0.0.0.0:8009
Apr 7, 2008 4:12:22 PM org.apache.jk.server.JkMain start
INFO: Jk running ID=0 time=0/18  config=null
Apr 7, 2008 4:12:22 PM org.apache.catalina.storeconfig.StoreLoader load
INFO: Find registry server-registry.xml at classpath resource
Apr 7, 2008 4:12:22 PM org.apache.catalina.startup.Catalina start
INFO: Server startup in 1504 ms
Apr 9, 2008 11:22:59 AM org.apache.coyote.http11.Http11BaseProtocol pause
INFO: Pausing Coyote HTTP/1.1 on http-80
Apr 10, 2008 7:15:38 AM org.apache.catalina.core.AprLifecycleListener lifecycleEvent
INFO: The Apache Portable Runtime which allows optimal performance in production environments was not found on the java.library.path: /usr/lib/jvm/java-1.7.0-icedtea-1.7.0.0/jre/lib/i386/client:/usr/lib/jvm/java-1.7.0-icedtea-1.7.0.0/jre/lib/i386:/usr/lib/jvm/java-1.7.0-icedtea-1.7.0.0/jre/../lib/i386:/usr/java/packages/lib/i386:/lib:/usr/lib
Apr 10, 2008 7:15:38 AM org.apache.coyote.http11.Http11BaseProtocol init
INFO: Initializing Coyote HTTP/1.1 on http-80
Apr 10, 2008 7:15:38 AM org.apache.catalina.startup.Catalina load
INFO: Initialization processed in 934 ms
Apr 10, 2008 7:15:38 AM org.apache.catalina.core.StandardService start
INFO: Starting service Catalina
Apr 10, 2008 7:15:38 AM org.apache.catalina.core.StandardEngine start
INFO: Starting Servlet Engine: Apache Tomcat/5.5.12
Apr 10, 2008 7:15:38 AM org.apache.catalina.core.StandardHost start
INFO: XML validation disabled
Apr 10, 2008 7:15:39 AM org.apache.catalina.startup.HostConfig deployWAR
INFO: Deploying web application archive documentation.war
Apr 10, 2008 7:15:40 AM org.apache.coyote.http11.Http11BaseProtocol start
INFO: Starting Coyote HTTP/1.1 on http-80
Apr 10, 2008 7:15:40 AM org.apache.jk.common.ChannelSocket init
INFO: JK: ajp13 listening on /0.0.0.0:8009
Apr 10, 2008 7:15:40 AM org.apache.jk.server.JkMain start
INFO: Jk running ID=0 time=0/39  config=null
Apr 10, 2008 7:15:40 AM org.apache.catalina.storeconfig.StoreLoader load
INFO: Find registry server-registry.xml at classpath resource
Apr 10, 2008 7:15:40 AM org.apache.catalina.startup.Catalina start
INFO: Server startup in 2052 ms
Apr 12, 2008 1:28:05 PM org.apache.catalina.core.AprLifecycleListener lifecycleEvent
INFO: The Apache Portable Runtime which allows optimal performance in production environments was not found on the java.library.path: /usr/lib/jvm/java-1.7.0-icedtea-1.7.0.0/jre/lib/i386/client:/usr/lib/jvm/java-1.7.0-icedtea-1.7.0.0/jre/lib/i386:/usr/lib/jvm/java-1.7.0-icedtea-1.7.0.0/jre/../lib/i386:/usr/java/packages/lib/i386:/lib:/usr/lib
Apr 12, 2008 1:28:06 PM org.apache.coyote.http11.Http11BaseProtocol init
INFO: Initializing Coyote HTTP/1.1 on http-80
Apr 12, 2008 1:28:06 PM org.apache.catalina.startup.Catalina load
INFO: Initialization processed in 1132 ms
Apr 12, 2008 1:28:06 PM org.apache.catalina.core.StandardService start
INFO: Starting service Catalina
Apr 12, 2008 1:28:06 PM org.apache.catalina.core.StandardEngine start
INFO: Starting Servlet Engine: Apache Tomcat/5.5.12
Apr 12, 2008 1:28:06 PM org.apache.catalina.core.StandardHost start
INFO: XML validation disabled
Apr 12, 2008 1:28:07 PM org.apache.catalina.startup.HostConfig deployWAR
INFO: Deploying web application archive documentation.war
Apr 12, 2008 1:28:08 PM org.apache.coyote.http11.Http11BaseProtocol start
INFO: Starting Coyote HTTP/1.1 on http-80
Apr 12, 2008 1:28:08 PM org.apache.jk.common.ChannelSocket init
INFO: JK: ajp13 listening on /0.0.0.0:8009
Apr 12, 2008 1:28:08 PM org.apache.jk.server.JkMain start
INFO: Jk running ID=0 time=0/41  config=null
Apr 12, 2008 1:28:08 PM org.apache.catalina.storeconfig.StoreLoader load
INFO: Find registry server-registry.xml at classpath resource
Apr 12, 2008 1:28:08 PM org.apache.catalina.startup.Catalina start
INFO: Server startup in 2768 ms
Apr 12, 2008 1:42:41 PM org.apache.catalina.core.AprLifecycleListener lifecycleEvent
INFO: The Apache Portable Runtime which allows optimal performance in production environments was not found on the java.library.path: /usr/lib/jvm/java-1.7.0-icedtea-1.7.0.0/jre/lib/i386/client:/usr/lib/jvm/java-1.7.0-icedtea-1.7.0.0/jre/lib/i386:/usr/lib/jvm/java-1.7.0-icedtea-1.7.0.0/jre/../lib/i386:/usr/java/packages/lib/i386:/lib:/usr/lib
Apr 12, 2008 1:42:41 PM org.apache.coyote.http11.Http11BaseProtocol init
INFO: Initializing Coyote HTTP/1.1 on http-80
Apr 12, 2008 1:42:41 PM org.apache.catalina.startup.Catalina load
INFO: Initialization processed in 1170 ms
Apr 12, 2008 1:42:42 PM org.apache.catalina.core.StandardService start
INFO: Starting service Catalina
Apr 12, 2008 1:42:42 PM org.apache.catalina.core.StandardEngine start
INFO: Starting Servlet Engine: Apache Tomcat/5.5.12
Apr 12, 2008 1:42:42 PM org.apache.catalina.core.StandardHost start
INFO: XML validation disabled
Apr 12, 2008 1:42:43 PM org.apache.catalina.startup.HostConfig deployWAR
INFO: Deploying web application archive documentation.war
Apr 12, 2008 1:42:44 PM org.apache.coyote.http11.Http11BaseProtocol start
INFO: Starting Coyote HTTP/1.1 on http-80
Apr 12, 2008 1:42:44 PM org.apache.jk.common.ChannelSocket init
INFO: JK: ajp13 listening on /0.0.0.0:8009
Apr 12, 2008 1:42:44 PM org.apache.jk.server.JkMain start
INFO: Jk running ID=0 time=0/133  config=null
Apr 12, 2008 1:42:44 PM org.apache.catalina.storeconfig.StoreLoader load
INFO: Find registry server-registry.xml at classpath resource
Apr 12, 2008 1:42:44 PM org.apache.catalina.startup.Catalina start
INFO: Server startup in 3166 ms
Apr 12, 2008 3:09:28 PM org.apache.catalina.core.AprLifecycleListener lifecycleEvent
INFO: The Apache Portable Runtime which allows optimal performance in production environments was not found on the java.library.path: /usr/lib/jvm/java-1.7.0-icedtea-1.7.0.0/jre/lib/i386/client:/usr/lib/jvm/java-1.7.0-icedtea-1.7.0.0/jre/lib/i386:/usr/lib/jvm/java-1.7.0-icedtea-1.7.0.0/jre/../lib/i386:/usr/java/packages/lib/i386:/lib:/usr/lib
Apr 12, 2008 3:09:28 PM org.apache.coyote.http11.Http11BaseProtocol init
INFO: Initializing Coyote HTTP/1.1 on http-80
Apr 12, 2008 3:09:28 PM org.apache.catalina.startup.Catalina load
INFO: Initialization processed in 1132 ms
Apr 12, 2008 3:09:28 PM org.apache.catalina.core.StandardService start
INFO: Starting service Catalina
Apr 12, 2008 3:09:28 PM org.apache.catalina.core.StandardEngine start
INFO: Starting Servlet Engine: Apache Tomcat/5.5.12
Apr 12, 2008 3:09:28 PM org.apache.catalina.core.StandardHost start
INFO: XML validation disabled
Apr 12, 2008 3:09:28 PM org.apache.catalina.startup.HostConfig deployWAR
INFO: Deploying web application archive documentation.war
Apr 12, 2008 3:09:29 PM org.apache.coyote.http11.Http11BaseProtocol start
INFO: Starting Coyote HTTP/1.1 on http-80
Apr 12, 2008 3:09:29 PM org.apache.jk.common.ChannelSocket init
INFO: JK: ajp13 listening on /0.0.0.0:8009
Apr 12, 2008 3:09:29 PM org.apache.jk.server.JkMain start
INFO: Jk running ID=0 time=0/31  config=null
Apr 12, 2008 3:09:29 PM org.apache.catalina.storeconfig.StoreLoader load
INFO: Find registry server-registry.xml at classpath resource
Apr 12, 2008 3:09:29 PM org.apache.catalina.startup.Catalina start
INFO: Server startup in 1519 ms
Apr 14, 2008 12:52:50 PM org.apache.coyote.http11.Http11BaseProtocol pause
INFO: Pausing Coyote HTTP/1.1 on http-80
Apr 14, 2008 2:54:01 PM org.apache.catalina.core.AprLifecycleListener lifecycleEvent
INFO: The Apache Portable Runtime which allows optimal performance in production environments was not found on the java.library.path: /usr/lib/jvm/java-1.7.0-icedtea-1.7.0.0/jre/lib/i386/client:/usr/lib/jvm/java-1.7.0-icedtea-1.7.0.0/jre/lib/i386:/usr/lib/jvm/java-1.7.0-icedtea-1.7.0.0/jre/../lib/i386:/usr/java/packages/lib/i386:/lib:/usr/lib
Apr 14, 2008 2:54:01 PM org.apache.coyote.http11.Http11BaseProtocol init
INFO: Initializing Coyote HTTP/1.1 on http-80
Apr 14, 2008 2:54:01 PM org.apache.catalina.startup.Catalina load
INFO: Initialization processed in 889 ms
Apr 14, 2008 2:54:01 PM org.apache.catalina.core.StandardService start
INFO: Starting service Catalina
Apr 14, 2008 2:54:01 PM org.apache.catalina.core.StandardEngine start
INFO: Starting Servlet Engine: Apache Tomcat/5.5.12
Apr 14, 2008 2:54:01 PM org.apache.catalina.core.StandardHost start
INFO: XML validation disabled
Apr 14, 2008 2:54:02 PM org.apache.catalina.startup.HostConfig deployWAR
INFO: Deploying web application archive documentation.war
Apr 14, 2008 2:54:03 PM org.apache.coyote.http11.Http11BaseProtocol start
INFO: Starting Coyote HTTP/1.1 on http-80
Apr 14, 2008 2:54:03 PM org.apache.jk.common.ChannelSocket init
INFO: JK: ajp13 listening on /0.0.0.0:8009
Apr 14, 2008 2:54:03 PM org.apache.jk.server.JkMain start
INFO: Jk running ID=0 time=0/57  config=null
Apr 14, 2008 2:54:03 PM org.apache.catalina.storeconfig.StoreLoader load
INFO: Find registry server-registry.xml at classpath resource
Apr 14, 2008 2:54:03 PM org.apache.catalina.startup.Catalina start
INFO: Server startup in 2124 ms
Apr 15, 2008 9:38:53 AM org.apache.catalina.core.AprLifecycleListener lifecycleEvent
INFO: The Apache Portable Runtime which allows optimal performance in production environments was not found on the java.library.path: /usr/lib/jvm/java-1.7.0-icedtea-1.7.0.0/jre/lib/i386/client:/usr/lib/jvm/java-1.7.0-icedtea-1.7.0.0/jre/lib/i386:/usr/lib/jvm/java-1.7.0-icedtea-1.7.0.0/jre/../lib/i386:/usr/java/packages/lib/i386:/lib:/usr/lib
Apr 15, 2008 9:38:54 AM org.apache.coyote.http11.Http11BaseProtocol init
INFO: Initializing Coyote HTTP/1.1 on http-80
Apr 15, 2008 9:38:54 AM org.apache.catalina.startup.Catalina load
INFO: Initialization processed in 605 ms
Apr 15, 2008 9:38:54 AM org.apache.catalina.core.StandardService start
INFO: Starting service Catalina
Apr 15, 2008 9:38:54 AM org.apache.catalina.core.StandardEngine start
INFO: Starting Servlet Engine: Apache Tomcat/5.5.12
Apr 15, 2008 9:38:54 AM org.apache.catalina.core.StandardHost start
INFO: XML validation disabled
Apr 15, 2008 9:38:54 AM org.apache.catalina.startup.HostConfig deployWAR
INFO: Deploying web application archive documentation.war
Apr 15, 2008 9:38:55 AM org.apache.coyote.http11.Http11BaseProtocol start
INFO: Starting Coyote HTTP/1.1 on http-80
Apr 15, 2008 9:38:55 AM org.apache.jk.common.ChannelSocket init
INFO: JK: ajp13 listening on /0.0.0.0:8009
Apr 15, 2008 9:38:55 AM org.apache.jk.server.JkMain start
INFO: Jk running ID=0 time=0/23  config=null
Apr 15, 2008 9:38:55 AM org.apache.catalina.storeconfig.StoreLoader load
INFO: Find registry server-registry.xml at classpath resource
Apr 15, 2008 9:38:55 AM org.apache.catalina.startup.Catalina start
INFO: Server startup in 1316 ms
Apr 15, 2008 10:14:04 AM org.apache.catalina.core.AprLifecycleListener lifecycleEvent
INFO: The Apache Portable Runtime which allows optimal performance in production environments was not found on the java.library.path: /usr/lib/jvm/java-1.7.0-icedtea-1.7.0.0/jre/lib/i386/client:/usr/lib/jvm/java-1.7.0-icedtea-1.7.0.0/jre/lib/i386:/usr/lib/jvm/java-1.7.0-icedtea-1.7.0.0/jre/../lib/i386:/usr/java/packages/lib/i386:/lib:/usr/lib
Apr 15, 2008 10:14:05 AM org.apache.coyote.http11.Http11BaseProtocol init
INFO: Initializing Coyote HTTP/1.1 on http-80
Apr 15, 2008 10:14:05 AM org.apache.catalina.startup.Catalina load
INFO: Initialization processed in 1177 ms
Apr 15, 2008 10:14:05 AM org.apache.catalina.core.StandardService start
INFO: Starting service Catalina
Apr 15, 2008 10:14:05 AM org.apache.catalina.core.StandardEngine start
INFO: Starting Servlet Engine: Apache Tomcat/5.5.12
Apr 15, 2008 10:14:05 AM org.apache.catalina.core.StandardHost start
INFO: XML validation disabled
Apr 15, 2008 10:14:05 AM org.apache.catalina.startup.HostConfig deployWAR
INFO: Deploying web application archive documentation.war
Apr 15, 2008 10:14:06 AM org.apache.coyote.http11.Http11BaseProtocol start
INFO: Starting Coyote HTTP/1.1 on http-80
Apr 15, 2008 10:14:07 AM org.apache.jk.common.ChannelSocket init
INFO: JK: ajp13 listening on /0.0.0.0:8009
Apr 15, 2008 10:14:07 AM org.apache.jk.server.JkMain start
INFO: Jk running ID=0 time=0/38  config=null
Apr 15, 2008 10:14:07 AM org.apache.catalina.storeconfig.StoreLoader load
INFO: Find registry server-registry.xml at classpath resource
Apr 15, 2008 10:14:07 AM org.apache.catalina.startup.Catalina start
INFO: Server startup in 2045 ms
May 20, 2008 7:50:25 AM org.apache.catalina.core.AprLifecycleListener lifecycleEvent
INFO: The Apache Portable Runtime which allows optimal performance in production environments was not found on the java.library.path: /usr/lib/jvm/java-1.7.0-icedtea-1.7.0.0/jre/lib/i386/client:/usr/lib/jvm/java-1.7.0-icedtea-1.7.0.0/jre/lib/i386:/usr/lib/jvm/java-1.7.0-icedtea-1.7.0.0/jre/../lib/i386:/usr/java/packages/lib/i386:/lib:/usr/lib
May 20, 2008 7:50:25 AM org.apache.coyote.http11.Http11BaseProtocol init
INFO: Initializing Coyote HTTP/1.1 on http-80
May 20, 2008 7:50:25 AM org.apache.catalina.startup.Catalina load
INFO: Initialization processed in 862 ms
May 20, 2008 7:50:25 AM org.apache.catalina.core.StandardService start
INFO: Starting service Catalina
May 20, 2008 7:50:25 AM org.apache.catalina.core.StandardEngine start
INFO: Starting Servlet Engine: Apache Tomcat/5.5.12
May 20, 2008 7:50:25 AM org.apache.catalina.core.StandardHost start
INFO: XML validation disabled
May 20, 2008 7:50:26 AM org.apache.catalina.startup.HostConfig deployWAR
INFO: Deploying web application archive documentation.war
May 20, 2008 7:50:27 AM org.apache.coyote.http11.Http11BaseProtocol start
INFO: Starting Coyote HTTP/1.1 on http-80
May 20, 2008 7:50:27 AM org.apache.jk.common.ChannelSocket init
INFO: JK: ajp13 listening on /0.0.0.0:8009
May 20, 2008 7:50:27 AM org.apache.jk.server.JkMain start
INFO: Jk running ID=0 time=0/69  config=null
May 20, 2008 7:50:27 AM org.apache.catalina.storeconfig.StoreLoader load
INFO: Find registry server-registry.xml at classpath resource
May 20, 2008 7:50:27 AM org.apache.catalina.startup.Catalina start
INFO: Server startup in 2196 ms
May 28, 2008 10:11:21 AM org.apache.catalina.core.AprLifecycleListener lifecycleEvent
INFO: The Apache Portable Runtime which allows optimal performance in production environments was not found on the java.library.path: /usr/lib/jvm/java-1.7.0-icedtea-1.7.0.0/jre/lib/i386/client:/usr/lib/jvm/java-1.7.0-icedtea-1.7.0.0/jre/lib/i386:/usr/lib/jvm/java-1.7.0-icedtea-1.7.0.0/jre/../lib/i386:/usr/java/packages/lib/i386:/lib:/usr/lib
May 28, 2008 10:11:21 AM org.apache.coyote.http11.Http11BaseProtocol init
INFO: Initializing Coyote HTTP/1.1 on http-80
May 28, 2008 10:11:21 AM org.apache.catalina.startup.Catalina load
INFO: Initialization processed in 932 ms
May 28, 2008 10:11:21 AM org.apache.catalina.core.StandardService start
INFO: Starting service Catalina
May 28, 2008 10:11:21 AM org.apache.catalina.core.StandardEngine start
INFO: Starting Servlet Engine: Apache Tomcat/5.5.12
May 28, 2008 10:11:21 AM org.apache.catalina.core.StandardHost start
INFO: XML validation disabled
May 28, 2008 10:11:22 AM org.apache.catalina.startup.HostConfig deployWAR
INFO: Deploying web application archive documentation.war
May 28, 2008 10:11:23 AM org.apache.coyote.http11.Http11BaseProtocol start
INFO: Starting Coyote HTTP/1.1 on http-80
May 28, 2008 10:11:23 AM org.apache.jk.common.ChannelSocket init
INFO: JK: ajp13 listening on /0.0.0.0:8009
May 28, 2008 10:11:23 AM org.apache.jk.server.JkMain start
INFO: Jk running ID=0 time=0/40  config=null
May 28, 2008 10:11:23 AM org.apache.catalina.storeconfig.StoreLoader load
INFO: Find registry server-registry.xml at classpath resource
May 28, 2008 10:11:23 AM org.apache.catalina.startup.Catalina start
INFO: Server startup in 2118 ms
Jun 12, 2008 3:10:28 PM org.apache.catalina.core.AprLifecycleListener lifecycleEvent
INFO: The Apache Portable Runtime which allows optimal performance in production environments was not found on the java.library.path: /usr/lib/jvm/java-1.7.0-icedtea-1.7.0.0/jre/lib/i386/client:/usr/lib/jvm/java-1.7.0-icedtea-1.7.0.0/jre/lib/i386:/usr/lib/jvm/java-1.7.0-icedtea-1.7.0.0/jre/../lib/i386:/usr/java/packages/lib/i386:/lib:/usr/lib
Jun 12, 2008 3:10:28 PM org.apache.coyote.http11.Http11BaseProtocol init
INFO: Initializing Coyote HTTP/1.1 on http-80
Jun 12, 2008 3:10:28 PM org.apache.catalina.startup.Catalina load
INFO: Initialization processed in 2187 ms
Jun 12, 2008 3:10:28 PM org.apache.catalina.core.StandardService start
INFO: Starting service Catalina
Jun 12, 2008 3:10:28 PM org.apache.catalina.core.StandardEngine start
INFO: Starting Servlet Engine: Apache Tomcat/5.5.12
Jun 12, 2008 3:10:28 PM org.apache.catalina.core.StandardHost start
INFO: XML validation disabled
Jun 12, 2008 3:10:29 PM org.apache.catalina.startup.HostConfig deployWAR
INFO: Deploying web application archive documentation.war
Jun 12, 2008 3:10:30 PM org.apache.coyote.http11.Http11BaseProtocol start
INFO: Starting Coyote HTTP/1.1 on http-80
Jun 12, 2008 3:10:30 PM org.apache.jk.common.ChannelSocket init
INFO: JK: ajp13 listening on /0.0.0.0:8009
Jun 12, 2008 3:10:30 PM org.apache.jk.server.JkMain start
INFO: Jk running ID=0 time=0/39  config=null
Jun 12, 2008 3:10:30 PM org.apache.catalina.storeconfig.StoreLoader load
INFO: Find registry server-registry.xml at classpath resource
Jun 12, 2008 3:10:31 PM org.apache.catalina.startup.Catalina start
INFO: Server startup in 2523 ms
Jun 13, 2008 11:47:46 AM org.apache.catalina.core.AprLifecycleListener lifecycleEvent
INFO: The Apache Portable Runtime which allows optimal performance in production environments was not found on the java.library.path: /usr/lib/jvm/java-1.7.0-icedtea-1.7.0.0/jre/lib/i386/client:/usr/lib/jvm/java-1.7.0-icedtea-1.7.0.0/jre/lib/i386:/usr/lib/jvm/java-1.7.0-icedtea-1.7.0.0/jre/../lib/i386:/usr/java/packages/lib/i386:/lib:/usr/lib
Jun 13, 2008 11:47:46 AM org.apache.coyote.http11.Http11BaseProtocol init
INFO: Initializing Coyote HTTP/1.1 on http-80
Jun 13, 2008 11:47:46 AM org.apache.catalina.startup.Catalina load
INFO: Initialization processed in 1576 ms
Jun 13, 2008 11:47:47 AM org.apache.catalina.core.StandardService start
INFO: Starting service Catalina
Jun 13, 2008 11:47:47 AM org.apache.catalina.core.StandardEngine start
INFO: Starting Servlet Engine: Apache Tomcat/5.5.12
Jun 13, 2008 11:47:47 AM org.apache.catalina.core.StandardHost start
INFO: XML validation disabled
Jun 13, 2008 11:47:48 AM org.apache.catalina.startup.HostConfig deployWAR
INFO: Deploying web application archive documentation.war
Jun 13, 2008 11:47:49 AM org.apache.coyote.http11.Http11BaseProtocol start
INFO: Starting Coyote HTTP/1.1 on http-80
Jun 13, 2008 11:47:49 AM org.apache.jk.common.ChannelSocket init
INFO: JK: ajp13 listening on /0.0.0.0:8009
Jun 13, 2008 11:47:49 AM org.apache.jk.server.JkMain start
INFO: Jk running ID=0 time=0/44  config=null
Jun 13, 2008 11:47:49 AM org.apache.catalina.storeconfig.StoreLoader load
INFO: Find registry server-registry.xml at classpath resource
Jun 13, 2008 11:47:50 AM org.apache.catalina.startup.Catalina start
INFO: Server startup in 3065 ms
Jun 30, 2008 3:38:48 PM org.apache.coyote.http11.Http11BaseProtocol pause
INFO: Pausing Coyote HTTP/1.1 on http-80
Jul 1, 2008 1:27:37 PM org.apache.catalina.core.AprLifecycleListener lifecycleEvent
INFO: The Apache Portable Runtime which allows optimal performance in production environments was not found on the java.library.path: /usr/lib/jvm/java-1.7.0-icedtea-1.7.0.0/jre/lib/i386/client:/usr/lib/jvm/java-1.7.0-icedtea-1.7.0.0/jre/lib/i386:/usr/lib/jvm/java-1.7.0-icedtea-1.7.0.0/jre/../lib/i386:/usr/java/packages/lib/i386:/lib:/usr/lib
Jul 1, 2008 1:27:37 PM org.apache.coyote.http11.Http11BaseProtocol init
INFO: Initializing Coyote HTTP/1.1 on http-80
Jul 1, 2008 1:27:37 PM org.apache.catalina.startup.Catalina load
INFO: Initialization processed in 2130 ms
Jul 1, 2008 1:27:37 PM org.apache.catalina.core.StandardService start
INFO: Starting service Catalina
Jul 1, 2008 1:27:37 PM org.apache.catalina.core.StandardEngine start
INFO: Starting Servlet Engine: Apache Tomcat/5.5.12
Jul 1, 2008 1:27:37 PM org.apache.catalina.core.StandardHost start
INFO: XML validation disabled
Jul 1, 2008 1:27:38 PM org.apache.catalina.startup.HostConfig deployWAR
INFO: Deploying web application archive documentation.war
Jul 1, 2008 1:27:40 PM org.apache.coyote.http11.Http11BaseProtocol start
INFO: Starting Coyote HTTP/1.1 on http-80
Jul 1, 2008 1:27:40 PM org.apache.jk.common.ChannelSocket init
INFO: JK: ajp13 listening on /0.0.0.0:8009
Jul 1, 2008 1:27:40 PM org.apache.jk.server.JkMain start
INFO: Jk running ID=0 time=0/40  config=null
Jul 1, 2008 1:27:40 PM org.apache.catalina.storeconfig.StoreLoader load
INFO: Find registry server-registry.xml at classpath resource
Jul 1, 2008 1:27:40 PM org.apache.catalina.startup.Catalina start
INFO: Server startup in 2899 ms
Jul 2, 2008 11:01:12 AM org.apache.catalina.core.AprLifecycleListener lifecycleEvent
INFO: The Apache Portable Runtime which allows optimal performance in production environments was not found on the java.library.path: /usr/lib/jvm/java-1.7.0-icedtea-1.7.0.0/jre/lib/i386/client:/usr/lib/jvm/java-1.7.0-icedtea-1.7.0.0/jre/lib/i386:/usr/lib/jvm/java-1.7.0-icedtea-1.7.0.0/jre/../lib/i386:/usr/java/packages/lib/i386:/lib:/usr/lib
Jul 2, 2008 11:01:12 AM org.apache.coyote.http11.Http11BaseProtocol init
INFO: Initializing Coyote HTTP/1.1 on http-80
Jul 2, 2008 11:01:12 AM org.apache.catalina.startup.Catalina load
INFO: Initialization processed in 1097 ms
Jul 2, 2008 11:01:12 AM org.apache.catalina.core.StandardService start
INFO: Starting service Catalina
Jul 2, 2008 11:01:12 AM org.apache.catalina.core.StandardEngine start
INFO: Starting Servlet Engine: Apache Tomcat/5.5.12
Jul 2, 2008 11:01:12 AM org.apache.catalina.core.StandardHost start
INFO: XML validation disabled
Jul 2, 2008 11:01:13 AM org.apache.catalina.session.StandardManager doLoad
SEVERE: IOException while loading persisted sessions: java.io.EOFException
java.io.EOFException
	at java.io.ObjectInputStream$PeekInputStream.readFully(ObjectInputStream.java:2298)
	at java.io.ObjectInputStream$BlockDataInputStream.readShort(ObjectInputStream.java:2767)
	at java.io.ObjectInputStream.readStreamHeader(ObjectInputStream.java:798)
	at java.io.ObjectInputStream.<init>(ObjectInputStream.java:298)
	at org.apache.catalina.util.CustomObjectInputStream.<init>(CustomObjectInputStream.java:57)
	at org.apache.catalina.session.StandardManager.doLoad(StandardManager.java:361)
	at org.apache.catalina.session.StandardManager.load(StandardManager.java:320)
	at org.apache.catalina.session.StandardManager.start(StandardManager.java:636)
	at org.apache.catalina.core.ContainerBase.setManager(ContainerBase.java:431)
	at org.apache.catalina.startup.ContextConfig.managerConfig(ContextConfig.java:391)
	at org.apache.catalina.startup.ContextConfig.start(ContextConfig.java:1042)
	at org.apache.catalina.startup.ContextConfig.lifecycleEvent(ContextConfig.java:255)
	at org.apache.catalina.util.LifecycleSupport.fireLifecycleEvent(LifecycleSupport.java:119)
	at org.apache.catalina.core.StandardContext.start(StandardContext.java:4076)
	at org.apache.catalina.core.ContainerBase.addChildInternal(ContainerBase.java:759)
	at org.apache.catalina.core.ContainerBase.addChild(ContainerBase.java:739)
	at org.apache.catalina.core.StandardHost.addChild(StandardHost.java:524)
	at org.apache.catalina.startup.HostConfig.deployDescriptor(HostConfig.java:603)
	at org.apache.catalina.startup.HostConfig.deployDescriptors(HostConfig.java:535)
	at org.apache.catalina.startup.HostConfig.deployApps(HostConfig.java:470)
	at org.apache.catalina.startup.HostConfig.start(HostConfig.java:1118)
	at org.apache.catalina.startup.HostConfig.lifecycleEvent(HostConfig.java:310)
	at org.apache.catalina.util.LifecycleSupport.fireLifecycleEvent(LifecycleSupport.java:119)
	at org.apache.catalina.core.ContainerBase.start(ContainerBase.java:1020)
	at org.apache.catalina.core.StandardHost.start(StandardHost.java:718)
	at org.apache.catalina.core.ContainerBase.start(ContainerBase.java:1012)
	at org.apache.catalina.core.StandardEngine.start(StandardEngine.java:442)
	at org.apache.catalina.core.StandardService.start(StandardService.java:450)
	at org.apache.catalina.core.StandardServer.start(StandardServer.java:680)
	at org.apache.catalina.startup.Catalina.start(Catalina.java:536)
	at sun.reflect.NativeMethodAccessorImpl.invoke0(Native Method)
	at sun.reflect.NativeMethodAccessorImpl.invoke(NativeMethodAccessorImpl.java:57)
	at sun.reflect.DelegatingMethodAccessorImpl.invoke(DelegatingMethodAccessorImpl.java:43)
	at java.lang.reflect.Method.invoke(Method.java:623)
	at org.apache.catalina.startup.Bootstrap.start(Bootstrap.java:275)
	at org.apache.catalina.startup.Bootstrap.main(Bootstrap.java:413)
Jul 2, 2008 11:01:13 AM org.apache.catalina.session.StandardManager start
SEVERE: Exception loading sessions from persistent storage
java.io.EOFException
	at java.io.ObjectInputStream$PeekInputStream.readFully(ObjectInputStream.java:2298)
	at java.io.ObjectInputStream$BlockDataInputStream.readShort(ObjectInputStream.java:2767)
	at java.io.ObjectInputStream.readStreamHeader(ObjectInputStream.java:798)
	at java.io.ObjectInputStream.<init>(ObjectInputStream.java:298)
	at org.apache.catalina.util.CustomObjectInputStream.<init>(CustomObjectInputStream.java:57)
	at org.apache.catalina.session.StandardManager.doLoad(StandardManager.java:361)
	at org.apache.catalina.session.StandardManager.load(StandardManager.java:320)
	at org.apache.catalina.session.StandardManager.start(StandardManager.java:636)
	at org.apache.catalina.core.ContainerBase.setManager(ContainerBase.java:431)
	at org.apache.catalina.startup.ContextConfig.managerConfig(ContextConfig.java:391)
	at org.apache.catalina.startup.ContextConfig.start(ContextConfig.java:1042)
	at org.apache.catalina.startup.ContextConfig.lifecycleEvent(ContextConfig.java:255)
	at org.apache.catalina.util.LifecycleSupport.fireLifecycleEvent(LifecycleSupport.java:119)
	at org.apache.catalina.core.StandardContext.start(StandardContext.java:4076)
	at org.apache.catalina.core.ContainerBase.addChildInternal(ContainerBase.java:759)
	at org.apache.catalina.core.ContainerBase.addChild(ContainerBase.java:739)
	at org.apache.catalina.core.StandardHost.addChild(StandardHost.java:524)
	at org.apache.catalina.startup.HostConfig.deployDescriptor(HostConfig.java:603)
	at org.apache.catalina.startup.HostConfig.deployDescriptors(HostConfig.java:535)
	at org.apache.catalina.startup.HostConfig.deployApps(HostConfig.java:470)
	at org.apache.catalina.startup.HostConfig.start(HostConfig.java:1118)
	at org.apache.catalina.startup.HostConfig.lifecycleEvent(HostConfig.java:310)
	at org.apache.catalina.util.LifecycleSupport.fireLifecycleEvent(LifecycleSupport.java:119)
	at org.apache.catalina.core.ContainerBase.start(ContainerBase.java:1020)
	at org.apache.catalina.core.StandardHost.start(StandardHost.java:718)
	at org.apache.catalina.core.ContainerBase.start(ContainerBase.java:1012)
	at org.apache.catalina.core.StandardEngine.start(StandardEngine.java:442)
	at org.apache.catalina.core.StandardService.start(StandardService.java:450)
	at org.apache.catalina.core.StandardServer.start(StandardServer.java:680)
	at org.apache.catalina.startup.Catalina.start(Catalina.java:536)
	at sun.reflect.NativeMethodAccessorImpl.invoke0(Native Method)
	at sun.reflect.NativeMethodAccessorImpl.invoke(NativeMethodAccessorImpl.java:57)
	at sun.reflect.DelegatingMethodAccessorImpl.invoke(DelegatingMethodAccessorImpl.java:43)
	at java.lang.reflect.Method.invoke(Method.java:623)
	at org.apache.catalina.startup.Bootstrap.start(Bootstrap.java:275)
	at org.apache.catalina.startup.Bootstrap.main(Bootstrap.java:413)
Jul 2, 2008 11:01:13 AM org.apache.catalina.startup.HostConfig deployWAR
INFO: Deploying web application archive documentation.war
Jul 2, 2008 11:01:14 AM org.apache.coyote.http11.Http11BaseProtocol start
INFO: Starting Coyote HTTP/1.1 on http-80
Jul 2, 2008 11:01:15 AM org.apache.jk.common.ChannelSocket init
INFO: JK: ajp13 listening on /0.0.0.0:8009
Jul 2, 2008 11:01:15 AM org.apache.jk.server.JkMain start
INFO: Jk running ID=0 time=0/44  config=null
Jul 2, 2008 11:01:15 AM org.apache.catalina.storeconfig.StoreLoader load
INFO: Find registry server-registry.xml at classpath resource
Jul 2, 2008 11:01:15 AM org.apache.catalina.startup.Catalina start
INFO: Server startup in 2783 ms
Jul 2, 2008 11:08:32 AM org.apache.coyote.http11.Http11BaseProtocol pause
INFO: Pausing Coyote HTTP/1.1 on http-80
Jul 2, 2008 12:01:34 PM org.apache.catalina.core.AprLifecycleListener lifecycleEvent
INFO: The Apache Portable Runtime which allows optimal performance in production environments was not found on the java.library.path: /usr/lib/jvm/java-1.7.0-icedtea-1.7.0.0/jre/lib/i386/client:/usr/lib/jvm/java-1.7.0-icedtea-1.7.0.0/jre/lib/i386:/usr/lib/jvm/java-1.7.0-icedtea-1.7.0.0/jre/../lib/i386:/usr/java/packages/lib/i386:/lib:/usr/lib
Jul 2, 2008 12:01:34 PM org.apache.coyote.http11.Http11BaseProtocol init
INFO: Initializing Coyote HTTP/1.1 on http-80
Jul 2, 2008 12:01:34 PM org.apache.catalina.startup.Catalina load
INFO: Initialization processed in 1336 ms
Jul 2, 2008 12:01:35 PM org.apache.catalina.core.StandardService start
INFO: Starting service Catalina
Jul 2, 2008 12:01:35 PM org.apache.catalina.core.StandardEngine start
INFO: Starting Servlet Engine: Apache Tomcat/5.5.12
Jul 2, 2008 12:01:35 PM org.apache.catalina.core.StandardHost start
INFO: XML validation disabled
Jul 2, 2008 12:01:36 PM org.apache.catalina.startup.HostConfig deployWAR
INFO: Deploying web application archive documentation.war
Jul 2, 2008 12:01:37 PM org.apache.coyote.http11.Http11BaseProtocol start
INFO: Starting Coyote HTTP/1.1 on http-80
Jul 2, 2008 12:01:37 PM org.apache.jk.common.ChannelSocket init
INFO: JK: ajp13 listening on /0.0.0.0:8009
Jul 2, 2008 12:01:37 PM org.apache.jk.server.JkMain start
INFO: Jk running ID=0 time=0/42  config=null
Jul 2, 2008 12:01:37 PM org.apache.catalina.storeconfig.StoreLoader load
INFO: Find registry server-registry.xml at classpath resource
Jul 2, 2008 12:01:37 PM org.apache.catalina.startup.Catalina start
INFO: Server startup in 2503 ms
Jul 2, 2008 12:25:03 PM org.apache.catalina.core.AprLifecycleListener lifecycleEvent
INFO: The Apache Portable Runtime which allows optimal performance in production environments was not found on the java.library.path: /usr/lib/jvm/java-1.7.0-icedtea-1.7.0.0/jre/lib/i386/client:/usr/lib/jvm/java-1.7.0-icedtea-1.7.0.0/jre/lib/i386:/usr/lib/jvm/java-1.7.0-icedtea-1.7.0.0/jre/../lib/i386:/usr/java/packages/lib/i386:/lib:/usr/lib
Jul 2, 2008 12:25:04 PM org.apache.coyote.http11.Http11BaseProtocol init
INFO: Initializing Coyote HTTP/1.1 on http-80
Jul 2, 2008 12:25:04 PM org.apache.catalina.startup.Catalina load
INFO: Initialization processed in 845 ms
Jul 2, 2008 12:25:04 PM org.apache.catalina.core.StandardService start
INFO: Starting service Catalina
Jul 2, 2008 12:25:04 PM org.apache.catalina.core.StandardEngine start
INFO: Starting Servlet Engine: Apache Tomcat/5.5.12
Jul 2, 2008 12:25:04 PM org.apache.catalina.core.StandardHost start
INFO: XML validation disabled
Jul 2, 2008 12:25:04 PM org.apache.catalina.startup.HostConfig deployWAR
INFO: Deploying web application archive documentation.war
Jul 2, 2008 12:25:05 PM org.apache.coyote.http11.Http11BaseProtocol start
INFO: Starting Coyote HTTP/1.1 on http-80
Jul 2, 2008 12:25:05 PM org.apache.jk.common.ChannelSocket init
INFO: JK: ajp13 listening on /0.0.0.0:8009
Jul 2, 2008 12:25:05 PM org.apache.jk.server.JkMain start
INFO: Jk running ID=0 time=0/40  config=null
Jul 2, 2008 12:25:05 PM org.apache.catalina.storeconfig.StoreLoader load
INFO: Find registry server-registry.xml at classpath resource
Jul 2, 2008 12:25:05 PM org.apache.catalina.startup.Catalina start
INFO: Server startup in 1775 ms
Jul 9, 2008 3:04:30 PM org.apache.coyote.http11.Http11BaseProtocol pause
INFO: Pausing Coyote HTTP/1.1 on http-80
Jul 10, 2008 9:45:47 AM org.apache.catalina.core.AprLifecycleListener lifecycleEvent
INFO: The Apache Portable Runtime which allows optimal performance in production environments was not found on the java.library.path: /usr/lib/jvm/java-1.7.0-icedtea-1.7.0.0/jre/lib/i386/client:/usr/lib/jvm/java-1.7.0-icedtea-1.7.0.0/jre/lib/i386:/usr/lib/jvm/java-1.7.0-icedtea-1.7.0.0/jre/../lib/i386:/usr/java/packages/lib/i386:/lib:/usr/lib
Jul 10, 2008 9:45:47 AM org.apache.coyote.http11.Http11BaseProtocol init
INFO: Initializing Coyote HTTP/1.1 on http-80
Jul 10, 2008 9:45:47 AM org.apache.catalina.startup.Catalina load
INFO: Initialization processed in 899 ms
Jul 10, 2008 9:45:47 AM org.apache.catalina.core.StandardService start
INFO: Starting service Catalina
Jul 10, 2008 9:45:47 AM org.apache.catalina.core.StandardEngine start
INFO: Starting Servlet Engine: Apache Tomcat/5.5.12
Jul 10, 2008 9:45:47 AM org.apache.catalina.core.StandardHost start
INFO: XML validation disabled
Jul 10, 2008 9:45:48 AM org.apache.catalina.startup.HostConfig deployWAR
INFO: Deploying web application archive documentation.war
Jul 10, 2008 9:45:49 AM org.apache.coyote.http11.Http11BaseProtocol start
INFO: Starting Coyote HTTP/1.1 on http-80
Jul 10, 2008 9:45:49 AM org.apache.jk.common.ChannelSocket init
INFO: JK: ajp13 listening on /0.0.0.0:8009
Jul 10, 2008 9:45:49 AM org.apache.jk.server.JkMain start
INFO: Jk running ID=0 time=0/38  config=null
Jul 10, 2008 9:45:49 AM org.apache.catalina.storeconfig.StoreLoader load
INFO: Find registry server-registry.xml at classpath resource
Jul 10, 2008 9:45:49 AM org.apache.catalina.startup.Catalina start
INFO: Server startup in 2071 ms
Jul 10, 2008 10:23:19 AM org.apache.coyote.http11.Http11BaseProtocol pause
INFO: Pausing Coyote HTTP/1.1 on http-80
Jul 10, 2008 10:24:14 AM org.apache.catalina.core.AprLifecycleListener lifecycleEvent
INFO: The Apache Portable Runtime which allows optimal performance in production environments was not found on the java.library.path: /usr/lib/jvm/java-1.7.0-icedtea-1.7.0.0/jre/lib/i386/client:/usr/lib/jvm/java-1.7.0-icedtea-1.7.0.0/jre/lib/i386:/usr/lib/jvm/java-1.7.0-icedtea-1.7.0.0/jre/../lib/i386:/usr/java/packages/lib/i386:/lib:/usr/lib
Jul 10, 2008 10:24:14 AM org.apache.coyote.http11.Http11BaseProtocol init
INFO: Initializing Coyote HTTP/1.1 on http-80
Jul 10, 2008 10:24:14 AM org.apache.catalina.startup.Catalina load
INFO: Initialization processed in 1303 ms
Jul 10, 2008 10:24:14 AM org.apache.catalina.core.StandardService start
INFO: Starting service Catalina
Jul 10, 2008 10:24:14 AM org.apache.catalina.core.StandardEngine start
INFO: Starting Servlet Engine: Apache Tomcat/5.5.12
Jul 10, 2008 10:24:14 AM org.apache.catalina.core.StandardHost start
INFO: XML validation disabled
Jul 10, 2008 10:24:14 AM org.apache.catalina.startup.HostConfig deployWAR
INFO: Deploying web application archive documentation.war
Jul 10, 2008 10:24:15 AM org.apache.coyote.http11.Http11BaseProtocol start
INFO: Starting Coyote HTTP/1.1 on http-80
Jul 10, 2008 10:24:15 AM org.apache.jk.common.ChannelSocket init
INFO: JK: ajp13 listening on /0.0.0.0:8009
Jul 10, 2008 10:24:15 AM org.apache.jk.server.JkMain start
INFO: Jk running ID=0 time=0/19  config=null
Jul 10, 2008 10:24:15 AM org.apache.catalina.storeconfig.StoreLoader load
INFO: Find registry server-registry.xml at classpath resource
Jul 10, 2008 10:24:15 AM org.apache.catalina.startup.Catalina start
INFO: Server startup in 1476 ms
Jul 10, 2008 10:39:36 AM org.apache.coyote.http11.Http11BaseProtocol pause
INFO: Pausing Coyote HTTP/1.1 on http-80
Jul 10, 2008 10:52:24 AM org.apache.catalina.core.AprLifecycleListener lifecycleEvent
INFO: The Apache Portable Runtime which allows optimal performance in production environments was not found on the java.library.path: /usr/lib/jvm/java-1.7.0-icedtea-1.7.0.0/jre/lib/i386/client:/usr/lib/jvm/java-1.7.0-icedtea-1.7.0.0/jre/lib/i386:/usr/lib/jvm/java-1.7.0-icedtea-1.7.0.0/jre/../lib/i386:/usr/java/packages/lib/i386:/lib:/usr/lib
Jul 10, 2008 10:52:24 AM org.apache.coyote.http11.Http11BaseProtocol init
INFO: Initializing Coyote HTTP/1.1 on http-80
Jul 10, 2008 10:52:24 AM org.apache.catalina.startup.Catalina load
INFO: Initialization processed in 1255 ms
Jul 10, 2008 10:52:25 AM org.apache.catalina.core.StandardService start
INFO: Starting service Catalina
Jul 10, 2008 10:52:25 AM org.apache.catalina.core.StandardEngine start
INFO: Starting Servlet Engine: Apache Tomcat/5.5.12
Jul 10, 2008 10:52:25 AM org.apache.catalina.core.StandardHost start
INFO: XML validation disabled
Jul 10, 2008 10:52:25 AM org.apache.catalina.startup.HostConfig deployWAR
INFO: Deploying web application archive documentation.war
Jul 10, 2008 10:52:26 AM org.apache.coyote.http11.Http11BaseProtocol start
INFO: Starting Coyote HTTP/1.1 on http-80
Jul 10, 2008 10:52:26 AM org.apache.jk.common.ChannelSocket init
INFO: JK: ajp13 listening on /0.0.0.0:8009
Jul 10, 2008 10:52:26 AM org.apache.jk.server.JkMain start
INFO: Jk running ID=0 time=0/30  config=null
Jul 10, 2008 10:52:26 AM org.apache.catalina.storeconfig.StoreLoader load
INFO: Find registry server-registry.xml at classpath resource
Jul 10, 2008 10:52:26 AM org.apache.catalina.startup.Catalina start
INFO: Server startup in 1871 ms
Jul 10, 2008 12:13:19 PM org.apache.catalina.core.AprLifecycleListener lifecycleEvent
INFO: The Apache Portable Runtime which allows optimal performance in production environments was not found on the java.library.path: /usr/lib/jvm/java-1.7.0-icedtea-1.7.0.0/jre/lib/i386/client:/usr/lib/jvm/java-1.7.0-icedtea-1.7.0.0/jre/lib/i386:/usr/lib/jvm/java-1.7.0-icedtea-1.7.0.0/jre/../lib/i386:/usr/java/packages/lib/i386:/lib:/usr/lib
Jul 10, 2008 12:13:19 PM org.apache.coyote.http11.Http11BaseProtocol init
INFO: Initializing Coyote HTTP/1.1 on http-80
Jul 10, 2008 12:13:19 PM org.apache.catalina.startup.Catalina load
INFO: Initialization processed in 1252 ms
Jul 10, 2008 12:13:20 PM org.apache.catalina.core.StandardService start
INFO: Starting service Catalina
Jul 10, 2008 12:13:20 PM org.apache.catalina.core.StandardEngine start
INFO: Starting Servlet Engine: Apache Tomcat/5.5.12
Jul 10, 2008 12:13:20 PM org.apache.catalina.core.StandardHost start
INFO: XML validation disabled
Jul 10, 2008 12:13:20 PM org.apache.catalina.startup.HostConfig deployWAR
INFO: Deploying web application archive documentation.war
Jul 10, 2008 12:13:21 PM org.apache.coyote.http11.Http11BaseProtocol start
INFO: Starting Coyote HTTP/1.1 on http-80
Jul 10, 2008 12:13:21 PM org.apache.jk.common.ChannelSocket init
INFO: JK: ajp13 listening on /0.0.0.0:8009
Jul 10, 2008 12:13:21 PM org.apache.jk.server.JkMain start
INFO: Jk running ID=0 time=0/45  config=null
Jul 10, 2008 12:13:21 PM org.apache.catalina.storeconfig.StoreLoader load
INFO: Find registry server-registry.xml at classpath resource
Jul 10, 2008 12:13:21 PM org.apache.catalina.startup.Catalina start
INFO: Server startup in 1455 ms
Jul 18, 2008 1:35:38 PM org.apache.catalina.core.AprLifecycleListener lifecycleEvent
INFO: The Apache Portable Runtime which allows optimal performance in production environments was not found on the java.library.path: /usr/lib/jvm/java-1.7.0-icedtea-1.7.0.0/jre/lib/i386/client:/usr/lib/jvm/java-1.7.0-icedtea-1.7.0.0/jre/lib/i386:/usr/lib/jvm/java-1.7.0-icedtea-1.7.0.0/jre/../lib/i386:/usr/java/packages/lib/i386:/lib:/usr/lib
Jul 18, 2008 1:35:38 PM org.apache.coyote.http11.Http11BaseProtocol init
INFO: Initializing Coyote HTTP/1.1 on http-80
Jul 18, 2008 1:35:38 PM org.apache.catalina.startup.Catalina load
INFO: Initialization processed in 1329 ms
Jul 18, 2008 1:35:38 PM org.apache.catalina.core.StandardService start
INFO: Starting service Catalina
Jul 18, 2008 1:35:38 PM org.apache.catalina.core.StandardEngine start
INFO: Starting Servlet Engine: Apache Tomcat/5.5.12
Jul 18, 2008 1:35:38 PM org.apache.catalina.core.StandardHost start
INFO: XML validation disabled
Jul 18, 2008 1:35:39 PM org.apache.catalina.startup.HostConfig deployWAR
INFO: Deploying web application archive documentation.war
Jul 18, 2008 1:35:40 PM org.apache.coyote.http11.Http11BaseProtocol start
INFO: Starting Coyote HTTP/1.1 on http-80
Jul 18, 2008 1:35:40 PM org.apache.jk.common.ChannelSocket init
INFO: JK: ajp13 listening on /0.0.0.0:8009
Jul 18, 2008 1:35:40 PM org.apache.jk.server.JkMain start
INFO: Jk running ID=0 time=0/39  config=null
Jul 18, 2008 1:35:40 PM org.apache.catalina.storeconfig.StoreLoader load
INFO: Find registry server-registry.xml at classpath resource
Jul 18, 2008 1:35:40 PM org.apache.catalina.startup.Catalina start
INFO: Server startup in 2469 ms
Sep 29, 2008 2:37:52 PM org.apache.catalina.core.AprLifecycleListener lifecycleEvent
INFO: The Apache Portable Runtime which allows optimal performance in production environments was not found on the java.library.path: /usr/lib/jvm/java-1.7.0-icedtea-1.7.0.0/jre/lib/i386/client:/usr/lib/jvm/java-1.7.0-icedtea-1.7.0.0/jre/lib/i386:/usr/lib/jvm/java-1.7.0-icedtea-1.7.0.0/jre/../lib/i386:/usr/java/packages/lib/i386:/lib:/usr/lib
Sep 29, 2008 2:37:52 PM org.apache.coyote.http11.Http11BaseProtocol init
INFO: Initializing Coyote HTTP/1.1 on http-80
Sep 29, 2008 2:37:52 PM org.apache.catalina.startup.Catalina load
INFO: Initialization processed in 1326 ms
Sep 29, 2008 2:37:53 PM org.apache.catalina.core.StandardService start
INFO: Starting service Catalina
Sep 29, 2008 2:37:53 PM org.apache.catalina.core.StandardEngine start
INFO: Starting Servlet Engine: Apache Tomcat/5.5.12
Sep 29, 2008 2:37:53 PM org.apache.catalina.core.StandardHost start
INFO: XML validation disabled
Sep 29, 2008 2:37:54 PM org.apache.catalina.startup.HostConfig deployWAR
INFO: Deploying web application archive documentation.war
Sep 29, 2008 2:37:55 PM org.apache.coyote.http11.Http11BaseProtocol start
INFO: Starting Coyote HTTP/1.1 on http-80
Sep 29, 2008 2:37:55 PM org.apache.jk.common.ChannelSocket init
INFO: JK: ajp13 listening on /0.0.0.0:8009
Sep 29, 2008 2:37:55 PM org.apache.jk.server.JkMain start
INFO: Jk running ID=0 time=0/40  config=null
Sep 29, 2008 2:37:55 PM org.apache.catalina.storeconfig.StoreLoader load
INFO: Find registry server-registry.xml at classpath resource
Sep 29, 2008 2:37:55 PM org.apache.catalina.startup.Catalina start
INFO: Server startup in 2637 ms
Sep 30, 2008 9:42:17 AM org.apache.catalina.core.AprLifecycleListener lifecycleEvent
INFO: The Apache Portable Runtime which allows optimal performance in production environments was not found on the java.library.path: /usr/lib/jvm/java-1.7.0-icedtea-1.7.0.0/jre/lib/i386/client:/usr/lib/jvm/java-1.7.0-icedtea-1.7.0.0/jre/lib/i386:/usr/lib/jvm/java-1.7.0-icedtea-1.7.0.0/jre/../lib/i386:/usr/java/packages/lib/i386:/lib:/usr/lib
Sep 30, 2008 9:42:17 AM org.apache.coyote.http11.Http11BaseProtocol init
INFO: Initializing Coyote HTTP/1.1 on http-80
Sep 30, 2008 9:42:17 AM org.apache.catalina.startup.Catalina load
INFO: Initialization processed in 1477 ms
Sep 30, 2008 9:42:17 AM org.apache.catalina.core.StandardService start
INFO: Starting service Catalina
Sep 30, 2008 9:42:17 AM org.apache.catalina.core.StandardEngine start
INFO: Starting Servlet Engine: Apache Tomcat/5.5.12
Sep 30, 2008 9:42:17 AM org.apache.catalina.core.StandardHost start
INFO: XML validation disabled
Sep 30, 2008 9:42:18 AM org.apache.catalina.startup.HostConfig deployWAR
INFO: Deploying web application archive documentation.war
Sep 30, 2008 9:42:19 AM org.apache.coyote.http11.Http11BaseProtocol start
INFO: Starting Coyote HTTP/1.1 on http-80
Sep 30, 2008 9:42:19 AM org.apache.jk.common.ChannelSocket init
INFO: JK: ajp13 listening on /0.0.0.0:8009
Sep 30, 2008 9:42:19 AM org.apache.jk.server.JkMain start
INFO: Jk running ID=0 time=0/44  config=null
Sep 30, 2008 9:42:19 AM org.apache.catalina.storeconfig.StoreLoader load
INFO: Find registry server-registry.xml at classpath resource
Sep 30, 2008 9:42:19 AM org.apache.catalina.startup.Catalina start
INFO: Server startup in 2381 ms
** Starting new instance of PNGPlugIn:
java.lang.InstantiationException: PNGPlugIn$PNGAnswerRequest
	at java.lang.Class.newInstance0(Class.java:358)
	at java.lang.Class.newInstance(Class.java:326)
	at com.rbnb.plugins.PlugInTemplate$AnswerRequest.<init>(PlugInTemplate.java:530)
	at com.rbnb.plugins.PlugInTemplate$Slave.run(PlugInTemplate.java:464)
	at java.lang.Thread.run(Thread.java:675)
java.lang.NullPointerException
	at PNGPlugIn$PNGAnswerRequest.access$000(PNGPlugIn.java:174)
	at PNGPlugIn.processRequest(PNGPlugIn.java:141)
	at com.rbnb.plugins.PlugInTemplate$AnswerRequest.run(PlugInTemplate.java:579)
	at java.lang.Thread.run(Thread.java:675)
java.lang.NullPointerException
	at PNGPlugIn$PNGAnswerRequest.access$000(PNGPlugIn.java:174)
	at PNGPlugIn.processRequest(PNGPlugIn.java:141)
	at com.rbnb.plugins.PlugInTemplate$AnswerRequest.run(PlugInTemplate.java:579)
	at java.lang.Thread.run(Thread.java:675)
com.rbnb.sapi.SAPIException: Nesting java.io.EOFException
	at com.rbnb.sapi.PlugIn.Fetch(PlugIn.java:234)
	at com.rbnb.plugins.PlugInTemplate$Slave.run(PlugInTemplate.java:457)
	at java.lang.Thread.run(Thread.java:675)

Nested exception:
java.io.EOFException: The server closed the connection.
	at com.rbnb.api.ACO.fetch(ACO.java:683)
	at com.rbnb.api.PlugInHandle.fetch(PlugInHandle.java:346)
	at com.rbnb.sapi.PlugIn.Fetch(PlugIn.java:206)
	at com.rbnb.plugins.PlugInTemplate$Slave.run(PlugInTemplate.java:457)
	at java.lang.Thread.run(Thread.java:675)
Oct 17, 2008 11:09:37 AM org.apache.coyote.http11.Http11BaseProtocol pause
INFO: Pausing Coyote HTTP/1.1 on http-80
Oct 31, 2008 8:22:08 AM org.apache.catalina.core.AprLifecycleListener lifecycleEvent
INFO: The Apache Portable Runtime which allows optimal performance in production environments was not found on the java.library.path: /usr/lib/jvm/java-1.7.0-icedtea-1.7.0.0/jre/lib/i386/client:/usr/lib/jvm/java-1.7.0-icedtea-1.7.0.0/jre/lib/i386:/usr/lib/jvm/java-1.7.0-icedtea-1.7.0.0/jre/../lib/i386:/usr/java/packages/lib/i386:/lib:/usr/lib
Oct 31, 2008 8:22:09 AM org.apache.coyote.http11.Http11BaseProtocol init
INFO: Initializing Coyote HTTP/1.1 on http-80
Oct 31, 2008 8:22:09 AM org.apache.catalina.startup.Catalina load
INFO: Initialization processed in 1385 ms
Oct 31, 2008 8:22:09 AM org.apache.catalina.core.StandardService start
INFO: Starting service Catalina
Oct 31, 2008 8:22:09 AM org.apache.catalina.core.StandardEngine start
INFO: Starting Servlet Engine: Apache Tomcat/5.5.12
Oct 31, 2008 8:22:09 AM org.apache.catalina.core.StandardHost start
INFO: XML validation disabled
Oct 31, 2008 8:22:10 AM org.apache.catalina.startup.HostConfig deployWAR
INFO: Deploying web application archive documentation.war
Oct 31, 2008 8:22:11 AM org.apache.coyote.http11.Http11BaseProtocol start
INFO: Starting Coyote HTTP/1.1 on http-80
Oct 31, 2008 8:22:11 AM org.apache.jk.common.ChannelSocket init
INFO: JK: ajp13 listening on /0.0.0.0:8009
Oct 31, 2008 8:22:11 AM org.apache.jk.server.JkMain start
INFO: Jk running ID=0 time=0/40  config=null
Oct 31, 2008 8:22:11 AM org.apache.catalina.storeconfig.StoreLoader load
INFO: Find registry server-registry.xml at classpath resource
Oct 31, 2008 8:22:11 AM org.apache.catalina.startup.Catalina start
INFO: Server startup in 2739 ms
