Apr 15, 2008 9:38:53 AM org.apache.catalina.core.AprLifecycleListener lifecycleEvent
INFO: The Apache Portable Runtime which allows optimal performance in production environments was not found on the java.library.path: /usr/lib/jvm/java-1.7.0-icedtea-1.7.0.0/jre/lib/i386/client:/usr/lib/jvm/java-1.7.0-icedtea-1.7.0.0/jre/lib/i386:/usr/lib/jvm/java-1.7.0-icedtea-1.7.0.0/jre/../lib/i386:/usr/java/packages/lib/i386:/lib:/usr/lib
Apr 15, 2008 9:38:54 AM org.apache.coyote.http11.Http11BaseProtocol init
INFO: Initializing Coyote HTTP/1.1 on http-80
Apr 15, 2008 9:38:54 AM org.apache.catalina.startup.Catalina load
INFO: Initialization processed in 605 ms
Apr 15, 2008 9:38:54 AM org.apache.catalina.core.StandardService start
INFO: Starting service Catalina
Apr 15, 2008 9:38:54 AM org.apache.catalina.core.StandardEngine start
INFO: Starting Servlet Engine: Apache Tomcat/5.5.12
Apr 15, 2008 9:38:54 AM org.apache.catalina.core.StandardHost start
INFO: XML validation disabled
Apr 15, 2008 9:38:54 AM org.apache.catalina.startup.HostConfig deployWAR
INFO: Deploying web application archive documentation.war
Apr 15, 2008 9:38:55 AM org.apache.coyote.http11.Http11BaseProtocol start
INFO: Starting Coyote HTTP/1.1 on http-80
Apr 15, 2008 9:38:55 AM org.apache.jk.common.ChannelSocket init
INFO: JK: ajp13 listening on /0.0.0.0:8009
Apr 15, 2008 9:38:55 AM org.apache.jk.server.JkMain start
INFO: Jk running ID=0 time=0/23  config=null
Apr 15, 2008 9:38:55 AM org.apache.catalina.storeconfig.StoreLoader load
INFO: Find registry server-registry.xml at classpath resource
Apr 15, 2008 9:38:55 AM org.apache.catalina.startup.Catalina start
INFO: Server startup in 1316 ms
Apr 15, 2008 10:14:04 AM org.apache.catalina.core.AprLifecycleListener lifecycleEvent
INFO: The Apache Portable Runtime which allows optimal performance in production environments was not found on the java.library.path: /usr/lib/jvm/java-1.7.0-icedtea-1.7.0.0/jre/lib/i386/client:/usr/lib/jvm/java-1.7.0-icedtea-1.7.0.0/jre/lib/i386:/usr/lib/jvm/java-1.7.0-icedtea-1.7.0.0/jre/../lib/i386:/usr/java/packages/lib/i386:/lib:/usr/lib
Apr 15, 2008 10:14:05 AM org.apache.coyote.http11.Http11BaseProtocol init
INFO: Initializing Coyote HTTP/1.1 on http-80
Apr 15, 2008 10:14:05 AM org.apache.catalina.startup.Catalina load
INFO: Initialization processed in 1177 ms
Apr 15, 2008 10:14:05 AM org.apache.catalina.core.StandardService start
INFO: Starting service Catalina
Apr 15, 2008 10:14:05 AM org.apache.catalina.core.StandardEngine start
INFO: Starting Servlet Engine: Apache Tomcat/5.5.12
Apr 15, 2008 10:14:05 AM org.apache.catalina.core.StandardHost start
INFO: XML validation disabled
Apr 15, 2008 10:14:05 AM org.apache.catalina.startup.HostConfig deployWAR
INFO: Deploying web application archive documentation.war
Apr 15, 2008 10:14:06 AM org.apache.coyote.http11.Http11BaseProtocol start
INFO: Starting Coyote HTTP/1.1 on http-80
Apr 15, 2008 10:14:07 AM org.apache.jk.common.ChannelSocket init
INFO: JK: ajp13 listening on /0.0.0.0:8009
Apr 15, 2008 10:14:07 AM org.apache.jk.server.JkMain start
INFO: Jk running ID=0 time=0/38  config=null
Apr 15, 2008 10:14:07 AM org.apache.catalina.storeconfig.StoreLoader load
INFO: Find registry server-registry.xml at classpath resource
Apr 15, 2008 10:14:07 AM org.apache.catalina.startup.Catalina start
INFO: Server startup in 2045 ms
