Mar 18, 2008 10:23:42 AM org.apache.catalina.core.AprLifecycleListener lifecycleEvent
INFO: The Apache Portable Runtime which allows optimal performance in production environments was not found on the java.library.path: /usr/lib/jvm/java-1.7.0-icedtea-1.7.0.0/jre/lib/i386/client:/usr/lib/jvm/java-1.7.0-icedtea-1.7.0.0/jre/lib/i386:/usr/lib/jvm/java-1.7.0-icedtea-1.7.0.0/jre/../lib/i386:/usr/java/packages/lib/i386:/lib:/usr/lib
Mar 18, 2008 10:23:43 AM org.apache.coyote.http11.Http11BaseProtocol init
INFO: Initializing Coyote HTTP/1.1 on http-80
Mar 18, 2008 10:23:43 AM org.apache.catalina.startup.Catalina load
INFO: Initialization processed in 615 ms
Mar 18, 2008 10:23:43 AM org.apache.catalina.core.StandardService start
INFO: Starting service Catalina
Mar 18, 2008 10:23:43 AM org.apache.catalina.core.StandardEngine start
INFO: Starting Servlet Engine: Apache Tomcat/5.5.12
Mar 18, 2008 10:23:43 AM org.apache.catalina.core.StandardHost start
INFO: XML validation disabled
Mar 18, 2008 10:23:43 AM org.apache.catalina.startup.HostConfig deployWAR
INFO: Deploying web application archive documentation.war
Mar 18, 2008 10:23:45 AM org.apache.coyote.http11.Http11BaseProtocol start
INFO: Starting Coyote HTTP/1.1 on http-80
Mar 18, 2008 10:23:45 AM org.apache.jk.common.ChannelSocket init
INFO: JK: ajp13 listening on /0.0.0.0:8009
Mar 18, 2008 10:23:45 AM org.apache.jk.server.JkMain start
INFO: Jk running ID=0 time=0/79  config=null
Mar 18, 2008 10:23:45 AM org.apache.catalina.storeconfig.StoreLoader load
INFO: Find registry server-registry.xml at classpath resource
Mar 18, 2008 10:23:45 AM org.apache.catalina.startup.Catalina start
INFO: Server startup in 2575 ms
Mar 18, 2008 10:24:18 AM org.apache.coyote.http11.Http11BaseProtocol pause
INFO: Pausing Coyote HTTP/1.1 on http-80
Mar 18, 2008 10:24:19 AM org.apache.catalina.core.StandardService stop
INFO: Stopping service Catalina
Mar 18, 2008 10:24:19 AM org.apache.coyote.http11.Http11BaseProtocol destroy
INFO: Stopping Coyote HTTP/1.1 on http-80
Mar 18, 2008 10:24:19 AM org.apache.catalina.core.AprLifecycleListener lifecycleEvent
INFO: Failed shutdown of Apache Portable Runtime
Mar 18, 2008 10:35:36 AM org.apache.catalina.core.AprLifecycleListener lifecycleEvent
INFO: The Apache Portable Runtime which allows optimal performance in production environments was not found on the java.library.path: /usr/lib/jvm/java-1.7.0-icedtea-1.7.0.0/jre/lib/i386/client:/usr/lib/jvm/java-1.7.0-icedtea-1.7.0.0/jre/lib/i386:/usr/lib/jvm/java-1.7.0-icedtea-1.7.0.0/jre/../lib/i386:/usr/java/packages/lib/i386:/lib:/usr/lib
Mar 18, 2008 10:35:36 AM org.apache.coyote.http11.Http11BaseProtocol init
INFO: Initializing Coyote HTTP/1.1 on http-80
Mar 18, 2008 10:35:36 AM org.apache.catalina.startup.Catalina load
INFO: Initialization processed in 649 ms
Mar 18, 2008 10:35:36 AM org.apache.catalina.core.StandardService start
INFO: Starting service Catalina
Mar 18, 2008 10:35:36 AM org.apache.catalina.core.StandardEngine start
INFO: Starting Servlet Engine: Apache Tomcat/5.5.12
Mar 18, 2008 10:35:36 AM org.apache.catalina.core.StandardHost start
INFO: XML validation disabled
Mar 18, 2008 10:35:37 AM org.apache.catalina.startup.HostConfig deployWAR
INFO: Deploying web application archive documentation.war
Mar 18, 2008 10:35:37 AM org.apache.coyote.http11.Http11BaseProtocol start
INFO: Starting Coyote HTTP/1.1 on http-80
Mar 18, 2008 10:35:37 AM org.apache.jk.common.ChannelSocket init
INFO: JK: ajp13 listening on /0.0.0.0:8009
Mar 18, 2008 10:35:37 AM org.apache.jk.server.JkMain start
INFO: Jk running ID=0 time=0/23  config=null
Mar 18, 2008 10:35:38 AM org.apache.catalina.storeconfig.StoreLoader load
INFO: Find registry server-registry.xml at classpath resource
Mar 18, 2008 10:35:38 AM org.apache.catalina.startup.Catalina start
INFO: Server startup in 1545 ms
Mar 18, 2008 10:35:51 AM org.apache.coyote.http11.Http11BaseProtocol pause
INFO: Pausing Coyote HTTP/1.1 on http-80
Mar 18, 2008 10:35:52 AM org.apache.catalina.core.StandardService stop
INFO: Stopping service Catalina
Mar 18, 2008 10:35:52 AM org.apache.coyote.http11.Http11BaseProtocol destroy
INFO: Stopping Coyote HTTP/1.1 on http-80
Mar 18, 2008 10:35:52 AM org.apache.catalina.core.AprLifecycleListener lifecycleEvent
INFO: Failed shutdown of Apache Portable Runtime
Mar 18, 2008 10:36:21 AM org.apache.catalina.startup.Catalina stopServer
SEVERE: Catalina.stop: 
java.net.ConnectException: Connection refused
	at java.net.PlainSocketImpl.socketConnect(Native Method)
	at java.net.AbstractPlainSocketImpl.doConnect(AbstractPlainSocketImpl.java:311)
	at java.net.AbstractPlainSocketImpl.connectToAddress(AbstractPlainSocketImpl.java:177)
	at java.net.AbstractPlainSocketImpl.connect(AbstractPlainSocketImpl.java:164)
	at java.net.SocksSocketImpl.connect(SocksSocketImpl.java:381)
	at java.net.Socket.connect(Socket.java:569)
	at java.net.Socket.connect(Socket.java:519)
	at java.net.Socket.<init>(Socket.java:416)
	at java.net.Socket.<init>(Socket.java:200)
	at org.apache.catalina.startup.Catalina.stopServer(Catalina.java:394)
	at sun.reflect.NativeMethodAccessorImpl.invoke0(Native Method)
	at sun.reflect.NativeMethodAccessorImpl.invoke(NativeMethodAccessorImpl.java:57)
	at sun.reflect.DelegatingMethodAccessorImpl.invoke(DelegatingMethodAccessorImpl.java:43)
	at java.lang.reflect.Method.invoke(Method.java:623)
	at org.apache.catalina.startup.Bootstrap.stopServer(Bootstrap.java:324)
	at org.apache.catalina.startup.Bootstrap.main(Bootstrap.java:415)
Mar 18, 2008 10:37:09 AM org.apache.catalina.core.AprLifecycleListener lifecycleEvent
INFO: The Apache Portable Runtime which allows optimal performance in production environments was not found on the java.library.path: /usr/lib/jvm/java-1.7.0-icedtea-1.7.0.0/jre/lib/i386/client:/usr/lib/jvm/java-1.7.0-icedtea-1.7.0.0/jre/lib/i386:/usr/lib/jvm/java-1.7.0-icedtea-1.7.0.0/jre/../lib/i386:/usr/java/packages/lib/i386:/lib:/usr/lib
Mar 18, 2008 10:37:09 AM org.apache.coyote.http11.Http11BaseProtocol init
INFO: Initializing Coyote HTTP/1.1 on http-80
Mar 18, 2008 10:37:09 AM org.apache.catalina.startup.Catalina load
INFO: Initialization processed in 655 ms
Mar 18, 2008 10:37:09 AM org.apache.catalina.core.StandardService start
INFO: Starting service Catalina
Mar 18, 2008 10:37:09 AM org.apache.catalina.core.StandardEngine start
INFO: Starting Servlet Engine: Apache Tomcat/5.5.12
Mar 18, 2008 10:37:09 AM org.apache.catalina.core.StandardHost start
INFO: XML validation disabled
Mar 18, 2008 10:37:09 AM org.apache.catalina.startup.HostConfig deployWAR
INFO: Deploying web application archive documentation.war
Mar 18, 2008 10:37:10 AM org.apache.coyote.http11.Http11BaseProtocol start
INFO: Starting Coyote HTTP/1.1 on http-80
Mar 18, 2008 10:37:10 AM org.apache.jk.common.ChannelSocket init
INFO: JK: ajp13 listening on /0.0.0.0:8009
Mar 18, 2008 10:37:10 AM org.apache.jk.server.JkMain start
INFO: Jk running ID=0 time=0/22  config=null
Mar 18, 2008 10:37:10 AM org.apache.catalina.storeconfig.StoreLoader load
INFO: Find registry server-registry.xml at classpath resource
Mar 18, 2008 10:37:10 AM org.apache.catalina.startup.Catalina start
INFO: Server startup in 1446 ms
Mar 18, 2008 10:37:28 AM org.apache.coyote.http11.Http11BaseProtocol pause
INFO: Pausing Coyote HTTP/1.1 on http-80
Mar 18, 2008 10:37:29 AM org.apache.catalina.core.StandardService stop
INFO: Stopping service Catalina
Mar 18, 2008 10:37:29 AM org.apache.coyote.http11.Http11BaseProtocol destroy
INFO: Stopping Coyote HTTP/1.1 on http-80
Mar 18, 2008 10:37:29 AM org.apache.catalina.core.AprLifecycleListener lifecycleEvent
INFO: Failed shutdown of Apache Portable Runtime
Mar 18, 2008 10:39:15 AM org.apache.catalina.core.AprLifecycleListener lifecycleEvent
INFO: The Apache Portable Runtime which allows optimal performance in production environments was not found on the java.library.path: /usr/lib/jvm/java-1.7.0-icedtea-1.7.0.0/jre/lib/i386/client:/usr/lib/jvm/java-1.7.0-icedtea-1.7.0.0/jre/lib/i386:/usr/lib/jvm/java-1.7.0-icedtea-1.7.0.0/jre/../lib/i386:/usr/java/packages/lib/i386:/lib:/usr/lib
Mar 18, 2008 10:39:15 AM org.apache.coyote.http11.Http11BaseProtocol init
INFO: Initializing Coyote HTTP/1.1 on http-80
Mar 18, 2008 10:39:15 AM org.apache.catalina.startup.Catalina load
INFO: Initialization processed in 1242 ms
Mar 18, 2008 10:39:16 AM org.apache.catalina.core.StandardService start
INFO: Starting service Catalina
Mar 18, 2008 10:39:16 AM org.apache.catalina.core.StandardEngine start
INFO: Starting Servlet Engine: Apache Tomcat/5.5.12
Mar 18, 2008 10:39:16 AM org.apache.catalina.core.StandardHost start
INFO: XML validation disabled
Mar 18, 2008 10:39:17 AM org.apache.catalina.startup.HostConfig deployWAR
INFO: Deploying web application archive documentation.war
Mar 18, 2008 10:39:18 AM org.apache.coyote.http11.Http11BaseProtocol start
INFO: Starting Coyote HTTP/1.1 on http-80
Mar 18, 2008 10:39:18 AM org.apache.jk.common.ChannelSocket init
INFO: JK: ajp13 listening on /0.0.0.0:8009
Mar 18, 2008 10:39:18 AM org.apache.jk.server.JkMain start
INFO: Jk running ID=0 time=0/61  config=null
Mar 18, 2008 10:39:18 AM org.apache.catalina.storeconfig.StoreLoader load
INFO: Find registry server-registry.xml at classpath resource
Mar 18, 2008 10:39:18 AM org.apache.catalina.startup.Catalina start
INFO: Server startup in 2780 ms
Mar 18, 2008 11:03:58 AM org.apache.coyote.http11.Http11BaseProtocol pause
INFO: Pausing Coyote HTTP/1.1 on http-80
Mar 18, 2008 11:03:59 AM org.apache.catalina.core.StandardService stop
INFO: Stopping service Catalina
Mar 18, 2008 11:03:59 AM org.apache.coyote.http11.Http11BaseProtocol destroy
INFO: Stopping Coyote HTTP/1.1 on http-80
Mar 18, 2008 11:03:59 AM org.apache.catalina.core.AprLifecycleListener lifecycleEvent
INFO: Failed shutdown of Apache Portable Runtime
Mar 18, 2008 11:04:34 AM org.apache.catalina.core.AprLifecycleListener lifecycleEvent
INFO: The Apache Portable Runtime which allows optimal performance in production environments was not found on the java.library.path: /usr/lib/jvm/java-1.7.0-icedtea-1.7.0.0/jre/lib/i386/client:/usr/lib/jvm/java-1.7.0-icedtea-1.7.0.0/jre/lib/i386:/usr/lib/jvm/java-1.7.0-icedtea-1.7.0.0/jre/../lib/i386:/usr/java/packages/lib/i386:/lib:/usr/lib
Mar 18, 2008 11:04:34 AM org.apache.coyote.http11.Http11BaseProtocol init
INFO: Initializing Coyote HTTP/1.1 on http-80
Mar 18, 2008 11:04:34 AM org.apache.catalina.startup.Catalina load
INFO: Initialization processed in 541 ms
Mar 18, 2008 11:04:34 AM org.apache.catalina.core.StandardService start
INFO: Starting service Catalina
Mar 18, 2008 11:04:34 AM org.apache.catalina.core.StandardEngine start
INFO: Starting Servlet Engine: Apache Tomcat/5.5.12
Mar 18, 2008 11:04:34 AM org.apache.catalina.core.StandardHost start
INFO: XML validation disabled
Mar 18, 2008 11:04:34 AM org.apache.catalina.startup.HostConfig deployWAR
INFO: Deploying web application archive documentation.war
Mar 18, 2008 11:04:35 AM org.apache.coyote.http11.Http11BaseProtocol start
INFO: Starting Coyote HTTP/1.1 on http-80
Mar 18, 2008 11:04:35 AM org.apache.jk.common.ChannelSocket init
INFO: JK: ajp13 listening on /0.0.0.0:8009
Mar 18, 2008 11:04:35 AM org.apache.jk.server.JkMain start
INFO: Jk running ID=0 time=0/54  config=null
Mar 18, 2008 11:04:35 AM org.apache.catalina.storeconfig.StoreLoader load
INFO: Find registry server-registry.xml at classpath resource
Mar 18, 2008 11:04:35 AM org.apache.catalina.startup.Catalina start
INFO: Server startup in 1616 ms
Mar 18, 2008 11:05:04 AM org.apache.coyote.http11.Http11BaseProtocol pause
INFO: Pausing Coyote HTTP/1.1 on http-80
Mar 18, 2008 11:05:05 AM org.apache.catalina.core.StandardService stop
INFO: Stopping service Catalina
Mar 18, 2008 11:05:05 AM org.apache.coyote.http11.Http11BaseProtocol destroy
INFO: Stopping Coyote HTTP/1.1 on http-80
Mar 18, 2008 11:05:05 AM org.apache.catalina.core.AprLifecycleListener lifecycleEvent
INFO: Failed shutdown of Apache Portable Runtime
Mar 18, 2008 11:05:33 AM org.apache.catalina.core.AprLifecycleListener lifecycleEvent
INFO: The Apache Portable Runtime which allows optimal performance in production environments was not found on the java.library.path: /usr/lib/jvm/java-1.7.0-icedtea-1.7.0.0/jre/lib/i386/client:/usr/lib/jvm/java-1.7.0-icedtea-1.7.0.0/jre/lib/i386:/usr/lib/jvm/java-1.7.0-icedtea-1.7.0.0/jre/../lib/i386:/usr/java/packages/lib/i386:/lib:/usr/lib
Mar 18, 2008 11:05:33 AM org.apache.coyote.http11.Http11BaseProtocol init
INFO: Initializing Coyote HTTP/1.1 on http-80
Mar 18, 2008 11:05:33 AM org.apache.catalina.startup.Catalina load
INFO: Initialization processed in 654 ms
Mar 18, 2008 11:05:33 AM org.apache.catalina.core.StandardService start
INFO: Starting service Catalina
Mar 18, 2008 11:05:33 AM org.apache.catalina.core.StandardEngine start
INFO: Starting Servlet Engine: Apache Tomcat/5.5.12
Mar 18, 2008 11:05:33 AM org.apache.catalina.core.StandardHost start
INFO: XML validation disabled
Mar 18, 2008 11:05:33 AM org.apache.catalina.startup.HostConfig deployWAR
INFO: Deploying web application archive documentation.war
Mar 18, 2008 11:05:34 AM org.apache.coyote.http11.Http11BaseProtocol start
INFO: Starting Coyote HTTP/1.1 on http-80
Mar 18, 2008 11:05:34 AM org.apache.jk.common.ChannelSocket init
INFO: JK: ajp13 listening on /0.0.0.0:8009
Mar 18, 2008 11:05:34 AM org.apache.jk.server.JkMain start
INFO: Jk running ID=0 time=0/20  config=null
Mar 18, 2008 11:05:34 AM org.apache.catalina.storeconfig.StoreLoader load
INFO: Find registry server-registry.xml at classpath resource
Mar 18, 2008 11:05:34 AM org.apache.catalina.startup.Catalina start
INFO: Server startup in 1371 ms
Mar 18, 2008 11:05:39 AM org.apache.coyote.http11.Http11BaseProtocol pause
INFO: Pausing Coyote HTTP/1.1 on http-80
Mar 18, 2008 11:05:40 AM org.apache.catalina.core.StandardService stop
INFO: Stopping service Catalina
Mar 18, 2008 11:05:40 AM org.apache.coyote.http11.Http11BaseProtocol destroy
INFO: Stopping Coyote HTTP/1.1 on http-80
Mar 18, 2008 11:05:40 AM org.apache.catalina.core.AprLifecycleListener lifecycleEvent
INFO: Failed shutdown of Apache Portable Runtime
Mar 18, 2008 11:06:05 AM org.apache.catalina.core.AprLifecycleListener lifecycleEvent
INFO: The Apache Portable Runtime which allows optimal performance in production environments was not found on the java.library.path: /usr/lib/jvm/java-1.7.0-icedtea-1.7.0.0/jre/lib/i386/client:/usr/lib/jvm/java-1.7.0-icedtea-1.7.0.0/jre/lib/i386:/usr/lib/jvm/java-1.7.0-icedtea-1.7.0.0/jre/../lib/i386:/usr/java/packages/lib/i386:/lib:/usr/lib
Mar 18, 2008 11:06:05 AM org.apache.coyote.http11.Http11BaseProtocol init
INFO: Initializing Coyote HTTP/1.1 on http-80
Mar 18, 2008 11:06:05 AM org.apache.catalina.startup.Catalina load
INFO: Initialization processed in 771 ms
Mar 18, 2008 11:06:05 AM org.apache.catalina.core.StandardService start
INFO: Starting service Catalina
Mar 18, 2008 11:06:05 AM org.apache.catalina.core.StandardEngine start
INFO: Starting Servlet Engine: Apache Tomcat/5.5.12
Mar 18, 2008 11:06:05 AM org.apache.catalina.core.StandardHost start
INFO: XML validation disabled
Mar 18, 2008 11:06:06 AM org.apache.catalina.startup.HostConfig deployWAR
INFO: Deploying web application archive documentation.war
Mar 18, 2008 11:06:06 AM org.apache.coyote.http11.Http11BaseProtocol start
INFO: Starting Coyote HTTP/1.1 on http-80
Mar 18, 2008 11:06:06 AM org.apache.jk.common.ChannelSocket init
INFO: JK: ajp13 listening on /0.0.0.0:8009
Mar 18, 2008 11:06:06 AM org.apache.jk.server.JkMain start
INFO: Jk running ID=0 time=0/85  config=null
Mar 18, 2008 11:06:06 AM org.apache.catalina.storeconfig.StoreLoader load
INFO: Find registry server-registry.xml at classpath resource
Mar 18, 2008 11:06:06 AM org.apache.catalina.startup.Catalina start
INFO: Server startup in 1675 ms
Mar 18, 2008 11:17:41 AM org.apache.catalina.core.AprLifecycleListener lifecycleEvent
INFO: The Apache Portable Runtime which allows optimal performance in production environments was not found on the java.library.path: /usr/lib/jvm/java-1.7.0-icedtea-1.7.0.0/jre/lib/i386/client:/usr/lib/jvm/java-1.7.0-icedtea-1.7.0.0/jre/lib/i386:/usr/lib/jvm/java-1.7.0-icedtea-1.7.0.0/jre/../lib/i386:/usr/java/packages/lib/i386:/lib:/usr/lib
Mar 18, 2008 11:17:42 AM org.apache.coyote.http11.Http11BaseProtocol init
INFO: Initializing Coyote HTTP/1.1 on http-80
Mar 18, 2008 11:17:42 AM org.apache.catalina.startup.Catalina load
INFO: Initialization processed in 1754 ms
Mar 18, 2008 11:17:42 AM org.apache.catalina.core.StandardService start
INFO: Starting service Catalina
Mar 18, 2008 11:17:42 AM org.apache.catalina.core.StandardEngine start
INFO: Starting Servlet Engine: Apache Tomcat/5.5.12
Mar 18, 2008 11:17:42 AM org.apache.catalina.core.StandardHost start
INFO: XML validation disabled
Mar 18, 2008 11:17:43 AM org.apache.catalina.startup.HostConfig deployWAR
INFO: Deploying web application archive documentation.war
Mar 18, 2008 11:17:44 AM org.apache.coyote.http11.Http11BaseProtocol start
INFO: Starting Coyote HTTP/1.1 on http-80
Mar 18, 2008 11:17:44 AM org.apache.jk.common.ChannelSocket init
INFO: JK: ajp13 listening on /0.0.0.0:8009
Mar 18, 2008 11:17:44 AM org.apache.jk.server.JkMain start
INFO: Jk running ID=0 time=0/39  config=null
Mar 18, 2008 11:17:44 AM org.apache.catalina.storeconfig.StoreLoader load
INFO: Find registry server-registry.xml at classpath resource
Mar 18, 2008 11:17:45 AM org.apache.catalina.startup.Catalina start
INFO: Server startup in 3195 ms
Mar 18, 2008 11:29:45 AM org.apache.catalina.core.AprLifecycleListener lifecycleEvent
INFO: The Apache Portable Runtime which allows optimal performance in production environments was not found on the java.library.path: /usr/lib/jvm/java-1.7.0-icedtea-1.7.0.0/jre/lib/i386/client:/usr/lib/jvm/java-1.7.0-icedtea-1.7.0.0/jre/lib/i386:/usr/lib/jvm/java-1.7.0-icedtea-1.7.0.0/jre/../lib/i386:/usr/java/packages/lib/i386:/lib:/usr/lib
Mar 18, 2008 11:29:45 AM org.apache.coyote.http11.Http11BaseProtocol init
INFO: Initializing Coyote HTTP/1.1 on http-80
Mar 18, 2008 11:29:45 AM org.apache.catalina.startup.Catalina load
INFO: Initialization processed in 1792 ms
Mar 18, 2008 11:29:46 AM org.apache.catalina.core.StandardService start
INFO: Starting service Catalina
Mar 18, 2008 11:29:46 AM org.apache.catalina.core.StandardEngine start
INFO: Starting Servlet Engine: Apache Tomcat/5.5.12
Mar 18, 2008 11:29:46 AM org.apache.catalina.core.StandardHost start
INFO: XML validation disabled
Mar 18, 2008 11:29:47 AM org.apache.catalina.startup.HostConfig deployWAR
INFO: Deploying web application archive documentation.war
Mar 18, 2008 11:29:48 AM org.apache.coyote.http11.Http11BaseProtocol start
INFO: Starting Coyote HTTP/1.1 on http-80
Mar 18, 2008 11:29:49 AM org.apache.jk.common.ChannelSocket init
INFO: JK: ajp13 listening on /0.0.0.0:8009
Mar 18, 2008 11:29:49 AM org.apache.jk.server.JkMain start
INFO: Jk running ID=0 time=0/72  config=null
Mar 18, 2008 11:29:49 AM org.apache.catalina.storeconfig.StoreLoader load
INFO: Find registry server-registry.xml at classpath resource
Mar 18, 2008 11:29:49 AM org.apache.catalina.startup.Catalina start
INFO: Server startup in 3567 ms
