May 20, 2008 7:50:26 AM org.apache.catalina.core.ApplicationContext log
INFO: ContextListener: contextInitialized()
May 20, 2008 7:50:26 AM org.apache.catalina.core.ApplicationContext log
INFO: SessionListener: contextInitialized()
May 20, 2008 7:50:26 AM org.apache.catalina.core.ApplicationContext log
INFO: org.apache.webapp.balancer.BalancerFilter: init(): ruleChain: [org.apache.webapp.balancer.RuleChain: [org.apache.webapp.balancer.rules.URLStringMatchRule: Target string: News / Redirect URL: http://www.cnn.com], [org.apache.webapp.balancer.rules.RequestParameterRule: Target param name: paramName / Target param value: paramValue / Redirect URL: http://www.yahoo.com], [org.apache.webapp.balancer.rules.AcceptEverythingRule: Redirect URL: http://jakarta.apache.org]]
May 20, 2008 7:50:27 AM org.apache.catalina.core.ApplicationContext log
INFO: ContextListener: contextInitialized()
May 20, 2008 7:50:27 AM org.apache.catalina.core.ApplicationContext log
INFO: SessionListener: contextInitialized()
May 20, 2008 8:17:54 AM org.apache.catalina.core.ApplicationContext log
INFO: ContextListener: attributeReplaced('org.apache.catalina.WELCOME_FILES', '[Ljava.lang.String;@1896a4c')
May 20, 2008 8:17:54 AM org.apache.catalina.core.ApplicationContext log
INFO: ContextListener: attributeReplaced('org.apache.catalina.WELCOME_FILES', '[Ljava.lang.String;@a1aa85')
May 20, 2008 8:17:54 AM org.apache.catalina.core.ApplicationContext log
INFO: ContextListener: attributeReplaced('org.apache.catalina.WELCOME_FILES', '[Ljava.lang.String;@1c21ece')
May 20, 2008 8:17:54 AM org.apache.catalina.core.ApplicationContext log
INFO: SessionListener: contextDestroyed()
May 20, 2008 8:17:54 AM org.apache.catalina.core.ApplicationContext log
INFO: ContextListener: contextDestroyed()
May 20, 2008 8:17:54 AM org.apache.catalina.core.ApplicationContext log
INFO: ContextListener: attributeReplaced('org.apache.catalina.WELCOME_FILES', '[Ljava.lang.String;@1080876')
May 20, 2008 8:17:54 AM org.apache.catalina.core.ApplicationContext log
INFO: ContextListener: attributeReplaced('org.apache.catalina.WELCOME_FILES', '[Ljava.lang.String;@63b2e6')
May 20, 2008 8:17:54 AM org.apache.catalina.core.ApplicationContext log
INFO: ContextListener: attributeReplaced('org.apache.catalina.WELCOME_FILES', '[Ljava.lang.String;@1762fc7')
May 20, 2008 8:17:54 AM org.apache.catalina.core.ApplicationContext log
INFO: SessionListener: contextDestroyed()
May 20, 2008 8:17:54 AM org.apache.catalina.core.ApplicationContext log
INFO: ContextListener: contextDestroyed()
