Apr 12, 2008 1:28:08 PM org.apache.catalina.core.ApplicationContext log
INFO: ContextListener: contextInitialized()
Apr 12, 2008 1:28:08 PM org.apache.catalina.core.ApplicationContext log
INFO: SessionListener: contextInitialized()
Apr 12, 2008 1:28:08 PM org.apache.catalina.core.ApplicationContext log
INFO: org.apache.webapp.balancer.BalancerFilter: init(): ruleChain: [org.apache.webapp.balancer.RuleChain: [org.apache.webapp.balancer.rules.URLStringMatchRule: Target string: News / Redirect URL: http://www.cnn.com], [org.apache.webapp.balancer.rules.RequestParameterRule: Target param name: paramName / Target param value: paramValue / Redirect URL: http://www.yahoo.com], [org.apache.webapp.balancer.rules.AcceptEverythingRule: Redirect URL: http://jakarta.apache.org]]
Apr 12, 2008 1:28:08 PM org.apache.catalina.core.ApplicationContext log
INFO: ContextListener: contextInitialized()
Apr 12, 2008 1:28:08 PM org.apache.catalina.core.ApplicationContext log
INFO: SessionListener: contextInitialized()
Apr 12, 2008 1:42:43 PM org.apache.catalina.core.ApplicationContext log
INFO: ContextListener: contextInitialized()
Apr 12, 2008 1:42:43 PM org.apache.catalina.core.ApplicationContext log
INFO: SessionListener: contextInitialized()
Apr 12, 2008 1:42:43 PM org.apache.catalina.core.ApplicationContext log
INFO: org.apache.webapp.balancer.BalancerFilter: init(): ruleChain: [org.apache.webapp.balancer.RuleChain: [org.apache.webapp.balancer.rules.URLStringMatchRule: Target string: News / Redirect URL: http://www.cnn.com], [org.apache.webapp.balancer.rules.RequestParameterRule: Target param name: paramName / Target param value: paramValue / Redirect URL: http://www.yahoo.com], [org.apache.webapp.balancer.rules.AcceptEverythingRule: Redirect URL: http://jakarta.apache.org]]
Apr 12, 2008 1:42:44 PM org.apache.catalina.core.ApplicationContext log
INFO: ContextListener: contextInitialized()
Apr 12, 2008 1:42:44 PM org.apache.catalina.core.ApplicationContext log
INFO: SessionListener: contextInitialized()
Apr 12, 2008 3:08:19 PM org.apache.catalina.core.ApplicationContext log
INFO: ContextListener: attributeReplaced('org.apache.catalina.WELCOME_FILES', '[Ljava.lang.String;@d844a9')
Apr 12, 2008 3:08:19 PM org.apache.catalina.core.ApplicationContext log
INFO: ContextListener: attributeReplaced('org.apache.catalina.WELCOME_FILES', '[Ljava.lang.String;@83e5f1')
Apr 12, 2008 3:08:19 PM org.apache.catalina.core.ApplicationContext log
INFO: ContextListener: attributeReplaced('org.apache.catalina.WELCOME_FILES', '[Ljava.lang.String;@16d64c5')
Apr 12, 2008 3:08:19 PM org.apache.catalina.core.ApplicationContext log
INFO: SessionListener: contextDestroyed()
Apr 12, 2008 3:08:19 PM org.apache.catalina.core.ApplicationContext log
INFO: ContextListener: contextDestroyed()
Apr 12, 2008 3:08:19 PM org.apache.catalina.core.ApplicationContext log
INFO: ContextListener: attributeReplaced('org.apache.catalina.WELCOME_FILES', '[Ljava.lang.String;@1453d72')
Apr 12, 2008 3:08:19 PM org.apache.catalina.core.ApplicationContext log
INFO: ContextListener: attributeReplaced('org.apache.catalina.WELCOME_FILES', '[Ljava.lang.String;@c5186e')
Apr 12, 2008 3:08:19 PM org.apache.catalina.core.ApplicationContext log
INFO: ContextListener: attributeReplaced('org.apache.catalina.WELCOME_FILES', '[Ljava.lang.String;@1c70315')
Apr 12, 2008 3:08:19 PM org.apache.catalina.core.ApplicationContext log
INFO: SessionListener: contextDestroyed()
Apr 12, 2008 3:08:19 PM org.apache.catalina.core.ApplicationContext log
INFO: ContextListener: contextDestroyed()
Apr 12, 2008 3:09:29 PM org.apache.catalina.core.ApplicationContext log
INFO: ContextListener: contextInitialized()
Apr 12, 2008 3:09:29 PM org.apache.catalina.core.ApplicationContext log
INFO: SessionListener: contextInitialized()
Apr 12, 2008 3:09:29 PM org.apache.catalina.core.ApplicationContext log
INFO: org.apache.webapp.balancer.BalancerFilter: init(): ruleChain: [org.apache.webapp.balancer.RuleChain: [org.apache.webapp.balancer.rules.URLStringMatchRule: Target string: News / Redirect URL: http://www.cnn.com], [org.apache.webapp.balancer.rules.RequestParameterRule: Target param name: paramName / Target param value: paramValue / Redirect URL: http://www.yahoo.com], [org.apache.webapp.balancer.rules.AcceptEverythingRule: Redirect URL: http://jakarta.apache.org]]
Apr 12, 2008 3:09:29 PM org.apache.catalina.core.ApplicationContext log
INFO: ContextListener: contextInitialized()
Apr 12, 2008 3:09:29 PM org.apache.catalina.core.ApplicationContext log
INFO: SessionListener: contextInitialized()
