Jul 9, 2008 3:04:26 PM org.apache.catalina.core.StandardWrapperValve invoke
SEVERE: Servlet.service() for servlet WebDAVServlet threw exception
com.rbnb.sapi.SAPIException: Nesting java.net.ConnectException
	at com.rbnb.sapi.Client.OpenRBNBConnection(Client.java:309)
	at com.rbnb.web.WebDAVServlet.connect(WebDAVServlet.java:1438)
	at com.rbnb.web.WebDAVServlet.doPut(WebDAVServlet.java:707)
	at com.rbnb.web.WebDAVServlet.service(WebDAVServlet.java:202)
	at javax.servlet.http.HttpServlet.service(HttpServlet.java:802)
	at org.apache.catalina.core.ApplicationFilterChain.internalDoFilter(ApplicationFilterChain.java:252)
	at org.apache.catalina.core.ApplicationFilterChain.doFilter(ApplicationFilterChain.java:173)
	at org.apache.catalina.core.StandardWrapperValve.invoke(StandardWrapperValve.java:213)
	at org.apache.catalina.core.StandardContextValve.invoke(StandardContextValve.java:178)
	at org.apache.catalina.core.StandardHostValve.invoke(StandardHostValve.java:126)
	at org.apache.catalina.valves.ErrorReportValve.invoke(ErrorReportValve.java:105)
	at org.apache.catalina.core.StandardEngineValve.invoke(StandardEngineValve.java:107)
	at org.apache.catalina.connector.CoyoteAdapter.service(CoyoteAdapter.java:148)
	at org.apache.coyote.http11.Http11Processor.process(Http11Processor.java:868)
	at org.apache.coyote.http11.Http11BaseProtocol$Http11ConnectionHandler.processConnection(Http11BaseProtocol.java:663)
	at org.apache.tomcat.util.net.PoolTcpEndpoint.processSocket(PoolTcpEndpoint.java:527)
	at org.apache.tomcat.util.net.LeaderFollowerWorkerThread.runIt(LeaderFollowerWorkerThread.java:80)
	at org.apache.tomcat.util.threads.ThreadPool$ControlRunnable.run(ThreadPool.java:684)
	at java.lang.Thread.run(Thread.java:675)

Nested exception:
java.net.ConnectException: Connection refused
	at com.rbnb.api.TCP$SocketConnector.waitForSocket(TCP.java:1408)
	at com.rbnb.api.TCP.newClientSide(TCP.java:839)
	at com.rbnb.api.ACO.createRCO(ACO.java:537)
	at com.rbnb.api.TCPACO.createRCO(TCPACO.java:293)
	at com.rbnb.api.ACO.start(ACO.java:1958)
	at com.rbnb.api.ClientHandle.start(ClientHandle.java:459)
	at com.rbnb.sapi.Sink.doOpen(Sink.java:222)
	at com.rbnb.sapi.Client.OpenRBNBConnection(Client.java:304)
	at com.rbnb.web.WebDAVServlet.connect(WebDAVServlet.java:1438)
	at com.rbnb.web.WebDAVServlet.doPut(WebDAVServlet.java:707)
	at com.rbnb.web.WebDAVServlet.service(WebDAVServlet.java:202)
	at javax.servlet.http.HttpServlet.service(HttpServlet.java:802)
	at org.apache.catalina.core.ApplicationFilterChain.internalDoFilter(ApplicationFilterChain.java:252)
	at org.apache.catalina.core.ApplicationFilterChain.doFilter(ApplicationFilterChain.java:173)
	at org.apache.catalina.core.StandardWrapperValve.invoke(StandardWrapperValve.java:213)
	at org.apache.catalina.core.StandardContextValve.invoke(StandardContextValve.java:178)
	at org.apache.catalina.core.StandardHostValve.invoke(StandardHostValve.java:126)
	at org.apache.catalina.valves.ErrorReportValve.invoke(ErrorReportValve.java:105)
	at org.apache.catalina.core.StandardEngineValve.invoke(StandardEngineValve.java:107)
	at org.apache.catalina.connector.CoyoteAdapter.service(CoyoteAdapter.java:148)
	at org.apache.coyote.http11.Http11Processor.process(Http11Processor.java:868)
	at org.apache.coyote.http11.Http11BaseProtocol$Http11ConnectionHandler.processConnection(Http11BaseProtocol.java:663)
	at org.apache.tomcat.util.net.PoolTcpEndpoint.processSocket(PoolTcpEndpoint.java:527)
	at org.apache.tomcat.util.net.LeaderFollowerWorkerThread.runIt(LeaderFollowerWorkerThread.java:80)
	at org.apache.tomcat.util.threads.ThreadPool$ControlRunnable.run(ThreadPool.java:684)
	at java.lang.Thread.run(Thread.java:675)
Jul 9, 2008 3:04:27 PM org.apache.catalina.core.StandardWrapperValve invoke
SEVERE: Servlet.service() for servlet WebDAVServlet threw exception
com.rbnb.sapi.SAPIException: Nesting java.net.ConnectException
	at com.rbnb.sapi.Client.OpenRBNBConnection(Client.java:309)
	at com.rbnb.web.WebDAVServlet.connect(WebDAVServlet.java:1438)
	at com.rbnb.web.WebDAVServlet.doPut(WebDAVServlet.java:707)
	at com.rbnb.web.WebDAVServlet.service(WebDAVServlet.java:202)
	at javax.servlet.http.HttpServlet.service(HttpServlet.java:802)
	at org.apache.catalina.core.ApplicationFilterChain.internalDoFilter(ApplicationFilterChain.java:252)
	at org.apache.catalina.core.ApplicationFilterChain.doFilter(ApplicationFilterChain.java:173)
	at org.apache.catalina.core.StandardWrapperValve.invoke(StandardWrapperValve.java:213)
	at org.apache.catalina.core.StandardContextValve.invoke(StandardContextValve.java:178)
	at org.apache.catalina.core.StandardHostValve.invoke(StandardHostValve.java:126)
	at org.apache.catalina.valves.ErrorReportValve.invoke(ErrorReportValve.java:105)
	at org.apache.catalina.core.StandardEngineValve.invoke(StandardEngineValve.java:107)
	at org.apache.catalina.connector.CoyoteAdapter.service(CoyoteAdapter.java:148)
	at org.apache.coyote.http11.Http11Processor.process(Http11Processor.java:868)
	at org.apache.coyote.http11.Http11BaseProtocol$Http11ConnectionHandler.processConnection(Http11BaseProtocol.java:663)
	at org.apache.tomcat.util.net.PoolTcpEndpoint.processSocket(PoolTcpEndpoint.java:527)
	at org.apache.tomcat.util.net.LeaderFollowerWorkerThread.runIt(LeaderFollowerWorkerThread.java:80)
	at org.apache.tomcat.util.threads.ThreadPool$ControlRunnable.run(ThreadPool.java:684)
	at java.lang.Thread.run(Thread.java:675)

Nested exception:
java.net.ConnectException: Connection refused
	at com.rbnb.api.TCP$SocketConnector.waitForSocket(TCP.java:1408)
	at com.rbnb.api.TCP.newClientSide(TCP.java:839)
	at com.rbnb.api.ACO.createRCO(ACO.java:537)
	at com.rbnb.api.TCPACO.createRCO(TCPACO.java:293)
	at com.rbnb.api.ACO.start(ACO.java:1958)
	at com.rbnb.api.ClientHandle.start(ClientHandle.java:459)
	at com.rbnb.sapi.Sink.doOpen(Sink.java:222)
	at com.rbnb.sapi.Client.OpenRBNBConnection(Client.java:304)
	at com.rbnb.web.WebDAVServlet.connect(WebDAVServlet.java:1438)
	at com.rbnb.web.WebDAVServlet.doPut(WebDAVServlet.java:707)
	at com.rbnb.web.WebDAVServlet.service(WebDAVServlet.java:202)
	at javax.servlet.http.HttpServlet.service(HttpServlet.java:802)
	at org.apache.catalina.core.ApplicationFilterChain.internalDoFilter(ApplicationFilterChain.java:252)
	at org.apache.catalina.core.ApplicationFilterChain.doFilter(ApplicationFilterChain.java:173)
	at org.apache.catalina.core.StandardWrapperValve.invoke(StandardWrapperValve.java:213)
	at org.apache.catalina.core.StandardContextValve.invoke(StandardContextValve.java:178)
	at org.apache.catalina.core.StandardHostValve.invoke(StandardHostValve.java:126)
	at org.apache.catalina.valves.ErrorReportValve.invoke(ErrorReportValve.java:105)
	at org.apache.catalina.core.StandardEngineValve.invoke(StandardEngineValve.java:107)
	at org.apache.catalina.connector.CoyoteAdapter.service(CoyoteAdapter.java:148)
	at org.apache.coyote.http11.Http11Processor.process(Http11Processor.java:868)
	at org.apache.coyote.http11.Http11BaseProtocol$Http11ConnectionHandler.processConnection(Http11BaseProtocol.java:663)
	at org.apache.tomcat.util.net.PoolTcpEndpoint.processSocket(PoolTcpEndpoint.java:527)
	at org.apache.tomcat.util.net.LeaderFollowerWorkerThread.runIt(LeaderFollowerWorkerThread.java:80)
	at org.apache.tomcat.util.threads.ThreadPool$ControlRunnable.run(ThreadPool.java:684)
	at java.lang.Thread.run(Thread.java:675)
Jul 9, 2008 3:04:29 PM org.apache.catalina.core.StandardWrapperValve invoke
SEVERE: Servlet.service() for servlet WebDAVServlet threw exception
com.rbnb.sapi.SAPIException: Nesting java.net.ConnectException
	at com.rbnb.sapi.Client.OpenRBNBConnection(Client.java:309)
	at com.rbnb.web.WebDAVServlet.connect(WebDAVServlet.java:1438)
	at com.rbnb.web.WebDAVServlet.doPut(WebDAVServlet.java:707)
	at com.rbnb.web.WebDAVServlet.service(WebDAVServlet.java:202)
	at javax.servlet.http.HttpServlet.service(HttpServlet.java:802)
	at org.apache.catalina.core.ApplicationFilterChain.internalDoFilter(ApplicationFilterChain.java:252)
	at org.apache.catalina.core.ApplicationFilterChain.doFilter(ApplicationFilterChain.java:173)
	at org.apache.catalina.core.StandardWrapperValve.invoke(StandardWrapperValve.java:213)
	at org.apache.catalina.core.StandardContextValve.invoke(StandardContextValve.java:178)
	at org.apache.catalina.core.StandardHostValve.invoke(StandardHostValve.java:126)
	at org.apache.catalina.valves.ErrorReportValve.invoke(ErrorReportValve.java:105)
	at org.apache.catalina.core.StandardEngineValve.invoke(StandardEngineValve.java:107)
	at org.apache.catalina.connector.CoyoteAdapter.service(CoyoteAdapter.java:148)
	at org.apache.coyote.http11.Http11Processor.process(Http11Processor.java:868)
	at org.apache.coyote.http11.Http11BaseProtocol$Http11ConnectionHandler.processConnection(Http11BaseProtocol.java:663)
	at org.apache.tomcat.util.net.PoolTcpEndpoint.processSocket(PoolTcpEndpoint.java:527)
	at org.apache.tomcat.util.net.LeaderFollowerWorkerThread.runIt(LeaderFollowerWorkerThread.java:80)
	at org.apache.tomcat.util.threads.ThreadPool$ControlRunnable.run(ThreadPool.java:684)
	at java.lang.Thread.run(Thread.java:675)

Nested exception:
java.net.ConnectException: Connection refused
	at com.rbnb.api.TCP$SocketConnector.waitForSocket(TCP.java:1408)
	at com.rbnb.api.TCP.newClientSide(TCP.java:839)
	at com.rbnb.api.ACO.createRCO(ACO.java:537)
	at com.rbnb.api.TCPACO.createRCO(TCPACO.java:293)
	at com.rbnb.api.ACO.start(ACO.java:1958)
	at com.rbnb.api.ClientHandle.start(ClientHandle.java:459)
	at com.rbnb.sapi.Sink.doOpen(Sink.java:222)
	at com.rbnb.sapi.Client.OpenRBNBConnection(Client.java:304)
	at com.rbnb.web.WebDAVServlet.connect(WebDAVServlet.java:1438)
	at com.rbnb.web.WebDAVServlet.doPut(WebDAVServlet.java:707)
	at com.rbnb.web.WebDAVServlet.service(WebDAVServlet.java:202)
	at javax.servlet.http.HttpServlet.service(HttpServlet.java:802)
	at org.apache.catalina.core.ApplicationFilterChain.internalDoFilter(ApplicationFilterChain.java:252)
	at org.apache.catalina.core.ApplicationFilterChain.doFilter(ApplicationFilterChain.java:173)
	at org.apache.catalina.core.StandardWrapperValve.invoke(StandardWrapperValve.java:213)
	at org.apache.catalina.core.StandardContextValve.invoke(StandardContextValve.java:178)
	at org.apache.catalina.core.StandardHostValve.invoke(StandardHostValve.java:126)
	at org.apache.catalina.valves.ErrorReportValve.invoke(ErrorReportValve.java:105)
	at org.apache.catalina.core.StandardEngineValve.invoke(StandardEngineValve.java:107)
	at org.apache.catalina.connector.CoyoteAdapter.service(CoyoteAdapter.java:148)
	at org.apache.coyote.http11.Http11Processor.process(Http11Processor.java:868)
	at org.apache.coyote.http11.Http11BaseProtocol$Http11ConnectionHandler.processConnection(Http11BaseProtocol.java:663)
	at org.apache.tomcat.util.net.PoolTcpEndpoint.processSocket(PoolTcpEndpoint.java:527)
	at org.apache.tomcat.util.net.LeaderFollowerWorkerThread.runIt(LeaderFollowerWorkerThread.java:80)
	at org.apache.tomcat.util.threads.ThreadPool$ControlRunnable.run(ThreadPool.java:684)
	at java.lang.Thread.run(Thread.java:675)
Jul 9, 2008 3:04:31 PM org.apache.catalina.core.ApplicationContext log
INFO: ContextListener: attributeReplaced('org.apache.catalina.WELCOME_FILES', '[Ljava.lang.String;@1184406')
Jul 9, 2008 3:04:31 PM org.apache.catalina.core.ApplicationContext log
INFO: ContextListener: attributeReplaced('org.apache.catalina.WELCOME_FILES', '[Ljava.lang.String;@19f8f0')
Jul 9, 2008 3:04:31 PM org.apache.catalina.core.ApplicationContext log
INFO: ContextListener: attributeReplaced('org.apache.catalina.WELCOME_FILES', '[Ljava.lang.String;@12683cd')
Jul 9, 2008 3:04:31 PM org.apache.catalina.core.ApplicationContext log
INFO: SessionListener: contextDestroyed()
Jul 9, 2008 3:04:31 PM org.apache.catalina.core.ApplicationContext log
INFO: ContextListener: contextDestroyed()
Jul 9, 2008 3:04:31 PM org.apache.catalina.core.ApplicationContext log
INFO: ContextListener: attributeReplaced('org.apache.catalina.WELCOME_FILES', '[Ljava.lang.String;@1dc21a7')
Jul 9, 2008 3:04:31 PM org.apache.catalina.core.ApplicationContext log
INFO: ContextListener: attributeReplaced('org.apache.catalina.WELCOME_FILES', '[Ljava.lang.String;@1258c1b')
Jul 9, 2008 3:04:31 PM org.apache.catalina.core.ApplicationContext log
INFO: ContextListener: attributeReplaced('org.apache.catalina.WELCOME_FILES', '[Ljava.lang.String;@117898')
Jul 9, 2008 3:04:31 PM org.apache.catalina.core.ApplicationContext log
INFO: SessionListener: contextDestroyed()
Jul 9, 2008 3:04:31 PM org.apache.catalina.core.ApplicationContext log
INFO: ContextListener: contextDestroyed()
