marker: DC8-817-TC4_IWG1
Adding Channel 1 TimeStamp
Adding Channel 2 Latitude
Adding Channel 3 Longitude
Adding Channel 4 GPS_Alt_MSL
Adding Channel 5 GPS_Altitude
Adding Channel 6 Pressure_Altitude
Adding Channel 7 RADAR_Altitude
Adding Channel 8 Ground_Speed
Adding Channel 9 True_Air_Speed
Adding Channel 10 Indicated_Air_Speed
Adding Channel 11 Mach_Number
Adding Channel 12 Vertical_Speed
Adding Channel 13 True_Heading
Adding Channel 14 Track_Angle
Adding Channel 15 Drift_Angle
Adding Channel 16 Pitch_Angle
Adding Channel 17 Roll_Angle
Adding Channel 18 Slip_Angle
Adding Channel 19 Attack_Angle
Adding Channel 20 Static_Air_Temp
Adding Channel 21 Dew_Point
Adding Channel 22 Total_Air_Temp
Adding Channel 23 Static_Pressure
Adding Channel 24 Dynamic_Pressure
Adding Channel 25 Cabin_Pressure
Adding Channel 26 Wind_Speed
Adding Channel 27 Wind_Direction
Adding Channel 28 Vert_Wind_Speed
Adding Channel 29 Solar_Zenith_Angle
Adding Channel 30 Aircraft_Sun_Elevation
Adding Channel 31 Sun_Azimuth
Adding Channel 32 Aircraft_Sun_Azimuth
Adding Channel 33 GPS_Vertical_Speed
Adding Channel 34 ADC_Baro_Altitude
Adding Channel 35 Potential_Temp
Adding Channel 36 Cabin_Temp
Adding Channel 37 Cabin_Humidity
Adding Channel 38 Acceleration_X
Adding Channel 39 Acceleration_Y
Adding Channel 40 Acceleration_Z
Output to: DC8-817-TC4_IWG1
Connected to Source: localhost:3333
Connected to Sink: localhost:3333
Running subscribe-by-frame newest mode
.