Using SAX parser: com.sun.org.apache.xerces.internal.parsers.SAXParser
MKCOL response = 200
Local Date,Source URL,Dest URL,GET Code,PUT Code,Server Date,Server LastMod,Server Expires,Next Copy Date
Fri Jan 09 13:47:48 EST 2009,http://indscore.dfrc.nasa.gov/RBNB/DC8-5000-cap/UDP,http://localhost/RBNB/DC8-5000-cap/UDP,200,201,Fri Jan 09 13:47:47 EST 2009,Wed Oct 01 10:08:31 EDT 2008,---,Fri Jan 09 13:48:18 EST 2009
Fri Jan 09 13:48:18 EST 2009,http://indscore.dfrc.nasa.gov/RBNB/DC8-5000-cap/UDP,http://localhost/RBNB/DC8-5000-cap/UDP,304,---,---,---,---,Fri Jan 09 13:48:48 EST 2009
Fri Jan 09 13:48:48 EST 2009,http://indscore.dfrc.nasa.gov/RBNB/DC8-5000-cap/UDP,http://localhost/RBNB/DC8-5000-cap/UDP,304,---,---,---,---,Fri Jan 09 13:49:18 EST 2009
Fri Jan 09 13:49:18 EST 2009,http://indscore.dfrc.nasa.gov/RBNB/DC8-5000-cap/UDP,http://localhost/RBNB/DC8-5000-cap/UDP,304,---,---,---,---,Fri Jan 09 13:49:48 EST 2009
Fri Jan 09 13:49:48 EST 2009,http://indscore.dfrc.nasa.gov/RBNB/DC8-5000-cap/UDP,http://localhost/RBNB/DC8-5000-cap/UDP,304,---,---,---,---,Fri Jan 09 13:50:18 EST 2009
Fri Jan 09 13:50:18 EST 2009,http://indscore.dfrc.nasa.gov/RBNB/DC8-5000-cap/UDP,http://localhost/RBNB/DC8-5000-cap/UDP,304,---,---,---,---,Fri Jan 09 13:50:48 EST 2009
Fri Jan 09 13:50:48 EST 2009,http://indscore.dfrc.nasa.gov/RBNB/DC8-5000-cap/UDP,http://localhost/RBNB/DC8-5000-cap/UDP,304,---,---,---,---,Fri Jan 09 13:51:18 EST 2009
Fri Jan 09 13:51:18 EST 2009,http://indscore.dfrc.nasa.gov/RBNB/DC8-5000-cap/UDP,http://localhost/RBNB/DC8-5000-cap/UDP,304,---,---,---,---,Fri Jan 09 13:51:48 EST 2009
Fri Jan 09 13:51:48 EST 2009,http://indscore.dfrc.nasa.gov/RBNB/DC8-5000-cap/UDP,http://localhost/RBNB/DC8-5000-cap/UDP,304,---,---,---,---,Fri Jan 09 13:52:18 EST 2009
Fri Jan 09 13:52:18 EST 2009,http://indscore.dfrc.nasa.gov/RBNB/DC8-5000-cap/UDP,http://localhost/RBNB/DC8-5000-cap/UDP,304,---,---,---,---,Fri Jan 09 13:52:48 EST 2009
Fri Jan 09 13:52:48 EST 2009,http://indscore.dfrc.nasa.gov/RBNB/DC8-5000-cap/UDP,http://localhost/RBNB/DC8-5000-cap/UDP,304,---,---,---,---,Fri Jan 09 13:53:18 EST 2009
Fri Jan 09 13:53:18 EST 2009,http://indscore.dfrc.nasa.gov/RBNB/DC8-5000-cap/UDP,http://localhost/RBNB/DC8-5000-cap/UDP,304,---,---,---,---,Fri Jan 09 13:53:48 EST 2009
Fri Jan 09 13:53:48 EST 2009,http://indscore.dfrc.nasa.gov/RBNB/DC8-5000-cap/UDP,http://localhost/RBNB/DC8-5000-cap/UDP,304,---,---,---,---,Fri Jan 09 13:54:18 EST 2009
Fri Jan 09 13:54:18 EST 2009,http://indscore.dfrc.nasa.gov/RBNB/DC8-5000-cap/UDP,http://localhost/RBNB/DC8-5000-cap/UDP,304,---,---,---,---,Fri Jan 09 13:54:48 EST 2009
Fri Jan 09 13:54:48 EST 2009,http://indscore.dfrc.nasa.gov/RBNB/DC8-5000-cap/UDP,http://localhost/RBNB/DC8-5000-cap/UDP,304,---,---,---,---,Fri Jan 09 13:55:18 EST 2009
Fri Jan 09 13:55:18 EST 2009,http://indscore.dfrc.nasa.gov/RBNB/DC8-5000-cap/UDP,http://localhost/RBNB/DC8-5000-cap/UDP,304,---,---,---,---,Fri Jan 09 13:55:48 EST 2009
Fri Jan 09 13:55:48 EST 2009,http://indscore.dfrc.nasa.gov/RBNB/DC8-5000-cap/UDP,http://localhost/RBNB/DC8-5000-cap/UDP,304,---,---,---,---,Fri Jan 09 13:56:18 EST 2009
Fri Jan 09 13:56:18 EST 2009,http://indscore.dfrc.nasa.gov/RBNB/DC8-5000-cap/UDP,http://localhost/RBNB/DC8-5000-cap/UDP,304,---,---,---,---,Fri Jan 09 13:56:48 EST 2009
Fri Jan 09 13:56:48 EST 2009,http://indscore.dfrc.nasa.gov/RBNB/DC8-5000-cap/UDP,http://localhost/RBNB/DC8-5000-cap/UDP,304,---,---,---,---,Fri Jan 09 13:57:18 EST 2009
Fri Jan 09 13:57:18 EST 2009,http://indscore.dfrc.nasa.gov/RBNB/DC8-5000-cap/UDP,http://localhost/RBNB/DC8-5000-cap/UDP,304,---,---,---,---,Fri Jan 09 13:57:48 EST 2009
Fri Jan 09 13:57:48 EST 2009,http://indscore.dfrc.nasa.gov/RBNB/DC8-5000-cap/UDP,http://localhost/RBNB/DC8-5000-cap/UDP,304,---,---,---,---,Fri Jan 09 13:58:18 EST 2009
Fri Jan 09 13:58:18 EST 2009,http://indscore.dfrc.nasa.gov/RBNB/DC8-5000-cap/UDP,http://localhost/RBNB/DC8-5000-cap/UDP,304,---,---,---,---,Fri Jan 09 13:58:48 EST 2009
Fri Jan 09 13:58:48 EST 2009,http://indscore.dfrc.nasa.gov/RBNB/DC8-5000-cap/UDP,http://localhost/RBNB/DC8-5000-cap/UDP,304,---,---,---,---,Fri Jan 09 13:59:18 EST 2009
Fri Jan 09 13:59:18 EST 2009,http://indscore.dfrc.nasa.gov/RBNB/DC8-5000-cap/UDP,http://localhost/RBNB/DC8-5000-cap/UDP,304,---,---,---,---,Fri Jan 09 13:59:48 EST 2009
Fri Jan 09 13:59:48 EST 2009,http://indscore.dfrc.nasa.gov/RBNB/DC8-5000-cap/UDP,http://localhost/RBNB/DC8-5000-cap/UDP,304,---,---,---,---,Fri Jan 09 14:00:18 EST 2009
Fri Jan 09 14:00:18 EST 2009,http://indscore.dfrc.nasa.gov/RBNB/DC8-5000-cap/UDP,http://localhost/RBNB/DC8-5000-cap/UDP,304,---,---,---,---,Fri Jan 09 14:00:48 EST 2009
Fri Jan 09 14:00:48 EST 2009,http://indscore.dfrc.nasa.gov/RBNB/DC8-5000-cap/UDP,http://localhost/RBNB/DC8-5000-cap/UDP,304,---,---,---,---,Fri Jan 09 14:01:18 EST 2009
Fri Jan 09 14:01:18 EST 2009,http://indscore.dfrc.nasa.gov/RBNB/DC8-5000-cap/UDP,http://localhost/RBNB/DC8-5000-cap/UDP,304,---,---,---,---,Fri Jan 09 14:01:48 EST 2009
Fri Jan 09 14:01:48 EST 2009,http://indscore.dfrc.nasa.gov/RBNB/DC8-5000-cap/UDP,http://localhost/RBNB/DC8-5000-cap/UDP,304,---,---,---,---,Fri Jan 09 14:02:18 EST 2009
Fri Jan 09 14:02:18 EST 2009,http://indscore.dfrc.nasa.gov/RBNB/DC8-5000-cap/UDP,http://localhost/RBNB/DC8-5000-cap/UDP,304,---,---,---,---,Fri Jan 09 14:02:48 EST 2009
Fri Jan 09 14:02:48 EST 2009,http://indscore.dfrc.nasa.gov/RBNB/DC8-5000-cap/UDP,http://localhost/RBNB/DC8-5000-cap/UDP,304,---,---,---,---,Fri Jan 09 14:03:18 EST 2009
Fri Jan 09 14:03:18 EST 2009,http://indscore.dfrc.nasa.gov/RBNB/DC8-5000-cap/UDP,http://localhost/RBNB/DC8-5000-cap/UDP,304,---,---,---,---,Fri Jan 09 14:03:48 EST 2009
Fri Jan 09 14:03:48 EST 2009,http://indscore.dfrc.nasa.gov/RBNB/DC8-5000-cap/UDP,http://localhost/RBNB/DC8-5000-cap/UDP,304,---,---,---,---,Fri Jan 09 14:04:18 EST 2009
Fri Jan 09 14:04:18 EST 2009,http://indscore.dfrc.nasa.gov/RBNB/DC8-5000-cap/UDP,http://localhost/RBNB/DC8-5000-cap/UDP,304,---,---,---,---,Fri Jan 09 14:04:48 EST 2009
Fri Jan 09 14:04:48 EST 2009,http://indscore.dfrc.nasa.gov/RBNB/DC8-5000-cap/UDP,http://localhost/RBNB/DC8-5000-cap/UDP,304,---,---,---,---,Fri Jan 09 14:05:18 EST 2009
Fri Jan 09 14:05:18 EST 2009,http://indscore.dfrc.nasa.gov/RBNB/DC8-5000-cap/UDP,http://localhost/RBNB/DC8-5000-cap/UDP,304,---,---,---,---,Fri Jan 09 14:05:48 EST 2009
Fri Jan 09 14:05:48 EST 2009,http://indscore.dfrc.nasa.gov/RBNB/DC8-5000-cap/UDP,http://localhost/RBNB/DC8-5000-cap/UDP,304,---,---,---,---,Fri Jan 09 14:06:18 EST 2009
Fri Jan 09 14:06:18 EST 2009,http://indscore.dfrc.nasa.gov/RBNB/DC8-5000-cap/UDP,http://localhost/RBNB/DC8-5000-cap/UDP,304,---,---,---,---,Fri Jan 09 14:06:48 EST 2009
Fri Jan 09 14:06:48 EST 2009,http://indscore.dfrc.nasa.gov/RBNB/DC8-5000-cap/UDP,http://localhost/RBNB/DC8-5000-cap/UDP,304,---,---,---,---,Fri Jan 09 14:07:18 EST 2009
Fri Jan 09 14:07:18 EST 2009,http://indscore.dfrc.nasa.gov/RBNB/DC8-5000-cap/UDP,http://localhost/RBNB/DC8-5000-cap/UDP,304,---,---,---,---,Fri Jan 09 14:07:48 EST 2009
Fri Jan 09 14:07:48 EST 2009,http://indscore.dfrc.nasa.gov/RBNB/DC8-5000-cap/UDP,http://localhost/RBNB/DC8-5000-cap/UDP,304,---,---,---,---,Fri Jan 09 14:08:18 EST 2009
Fri Jan 09 14:08:18 EST 2009,http://indscore.dfrc.nasa.gov/RBNB/DC8-5000-cap/UDP,http://localhost/RBNB/DC8-5000-cap/UDP,304,---,---,---,---,Fri Jan 09 14:08:48 EST 2009
Fri Jan 09 14:08:48 EST 2009,http://indscore.dfrc.nasa.gov/RBNB/DC8-5000-cap/UDP,http://localhost/RBNB/DC8-5000-cap/UDP,304,---,---,---,---,Fri Jan 09 14:09:18 EST 2009
Fri Jan 09 14:09:18 EST 2009,http://indscore.dfrc.nasa.gov/RBNB/DC8-5000-cap/UDP,http://localhost/RBNB/DC8-5000-cap/UDP,304,---,---,---,---,Fri Jan 09 14:09:48 EST 2009
Fri Jan 09 14:09:48 EST 2009,http://indscore.dfrc.nasa.gov/RBNB/DC8-5000-cap/UDP,http://localhost/RBNB/DC8-5000-cap/UDP,304,---,---,---,---,Fri Jan 09 14:10:18 EST 2009
Fri Jan 09 14:10:18 EST 2009,http://indscore.dfrc.nasa.gov/RBNB/DC8-5000-cap/UDP,http://localhost/RBNB/DC8-5000-cap/UDP,304,---,---,---,---,Fri Jan 09 14:10:48 EST 2009
Fri Jan 09 14:10:48 EST 2009,http://indscore.dfrc.nasa.gov/RBNB/DC8-5000-cap/UDP,http://localhost/RBNB/DC8-5000-cap/UDP,304,---,---,---,---,Fri Jan 09 14:11:18 EST 2009
Fri Jan 09 14:11:18 EST 2009,http://indscore.dfrc.nasa.gov/RBNB/DC8-5000-cap/UDP,http://localhost/RBNB/DC8-5000-cap/UDP,304,---,---,---,---,Fri Jan 09 14:11:48 EST 2009
Fri Jan 09 14:11:48 EST 2009,http://indscore.dfrc.nasa.gov/RBNB/DC8-5000-cap/UDP,http://localhost/RBNB/DC8-5000-cap/UDP,304,---,---,---,---,Fri Jan 09 14:12:18 EST 2009
Fri Jan 09 14:12:18 EST 2009,http://indscore.dfrc.nasa.gov/RBNB/DC8-5000-cap/UDP,http://localhost/RBNB/DC8-5000-cap/UDP,304,---,---,---,---,Fri Jan 09 14:12:48 EST 2009
Fri Jan 09 14:12:48 EST 2009,http://indscore.dfrc.nasa.gov/RBNB/DC8-5000-cap/UDP,http://localhost/RBNB/DC8-5000-cap/UDP,304,---,---,---,---,Fri Jan 09 14:13:18 EST 2009
Fri Jan 09 14:13:18 EST 2009,http://indscore.dfrc.nasa.gov/RBNB/DC8-5000-cap/UDP,http://localhost/RBNB/DC8-5000-cap/UDP,304,---,---,---,---,Fri Jan 09 14:13:48 EST 2009
Fri Jan 09 14:13:48 EST 2009,http://indscore.dfrc.nasa.gov/RBNB/DC8-5000-cap/UDP,http://localhost/RBNB/DC8-5000-cap/UDP,304,---,---,---,---,Fri Jan 09 14:14:18 EST 2009
Fri Jan 09 14:14:18 EST 2009,http://indscore.dfrc.nasa.gov/RBNB/DC8-5000-cap/UDP,http://localhost/RBNB/DC8-5000-cap/UDP,304,---,---,---,---,Fri Jan 09 14:14:48 EST 2009
Fri Jan 09 14:14:48 EST 2009,http://indscore.dfrc.nasa.gov/RBNB/DC8-5000-cap/UDP,http://localhost/RBNB/DC8-5000-cap/UDP,304,---,---,---,---,Fri Jan 09 14:15:18 EST 2009
Fri Jan 09 14:15:18 EST 2009,http://indscore.dfrc.nasa.gov/RBNB/DC8-5000-cap/UDP,http://localhost/RBNB/DC8-5000-cap/UDP,304,---,---,---,---,Fri Jan 09 14:15:48 EST 2009
Fri Jan 09 14:15:48 EST 2009,http://indscore.dfrc.nasa.gov/RBNB/DC8-5000-cap/UDP,http://localhost/RBNB/DC8-5000-cap/UDP,304,---,---,---,---,Fri Jan 09 14:16:18 EST 2009
Fri Jan 09 14:16:18 EST 2009,http://indscore.dfrc.nasa.gov/RBNB/DC8-5000-cap/UDP,http://localhost/RBNB/DC8-5000-cap/UDP,304,---,---,---,---,Fri Jan 09 14:16:48 EST 2009
Fri Jan 09 14:16:48 EST 2009,http://indscore.dfrc.nasa.gov/RBNB/DC8-5000-cap/UDP,http://localhost/RBNB/DC8-5000-cap/UDP,304,---,---,---,---,Fri Jan 09 14:17:18 EST 2009
Fri Jan 09 14:17:18 EST 2009,http://indscore.dfrc.nasa.gov/RBNB/DC8-5000-cap/UDP,http://localhost/RBNB/DC8-5000-cap/UDP,304,---,---,---,---,Fri Jan 09 14:17:48 EST 2009
Fri Jan 09 14:17:48 EST 2009,http://indscore.dfrc.nasa.gov/RBNB/DC8-5000-cap/UDP,http://localhost/RBNB/DC8-5000-cap/UDP,304,---,---,---,---,Fri Jan 09 14:18:18 EST 2009
Fri Jan 09 14:18:18 EST 2009,http://indscore.dfrc.nasa.gov/RBNB/DC8-5000-cap/UDP,http://localhost/RBNB/DC8-5000-cap/UDP,304,---,---,---,---,Fri Jan 09 14:18:48 EST 2009
Fri Jan 09 14:18:48 EST 2009,http://indscore.dfrc.nasa.gov/RBNB/DC8-5000-cap/UDP,http://localhost/RBNB/DC8-5000-cap/UDP,304,---,---,---,---,Fri Jan 09 14:19:18 EST 2009
Fri Jan 09 14:19:18 EST 2009,http://indscore.dfrc.nasa.gov/RBNB/DC8-5000-cap/UDP,http://localhost/RBNB/DC8-5000-cap/UDP,304,---,---,---,---,Fri Jan 09 14:19:48 EST 2009
Fri Jan 09 14:19:48 EST 2009,http://indscore.dfrc.nasa.gov/RBNB/DC8-5000-cap/UDP,http://localhost/RBNB/DC8-5000-cap/UDP,304,---,---,---,---,Fri Jan 09 14:20:18 EST 2009
Fri Jan 09 14:20:18 EST 2009,http://indscore.dfrc.nasa.gov/RBNB/DC8-5000-cap/UDP,http://localhost/RBNB/DC8-5000-cap/UDP,304,---,---,---,---,Fri Jan 09 14:20:48 EST 2009
Fri Jan 09 14:20:48 EST 2009,http://indscore.dfrc.nasa.gov/RBNB/DC8-5000-cap/UDP,http://localhost/RBNB/DC8-5000-cap/UDP,304,---,---,---,---,Fri Jan 09 14:21:18 EST 2009
Fri Jan 09 14:21:18 EST 2009,http://indscore.dfrc.nasa.gov/RBNB/DC8-5000-cap/UDP,http://localhost/RBNB/DC8-5000-cap/UDP,304,---,---,---,---,Fri Jan 09 14:21:48 EST 2009
Fri Jan 09 14:21:48 EST 2009,http://indscore.dfrc.nasa.gov/RBNB/DC8-5000-cap/UDP,http://localhost/RBNB/DC8-5000-cap/UDP,304,---,---,---,---,Fri Jan 09 14:22:18 EST 2009
Fri Jan 09 14:22:18 EST 2009,http://indscore.dfrc.nasa.gov/RBNB/DC8-5000-cap/UDP,http://localhost/RBNB/DC8-5000-cap/UDP,304,---,---,---,---,Fri Jan 09 14:22:48 EST 2009
Fri Jan 09 14:22:48 EST 2009,http://indscore.dfrc.nasa.gov/RBNB/DC8-5000-cap/UDP,http://localhost/RBNB/DC8-5000-cap/UDP,304,---,---,---,---,Fri Jan 09 14:23:18 EST 2009
Fri Jan 09 14:23:18 EST 2009,http://indscore.dfrc.nasa.gov/RBNB/DC8-5000-cap/UDP,http://localhost/RBNB/DC8-5000-cap/UDP,304,---,---,---,---,Fri Jan 09 14:23:48 EST 2009
Fri Jan 09 14:23:48 EST 2009,http://indscore.dfrc.nasa.gov/RBNB/DC8-5000-cap/UDP,http://localhost/RBNB/DC8-5000-cap/UDP,304,---,---,---,---,Fri Jan 09 14:24:18 EST 2009
Fri Jan 09 14:24:18 EST 2009,http://indscore.dfrc.nasa.gov/RBNB/DC8-5000-cap/UDP,http://localhost/RBNB/DC8-5000-cap/UDP,304,---,---,---,---,Fri Jan 09 14:24:48 EST 2009
Fri Jan 09 14:24:48 EST 2009,http://indscore.dfrc.nasa.gov/RBNB/DC8-5000-cap/UDP,http://localhost/RBNB/DC8-5000-cap/UDP,304,---,---,---,---,Fri Jan 09 14:25:18 EST 2009
Fri Jan 09 14:25:18 EST 2009,http://indscore.dfrc.nasa.gov/RBNB/DC8-5000-cap/UDP,http://localhost/RBNB/DC8-5000-cap/UDP,304,---,---,---,---,Fri Jan 09 14:25:48 EST 2009
Fri Jan 09 14:25:48 EST 2009,http://indscore.dfrc.nasa.gov/RBNB/DC8-5000-cap/UDP,http://localhost/RBNB/DC8-5000-cap/UDP,304,---,---,---,---,Fri Jan 09 14:26:18 EST 2009
Fri Jan 09 14:26:18 EST 2009,http://indscore.dfrc.nasa.gov/RBNB/DC8-5000-cap/UDP,http://localhost/RBNB/DC8-5000-cap/UDP,304,---,---,---,---,Fri Jan 09 14:26:48 EST 2009
Fri Jan 09 14:26:48 EST 2009,http://indscore.dfrc.nasa.gov/RBNB/DC8-5000-cap/UDP,http://localhost/RBNB/DC8-5000-cap/UDP,304,---,---,---,---,Fri Jan 09 14:27:18 EST 2009
Fri Jan 09 14:27:18 EST 2009,http://indscore.dfrc.nasa.gov/RBNB/DC8-5000-cap/UDP,http://localhost/RBNB/DC8-5000-cap/UDP,304,---,---,---,---,Fri Jan 09 14:27:48 EST 2009
Fri Jan 09 14:27:48 EST 2009,http://indscore.dfrc.nasa.gov/RBNB/DC8-5000-cap/UDP,http://localhost/RBNB/DC8-5000-cap/UDP,304,---,---,---,---,Fri Jan 09 14:28:18 EST 2009
Fri Jan 09 14:28:18 EST 2009,http://indscore.dfrc.nasa.gov/RBNB/DC8-5000-cap/UDP,http://localhost/RBNB/DC8-5000-cap/UDP,304,---,---,---,---,Fri Jan 09 14:28:48 EST 2009
Fri Jan 09 14:28:48 EST 2009,http://indscore.dfrc.nasa.gov/RBNB/DC8-5000-cap/UDP,http://localhost/RBNB/DC8-5000-cap/UDP,304,---,---,---,---,Fri Jan 09 14:29:18 EST 2009
Fri Jan 09 14:29:18 EST 2009,http://indscore.dfrc.nasa.gov/RBNB/DC8-5000-cap/UDP,http://localhost/RBNB/DC8-5000-cap/UDP,304,---,---,---,---,Fri Jan 09 14:29:48 EST 2009
Fri Jan 09 14:29:48 EST 2009,http://indscore.dfrc.nasa.gov/RBNB/DC8-5000-cap/UDP,http://localhost/RBNB/DC8-5000-cap/UDP,304,---,---,---,---,Fri Jan 09 14:30:18 EST 2009
Fri Jan 09 14:30:18 EST 2009,http://indscore.dfrc.nasa.gov/RBNB/DC8-5000-cap/UDP,http://localhost/RBNB/DC8-5000-cap/UDP,304,---,---,---,---,Fri Jan 09 14:30:48 EST 2009
Fri Jan 09 14:30:48 EST 2009,http://indscore.dfrc.nasa.gov/RBNB/DC8-5000-cap/UDP,http://localhost/RBNB/DC8-5000-cap/UDP,304,---,---,---,---,Fri Jan 09 14:31:18 EST 2009
Fri Jan 09 14:31:18 EST 2009,http://indscore.dfrc.nasa.gov/RBNB/DC8-5000-cap/UDP,http://localhost/RBNB/DC8-5000-cap/UDP,304,---,---,---,---,Fri Jan 09 14:31:48 EST 2009
Fri Jan 09 14:31:48 EST 2009,http://indscore.dfrc.nasa.gov/RBNB/DC8-5000-cap/UDP,http://localhost/RBNB/DC8-5000-cap/UDP,304,---,---,---,---,Fri Jan 09 14:32:18 EST 2009
Fri Jan 09 14:32:18 EST 2009,http://indscore.dfrc.nasa.gov/RBNB/DC8-5000-cap/UDP,http://localhost/RBNB/DC8-5000-cap/UDP,304,---,---,---,---,Fri Jan 09 14:32:48 EST 2009
Fri Jan 09 14:32:48 EST 2009,http://indscore.dfrc.nasa.gov/RBNB/DC8-5000-cap/UDP,http://localhost/RBNB/DC8-5000-cap/UDP,304,---,---,---,---,Fri Jan 09 14:33:18 EST 2009
Fri Jan 09 14:33:18 EST 2009,http://indscore.dfrc.nasa.gov/RBNB/DC8-5000-cap/UDP,http://localhost/RBNB/DC8-5000-cap/UDP,304,---,---,---,---,Fri Jan 09 14:33:48 EST 2009
Fri Jan 09 14:33:48 EST 2009,http://indscore.dfrc.nasa.gov/RBNB/DC8-5000-cap/UDP,http://localhost/RBNB/DC8-5000-cap/UDP,304,---,---,---,---,Fri Jan 09 14:34:18 EST 2009
Fri Jan 09 14:34:18 EST 2009,http://indscore.dfrc.nasa.gov/RBNB/DC8-5000-cap/UDP,http://localhost/RBNB/DC8-5000-cap/UDP,304,---,---,---,---,Fri Jan 09 14:34:48 EST 2009
Fri Jan 09 14:34:48 EST 2009,http://indscore.dfrc.nasa.gov/RBNB/DC8-5000-cap/UDP,http://localhost/RBNB/DC8-5000-cap/UDP,304,---,---,---,---,Fri Jan 09 14:35:18 EST 2009
Fri Jan 09 14:35:18 EST 2009,http://indscore.dfrc.nasa.gov/RBNB/DC8-5000-cap/UDP,http://localhost/RBNB/DC8-5000-cap/UDP,304,---,---,---,---,Fri Jan 09 14:35:48 EST 2009
Fri Jan 09 14:35:48 EST 2009,http://indscore.dfrc.nasa.gov/RBNB/DC8-5000-cap/UDP,http://localhost/RBNB/DC8-5000-cap/UDP,304,---,---,---,---,Fri Jan 09 14:36:18 EST 2009
Fri Jan 09 14:36:18 EST 2009,http://indscore.dfrc.nasa.gov/RBNB/DC8-5000-cap/UDP,http://localhost/RBNB/DC8-5000-cap/UDP,304,---,---,---,---,Fri Jan 09 14:36:48 EST 2009
Fri Jan 09 14:36:48 EST 2009,http://indscore.dfrc.nasa.gov/RBNB/DC8-5000-cap/UDP,http://localhost/RBNB/DC8-5000-cap/UDP,304,---,---,---,---,Fri Jan 09 14:37:18 EST 2009
Fri Jan 09 14:37:18 EST 2009,http://indscore.dfrc.nasa.gov/RBNB/DC8-5000-cap/UDP,http://localhost/RBNB/DC8-5000-cap/UDP,304,---,---,---,---,Fri Jan 09 14:37:48 EST 2009
Fri Jan 09 14:37:48 EST 2009,http://indscore.dfrc.nasa.gov/RBNB/DC8-5000-cap/UDP,http://localhost/RBNB/DC8-5000-cap/UDP,304,---,---,---,---,Fri Jan 09 14:38:18 EST 2009
Fri Jan 09 14:38:18 EST 2009,http://indscore.dfrc.nasa.gov/RBNB/DC8-5000-cap/UDP,http://localhost/RBNB/DC8-5000-cap/UDP,304,---,---,---,---,Fri Jan 09 14:38:48 EST 2009
Fri Jan 09 14:38:48 EST 2009,http://indscore.dfrc.nasa.gov/RBNB/DC8-5000-cap/UDP,http://localhost/RBNB/DC8-5000-cap/UDP,304,---,---,---,---,Fri Jan 09 14:39:18 EST 2009
Fri Jan 09 14:39:18 EST 2009,http://indscore.dfrc.nasa.gov/RBNB/DC8-5000-cap/UDP,http://localhost/RBNB/DC8-5000-cap/UDP,304,---,---,---,---,Fri Jan 09 14:39:48 EST 2009
Fri Jan 09 14:39:48 EST 2009,http://indscore.dfrc.nasa.gov/RBNB/DC8-5000-cap/UDP,http://localhost/RBNB/DC8-5000-cap/UDP,304,---,---,---,---,Fri Jan 09 14:40:18 EST 2009
Fri Jan 09 14:40:18 EST 2009,http://indscore.dfrc.nasa.gov/RBNB/DC8-5000-cap/UDP,http://localhost/RBNB/DC8-5000-cap/UDP,304,---,---,---,---,Fri Jan 09 14:40:48 EST 2009
Fri Jan 09 14:40:48 EST 2009,http://indscore.dfrc.nasa.gov/RBNB/DC8-5000-cap/UDP,http://localhost/RBNB/DC8-5000-cap/UDP,304,---,---,---,---,Fri Jan 09 14:41:18 EST 2009
Fri Jan 09 14:41:18 EST 2009,http://indscore.dfrc.nasa.gov/RBNB/DC8-5000-cap/UDP,http://localhost/RBNB/DC8-5000-cap/UDP,304,---,---,---,---,Fri Jan 09 14:41:48 EST 2009
Fri Jan 09 14:41:48 EST 2009,http://indscore.dfrc.nasa.gov/RBNB/DC8-5000-cap/UDP,http://localhost/RBNB/DC8-5000-cap/UDP,304,---,---,---,---,Fri Jan 09 14:42:18 EST 2009
Fri Jan 09 14:42:18 EST 2009,http://indscore.dfrc.nasa.gov/RBNB/DC8-5000-cap/UDP,http://localhost/RBNB/DC8-5000-cap/UDP,304,---,---,---,---,Fri Jan 09 14:42:48 EST 2009
Fri Jan 09 14:42:48 EST 2009,http://indscore.dfrc.nasa.gov/RBNB/DC8-5000-cap/UDP,http://localhost/RBNB/DC8-5000-cap/UDP,304,---,---,---,---,Fri Jan 09 14:43:18 EST 2009
Fri Jan 09 14:43:18 EST 2009,http://indscore.dfrc.nasa.gov/RBNB/DC8-5000-cap/UDP,http://localhost/RBNB/DC8-5000-cap/UDP,304,---,---,---,---,Fri Jan 09 14:43:48 EST 2009
Fri Jan 09 14:43:48 EST 2009,http://indscore.dfrc.nasa.gov/RBNB/DC8-5000-cap/UDP,http://localhost/RBNB/DC8-5000-cap/UDP,304,---,---,---,---,Fri Jan 09 14:44:18 EST 2009
Fri Jan 09 14:44:18 EST 2009,http://indscore.dfrc.nasa.gov/RBNB/DC8-5000-cap/UDP,http://localhost/RBNB/DC8-5000-cap/UDP,304,---,---,---,---,Fri Jan 09 14:44:48 EST 2009
Fri Jan 09 14:44:48 EST 2009,http://indscore.dfrc.nasa.gov/RBNB/DC8-5000-cap/UDP,http://localhost/RBNB/DC8-5000-cap/UDP,304,---,---,---,---,Fri Jan 09 14:45:18 EST 2009
Fri Jan 09 14:45:18 EST 2009,http://indscore.dfrc.nasa.gov/RBNB/DC8-5000-cap/UDP,http://localhost/RBNB/DC8-5000-cap/UDP,304,---,---,---,---,Fri Jan 09 14:45:48 EST 2009
Fri Jan 09 14:45:48 EST 2009,http://indscore.dfrc.nasa.gov/RBNB/DC8-5000-cap/UDP,http://localhost/RBNB/DC8-5000-cap/UDP,304,---,---,---,---,Fri Jan 09 14:46:18 EST 2009
Fri Jan 09 14:46:18 EST 2009,http://indscore.dfrc.nasa.gov/RBNB/DC8-5000-cap/UDP,http://localhost/RBNB/DC8-5000-cap/UDP,304,---,---,---,---,Fri Jan 09 14:46:48 EST 2009
Fri Jan 09 14:46:48 EST 2009,http://indscore.dfrc.nasa.gov/RBNB/DC8-5000-cap/UDP,http://localhost/RBNB/DC8-5000-cap/UDP,304,---,---,---,---,Fri Jan 09 14:47:18 EST 2009
Fri Jan 09 14:47:18 EST 2009,http://indscore.dfrc.nasa.gov/RBNB/DC8-5000-cap/UDP,http://localhost/RBNB/DC8-5000-cap/UDP,304,---,---,---,---,Fri Jan 09 14:47:48 EST 2009
Fri Jan 09 14:47:48 EST 2009,http://indscore.dfrc.nasa.gov/RBNB/DC8-5000-cap/UDP,http://localhost/RBNB/DC8-5000-cap/UDP,304,---,---,---,---,Fri Jan 09 14:48:18 EST 2009
Fri Jan 09 14:48:18 EST 2009,http://indscore.dfrc.nasa.gov/RBNB/DC8-5000-cap/UDP,http://localhost/RBNB/DC8-5000-cap/UDP,304,---,---,---,---,Fri Jan 09 14:48:48 EST 2009
Fri Jan 09 14:48:48 EST 2009,http://indscore.dfrc.nasa.gov/RBNB/DC8-5000-cap/UDP,http://localhost/RBNB/DC8-5000-cap/UDP,304,---,---,---,---,Fri Jan 09 14:49:18 EST 2009
Fri Jan 09 14:49:18 EST 2009,http://indscore.dfrc.nasa.gov/RBNB/DC8-5000-cap/UDP,http://localhost/RBNB/DC8-5000-cap/UDP,304,---,---,---,---,Fri Jan 09 14:49:48 EST 2009
Fri Jan 09 14:49:48 EST 2009,http://indscore.dfrc.nasa.gov/RBNB/DC8-5000-cap/UDP,http://localhost/RBNB/DC8-5000-cap/UDP,304,---,---,---,---,Fri Jan 09 14:50:18 EST 2009
Fri Jan 09 14:50:18 EST 2009,http://indscore.dfrc.nasa.gov/RBNB/DC8-5000-cap/UDP,http://localhost/RBNB/DC8-5000-cap/UDP,304,---,---,---,---,Fri Jan 09 14:50:48 EST 2009
Fri Jan 09 14:50:48 EST 2009,http://indscore.dfrc.nasa.gov/RBNB/DC8-5000-cap/UDP,http://localhost/RBNB/DC8-5000-cap/UDP,304,---,---,---,---,Fri Jan 09 14:51:18 EST 2009
Fri Jan 09 14:51:18 EST 2009,http://indscore.dfrc.nasa.gov/RBNB/DC8-5000-cap/UDP,http://localhost/RBNB/DC8-5000-cap/UDP,304,---,---,---,---,Fri Jan 09 14:51:48 EST 2009
Fri Jan 09 14:51:48 EST 2009,http://indscore.dfrc.nasa.gov/RBNB/DC8-5000-cap/UDP,http://localhost/RBNB/DC8-5000-cap/UDP,304,---,---,---,---,Fri Jan 09 14:52:18 EST 2009
Fri Jan 09 14:52:18 EST 2009,http://indscore.dfrc.nasa.gov/RBNB/DC8-5000-cap/UDP,http://localhost/RBNB/DC8-5000-cap/UDP,304,---,---,---,---,Fri Jan 09 14:52:48 EST 2009
Fri Jan 09 14:52:48 EST 2009,http://indscore.dfrc.nasa.gov/RBNB/DC8-5000-cap/UDP,http://localhost/RBNB/DC8-5000-cap/UDP,304,---,---,---,---,Fri Jan 09 14:53:18 EST 2009
Fri Jan 09 14:53:18 EST 2009,http://indscore.dfrc.nasa.gov/RBNB/DC8-5000-cap/UDP,http://localhost/RBNB/DC8-5000-cap/UDP,304,---,---,---,---,Fri Jan 09 14:53:48 EST 2009
Fri Jan 09 14:53:48 EST 2009,http://indscore.dfrc.nasa.gov/RBNB/DC8-5000-cap/UDP,http://localhost/RBNB/DC8-5000-cap/UDP,304,---,---,---,---,Fri Jan 09 14:54:18 EST 2009
Fri Jan 09 14:54:18 EST 2009,http://indscore.dfrc.nasa.gov/RBNB/DC8-5000-cap/UDP,http://localhost/RBNB/DC8-5000-cap/UDP,304,---,---,---,---,Fri Jan 09 14:54:48 EST 2009
Fri Jan 09 14:54:48 EST 2009,http://indscore.dfrc.nasa.gov/RBNB/DC8-5000-cap/UDP,http://localhost/RBNB/DC8-5000-cap/UDP,304,---,---,---,---,Fri Jan 09 14:55:18 EST 2009
Fri Jan 09 14:55:18 EST 2009,http://indscore.dfrc.nasa.gov/RBNB/DC8-5000-cap/UDP,http://localhost/RBNB/DC8-5000-cap/UDP,304,---,---,---,---,Fri Jan 09 14:55:48 EST 2009
Fri Jan 09 14:55:48 EST 2009,http://indscore.dfrc.nasa.gov/RBNB/DC8-5000-cap/UDP,http://localhost/RBNB/DC8-5000-cap/UDP,304,---,---,---,---,Fri Jan 09 14:56:18 EST 2009
Fri Jan 09 14:56:18 EST 2009,http://indscore.dfrc.nasa.gov/RBNB/DC8-5000-cap/UDP,http://localhost/RBNB/DC8-5000-cap/UDP,304,---,---,---,---,Fri Jan 09 14:56:48 EST 2009
Fri Jan 09 14:56:48 EST 2009,http://indscore.dfrc.nasa.gov/RBNB/DC8-5000-cap/UDP,http://localhost/RBNB/DC8-5000-cap/UDP,304,---,---,---,---,Fri Jan 09 14:57:18 EST 2009
Fri Jan 09 14:57:18 EST 2009,http://indscore.dfrc.nasa.gov/RBNB/DC8-5000-cap/UDP,http://localhost/RBNB/DC8-5000-cap/UDP,304,---,---,---,---,Fri Jan 09 14:57:48 EST 2009
Fri Jan 09 14:57:48 EST 2009,http://indscore.dfrc.nasa.gov/RBNB/DC8-5000-cap/UDP,http://localhost/RBNB/DC8-5000-cap/UDP,304,---,---,---,---,Fri Jan 09 14:58:18 EST 2009
Fri Jan 09 14:58:18 EST 2009,http://indscore.dfrc.nasa.gov/RBNB/DC8-5000-cap/UDP,http://localhost/RBNB/DC8-5000-cap/UDP,304,---,---,---,---,Fri Jan 09 14:58:48 EST 2009
Fri Jan 09 14:58:48 EST 2009,http://indscore.dfrc.nasa.gov/RBNB/DC8-5000-cap/UDP,http://localhost/RBNB/DC8-5000-cap/UDP,304,---,---,---,---,Fri Jan 09 14:59:18 EST 2009
Fri Jan 09 14:59:18 EST 2009,http://indscore.dfrc.nasa.gov/RBNB/DC8-5000-cap/UDP,http://localhost/RBNB/DC8-5000-cap/UDP,304,---,---,---,---,Fri Jan 09 14:59:48 EST 2009
Fri Jan 09 14:59:48 EST 2009,http://indscore.dfrc.nasa.gov/RBNB/DC8-5000-cap/UDP,http://localhost/RBNB/DC8-5000-cap/UDP,304,---,---,---,---,Fri Jan 09 15:00:18 EST 2009
Fri Jan 09 15:00:18 EST 2009,http://indscore.dfrc.nasa.gov/RBNB/DC8-5000-cap/UDP,http://localhost/RBNB/DC8-5000-cap/UDP,304,---,---,---,---,Fri Jan 09 15:00:48 EST 2009
Fri Jan 09 15:00:48 EST 2009,http://indscore.dfrc.nasa.gov/RBNB/DC8-5000-cap/UDP,http://localhost/RBNB/DC8-5000-cap/UDP,304,---,---,---,---,Fri Jan 09 15:01:18 EST 2009
Fri Jan 09 15:01:18 EST 2009,http://indscore.dfrc.nasa.gov/RBNB/DC8-5000-cap/UDP,http://localhost/RBNB/DC8-5000-cap/UDP,304,---,---,---,---,Fri Jan 09 15:01:48 EST 2009
Fri Jan 09 15:01:48 EST 2009,http://indscore.dfrc.nasa.gov/RBNB/DC8-5000-cap/UDP,http://localhost/RBNB/DC8-5000-cap/UDP,304,---,---,---,---,Fri Jan 09 15:02:18 EST 2009
Fri Jan 09 15:02:18 EST 2009,http://indscore.dfrc.nasa.gov/RBNB/DC8-5000-cap/UDP,http://localhost/RBNB/DC8-5000-cap/UDP,304,---,---,---,---,Fri Jan 09 15:02:48 EST 2009
Fri Jan 09 15:02:48 EST 2009,http://indscore.dfrc.nasa.gov/RBNB/DC8-5000-cap/UDP,http://localhost/RBNB/DC8-5000-cap/UDP,304,---,---,---,---,Fri Jan 09 15:03:18 EST 2009
Fri Jan 09 15:03:18 EST 2009,http://indscore.dfrc.nasa.gov/RBNB/DC8-5000-cap/UDP,http://localhost/RBNB/DC8-5000-cap/UDP,304,---,---,---,---,Fri Jan 09 15:03:48 EST 2009
Fri Jan 09 15:03:48 EST 2009,http://indscore.dfrc.nasa.gov/RBNB/DC8-5000-cap/UDP,http://localhost/RBNB/DC8-5000-cap/UDP,304,---,---,---,---,Fri Jan 09 15:04:18 EST 2009
Fri Jan 09 15:04:18 EST 2009,http://indscore.dfrc.nasa.gov/RBNB/DC8-5000-cap/UDP,http://localhost/RBNB/DC8-5000-cap/UDP,304,---,---,---,---,Fri Jan 09 15:04:48 EST 2009
Fri Jan 09 15:04:48 EST 2009,http://indscore.dfrc.nasa.gov/RBNB/DC8-5000-cap/UDP,http://localhost/RBNB/DC8-5000-cap/UDP,304,---,---,---,---,Fri Jan 09 15:05:18 EST 2009
Fri Jan 09 15:05:18 EST 2009,http://indscore.dfrc.nasa.gov/RBNB/DC8-5000-cap/UDP,http://localhost/RBNB/DC8-5000-cap/UDP,304,---,---,---,---,Fri Jan 09 15:05:48 EST 2009
Fri Jan 09 15:05:48 EST 2009,http://indscore.dfrc.nasa.gov/RBNB/DC8-5000-cap/UDP,http://localhost/RBNB/DC8-5000-cap/UDP,304,---,---,---,---,Fri Jan 09 15:06:18 EST 2009
Fri Jan 09 15:06:18 EST 2009,http://indscore.dfrc.nasa.gov/RBNB/DC8-5000-cap/UDP,http://localhost/RBNB/DC8-5000-cap/UDP,304,---,---,---,---,Fri Jan 09 15:06:48 EST 2009
Fri Jan 09 15:06:48 EST 2009,http://indscore.dfrc.nasa.gov/RBNB/DC8-5000-cap/UDP,http://localhost/RBNB/DC8-5000-cap/UDP,304,---,---,---,---,Fri Jan 09 15:07:18 EST 2009
Fri Jan 09 15:07:18 EST 2009,http://indscore.dfrc.nasa.gov/RBNB/DC8-5000-cap/UDP,http://localhost/RBNB/DC8-5000-cap/UDP,304,---,---,---,---,Fri Jan 09 15:07:48 EST 2009
Fri Jan 09 15:07:48 EST 2009,http://indscore.dfrc.nasa.gov/RBNB/DC8-5000-cap/UDP,http://localhost/RBNB/DC8-5000-cap/UDP,304,---,---,---,---,Fri Jan 09 15:08:18 EST 2009
Fri Jan 09 15:08:18 EST 2009,http://indscore.dfrc.nasa.gov/RBNB/DC8-5000-cap/UDP,http://localhost/RBNB/DC8-5000-cap/UDP,304,---,---,---,---,Fri Jan 09 15:08:48 EST 2009
Fri Jan 09 15:08:48 EST 2009,http://indscore.dfrc.nasa.gov/RBNB/DC8-5000-cap/UDP,http://localhost/RBNB/DC8-5000-cap/UDP,304,---,---,---,---,Fri Jan 09 15:09:18 EST 2009
Fri Jan 09 15:09:18 EST 2009,http://indscore.dfrc.nasa.gov/RBNB/DC8-5000-cap/UDP,http://localhost/RBNB/DC8-5000-cap/UDP,304,---,---,---,---,Fri Jan 09 15:09:48 EST 2009
Fri Jan 09 15:09:48 EST 2009,http://indscore.dfrc.nasa.gov/RBNB/DC8-5000-cap/UDP,http://localhost/RBNB/DC8-5000-cap/UDP,304,---,---,---,---,Fri Jan 09 15:10:18 EST 2009
Fri Jan 09 15:10:18 EST 2009,http://indscore.dfrc.nasa.gov/RBNB/DC8-5000-cap/UDP,http://localhost/RBNB/DC8-5000-cap/UDP,304,---,---,---,---,Fri Jan 09 15:10:48 EST 2009
