	0: id = Marker, info (used in chan registration) = Frame Header Text, skip = false
	1: id = TimeStamp, info (used in chan registration) = Timestamp for data frame: MM/dd/yyyy HH:mm:ss, skip = false
	2: id = Latitude, info (used in chan registration) = Latitude in a format like: N 44 16.3, skip = false
	3: id = Longitude, info (used in chan registration) = Longitude in a format like: W 88 33.8, skip = false
	4: id = Pres_Altitude_ft, info (used in chan registration) = Pres Altitude (ft), skip = false
	5: id = GPS_Altitude_ft, info (used in chan registration) = GPS Altitude (ft), skip = false
	6: id = TAMDAR_Serial_Number, info (used in chan registration) = TAMDAR Serial Number, skip = false
	7: id = Airspeed_kts, info (used in chan registration) = Airspeed (kts), skip = false
	8: id = Temp_C, info (used in chan registration) = Temp (C), skip = false
	9: id = Wind_Direction, info (used in chan registration) = Wind Direction, skip = false
	10: id = Wind_Speed_kts, info (used in chan registration) = Wind Speed (kts), skip = false
	11: id = Eddy_Dissipation, info (used in chan registration) = Eddy Dissipation, skip = false
	12: id = Time_of_Peak_Eddy_Dissipation_Rate, info (used in chan registration) = Time of Peak Eddy Dissipation Rate, skip = false
	13: id = Icing, info (used in chan registration) = Icing, skip = false
	14: id = Rel_Humidity_Consensus_Value_%, info (used in chan registration) = Rel Humidity Consensus Value (%), skip = false
marker: "CV580"
Adding Channel "TimeStamp"
Adding Channel "Latitude"
Adding Channel "Longitude"
Adding Channel "Pres_Altitude_ft"
Adding Channel "GPS_Altitude_ft"
Adding Channel "TAMDAR_Serial_Number"
Adding Channel "Airspeed_kts"
Adding Channel "Temp_C"
Adding Channel "Wind_Direction"
Adding Channel "Wind_Speed_kts"
Adding Channel "Eddy_Dissipation"
Adding Channel "Time_of_Peak_Eddy_Dissipation_Rate"
Adding Channel "Icing"
Adding Channel "Rel_Humidity_Consensus_Value_%"
Adding Channel "_Latency"
Adding Channel "_CSV"Output to: CV580_IWG1

Connected to Source: localhost:3333
Connected to Sink: localhost:3333
Running subscribe-by-frame newest mode
