

Datagram Socket: 5000
RBNB Server: localhost:3333
Source name: DC8-5000-cap
Cache size: 100
Archive mode: create
Archive size: 8640000

UDPCapture opened RBNB connection to /INDS

received 188 bytes at 19-Mar-2008 EDT 16:24:21.890
received 188 bytes at 19-Mar-2008 EDT 16:24:22.244
received 188 bytes at 19-Mar-2008 EDT 16:24:22.570
received 188 bytes at 19-Mar-2008 EDT 16:24:22.880
received 188 bytes at 19-Mar-2008 EDT 16:24:23.187
received 188 bytes at 19-Mar-2008 EDT 16:24:27.546
received 188 bytes at 19-Mar-2008 EDT 16:24:27.919
received 188 bytes at 19-Mar-2008 EDT 16:24:28.215
received 188 bytes at 19-Mar-2008 EDT 16:24:28.526
received 188 bytes at 19-Mar-2008 EDT 16:24:28.905
received 188 bytes at 19-Mar-2008 EDT 16:24:29.248
received 188 bytes at 19-Mar-2008 EDT 16:24:33.641
received 188 bytes at 19-Mar-2008 EDT 16:24:34.045
received 188 bytes at 19-Mar-2008 EDT 16:24:34.408
received 188 bytes at 19-Mar-2008 EDT 16:24:34.717
received 188 bytes at 19-Mar-2008 EDT 16:24:35.071
received 188 bytes at 19-Mar-2008 EDT 16:24:39.417
received 188 bytes at 19-Mar-2008 EDT 16:24:39.725
received 188 bytes at 19-Mar-2008 EDT 16:24:40.054
received 188 bytes at 19-Mar-2008 EDT 16:24:40.389
received 188 bytes at 19-Mar-2008 EDT 16:24:40.824
received 188 bytes at 19-Mar-2008 EDT 16:24:41.220
received 188 bytes at 19-Mar-2008 EDT 16:24:45.589
received 188 bytes at 19-Mar-2008 EDT 16:24:45.941
received 188 bytes at 19-Mar-2008 EDT 16:24:46.273
received 188 bytes at 19-Mar-2008 EDT 16:24:46.624
received 188 bytes at 19-Mar-2008 EDT 16:24:47.119
received 188 bytes at 19-Mar-2008 EDT 16:24:51.307
received 188 bytes at 19-Mar-2008 EDT 16:24:51.604
received 188 bytes at 19-Mar-2008 EDT 16:24:51.990
received 188 bytes at 19-Mar-2008 EDT 16:24:52.316
received 188 bytes at 19-Mar-2008 EDT 16:24:52.620
received 188 bytes at 19-Mar-2008 EDT 16:24:52.970
received 188 bytes at 19-Mar-2008 EDT 16:24:57.390
received 188 bytes at 19-Mar-2008 EDT 16:24:57.739
received 188 bytes at 19-Mar-2008 EDT 16:24:58.117
received 188 bytes at 19-Mar-2008 EDT 16:24:58.531
received 188 bytes at 19-Mar-2008 EDT 16:24:59.016
received 188 bytes at 19-Mar-2008 EDT 16:25:03.490
received 188 bytes at 19-Mar-2008 EDT 16:25:03.870
received 188 bytes at 19-Mar-2008 EDT 16:25:04.201
received 188 bytes at 19-Mar-2008 EDT 16:25:04.564
received 188 bytes at 19-Mar-2008 EDT 16:25:05.017
received 188 bytes at 19-Mar-2008 EDT 16:25:09.384
received 188 bytes at 19-Mar-2008 EDT 16:25:09.704
received 188 bytes at 19-Mar-2008 EDT 16:25:10.091
received 188 bytes at 19-Mar-2008 EDT 16:25:10.436
received 188 bytes at 19-Mar-2008 EDT 16:25:10.878
received 188 bytes at 19-Mar-2008 EDT 16:25:11.317
received 188 bytes at 19-Mar-2008 EDT 16:25:15.761
received 188 bytes at 19-Mar-2008 EDT 16:25:16.199
received 188 bytes at 19-Mar-2008 EDT 16:25:16.553
received 188 bytes at 19-Mar-2008 EDT 16:25:16.880
received 188 bytes at 19-Mar-2008 EDT 16:25:17.207
received 188 bytes at 19-Mar-2008 EDT 16:25:21.526
received 188 bytes at 19-Mar-2008 EDT 16:25:21.948
received 188 bytes at 19-Mar-2008 EDT 16:25:22.372
received 188 bytes at 19-Mar-2008 EDT 16:25:22.698
received 188 bytes at 19-Mar-2008 EDT 16:25:23.562
received 188 bytes at 19-Mar-2008 EDT 16:25:27.499
received 188 bytes at 19-Mar-2008 EDT 16:25:27.976
received 188 bytes at 19-Mar-2008 EDT 16:25:28.353
received 188 bytes at 19-Mar-2008 EDT 16:25:28.722
received 188 bytes at 19-Mar-2008 EDT 16:25:29.091
received 188 bytes at 19-Mar-2008 EDT 16:25:33.452
received 188 bytes at 19-Mar-2008 EDT 16:25:33.760
received 188 bytes at 19-Mar-2008 EDT 16:25:34.117
received 188 bytes at 19-Mar-2008 EDT 16:25:34.411
received 188 bytes at 19-Mar-2008 EDT 16:25:34.717
received 188 bytes at 19-Mar-2008 EDT 16:25:35.116
received 188 bytes at 19-Mar-2008 EDT 16:25:39.431
received 188 bytes at 19-Mar-2008 EDT 16:25:39.726
received 188 bytes at 19-Mar-2008 EDT 16:25:40.079
received 188 bytes at 19-Mar-2008 EDT 16:25:40.375
received 188 bytes at 19-Mar-2008 EDT 16:25:40.718
received 188 bytes at 19-Mar-2008 EDT 16:25:41.232
received 188 bytes at 19-Mar-2008 EDT 16:25:45.569
received 188 bytes at 19-Mar-2008 EDT 16:25:45.908
received 188 bytes at 19-Mar-2008 EDT 16:25:46.209
received 188 bytes at 19-Mar-2008 EDT 16:25:46.505
received 188 bytes at 19-Mar-2008 EDT 16:25:46.847
received 188 bytes at 19-Mar-2008 EDT 16:25:47.174
received 188 bytes at 19-Mar-2008 EDT 16:25:51.474
received 188 bytes at 19-Mar-2008 EDT 16:25:51.777
received 188 bytes at 19-Mar-2008 EDT 16:25:52.132
received 188 bytes at 19-Mar-2008 EDT 16:25:52.430
received 188 bytes at 19-Mar-2008 EDT 16:25:52.731
received 188 bytes at 19-Mar-2008 EDT 16:25:53.089
received 188 bytes at 19-Mar-2008 EDT 16:25:57.452
received 188 bytes at 19-Mar-2008 EDT 16:25:57.755
received 188 bytes at 19-Mar-2008 EDT 16:25:58.116
received 188 bytes at 19-Mar-2008 EDT 16:25:58.410
received 188 bytes at 19-Mar-2008 EDT 16:25:58.711
received 188 bytes at 19-Mar-2008 EDT 16:25:59.071
received 188 bytes at 19-Mar-2008 EDT 16:26:03.470
received 188 bytes at 19-Mar-2008 EDT 16:26:03.912
received 188 bytes at 19-Mar-2008 EDT 16:26:04.223
received 188 bytes at 19-Mar-2008 EDT 16:26:04.521
received 188 bytes at 19-Mar-2008 EDT 16:26:04.869
received 188 bytes at 19-Mar-2008 EDT 16:26:05.182
received 188 bytes at 19-Mar-2008 EDT 16:26:09.531
received 188 bytes at 19-Mar-2008 EDT 16:26:09.887
received 188 bytes at 19-Mar-2008 EDT 16:26:10.233
received 188 bytes at 19-Mar-2008 EDT 16:26:10.530
received 188 bytes at 19-Mar-2008 EDT 16:26:10.881
received 188 bytes at 19-Mar-2008 EDT 16:26:11.211
received 188 bytes at 19-Mar-2008 EDT 16:26:15.561
received 188 bytes at 19-Mar-2008 EDT 16:26:15.933
received 188 bytes at 19-Mar-2008 EDT 16:26:16.246
received 188 bytes at 19-Mar-2008 EDT 16:26:16.550
received 188 bytes at 19-Mar-2008 EDT 16:26:16.904
received 188 bytes at 19-Mar-2008 EDT 16:26:17.213
received 188 bytes at 19-Mar-2008 EDT 16:26:21.517
received 188 bytes at 19-Mar-2008 EDT 16:26:21.840
received 188 bytes at 19-Mar-2008 EDT 16:26:22.169
received 188 bytes at 19-Mar-2008 EDT 16:26:22.454
received 188 bytes at 19-Mar-2008 EDT 16:26:22.753
received 188 bytes at 19-Mar-2008 EDT 16:26:23.058
received 188 bytes at 19-Mar-2008 EDT 16:26:27.410
received 188 bytes at 19-Mar-2008 EDT 16:26:27.709
received 188 bytes at 19-Mar-2008 EDT 16:26:28.068
received 188 bytes at 19-Mar-2008 EDT 16:26:28.363
received 188 bytes at 19-Mar-2008 EDT 16:26:28.663
received 188 bytes at 19-Mar-2008 EDT 16:26:29.021
received 188 bytes at 19-Mar-2008 EDT 16:26:33.453
received 188 bytes at 19-Mar-2008 EDT 16:26:33.763
received 188 bytes at 19-Mar-2008 EDT 16:26:34.125
received 188 bytes at 19-Mar-2008 EDT 16:26:34.419
received 188 bytes at 19-Mar-2008 EDT 16:26:34.720
received 188 bytes at 19-Mar-2008 EDT 16:26:35.089
received 188 bytes at 19-Mar-2008 EDT 16:26:39.436
received 188 bytes at 19-Mar-2008 EDT 16:26:39.744
received 188 bytes at 19-Mar-2008 EDT 16:26:40.056
received 188 bytes at 19-Mar-2008 EDT 16:26:40.349
received 188 bytes at 19-Mar-2008 EDT 16:26:40.657
received 188 bytes at 19-Mar-2008 EDT 16:26:41.023
received 188 bytes at 19-Mar-2008 EDT 16:26:45.370
received 188 bytes at 19-Mar-2008 EDT 16:26:45.760
received 188 bytes at 19-Mar-2008 EDT 16:26:46.121
received 188 bytes at 19-Mar-2008 EDT 16:26:46.422
received 188 bytes at 19-Mar-2008 EDT 16:26:46.710
received 188 bytes at 19-Mar-2008 EDT 16:26:47.056
received 188 bytes at 19-Mar-2008 EDT 16:26:51.353
received 188 bytes at 19-Mar-2008 EDT 16:26:51.658
received 188 bytes at 19-Mar-2008 EDT 16:26:52.026
received 188 bytes at 19-Mar-2008 EDT 16:26:52.318
received 188 bytes at 19-Mar-2008 EDT 16:26:52.619
received 188 bytes at 19-Mar-2008 EDT 16:26:52.994
received 188 bytes at 19-Mar-2008 EDT 16:26:57.346
received 188 bytes at 19-Mar-2008 EDT 16:26:57.676
received 188 bytes at 19-Mar-2008 EDT 16:26:58.053
received 188 bytes at 19-Mar-2008 EDT 16:26:58.346
received 188 bytes at 19-Mar-2008 EDT 16:26:58.647
received 188 bytes at 19-Mar-2008 EDT 16:26:59.011
received 188 bytes at 19-Mar-2008 EDT 16:27:03.371
received 188 bytes at 19-Mar-2008 EDT 16:27:03.678
received 188 bytes at 19-Mar-2008 EDT 16:27:04.036
received 188 bytes at 19-Mar-2008 EDT 16:27:04.368
received 188 bytes at 19-Mar-2008 EDT 16:27:04.698
received 188 bytes at 19-Mar-2008 EDT 16:27:05.057
received 188 bytes at 19-Mar-2008 EDT 16:27:09.425
received 188 bytes at 19-Mar-2008 EDT 16:27:09.737
received 188 bytes at 19-Mar-2008 EDT 16:27:10.045
received 188 bytes at 19-Mar-2008 EDT 16:27:10.349
received 188 bytes at 19-Mar-2008 EDT 16:27:10.692
received 188 bytes at 19-Mar-2008 EDT 16:27:11.007
received 188 bytes at 19-Mar-2008 EDT 16:27:15.358
received 188 bytes at 19-Mar-2008 EDT 16:27:15.663
received 188 bytes at 19-Mar-2008 EDT 16:27:16.021
received 188 bytes at 19-Mar-2008 EDT 16:27:16.318
received 188 bytes at 19-Mar-2008 EDT 16:27:16.621
received 188 bytes at 19-Mar-2008 EDT 16:27:16.975
received 188 bytes at 19-Mar-2008 EDT 16:27:21.283
received 188 bytes at 19-Mar-2008 EDT 16:27:21.583
received 188 bytes at 19-Mar-2008 EDT 16:27:21.939
received 188 bytes at 19-Mar-2008 EDT 16:27:22.241
received 188 bytes at 19-Mar-2008 EDT 16:27:22.542
received 188 bytes at 19-Mar-2008 EDT 16:27:22.897
received 188 bytes at 19-Mar-2008 EDT 16:27:23.197
received 188 bytes at 19-Mar-2008 EDT 16:27:27.565
received 188 bytes at 19-Mar-2008 EDT 16:27:27.920
received 188 bytes at 19-Mar-2008 EDT 16:27:28.217
received 188 bytes at 19-Mar-2008 EDT 16:27:28.520
received 188 bytes at 19-Mar-2008 EDT 16:27:28.875
received 188 bytes at 19-Mar-2008 EDT 16:27:29.169
received 188 bytes at 19-Mar-2008 EDT 16:27:33.572
received 188 bytes at 19-Mar-2008 EDT 16:27:33.935
received 188 bytes at 19-Mar-2008 EDT 16:27:34.229
received 188 bytes at 19-Mar-2008 EDT 16:27:34.551
received 188 bytes at 19-Mar-2008 EDT 16:27:34.932
received 188 bytes at 19-Mar-2008 EDT 16:27:35.227
received 188 bytes at 19-Mar-2008 EDT 16:27:39.590
received 188 bytes at 19-Mar-2008 EDT 16:27:39.951
received 188 bytes at 19-Mar-2008 EDT 16:27:40.251
received 188 bytes at 19-Mar-2008 EDT 16:27:40.565
received 188 bytes at 19-Mar-2008 EDT 16:27:40.971
received 188 bytes at 19-Mar-2008 EDT 16:27:45.323
received 188 bytes at 19-Mar-2008 EDT 16:27:45.622
received 188 bytes at 19-Mar-2008 EDT 16:27:45.986
received 188 bytes at 19-Mar-2008 EDT 16:27:46.284
received 188 bytes at 19-Mar-2008 EDT 16:27:46.585
received 188 bytes at 19-Mar-2008 EDT 16:27:46.941
received 188 bytes at 19-Mar-2008 EDT 16:27:47.241
received 188 bytes at 19-Mar-2008 EDT 16:27:51.552
received 188 bytes at 19-Mar-2008 EDT 16:27:51.915
received 188 bytes at 19-Mar-2008 EDT 16:27:52.212
received 188 bytes at 19-Mar-2008 EDT 16:27:52.505
received 188 bytes at 19-Mar-2008 EDT 16:27:52.855
received 188 bytes at 19-Mar-2008 EDT 16:27:53.167
received 188 bytes at 19-Mar-2008 EDT 16:27:58.564
received 188 bytes at 19-Mar-2008 EDT 16:27:58.923
received 188 bytes at 19-Mar-2008 EDT 16:27:59.225
received 188 bytes at 19-Mar-2008 EDT 16:27:59.524
received 188 bytes at 19-Mar-2008 EDT 16:27:59.834
received 188 bytes at 19-Mar-2008 EDT 16:28:00.178
received 188 bytes at 19-Mar-2008 EDT 16:28:04.545
received 188 bytes at 19-Mar-2008 EDT 16:28:04.958
received 188 bytes at 19-Mar-2008 EDT 16:28:05.259
received 188 bytes at 19-Mar-2008 EDT 16:28:05.576
received 188 bytes at 19-Mar-2008 EDT 16:28:05.965
received 188 bytes at 19-Mar-2008 EDT 16:28:06.282
received 188 bytes at 19-Mar-2008 EDT 16:28:10.602
received 188 bytes at 19-Mar-2008 EDT 16:28:10.992
received 188 bytes at 19-Mar-2008 EDT 16:28:11.324
received 188 bytes at 19-Mar-2008 EDT 16:28:11.667
received 188 bytes at 19-Mar-2008 EDT 16:28:12.047
received 188 bytes at 19-Mar-2008 EDT 16:28:16.438
received 188 bytes at 19-Mar-2008 EDT 16:28:16.740
received 188 bytes at 19-Mar-2008 EDT 16:28:17.149
received 188 bytes at 19-Mar-2008 EDT 16:28:17.491
received 188 bytes at 19-Mar-2008 EDT 16:28:17.802
received 188 bytes at 19-Mar-2008 EDT 16:28:18.171
received 188 bytes at 19-Mar-2008 EDT 16:28:22.543
received 188 bytes at 19-Mar-2008 EDT 16:28:23.021
received 188 bytes at 19-Mar-2008 EDT 16:28:23.358
received 188 bytes at 19-Mar-2008 EDT 16:28:23.657
received 188 bytes at 19-Mar-2008 EDT 16:28:23.999
received 188 bytes at 19-Mar-2008 EDT 16:28:28.381
received 188 bytes at 19-Mar-2008 EDT 16:28:28.669
received 188 bytes at 19-Mar-2008 EDT 16:28:29.015
received 188 bytes at 19-Mar-2008 EDT 16:28:29.324
received 188 bytes at 19-Mar-2008 EDT 16:28:29.614
received 188 bytes at 19-Mar-2008 EDT 16:28:29.970
received 188 bytes at 19-Mar-2008 EDT 16:28:30.269
received 188 bytes at 19-Mar-2008 EDT 16:28:34.673
received 188 bytes at 19-Mar-2008 EDT 16:28:35.026
received 188 bytes at 19-Mar-2008 EDT 16:28:35.346
received 188 bytes at 19-Mar-2008 EDT 16:28:35.698
received 188 bytes at 19-Mar-2008 EDT 16:28:36.121
received 188 bytes at 19-Mar-2008 EDT 16:28:40.468
received 188 bytes at 19-Mar-2008 EDT 16:28:40.766
received 188 bytes at 19-Mar-2008 EDT 16:28:42.085
received 188 bytes at 19-Mar-2008 EDT 16:28:46.550
received 188 bytes at 19-Mar-2008 EDT 16:28:47.046
received 188 bytes at 19-Mar-2008 EDT 16:28:47.421
received 188 bytes at 19-Mar-2008 EDT 16:28:47.749
received 188 bytes at 19-Mar-2008 EDT 16:28:48.117
received 188 bytes at 19-Mar-2008 EDT 16:28:52.441
received 188 bytes at 19-Mar-2008 EDT 16:28:52.769
received 188 bytes at 19-Mar-2008 EDT 16:28:53.176
received 188 bytes at 19-Mar-2008 EDT 16:28:53.682
received 188 bytes at 19-Mar-2008 EDT 16:28:54.055
received 188 bytes at 19-Mar-2008 EDT 16:28:58.425
received 188 bytes at 19-Mar-2008 EDT 16:28:58.773
received 188 bytes at 19-Mar-2008 EDT 16:28:59.186
received 188 bytes at 19-Mar-2008 EDT 16:28:59.578
received 188 bytes at 19-Mar-2008 EDT 16:29:00.031
received 188 bytes at 19-Mar-2008 EDT 16:29:04.482
received 188 bytes at 19-Mar-2008 EDT 16:29:04.718
received 188 bytes at 19-Mar-2008 EDT 16:29:05.064
received 188 bytes at 19-Mar-2008 EDT 16:29:05.407
received 188 bytes at 19-Mar-2008 EDT 16:29:05.728
received 188 bytes at 19-Mar-2008 EDT 16:29:07.058
received 188 bytes at 19-Mar-2008 EDT 16:29:11.432
received 188 bytes at 19-Mar-2008 EDT 16:29:11.737
received 188 bytes at 19-Mar-2008 EDT 16:29:12.121
received 188 bytes at 19-Mar-2008 EDT 16:29:12.455
received 188 bytes at 19-Mar-2008 EDT 16:29:12.774
received 188 bytes at 19-Mar-2008 EDT 16:29:13.165
received 188 bytes at 19-Mar-2008 EDT 16:29:17.702
received 188 bytes at 19-Mar-2008 EDT 16:29:18.242
received 188 bytes at 19-Mar-2008 EDT 16:29:18.688
received 188 bytes at 19-Mar-2008 EDT 16:29:19.166
received 188 bytes at 19-Mar-2008 EDT 16:29:23.523
received 188 bytes at 19-Mar-2008 EDT 16:29:23.830
received 188 bytes at 19-Mar-2008 EDT 16:29:24.194
received 188 bytes at 19-Mar-2008 EDT 16:29:24.505
received 188 bytes at 19-Mar-2008 EDT 16:29:24.810
received 188 bytes at 19-Mar-2008 EDT 16:29:25.177
received 188 bytes at 19-Mar-2008 EDT 16:29:29.586
received 188 bytes at 19-Mar-2008 EDT 16:29:30.031
received 188 bytes at 19-Mar-2008 EDT 16:29:30.433
received 188 bytes at 19-Mar-2008 EDT 16:29:30.933
received 188 bytes at 19-Mar-2008 EDT 16:29:31.285
received 188 bytes at 19-Mar-2008 EDT 16:29:35.637
received 188 bytes at 19-Mar-2008 EDT 16:29:35.976
received 188 bytes at 19-Mar-2008 EDT 16:29:36.283
received 188 bytes at 19-Mar-2008 EDT 16:29:36.593
received 188 bytes at 19-Mar-2008 EDT 16:29:36.941
received 188 bytes at 19-Mar-2008 EDT 16:29:37.245
received 188 bytes at 19-Mar-2008 EDT 16:29:41.601
received 188 bytes at 19-Mar-2008 EDT 16:29:41.944
received 188 bytes at 19-Mar-2008 EDT 16:29:42.253
received 188 bytes at 19-Mar-2008 EDT 16:29:42.566
received 188 bytes at 19-Mar-2008 EDT 16:29:42.910
received 188 bytes at 19-Mar-2008 EDT 16:29:43.209
received 188 bytes at 19-Mar-2008 EDT 16:29:47.606
received 188 bytes at 19-Mar-2008 EDT 16:29:47.954
received 188 bytes at 19-Mar-2008 EDT 16:29:48.275
received 188 bytes at 19-Mar-2008 EDT 16:29:48.602
received 188 bytes at 19-Mar-2008 EDT 16:29:48.952
received 188 bytes at 19-Mar-2008 EDT 16:29:49.266
received 188 bytes at 19-Mar-2008 EDT 16:29:53.651
received 188 bytes at 19-Mar-2008 EDT 16:29:53.992
received 188 bytes at 19-Mar-2008 EDT 16:29:54.313
received 188 bytes at 19-Mar-2008 EDT 16:29:54.640
received 188 bytes at 19-Mar-2008 EDT 16:29:54.988
received 188 bytes at 19-Mar-2008 EDT 16:29:55.285
received 188 bytes at 19-Mar-2008 EDT 16:29:59.657
received 188 bytes at 19-Mar-2008 EDT 16:30:00.028
received 188 bytes at 19-Mar-2008 EDT 16:30:00.331
received 188 bytes at 19-Mar-2008 EDT 16:30:00.651
received 188 bytes at 19-Mar-2008 EDT 16:30:01.034
received 188 bytes at 19-Mar-2008 EDT 16:30:05.396
received 188 bytes at 19-Mar-2008 EDT 16:30:05.721
received 188 bytes at 19-Mar-2008 EDT 16:30:06.062
received 188 bytes at 19-Mar-2008 EDT 16:30:06.358
received 188 bytes at 19-Mar-2008 EDT 16:30:06.662
received 188 bytes at 19-Mar-2008 EDT 16:30:07.010
received 188 bytes at 19-Mar-2008 EDT 16:30:11.311
received 188 bytes at 19-Mar-2008 EDT 16:30:11.612
received 188 bytes at 19-Mar-2008 EDT 16:30:11.964
received 188 bytes at 19-Mar-2008 EDT 16:30:12.290
received 188 bytes at 19-Mar-2008 EDT 16:30:12.631
received 188 bytes at 19-Mar-2008 EDT 16:30:12.986
received 188 bytes at 19-Mar-2008 EDT 16:30:13.280
received 188 bytes at 19-Mar-2008 EDT 16:30:17.639
received 188 bytes at 19-Mar-2008 EDT 16:30:17.982
received 188 bytes at 19-Mar-2008 EDT 16:30:18.281
received 188 bytes at 19-Mar-2008 EDT 16:30:18.579
received 188 bytes at 19-Mar-2008 EDT 16:30:18.921
received 188 bytes at 19-Mar-2008 EDT 16:30:19.220
received 188 bytes at 19-Mar-2008 EDT 16:30:23.560
received 188 bytes at 19-Mar-2008 EDT 16:30:23.903
received 188 bytes at 19-Mar-2008 EDT 16:30:24.198
received 188 bytes at 19-Mar-2008 EDT 16:30:24.503
received 188 bytes at 19-Mar-2008 EDT 16:30:24.820
received 188 bytes at 19-Mar-2008 EDT 16:30:25.202
received 188 bytes at 19-Mar-2008 EDT 16:30:29.681
received 188 bytes at 19-Mar-2008 EDT 16:30:30.125
received 188 bytes at 19-Mar-2008 EDT 16:30:30.514
received 188 bytes at 19-Mar-2008 EDT 16:30:30.830
received 188 bytes at 19-Mar-2008 EDT 16:30:31.205
received 188 bytes at 19-Mar-2008 EDT 16:30:35.566
received 188 bytes at 19-Mar-2008 EDT 16:30:35.924
received 188 bytes at 19-Mar-2008 EDT 16:30:36.216
received 188 bytes at 19-Mar-2008 EDT 16:30:36.517
received 188 bytes at 19-Mar-2008 EDT 16:30:36.817
received 188 bytes at 19-Mar-2008 EDT 16:30:37.157
received 188 bytes at 19-Mar-2008 EDT 16:30:41.615
received 188 bytes at 19-Mar-2008 EDT 16:30:42.056
received 188 bytes at 19-Mar-2008 EDT 16:30:42.374
received 188 bytes at 19-Mar-2008 EDT 16:30:42.686
received 188 bytes at 19-Mar-2008 EDT 16:30:43.132
received 188 bytes at 19-Mar-2008 EDT 16:30:47.662
received 188 bytes at 19-Mar-2008 EDT 16:30:48.266
received 188 bytes at 19-Mar-2008 EDT 16:30:48.674
received 188 bytes at 19-Mar-2008 EDT 16:30:49.151
received 188 bytes at 19-Mar-2008 EDT 16:30:53.754
received 188 bytes at 19-Mar-2008 EDT 16:30:54.351
received 188 bytes at 19-Mar-2008 EDT 16:30:54.962
received 188 bytes at 19-Mar-2008 EDT 16:30:55.553
received 188 bytes at 19-Mar-2008 EDT 16:31:00.032
received 188 bytes at 19-Mar-2008 EDT 16:31:00.376
received 188 bytes at 19-Mar-2008 EDT 16:31:00.729
received 188 bytes at 19-Mar-2008 EDT 16:31:01.137
received 188 bytes at 19-Mar-2008 EDT 16:31:05.525
received 188 bytes at 19-Mar-2008 EDT 16:31:05.846
received 188 bytes at 19-Mar-2008 EDT 16:31:06.230
received 188 bytes at 19-Mar-2008 EDT 16:31:06.562
received 188 bytes at 19-Mar-2008 EDT 16:31:06.938
received 188 bytes at 19-Mar-2008 EDT 16:31:07.328
received 188 bytes at 19-Mar-2008 EDT 16:31:14.599
received 188 bytes at 19-Mar-2008 EDT 16:31:18.960
received 188 bytes at 19-Mar-2008 EDT 16:31:19.279
received 188 bytes at 19-Mar-2008 EDT 16:31:19.592
received 188 bytes at 19-Mar-2008 EDT 16:31:19.965
received 188 bytes at 19-Mar-2008 EDT 16:31:20.316
received 188 bytes at 19-Mar-2008 EDT 16:31:24.724
received 188 bytes at 19-Mar-2008 EDT 16:31:25.138
received 188 bytes at 19-Mar-2008 EDT 16:31:25.446
received 188 bytes at 19-Mar-2008 EDT 16:31:25.755
received 188 bytes at 19-Mar-2008 EDT 16:31:26.146
received 188 bytes at 19-Mar-2008 EDT 16:31:30.676
